2021-12-15 11:04:00,347 - root - INFO - the sql is : SELECT server_id, snapshot_name from `snapshot` WHERE project_id=%s order by create_time DESC limit 1 
2021-12-15 11:04:00,348 - root - INFO - the params is : 577d21c9411744a4b619c8966f69ec18
2021-12-15 11:04:00,349 - root - INFO - the result data is :{'server_id': 'ins-5dcb83b9ec4f47759c84b455211fe7b7', 'snapshot_name': 'SysAndPartDiskSnap'}
2021-12-15 11:04:00,789 - root - INFO - **********************************************开始setupClass，进行登录**********************************************
2021-12-15 11:05:13,093 - root - INFO - the sql is : SELECT server_id, snapshot_name from `snapshot` WHERE project_id=%s order by create_time DESC limit 1 
2021-12-15 11:05:13,094 - root - INFO - the params is : 577d21c9411744a4b619c8966f69ec18
2021-12-15 11:05:13,096 - root - INFO - the result data is :{'server_id': 'ins-5dcb83b9ec4f47759c84b455211fe7b7', 'snapshot_name': 'SysAndPartDiskSnap'}
2021-12-15 11:05:13,097 - root - INFO - ********************************************************************************
2021-12-15 11:05:13,098 - root - INFO - ****************回滚云组件快照接口开始****************
2021-12-15 11:05:13,098 - root - INFO - *******测试案例名称： TestCase001_回滚云组件快照-缺少token 执行开始********
2021-12-15 11:05:13,099 - root - INFO - *******测试数据： {}
2021-12-15 11:05:13,127 - root - INFO - *******返回数据： {'code': 1005, 'message': '缺少认证信息', 'data': None, 'level': 3}
2021-12-15 11:05:13,127 - root - INFO - *******测试案例名称： TestCase001_回滚云组件快照-缺少token 执行完毕********
2021-12-15 11:05:13,129 - root - INFO - ****************回滚云组件快照接口结束****************
2021-12-15 11:05:13,129 - root - INFO - ********************************************************************************
2021-12-15 11:05:13,132 - root - INFO - ********************************************************************************
2021-12-15 11:05:13,132 - root - INFO - ****************回滚云组件快照接口开始****************
2021-12-15 11:05:13,133 - root - INFO - *******测试案例名称： TestCase002_回滚云组件快照-name为空 执行开始********
2021-12-15 11:05:13,133 - root - INFO - *******测试数据： {'name': '', 'is_start': 'true'}
2021-12-15 11:05:13,152 - root - INFO - *******返回数据： {'code': 1404, 'message': '/v1/storage/snapshots/instance/ins-5dcb83b9ec4f47759c84b455211fe7b7 未找到', 'data': None}
2021-12-15 11:05:13,152 - root - INFO - ********************************************************************************
2021-12-15 11:05:13,306 - root - INFO - ********************************************************************************
2021-12-15 11:05:13,306 - root - INFO - ****************回滚云组件快照接口开始****************
2021-12-15 11:05:13,307 - root - INFO - *******测试案例名称： TestCase002_回滚云组件快照-成功 执行开始********
2021-12-15 11:05:13,307 - root - INFO - *******测试数据： {'name': 'SysAndPartDiskSnap', 'is_start': 'true'}
2021-12-15 11:05:13,328 - root - INFO - *******返回数据： {'code': 1404, 'message': '/v1/storage/snapshots/instance/ins-5dcb83b9ec4f47759c84b455211fe7b7 未找到', 'data': None}
2021-12-15 11:05:13,328 - root - INFO - ********************************************************************************
2021-12-15 11:05:13,380 - root - INFO - **********************************************完成teardown class，退出登录**********************************************
