2021-12-07 18:49:12,443 - root - INFO - **********************************************开始setupClass，进行登录**********************************************
2021-12-07 18:49:18,879 - root - INFO - the sql is : select d.id as diskId, d.name as diskName, d.size as diskSize, d.status as diskStatus,             i.id as vmId, i.name as vmName, i.status as vmStatus, p.id as projectId, p.name as projectName              from  disk d LEFT JOIN cloud_instance i on i.project_id=d.pool_id INNER JOIN cloud_pool p on p.id=d.pool_id           where i.status in (1,3) and d.store_type=0 and d.status=1 ORDER BY d.create_time desc limit 1;
2021-12-07 18:49:18,881 - root - INFO - the params is : ()
2021-12-07 18:49:18,884 - root - INFO - the result data is :{'diskId': '64908353-b4a8-42e2-981d-e1ac9dde2f5c', 'diskName': 'CloudDisk4CI', 'diskSize': 1024, 'diskStatus': 1, 'vmId': 'ins-19fde113ee404b2b83fdac6b4cb68a23', 'vmName': 'LC2', 'vmStatus': 1, 'projectId': 'ddac080c671b473e885714538fd1ed6e', 'projectName': 'LeonaTestPool1125'}
2021-12-07 18:49:18,885 - root - INFO - ********************************************************************************
2021-12-07 18:49:18,886 - root - INFO - ****************加载数据盘列表接口开始****************
2021-12-07 18:49:18,886 - root - INFO - *******测试案例名称： TestCase001_加载数据盘-volume为空 执行开始********
2021-12-07 18:49:18,886 - root - INFO - *******测试数据： {'volume': '', 'action': 'attach', 'path': '', 'instance': ['ins-19fde113ee404b2b83fdac6b4cb68a23'], 'project_id': 'ddac080c671b473e885714538fd1ed6e', 'project_name': 'LeonaTestPool1125'}
2021-12-07 18:49:18,912 - root - INFO - *******返回数据： {'code': 1001, 'message': '请求参数错误', 'data': None, 'level': 2}
2021-12-07 18:49:18,912 - root - INFO - *******测试案例名称： TestCase001_加载数据盘-volume为空 执行完毕********
2021-12-07 18:49:18,912 - root - INFO - ****************加载数据盘列表接口结束****************
2021-12-07 18:49:18,913 - root - INFO - ********************************************************************************
2021-12-07 18:49:18,915 - root - INFO - ********************************************************************************
2021-12-07 18:49:18,916 - root - INFO - ****************加载数据盘列表接口开始****************
2021-12-07 18:49:18,916 - root - INFO - *******测试案例名称： TestCase002_加载数据盘-Path为空 执行开始********
2021-12-07 18:49:18,916 - root - INFO - *******测试数据： {'volume': 'c7735672-0232-42a2-9838-bb0e8cfe4a7b', 'action': 'attach', 'path': '', 'instance': ['ins-19fde113ee404b2b83fdac6b4cb68a23'], 'project_id': 'ddac080c671b473e885714538fd1ed6e', 'project_name': 'LeonaTestPool1125'}
2021-12-07 18:49:19,099 - root - INFO - *******返回数据： {'code': 1001, 'message': '请求参数错误', 'data': None, 'level': 2}
2021-12-07 18:49:19,100 - root - INFO - *******测试案例名称： TestCase002_加载数据盘-Path为空 执行完毕********
2021-12-07 18:49:19,100 - root - INFO - ****************加载数据盘列表接口结束****************
2021-12-07 18:49:19,101 - root - INFO - ********************************************************************************
2021-12-07 18:49:19,103 - root - INFO - ********************************************************************************
2021-12-07 18:49:19,104 - root - INFO - ****************加载数据盘列表接口开始****************
2021-12-07 18:49:19,104 - root - INFO - *******测试案例名称： TestCase003_加载数据盘-Path为特殊字符 执行开始********
2021-12-07 18:49:19,104 - root - INFO - *******测试数据： {'volume': 'c7735672-0232-42a2-9838-bb0e8cfe4a7b', 'action': 'attach', 'path': '/mnt/￥%……￥%……', 'instance': ['ins-19fde113ee404b2b83fdac6b4cb68a23'], 'project_id': 'ddac080c671b473e885714538fd1ed6e', 'project_name': 'LeonaTestPool1125'}
2021-12-07 18:49:19,279 - root - INFO - *******返回数据： {'code': 214017, 'message': '云硬盘挂载路径不合法', 'data': None, 'level': 3}
2021-12-07 18:49:19,280 - root - INFO - *******测试案例名称： TestCase003_加载数据盘-Path为特殊字符 执行完毕********
2021-12-07 18:49:19,280 - root - INFO - ****************加载数据盘列表接口结束****************
2021-12-07 18:49:19,281 - root - INFO - ********************************************************************************
2021-12-07 18:49:19,283 - root - INFO - ********************************************************************************
2021-12-07 18:49:19,284 - root - INFO - ****************加载数据盘列表接口开始****************
2021-12-07 18:49:19,284 - root - INFO - *******测试案例名称： TestCase003_加载数据盘-Volume不存在 执行开始********
2021-12-07 18:49:19,285 - root - INFO - *******测试数据： {'volume': 'c1111111-1111-1111-1111-111111111111', 'action': 'attach', 'path': '/mnt/￥%……￥%……', 'instance': ['ins-19fde113ee404b2b83fdac6b4cb68a23'], 'project_id': 'ddac080c671b473e885714538fd1ed6e', 'project_name': 'LeonaTestPool1125'}
2021-12-07 18:49:19,329 - root - INFO - *******返回数据： {'code': 1, 'message': '服务异常', 'data': None, 'level': 1}
2021-12-07 18:49:19,329 - root - INFO - ********************************************************************************
2021-12-07 18:49:19,407 - root - INFO - ********************************************************************************
2021-12-07 18:49:19,408 - root - INFO - ****************加载数据盘列表接口开始****************
2021-12-07 18:49:19,408 - root - INFO - *******测试案例名称： TestCase004_加载数据盘-Path>128 执行开始********
2021-12-07 18:49:19,408 - root - INFO - *******测试数据： {'volume': 'c7735672-0232-42a2-9838-bb0e8cfe4a7b', 'action': 'attach', 'path': '/mnt/test1/test2/test3/test4/test5/test6/test7/test8/test9/test10/test11/test12/test13/test13/test14/test15/test16/test17/test18/test19', 'instance': ['ins-19fde113ee404b2b83fdac6b4cb68a23'], 'project_id': 'ddac080c671b473e885714538fd1ed6e', 'project_name': 'LeonaTestPool1125'}
2021-12-07 18:49:19,659 - root - INFO - *******返回数据： {'code': 214026, 'message': '云硬盘挂载路径过长', 'data': None, 'level': 3}
2021-12-07 18:49:19,659 - root - INFO - *******测试案例名称： TestCase004_加载数据盘-Path>128 执行完毕********
2021-12-07 18:49:19,659 - root - INFO - ****************加载数据盘列表接口结束****************
2021-12-07 18:49:19,660 - root - INFO - ********************************************************************************
2021-12-07 18:49:19,662 - root - INFO - ********************************************************************************
2021-12-07 18:49:19,663 - root - INFO - ****************加载数据盘列表接口开始****************
2021-12-07 18:49:19,663 - root - INFO - *******测试案例名称： TestCase005_加载数据盘-Path=128 执行开始********
2021-12-07 18:49:19,663 - root - INFO - *******测试数据： {'volume': 'c7735672-0232-42a2-9838-bb0e8cfe4a7b', 'action': 'attach', 'path': '/mnt/test1/test2/test3/test4/test5/test6/test7/test8/test9/test10/test11/test12/test13/test13/test14/test15/test16/test17/test18/hhh', 'instance': ['ins-19fde113ee404b2b83fdac6b4cb68a23'], 'project_id': 'ddac080c671b473e885714538fd1ed6e', 'project_name': 'LeonaTestPool1125'}
2021-12-07 18:49:20,002 - root - INFO - *******返回数据： {'code': 214021, 'message': '同一挂载路径不能加载多块云硬盘', 'data': None, 'level': 3}
2021-12-07 18:49:20,002 - root - INFO - ********************************************************************************
2021-12-07 18:49:20,035 - root - INFO - ********************************************************************************
2021-12-07 18:49:20,036 - root - INFO - ****************加载数据盘列表接口开始****************
2021-12-07 18:49:20,036 - root - INFO - *******测试案例名称： TestCase006_加载数据盘-同一路径重复加载-Path=128 执行开始********
2021-12-07 18:49:20,037 - root - INFO - *******测试数据： {'volume': 'c7735672-0232-42a2-9838-bb0e8cfe4a7b', 'action': 'attach', 'path': '/mnt/test1/test2/test3/test4/test5/test6/test7/test8/test9/test10/test11/test12/test13/test13/test14/test15/test16/test17/test18/hhh', 'instance': ['ins-19fde113ee404b2b83fdac6b4cb68a23'], 'project_id': 'ddac080c671b473e885714538fd1ed6e', 'project_name': 'LeonaTestPool1125'}
2021-12-07 18:49:20,307 - root - INFO - *******返回数据： {'code': 214021, 'message': '同一挂载路径不能加载多块云硬盘', 'data': None, 'level': 3}
2021-12-07 18:49:20,307 - root - INFO - *******测试案例名称： TestCase006_加载数据盘-同一路径重复加载-Path=128 执行完毕********
2021-12-07 18:49:20,308 - root - INFO - ****************加载数据盘列表接口结束****************
2021-12-07 18:49:20,308 - root - INFO - ********************************************************************************
2021-12-07 18:49:20,311 - root - INFO - ********************************************************************************
2021-12-07 18:49:20,311 - root - INFO - ****************加载数据盘列表接口开始****************
2021-12-07 18:49:20,312 - root - INFO - *******测试案例名称： TestCase007_搜索数据盘-缺少token 执行开始********
2021-12-07 18:49:20,312 - root - INFO - *******测试数据： {'instance': ['ins-19fde113ee404b2b83fdac6b4cb68a23'], 'project_id': 'ddac080c671b473e885714538fd1ed6e', 'project_name': 'LeonaTestPool1125'}
2021-12-07 18:49:20,322 - root - INFO - *******返回数据： {'code': 1005, 'message': '缺少认证信息', 'data': None, 'level': 3}
2021-12-07 18:49:20,323 - root - INFO - *******测试案例名称： TestCase007_搜索数据盘-缺少token 执行完毕********
2021-12-07 18:49:20,324 - root - INFO - ****************加载数据盘列表接口结束****************
2021-12-07 18:49:20,324 - root - INFO - ********************************************************************************
2021-12-07 18:49:20,372 - root - INFO - **********************************************完成teardown class，退出登录**********************************************
