2021-12-06 15:42:09,221 - root - INFO - **********************************************开始setupClass，进行登录**********************************************
2021-12-06 15:42:09,537 - root - INFO - ********************************************************************************
2021-12-06 15:42:09,538 - root - INFO - ****************编辑系统盘列表接口开始****************
2021-12-06 15:42:09,539 - root - INFO - *******测试案例名称： TestCase001_编辑系统盘-name为空 执行开始********
2021-12-06 15:42:09,956 - root - INFO - *******测试数据： {'name': '', 'description': '编辑系统盘-name为空', 'id': 'ins-b3c6c8f21e744d5ea05de73dfbc6b2a3', 'size': 1024, 'disk_type': 0, 'disk_status': 0, 'created_time': '2021-12-02 17:51:06', 'is_snapshoted': 0, 'project_name': 'test_wang', 'project_id': 'e6451dede2ed41c08b5049b40d5b1daf', 'pool_name': 'test_wang'}
2021-12-06 15:42:09,980 - root - INFO - *******返回数据： {'code': 1001, 'message': '请求参数错误', 'data': None, 'level': 2}
2021-12-06 15:42:09,980 - root - INFO - *******测试案例名称： TestCase001_编辑系统盘-name为空 执行完毕********
2021-12-06 15:42:09,981 - root - INFO - ****************编辑系统盘列表接口结束****************
2021-12-06 15:42:09,981 - root - INFO - ********************************************************************************
2021-12-06 15:42:09,986 - root - INFO - ********************************************************************************
2021-12-06 15:42:09,987 - root - INFO - ****************编辑系统盘列表接口开始****************
2021-12-06 15:42:09,987 - root - INFO - *******测试案例名称： TestCase002_编辑系统盘-name为特殊字符 执行开始********
2021-12-06 15:42:10,381 - root - INFO - *******测试数据： {'name': '@￥@#%￥#%￥', 'description': '编辑系统盘-name为特殊字符', 'id': 'ins-b3c6c8f21e744d5ea05de73dfbc6b2a3', 'size': 1024, 'disk_type': 0, 'disk_status': 0, 'created_time': '2021-12-02 17:51:06', 'is_snapshoted': 0, 'project_name': 'test_wang', 'project_id': 'e6451dede2ed41c08b5049b40d5b1daf', 'pool_name': 'test_wang'}
2021-12-06 15:42:10,405 - root - INFO - *******返回数据： {'code': 214024, 'message': '云硬盘名称只能输入字母、数字、汉字、横线以及下划线', 'data': None, 'level': 3}
2021-12-06 15:42:10,405 - root - INFO - *******测试案例名称： TestCase002_编辑系统盘-name为特殊字符 执行完毕********
2021-12-06 15:42:10,405 - root - INFO - ****************编辑系统盘列表接口结束****************
2021-12-06 15:42:10,406 - root - INFO - ********************************************************************************
2021-12-06 15:42:10,425 - root - INFO - ********************************************************************************
2021-12-06 15:42:10,425 - root - INFO - ****************编辑系统盘列表接口开始****************
2021-12-06 15:42:10,426 - root - INFO - *******测试案例名称： TestCase003_编辑系统盘-name为中文名称 执行开始********
2021-12-06 15:42:10,805 - root - INFO - *******测试数据： {'name': '中文名称系统盘', 'description': '编辑系统盘-name为中文名称', 'id': 'ins-b3c6c8f21e744d5ea05de73dfbc6b2a3', 'size': 1024, 'disk_type': 0, 'disk_status': 0, 'created_time': '2021-12-02 17:51:06', 'is_snapshoted': 0, 'project_name': 'test_wang', 'project_id': 'e6451dede2ed41c08b5049b40d5b1daf', 'pool_name': 'test_wang'}
2021-12-06 15:42:10,838 - root - INFO - *******返回数据： {'code': 0, 'message': 'success', 'data': {'name': '中文名称系统盘', 'description': '编辑系统盘-name为中文名称'}}
2021-12-06 15:42:10,838 - root - INFO - *******测试案例名称： TestCase003_编辑系统盘-name为中文名称 执行完毕********
2021-12-06 15:42:10,838 - root - INFO - ****************编辑系统盘列表接口结束****************
2021-12-06 15:42:10,839 - root - INFO - ********************************************************************************
2021-12-06 15:42:10,846 - root - INFO - ********************************************************************************
2021-12-06 15:42:10,847 - root - INFO - ****************编辑系统盘列表接口开始****************
2021-12-06 15:42:10,847 - root - INFO - *******测试案例名称： TestCase004_编辑系统盘-name为数字 执行开始********
2021-12-06 15:42:11,249 - root - INFO - *******测试数据： {'name': '123456', 'description': '编辑系统盘-name为数字', 'id': 'ins-b3c6c8f21e744d5ea05de73dfbc6b2a3', 'size': 1024, 'disk_type': 0, 'disk_status': 0, 'created_time': '2021-12-02 17:51:06', 'is_snapshoted': 0, 'project_name': 'test_wang', 'project_id': 'e6451dede2ed41c08b5049b40d5b1daf', 'pool_name': 'test_wang'}
2021-12-06 15:42:11,285 - root - INFO - *******返回数据： {'code': 0, 'message': 'success', 'data': {'name': '123456', 'description': '编辑系统盘-name为数字'}}
2021-12-06 15:42:11,285 - root - INFO - *******测试案例名称： TestCase004_编辑系统盘-name为数字 执行完毕********
2021-12-06 15:42:11,285 - root - INFO - ****************编辑系统盘列表接口结束****************
2021-12-06 15:42:11,286 - root - INFO - ********************************************************************************
2021-12-06 15:42:11,300 - root - INFO - ********************************************************************************
2021-12-06 15:42:11,300 - root - INFO - ****************编辑系统盘列表接口开始****************
2021-12-06 15:42:11,301 - root - INFO - *******测试案例名称： TestCase005_编辑系统盘-name为下划线 执行开始********
2021-12-06 15:42:11,681 - root - INFO - *******测试数据： {'name': '______', 'description': '编辑系统盘-name为下划线', 'id': 'ins-b3c6c8f21e744d5ea05de73dfbc6b2a3', 'size': 1024, 'disk_type': 0, 'disk_status': 0, 'created_time': '2021-12-02 17:51:06', 'is_snapshoted': 0, 'project_name': 'test_wang', 'project_id': 'e6451dede2ed41c08b5049b40d5b1daf', 'pool_name': 'test_wang'}
2021-12-06 15:42:11,716 - root - INFO - *******返回数据： {'code': 0, 'message': 'success', 'data': {'name': '______', 'description': '编辑系统盘-name为下划线'}}
2021-12-06 15:42:11,717 - root - INFO - *******测试案例名称： TestCase005_编辑系统盘-name为下划线 执行完毕********
2021-12-06 15:42:11,717 - root - INFO - ****************编辑系统盘列表接口结束****************
2021-12-06 15:42:11,718 - root - INFO - ********************************************************************************
2021-12-06 15:42:11,722 - root - INFO - ********************************************************************************
2021-12-06 15:42:11,722 - root - INFO - ****************编辑系统盘列表接口开始****************
2021-12-06 15:42:11,723 - root - INFO - *******测试案例名称： TestCase006_编辑系统盘-name为短横线 执行开始********
2021-12-06 15:42:12,101 - root - INFO - *******测试数据： {'name': '-----', 'description': '编辑系统盘-name为下划线', 'id': 'ins-b3c6c8f21e744d5ea05de73dfbc6b2a3', 'size': 1024, 'disk_type': 0, 'disk_status': 0, 'created_time': '2021-12-02 17:51:06', 'is_snapshoted': 0, 'project_name': 'test_wang', 'project_id': 'e6451dede2ed41c08b5049b40d5b1daf', 'pool_name': 'test_wang'}
2021-12-06 15:42:12,132 - root - INFO - *******返回数据： {'code': 0, 'message': 'success', 'data': {'name': '-----', 'description': '编辑系统盘-name为下划线'}}
2021-12-06 15:42:12,133 - root - INFO - *******测试案例名称： TestCase006_编辑系统盘-name为短横线 执行完毕********
2021-12-06 15:42:12,133 - root - INFO - ****************编辑系统盘列表接口结束****************
2021-12-06 15:42:12,134 - root - INFO - ********************************************************************************
2021-12-06 15:42:12,152 - root - INFO - ********************************************************************************
2021-12-06 15:42:12,152 - root - INFO - ****************编辑系统盘列表接口开始****************
2021-12-06 15:42:12,153 - root - INFO - *******测试案例名称： TestCase007_编辑系统盘-name超过32个字符 执行开始********
2021-12-06 15:42:12,545 - root - INFO - *******测试数据： {'name': 'SysnameIsOver32SysnameIsOve32SysnameOver32', 'description': '编辑系统盘-name超过32个字符', 'id': 'ins-b3c6c8f21e744d5ea05de73dfbc6b2a3', 'size': 1024, 'disk_type': 0, 'disk_status': 0, 'created_time': '2021-12-02 17:51:06', 'is_snapshoted': 0, 'project_name': 'test_wang', 'project_id': 'e6451dede2ed41c08b5049b40d5b1daf', 'pool_name': 'test_wang'}
2021-12-06 15:42:12,568 - root - INFO - *******返回数据： {'code': 1001, 'message': '请求参数错误', 'data': None, 'level': 2}
2021-12-06 15:42:12,568 - root - INFO - *******测试案例名称： TestCase007_编辑系统盘-name超过32个字符 执行完毕********
2021-12-06 15:42:12,568 - root - INFO - ****************编辑系统盘列表接口结束****************
2021-12-06 15:42:12,569 - root - INFO - ********************************************************************************
2021-12-06 15:42:12,579 - root - INFO - ********************************************************************************
2021-12-06 15:42:12,579 - root - INFO - ****************编辑系统盘列表接口开始****************
2021-12-06 15:42:12,580 - root - INFO - *******测试案例名称： TestCase008_编辑系统盘-name等于32个字符 执行开始********
2021-12-06 15:42:12,961 - root - INFO - *******测试数据： {'name': 'SysnameIs32SysnameIs32SysnameH32', 'description': '编辑系统盘-name等于32个字符', 'id': 'ins-b3c6c8f21e744d5ea05de73dfbc6b2a3', 'size': 1024, 'disk_type': 0, 'disk_status': 0, 'created_time': '2021-12-02 17:51:06', 'is_snapshoted': 0, 'project_name': 'test_wang', 'project_id': 'e6451dede2ed41c08b5049b40d5b1daf', 'pool_name': 'test_wang'}
2021-12-06 15:42:12,994 - root - INFO - *******返回数据： {'code': 0, 'message': 'success', 'data': {'name': 'SysnameIs32SysnameIs32SysnameH32', 'description': '编辑系统盘-name等于32个字符'}}
2021-12-06 15:42:12,995 - root - INFO - *******测试案例名称： TestCase008_编辑系统盘-name等于32个字符 执行完毕********
2021-12-06 15:42:12,995 - root - INFO - ****************编辑系统盘列表接口结束****************
2021-12-06 15:42:12,996 - root - INFO - ********************************************************************************
2021-12-06 15:42:13,002 - root - INFO - ********************************************************************************
2021-12-06 15:42:13,002 - root - INFO - ****************编辑系统盘列表接口开始****************
2021-12-06 15:42:13,003 - root - INFO - *******测试案例名称： TestCase009_查看云硬盘列表-缺少token 执行开始********
2021-12-06 15:42:13,389 - root - INFO - *******测试数据： {'storage_limit': 10, 'add_size': 0, 'project_id': 'e6451dede2ed41c08b5049b40d5b1daf', 'id': 'ins-b3c6c8f21e744d5ea05de73dfbc6b2a3', 'size': 1024, 'disk_type': 0, 'disk_status': 0, 'created_time': '2021-12-02 17:51:06', 'is_snapshoted': 0, 'project_name': 'test_wang', 'pool_name': 'test_wang'}
2021-12-06 15:42:13,414 - root - INFO - *******返回数据： {'code': 1005, 'message': '缺少认证信息', 'data': None, 'level': 3}
2021-12-06 15:42:13,415 - root - INFO - *******测试案例名称： TestCase009_查看云硬盘列表-缺少token 执行完毕********
2021-12-06 15:42:13,415 - root - INFO - ****************编辑系统盘列表接口结束****************
2021-12-06 15:42:13,416 - root - INFO - ********************************************************************************
2021-12-06 15:42:13,424 - root - INFO - ********************************************************************************
2021-12-06 15:42:13,424 - root - INFO - ****************编辑系统盘列表接口开始****************
2021-12-06 15:42:13,425 - root - INFO - *******测试案例名称： TestCase010_编辑系统盘-Des大于100个字符 执行开始********
2021-12-06 15:42:13,792 - root - INFO - *******测试数据： {'name': 'SysDesIsOver100Chars', 'description': 'DesIsOver100Chars！#@@%#%DesIsOver100Chars！#@@%#%DesIsOver100Chars！#@@%#%DesIsOver100Chars！#@@%#%DesIsOver100Chars！#@@%#%', 'id': 'ins-b3c6c8f21e744d5ea05de73dfbc6b2a3', 'size': 1024, 'disk_type': 0, 'disk_status': 0, 'created_time': '2021-12-02 17:51:06', 'is_snapshoted': 0, 'project_name': 'test_wang', 'project_id': 'e6451dede2ed41c08b5049b40d5b1daf', 'pool_name': 'test_wang'}
2021-12-06 15:42:13,810 - root - INFO - *******返回数据： {'code': 1001, 'message': '请求参数错误', 'data': None, 'level': 2}
2021-12-06 15:42:13,811 - root - INFO - *******测试案例名称： TestCase010_编辑系统盘-Des大于100个字符 执行完毕********
2021-12-06 15:42:13,811 - root - INFO - ****************编辑系统盘列表接口结束****************
2021-12-06 15:42:13,812 - root - INFO - ********************************************************************************
2021-12-06 15:42:13,819 - root - INFO - ********************************************************************************
2021-12-06 15:42:13,819 - root - INFO - ****************编辑系统盘列表接口开始****************
2021-12-06 15:42:13,820 - root - INFO - *******测试案例名称： TestCase011_编辑系统盘-Des等于100个字符 执行开始********
2021-12-06 15:42:14,203 - root - INFO - *******测试数据： {'name': 'SysDesIs100Chars', 'description': 'DesIs100Chars！#@@%#%DesIs100Chars！#@@%#%DesIs100Chars！#@@%#%DesIs100Chars！#@@%#%DesIs100Chars！#@@%#%', 'id': 'ins-b3c6c8f21e744d5ea05de73dfbc6b2a3', 'size': 1024, 'disk_type': 0, 'disk_status': 0, 'created_time': '2021-12-02 17:51:06', 'is_snapshoted': 0, 'project_name': 'test_wang', 'project_id': 'e6451dede2ed41c08b5049b40d5b1daf', 'pool_name': 'test_wang'}
2021-12-06 15:42:14,241 - root - INFO - *******返回数据： {'code': 0, 'message': 'success', 'data': {'name': 'SysDesIs100Chars', 'description': 'DesIs100Chars！#@@%#%DesIs100Chars！#@@%#%DesIs100Chars！#@@%#%DesIs100Chars！#@@%#%DesIs100Chars！#@@%#%'}}
2021-12-06 15:42:14,241 - root - INFO - *******测试案例名称： TestCase011_编辑系统盘-Des等于100个字符 执行完毕********
2021-12-06 15:42:14,241 - root - INFO - ****************编辑系统盘列表接口结束****************
2021-12-06 15:42:14,242 - root - INFO - ********************************************************************************
2021-12-06 15:42:14,256 - root - INFO - ********************************************************************************
2021-12-06 15:42:14,256 - root - INFO - ****************编辑系统盘列表接口开始****************
2021-12-06 15:42:14,257 - root - INFO - *******测试案例名称： TestCase012_编辑系统盘-Des为单个字符 执行开始********
2021-12-06 15:42:14,647 - root - INFO - *******测试数据： {'name': 'SysDesIs1Char', 'description': 'A', 'id': 'ins-b3c6c8f21e744d5ea05de73dfbc6b2a3', 'size': 1024, 'disk_type': 0, 'disk_status': 0, 'created_time': '2021-12-02 17:51:06', 'is_snapshoted': 0, 'project_name': 'test_wang', 'project_id': 'e6451dede2ed41c08b5049b40d5b1daf', 'pool_name': 'test_wang'}
2021-12-06 15:42:14,678 - root - INFO - *******返回数据： {'code': 0, 'message': 'success', 'data': {'name': 'SysDesIs1Char', 'description': 'A'}}
2021-12-06 15:42:14,678 - root - INFO - *******测试案例名称： TestCase012_编辑系统盘-Des为单个字符 执行完毕********
2021-12-06 15:42:14,678 - root - INFO - ****************编辑系统盘列表接口结束****************
2021-12-06 15:42:14,679 - root - INFO - ********************************************************************************
2021-12-06 15:42:14,695 - root - INFO - ********************************************************************************
2021-12-06 15:42:14,695 - root - INFO - ****************编辑系统盘列表接口开始****************
2021-12-06 15:42:14,696 - root - INFO - *******测试案例名称： TestCase012_编辑系统盘-Des为空 执行开始********
2021-12-06 15:42:15,122 - root - INFO - *******测试数据： {'name': 'SysDesIsNull', 'description': '', 'id': 'ins-b3c6c8f21e744d5ea05de73dfbc6b2a3', 'size': 1024, 'disk_type': 0, 'disk_status': 0, 'created_time': '2021-12-02 17:51:06', 'is_snapshoted': 0, 'project_name': 'test_wang', 'project_id': 'e6451dede2ed41c08b5049b40d5b1daf', 'pool_name': 'test_wang'}
2021-12-06 15:42:15,179 - root - INFO - *******返回数据： {'code': 0, 'message': 'success', 'data': {'name': 'SysDesIsNull', 'description': ''}}
2021-12-06 15:42:15,179 - root - INFO - *******测试案例名称： TestCase012_编辑系统盘-Des为空 执行完毕********
2021-12-06 15:42:15,179 - root - INFO - ****************编辑系统盘列表接口结束****************
2021-12-06 15:42:15,180 - root - INFO - ********************************************************************************
2021-12-06 15:42:15,215 - root - INFO - **********************************************完成teardown class，退出登录**********************************************
