2021-12-09 14:02:39,571 - root - INFO - **********************************************开始setupClass，进行登录**********************************************
2021-12-09 14:02:46,605 - root - INFO - the sql is : select id from disk where store_type=0 and pool_id=%s order by create_time desc limit 1;
2021-12-09 14:02:46,605 - root - INFO - the params is : ddac080c671b473e885714538fd1ed6e
2021-12-09 14:02:46,607 - root - INFO - the result data is :{'id': 'a8cc904d-0133-49c4-be97-e3e223c25578'}
2021-12-09 14:02:46,609 - root - INFO - ********************************************************************************
2021-12-09 14:02:46,609 - root - INFO - ****************数据盘扩容接口开始****************
2021-12-09 14:02:46,610 - root - INFO - *******测试案例名称： TestCase001_新建快照-缺少token 执行开始********
2021-12-09 14:02:46,610 - root - INFO - *******测试数据： {'volume': 'a8cc904d-0133-49c4-be97-e3e223c25578', 'project_id': 'ddac080c671b473e885714538fd1ed6e', 'project_name': 'LeonaTestPool1125'}
2021-12-09 14:02:46,619 - root - INFO - *******返回数据： {'code': 1005, 'message': '缺少认证信息', 'data': None, 'level': 3}
2021-12-09 14:02:46,620 - root - INFO - *******测试案例名称： TestCase001_新建快照-缺少token 执行完毕********
2021-12-09 14:02:46,621 - root - INFO - ****************数据盘扩容接口结束****************
2021-12-09 14:02:46,621 - root - INFO - ********************************************************************************
2021-12-09 14:02:46,624 - root - INFO - ********************************************************************************
2021-12-09 14:02:46,624 - root - INFO - ****************数据盘扩容接口开始****************
2021-12-09 14:02:46,625 - root - INFO - *******测试案例名称： TestCase002_数据盘扩容-add_size为负整数 执行开始********
2021-12-09 14:02:46,625 - root - INFO - *******测试数据： {'add_size': '-3', 'id': '70b9fd1d-acb5-4fba-b71c-7b71ad3a14c9', 'volume': 'a8cc904d-0133-49c4-be97-e3e223c25578', 'project_id': 'ddac080c671b473e885714538fd1ed6e', 'project_name': 'LeonaTestPool1125'}
2021-12-09 14:02:46,660 - root - INFO - *******返回数据： {'code': 214016, 'message': '云硬盘扩容容量不得小于当前云硬盘大小', 'data': None, 'level': 3}
2021-12-09 14:02:46,661 - root - INFO - *******测试案例名称： TestCase002_数据盘扩容-add_size为负整数 执行完毕********
2021-12-09 14:02:46,661 - root - INFO - ****************数据盘扩容接口结束****************
2021-12-09 14:02:46,662 - root - INFO - ********************************************************************************
2021-12-09 14:02:46,664 - root - INFO - ********************************************************************************
2021-12-09 14:02:46,665 - root - INFO - ****************数据盘扩容接口开始****************
2021-12-09 14:02:46,665 - root - INFO - *******测试案例名称： TestCase003_数据盘扩容-add_size为0 执行开始********
2021-12-09 14:02:46,666 - root - INFO - *******测试数据： {'add_size': '0', 'id': '70b9fd1d-acb5-4fba-b71c-7b71ad3a14c9', 'volume': 'a8cc904d-0133-49c4-be97-e3e223c25578', 'project_id': 'ddac080c671b473e885714538fd1ed6e', 'project_name': 'LeonaTestPool1125'}
2021-12-09 14:02:46,701 - root - INFO - *******返回数据： {'code': 214016, 'message': '云硬盘扩容容量不得小于当前云硬盘大小', 'data': None, 'level': 3}
2021-12-09 14:02:46,702 - root - INFO - *******测试案例名称： TestCase003_数据盘扩容-add_size为0 执行完毕********
2021-12-09 14:02:46,702 - root - INFO - ****************数据盘扩容接口结束****************
2021-12-09 14:02:46,703 - root - INFO - ********************************************************************************
2021-12-09 14:02:46,705 - root - INFO - ********************************************************************************
2021-12-09 14:02:46,706 - root - INFO - ****************数据盘扩容接口开始****************
2021-12-09 14:02:46,706 - root - INFO - *******测试案例名称： TestCase004_数据盘扩容-add_size为小数 执行开始********
2021-12-09 14:02:46,707 - root - INFO - *******测试数据： {'add_size': '0.36', 'id': '70b9fd1d-acb5-4fba-b71c-7b71ad3a14c9', 'volume': 'a8cc904d-0133-49c4-be97-e3e223c25578', 'project_id': 'ddac080c671b473e885714538fd1ed6e', 'project_name': 'LeonaTestPool1125'}
2021-12-09 14:02:46,730 - root - INFO - *******返回数据： {'code': 1001, 'message': '请求参数错误', 'data': None, 'level': 2}
2021-12-09 14:02:46,730 - root - INFO - *******测试案例名称： TestCase004_数据盘扩容-add_size为小数 执行完毕********
2021-12-09 14:02:46,730 - root - INFO - ****************数据盘扩容接口结束****************
2021-12-09 14:02:46,731 - root - INFO - ********************************************************************************
2021-12-09 14:02:46,733 - root - INFO - ********************************************************************************
2021-12-09 14:02:46,734 - root - INFO - ****************数据盘扩容接口开始****************
2021-12-09 14:02:46,734 - root - INFO - *******测试案例名称： TestCase005_数据盘扩容-add_size为字符串 执行开始********
2021-12-09 14:02:46,734 - root - INFO - *******测试数据： {'add_size': 'abc', 'id': '70b9fd1d-acb5-4fba-b71c-7b71ad3a14c9', 'volume': 'a8cc904d-0133-49c4-be97-e3e223c25578', 'project_id': 'ddac080c671b473e885714538fd1ed6e', 'project_name': 'LeonaTestPool1125'}
2021-12-09 14:02:46,757 - root - INFO - *******返回数据： {'code': 1001, 'message': '请求参数错误', 'data': None, 'level': 2}
2021-12-09 14:02:46,757 - root - INFO - *******测试案例名称： TestCase005_数据盘扩容-add_size为字符串 执行完毕********
2021-12-09 14:02:46,757 - root - INFO - ****************数据盘扩容接口结束****************
2021-12-09 14:02:46,758 - root - INFO - ********************************************************************************
2021-12-09 14:02:46,760 - root - INFO - ********************************************************************************
2021-12-09 14:02:46,761 - root - INFO - ****************数据盘扩容接口开始****************
2021-12-09 14:02:46,761 - root - INFO - *******测试案例名称： TestCase006_数据盘扩容-add_size为超大值 执行开始********
2021-12-09 14:02:46,762 - root - INFO - *******测试数据： {'add_size': '99999999999999999', 'id': '70b9fd1d-acb5-4fba-b71c-7b71ad3a14c9', 'volume': 'a8cc904d-0133-49c4-be97-e3e223c25578', 'project_id': 'ddac080c671b473e885714538fd1ed6e', 'project_name': 'LeonaTestPool1125'}
2021-12-09 14:02:46,802 - root - INFO - *******返回数据： {'code': 217002, 'message': '存储池空间不足', 'data': None, 'level': 3}
2021-12-09 14:02:46,802 - root - INFO - *******测试案例名称： TestCase006_数据盘扩容-add_size为超大值 执行完毕********
2021-12-09 14:02:46,802 - root - INFO - ****************数据盘扩容接口结束****************
2021-12-09 14:02:46,803 - root - INFO - ********************************************************************************
2021-12-09 14:02:46,806 - root - INFO - ********************************************************************************
2021-12-09 14:02:46,806 - root - INFO - ****************数据盘扩容接口开始****************
2021-12-09 14:02:46,807 - root - INFO - *******测试案例名称： TestCase007_数据盘扩容-add_size比当前值大1 执行开始********
2021-12-09 14:02:46,807 - root - INFO - *******测试数据： {'add_size': '2', 'id': '70b9fd1d-acb5-4fba-b71c-7b71ad3a14c9', 'volume': 'a8cc904d-0133-49c4-be97-e3e223c25578', 'project_id': 'ddac080c671b473e885714538fd1ed6e', 'project_name': 'LeonaTestPool1125'}
2021-12-09 14:02:47,779 - root - INFO - *******返回数据： {'code': 0, 'message': 'success', 'data': {'add_size': 2}}
2021-12-09 14:02:47,780 - root - INFO - *******测试案例名称： TestCase007_数据盘扩容-add_size比当前值大1 执行完毕********
2021-12-09 14:02:47,780 - root - INFO - ****************数据盘扩容接口结束****************
2021-12-09 14:02:47,781 - root - INFO - ********************************************************************************
2021-12-09 14:02:48,027 - root - INFO - **********************************************完成teardown class，退出登录**********************************************
