2021-12-06 17:55:16,430 - root - INFO - **********************************************开始setupClass，进行登录**********************************************
2021-12-06 17:55:16,731 - root - INFO - ********************************************************************************
2021-12-06 17:55:16,731 - root - INFO - ****************编辑数据盘列表接口开始****************
2021-12-06 17:55:16,990 - root - INFO - *******测试案例名称： TestCase001_编辑数据盘-name为空 执行开始********
2021-12-06 17:55:16,991 - root - INFO - *******测试数据： {'name': '', 'description': '编辑数据盘-name为空', 'id': 'bda64c37-4a8d-44a3-bffc-b7cdff65d943', 'size': 1024, 'disk_type': 0, 'disk_status': 1, 'share_vol': 1, 'created_time': '2021-12-03 10:28:16', 'is_snapshoted': 0, 'instances': [None], 'path': [{'diskdetailmodel__path': None}], 'project_name': 'test_wang', 'project_id': 'e6451dede2ed41c08b5049b40d5b1daf', 'pool_name': 'test_wang'}
2021-12-06 17:55:17,023 - root - INFO - *******返回数据： {'code': 1001, 'message': '请求参数错误', 'data': None, 'level': 2}
2021-12-06 17:55:17,024 - root - INFO - *******测试案例名称： TestCase001_编辑数据盘-name为空 执行完毕********
2021-12-06 17:55:17,024 - root - INFO - ****************编辑数据盘列表接口结束****************
2021-12-06 17:55:17,025 - root - INFO - ********************************************************************************
2021-12-06 17:55:17,038 - root - INFO - ********************************************************************************
2021-12-06 17:55:17,039 - root - INFO - ****************编辑数据盘列表接口开始****************
2021-12-06 17:55:17,263 - root - INFO - *******测试案例名称： TestCase002_编辑数据盘-name为特殊字符 执行开始********
2021-12-06 17:55:17,263 - root - INFO - *******测试数据： {'name': '@￥@#%￥#%￥', 'description': '编辑数据盘-name为特殊字符', 'id': 'bda64c37-4a8d-44a3-bffc-b7cdff65d943', 'size': 1024, 'disk_type': 0, 'disk_status': 1, 'share_vol': 1, 'created_time': '2021-12-03 10:28:16', 'is_snapshoted': 0, 'instances': [None], 'path': [{'diskdetailmodel__path': None}], 'project_name': 'test_wang', 'project_id': 'e6451dede2ed41c08b5049b40d5b1daf', 'pool_name': 'test_wang'}
2021-12-06 17:55:17,284 - root - INFO - *******返回数据： {'code': 214024, 'message': '云硬盘名称只能输入字母、数字、汉字、横线以及下划线', 'data': None, 'level': 3}
2021-12-06 17:55:17,285 - root - INFO - *******测试案例名称： TestCase002_编辑数据盘-name为特殊字符 执行完毕********
2021-12-06 17:55:17,285 - root - INFO - ****************编辑数据盘列表接口结束****************
2021-12-06 17:55:17,286 - root - INFO - ********************************************************************************
2021-12-06 17:55:17,304 - root - INFO - ********************************************************************************
2021-12-06 17:55:17,305 - root - INFO - ****************编辑数据盘列表接口开始****************
2021-12-06 17:55:17,541 - root - INFO - *******测试案例名称： TestCase003_编辑数据盘-name为中文名称 执行开始********
2021-12-06 17:55:17,541 - root - INFO - *******测试数据： {'name': '中文名称数据盘', 'description': '编辑数据盘-name为中文名称', 'id': 'bda64c37-4a8d-44a3-bffc-b7cdff65d943', 'size': 1024, 'disk_type': 0, 'disk_status': 1, 'share_vol': 1, 'created_time': '2021-12-03 10:28:16', 'is_snapshoted': 0, 'instances': [None], 'path': [{'diskdetailmodel__path': None}], 'project_name': 'test_wang', 'project_id': 'e6451dede2ed41c08b5049b40d5b1daf', 'pool_name': 'test_wang'}
2021-12-06 17:55:17,572 - root - INFO - *******返回数据： {'code': 0, 'message': 'success', 'data': {'name': '中文名称数据盘', 'description': '编辑数据盘-name为中文名称'}}
2021-12-06 17:55:17,573 - root - INFO - *******测试案例名称： TestCase003_编辑数据盘-name为中文名称 执行完毕********
2021-12-06 17:55:17,573 - root - INFO - ****************编辑数据盘列表接口结束****************
2021-12-06 17:55:17,574 - root - INFO - ********************************************************************************
2021-12-06 17:55:17,588 - root - INFO - ********************************************************************************
2021-12-06 17:55:17,588 - root - INFO - ****************编辑数据盘列表接口开始****************
2021-12-06 17:55:17,821 - root - INFO - *******测试案例名称： TestCase004_编辑数据盘-name为数字 执行开始********
2021-12-06 17:55:17,821 - root - INFO - *******测试数据： {'name': '123456', 'description': '编辑数据盘-name为数字', 'id': 'bda64c37-4a8d-44a3-bffc-b7cdff65d943', 'size': 1024, 'disk_type': 0, 'disk_status': 1, 'share_vol': 1, 'created_time': '2021-12-03 10:28:16', 'is_snapshoted': 0, 'instances': [None], 'path': [{'diskdetailmodel__path': None}], 'project_name': 'test_wang', 'project_id': 'e6451dede2ed41c08b5049b40d5b1daf', 'pool_name': 'test_wang'}
2021-12-06 17:55:17,851 - root - INFO - *******返回数据： {'code': 0, 'message': 'success', 'data': {'name': '123456', 'description': '编辑数据盘-name为数字'}}
2021-12-06 17:55:17,852 - root - INFO - *******测试案例名称： TestCase004_编辑数据盘-name为数字 执行完毕********
2021-12-06 17:55:17,852 - root - INFO - ****************编辑数据盘列表接口结束****************
2021-12-06 17:55:17,853 - root - INFO - ********************************************************************************
2021-12-06 17:55:17,869 - root - INFO - ********************************************************************************
2021-12-06 17:55:17,869 - root - INFO - ****************编辑数据盘列表接口开始****************
2021-12-06 17:55:18,094 - root - INFO - *******测试案例名称： TestCase005_编辑数据盘-name为下划线 执行开始********
2021-12-06 17:55:18,094 - root - INFO - *******测试数据： {'name': '______', 'description': '编辑数据盘-name为下划线', 'id': 'bda64c37-4a8d-44a3-bffc-b7cdff65d943', 'size': 1024, 'disk_type': 0, 'disk_status': 1, 'share_vol': 1, 'created_time': '2021-12-03 10:28:16', 'is_snapshoted': 0, 'instances': [None], 'path': [{'diskdetailmodel__path': None}], 'project_name': 'test_wang', 'project_id': 'e6451dede2ed41c08b5049b40d5b1daf', 'pool_name': 'test_wang'}
2021-12-06 17:55:18,124 - root - INFO - *******返回数据： {'code': 0, 'message': 'success', 'data': {'name': '______', 'description': '编辑数据盘-name为下划线'}}
2021-12-06 17:55:18,125 - root - INFO - *******测试案例名称： TestCase005_编辑数据盘-name为下划线 执行完毕********
2021-12-06 17:55:18,125 - root - INFO - ****************编辑数据盘列表接口结束****************
2021-12-06 17:55:18,125 - root - INFO - ********************************************************************************
2021-12-06 17:55:18,135 - root - INFO - ********************************************************************************
2021-12-06 17:55:18,136 - root - INFO - ****************编辑数据盘列表接口开始****************
2021-12-06 17:55:18,348 - root - INFO - *******测试案例名称： TestCase006_编辑数据盘-name为短横线 执行开始********
2021-12-06 17:55:18,348 - root - INFO - *******测试数据： {'name': '-----', 'description': '编辑数据盘-name为下划线', 'id': 'bda64c37-4a8d-44a3-bffc-b7cdff65d943', 'size': 1024, 'disk_type': 0, 'disk_status': 1, 'share_vol': 1, 'created_time': '2021-12-03 10:28:16', 'is_snapshoted': 0, 'instances': [None], 'path': [{'diskdetailmodel__path': None}], 'project_name': 'test_wang', 'project_id': 'e6451dede2ed41c08b5049b40d5b1daf', 'pool_name': 'test_wang'}
2021-12-06 17:55:18,377 - root - INFO - *******返回数据： {'code': 0, 'message': 'success', 'data': {'name': '-----', 'description': '编辑数据盘-name为下划线'}}
2021-12-06 17:55:18,378 - root - INFO - *******测试案例名称： TestCase006_编辑数据盘-name为短横线 执行完毕********
2021-12-06 17:55:18,378 - root - INFO - ****************编辑数据盘列表接口结束****************
2021-12-06 17:55:18,379 - root - INFO - ********************************************************************************
2021-12-06 17:55:18,389 - root - INFO - ********************************************************************************
2021-12-06 17:55:18,389 - root - INFO - ****************编辑数据盘列表接口开始****************
2021-12-06 17:55:18,610 - root - INFO - *******测试案例名称： TestCase007_编辑数据盘-name超过32个字符 执行开始********
2021-12-06 17:55:18,610 - root - INFO - *******测试数据： {'name': 'DatanameIsOver32DatanameIsOve32DatanameOver32', 'description': '编辑数据盘-name超过32个字符', 'id': 'bda64c37-4a8d-44a3-bffc-b7cdff65d943', 'size': 1024, 'disk_type': 0, 'disk_status': 1, 'share_vol': 1, 'created_time': '2021-12-03 10:28:16', 'is_snapshoted': 0, 'instances': [None], 'path': [{'diskdetailmodel__path': None}], 'project_name': 'test_wang', 'project_id': 'e6451dede2ed41c08b5049b40d5b1daf', 'pool_name': 'test_wang'}
2021-12-06 17:55:18,629 - root - INFO - *******返回数据： {'code': 1001, 'message': '请求参数错误', 'data': None, 'level': 2}
2021-12-06 17:55:18,629 - root - INFO - *******测试案例名称： TestCase007_编辑数据盘-name超过32个字符 执行完毕********
2021-12-06 17:55:18,629 - root - INFO - ****************编辑数据盘列表接口结束****************
2021-12-06 17:55:18,629 - root - INFO - ********************************************************************************
2021-12-06 17:55:18,640 - root - INFO - ********************************************************************************
2021-12-06 17:55:18,641 - root - INFO - ****************编辑数据盘列表接口开始****************
2021-12-06 17:55:18,869 - root - INFO - *******测试案例名称： TestCase008_编辑数据盘-name等于32个字符 执行开始********
2021-12-06 17:55:18,869 - root - INFO - *******测试数据： {'name': 'DatanameIs32DatanameIs32Dataname', 'description': '编辑数据盘-name等于32个字符', 'id': 'bda64c37-4a8d-44a3-bffc-b7cdff65d943', 'size': 1024, 'disk_type': 0, 'disk_status': 1, 'share_vol': 1, 'created_time': '2021-12-03 10:28:16', 'is_snapshoted': 0, 'instances': [None], 'path': [{'diskdetailmodel__path': None}], 'project_name': 'test_wang', 'project_id': 'e6451dede2ed41c08b5049b40d5b1daf', 'pool_name': 'test_wang'}
2021-12-06 17:55:18,897 - root - INFO - *******返回数据： {'code': 0, 'message': 'success', 'data': {'name': 'DatanameIs32DatanameIs32Dataname', 'description': '编辑数据盘-name等于32个字符'}}
2021-12-06 17:55:18,898 - root - INFO - *******测试案例名称： TestCase008_编辑数据盘-name等于32个字符 执行完毕********
2021-12-06 17:55:18,898 - root - INFO - ****************编辑数据盘列表接口结束****************
2021-12-06 17:55:18,898 - root - INFO - ********************************************************************************
2021-12-06 17:55:18,907 - root - INFO - ********************************************************************************
2021-12-06 17:55:18,908 - root - INFO - ****************编辑数据盘列表接口开始****************
2021-12-06 17:55:19,126 - root - INFO - *******测试案例名称： TestCase009_查看云硬盘列表-缺少token 执行开始********
2021-12-06 17:55:19,126 - root - INFO - *******测试数据： {'storage_limit': 10, 'add_size': 0, 'project_id': 'e6451dede2ed41c08b5049b40d5b1daf', 'id': 'bda64c37-4a8d-44a3-bffc-b7cdff65d943', 'size': 1024, 'disk_type': 0, 'disk_status': 1, 'share_vol': 1, 'created_time': '2021-12-03 10:28:16', 'is_snapshoted': 0, 'instances': [None], 'path': [{'diskdetailmodel__path': None}], 'project_name': 'test_wang', 'pool_name': 'test_wang'}
2021-12-06 17:55:19,135 - root - INFO - *******返回数据： {'code': 1005, 'message': '缺少认证信息', 'data': None, 'level': 3}
2021-12-06 17:55:19,135 - root - INFO - *******测试案例名称： TestCase009_查看云硬盘列表-缺少token 执行完毕********
2021-12-06 17:55:19,135 - root - INFO - ****************编辑数据盘列表接口结束****************
2021-12-06 17:55:19,135 - root - INFO - ********************************************************************************
2021-12-06 17:55:19,144 - root - INFO - ********************************************************************************
2021-12-06 17:55:19,144 - root - INFO - ****************编辑数据盘列表接口开始****************
2021-12-06 17:55:19,390 - root - INFO - *******测试案例名称： TestCase010_编辑数据盘-Des大于100个字符 执行开始********
2021-12-06 17:55:19,390 - root - INFO - *******测试数据： {'name': 'DataDesIsOver100Chars', 'description': 'DesIsOver100Chars！#@@%#%DesIsOver100Chars！#@@%#%DesIsOver100Chars！#@@%#%DesIsOver100Chars！#@@%#%DesIsOver100Chars！#@@%#%', 'id': 'bda64c37-4a8d-44a3-bffc-b7cdff65d943', 'size': 1024, 'disk_type': 0, 'disk_status': 1, 'share_vol': 1, 'created_time': '2021-12-03 10:28:16', 'is_snapshoted': 0, 'instances': [None], 'path': [{'diskdetailmodel__path': None}], 'project_name': 'test_wang', 'project_id': 'e6451dede2ed41c08b5049b40d5b1daf', 'pool_name': 'test_wang'}
2021-12-06 17:55:19,410 - root - INFO - *******返回数据： {'code': 1001, 'message': '请求参数错误', 'data': None, 'level': 2}
2021-12-06 17:55:19,411 - root - INFO - *******测试案例名称： TestCase010_编辑数据盘-Des大于100个字符 执行完毕********
2021-12-06 17:55:19,411 - root - INFO - ****************编辑数据盘列表接口结束****************
2021-12-06 17:55:19,411 - root - INFO - ********************************************************************************
2021-12-06 17:55:19,426 - root - INFO - ********************************************************************************
2021-12-06 17:55:19,426 - root - INFO - ****************编辑数据盘列表接口开始****************
2021-12-06 17:55:19,652 - root - INFO - *******测试案例名称： TestCase011_编辑数据盘-Des等于100个字符 执行开始********
2021-12-06 17:55:19,652 - root - INFO - *******测试数据： {'name': 'DataDesIs100Chars', 'description': 'DesIs100Chars！#@@%#%DesIs100Chars！#@@%#%DesIs100Chars！#@@%#%DesIs100Chars！#@@%#%DesIs100Chars！#@@%#%', 'id': 'bda64c37-4a8d-44a3-bffc-b7cdff65d943', 'size': 1024, 'disk_type': 0, 'disk_status': 1, 'share_vol': 1, 'created_time': '2021-12-03 10:28:16', 'is_snapshoted': 0, 'instances': [None], 'path': [{'diskdetailmodel__path': None}], 'project_name': 'test_wang', 'project_id': 'e6451dede2ed41c08b5049b40d5b1daf', 'pool_name': 'test_wang'}
2021-12-06 17:55:19,688 - root - INFO - *******返回数据： {'code': 0, 'message': 'success', 'data': {'name': 'DataDesIs100Chars', 'description': 'DesIs100Chars！#@@%#%DesIs100Chars！#@@%#%DesIs100Chars！#@@%#%DesIs100Chars！#@@%#%DesIs100Chars！#@@%#%'}}
2021-12-06 17:55:19,689 - root - INFO - *******测试案例名称： TestCase011_编辑数据盘-Des等于100个字符 执行完毕********
2021-12-06 17:55:19,689 - root - INFO - ****************编辑数据盘列表接口结束****************
2021-12-06 17:55:19,689 - root - INFO - ********************************************************************************
2021-12-06 17:55:19,696 - root - INFO - ********************************************************************************
2021-12-06 17:55:19,696 - root - INFO - ****************编辑数据盘列表接口开始****************
2021-12-06 17:55:20,042 - root - INFO - *******测试案例名称： TestCase012_编辑数据盘-Des为空 执行开始********
2021-12-06 17:55:20,042 - root - INFO - *******测试数据： {'name': 'DataDesIsNull', 'description': '', 'id': 'bda64c37-4a8d-44a3-bffc-b7cdff65d943', 'size': 1024, 'disk_type': 0, 'disk_status': 1, 'share_vol': 1, 'created_time': '2021-12-03 10:28:16', 'is_snapshoted': 0, 'instances': [None], 'path': [{'diskdetailmodel__path': None}], 'project_name': 'test_wang', 'project_id': 'e6451dede2ed41c08b5049b40d5b1daf', 'pool_name': 'test_wang'}
2021-12-06 17:55:20,109 - root - INFO - *******返回数据： {'code': 0, 'message': 'success', 'data': {'name': 'DataDesIsNull', 'description': ''}}
2021-12-06 17:55:20,110 - root - INFO - *******测试案例名称： TestCase012_编辑数据盘-Des为空 执行完毕********
2021-12-06 17:55:20,110 - root - INFO - ****************编辑数据盘列表接口结束****************
2021-12-06 17:55:20,110 - root - INFO - ********************************************************************************
2021-12-06 17:55:20,124 - root - INFO - ********************************************************************************
2021-12-06 17:55:20,125 - root - INFO - ****************编辑数据盘列表接口开始****************
2021-12-06 17:55:20,489 - root - INFO - *******测试案例名称： TestCase013_编辑数据盘-Des为单个字符 执行开始********
2021-12-06 17:55:20,489 - root - INFO - *******测试数据： {'name': 'DataDesIs1Char', 'description': 'A', 'id': 'bda64c37-4a8d-44a3-bffc-b7cdff65d943', 'size': 1024, 'disk_type': 0, 'disk_status': 1, 'share_vol': 1, 'created_time': '2021-12-03 10:28:16', 'is_snapshoted': 0, 'instances': [None], 'path': [{'diskdetailmodel__path': None}], 'project_name': 'test_wang', 'project_id': 'e6451dede2ed41c08b5049b40d5b1daf', 'pool_name': 'test_wang'}
2021-12-06 17:55:20,536 - root - INFO - *******返回数据： {'code': 0, 'message': 'success', 'data': {'name': 'DataDesIs1Char', 'description': 'A'}}
2021-12-06 17:55:20,537 - root - INFO - *******测试案例名称： TestCase013_编辑数据盘-Des为单个字符 执行完毕********
2021-12-06 17:55:20,537 - root - INFO - ****************编辑数据盘列表接口结束****************
2021-12-06 17:55:20,537 - root - INFO - ********************************************************************************
2021-12-06 17:55:20,576 - root - INFO - **********************************************完成teardown class，退出登录**********************************************
