2021-12-15 13:57:59,666 - root - INFO - **********************************************开始setupClass，进行登录**********************************************
2021-12-15 13:58:45,075 - root - INFO - the sql is : SELECT id, name from `cloud_instance` WHERE project_id=%s order by create_time DESC limit 1 
2021-12-15 13:58:45,076 - root - INFO - the params is : 577d21c9411744a4b619c8966f69ec18
2021-12-15 13:58:45,088 - root - INFO - the result data is :{'id': 'ins-ce959498ce2e492cb2d5c66afdc7dc5e', 'name': 'LC_85'}
2021-12-15 13:59:15,683 - root - INFO - the sql is : SELECT server_id, snapshot_name from `snapshot` WHERE project_id=%s order by create_time DESC limit 1 
2021-12-15 13:59:15,685 - root - INFO - the params is : 577d21c9411744a4b619c8966f69ec18
2021-12-15 13:59:15,701 - root - INFO - the result data is :{'server_id': 'ins-ce959498ce2e492cb2d5c66afdc7dc5e', 'snapshot_name': 'snap4LC_85'}
2021-12-15 13:59:15,702 - root - INFO - ********************************************************************************
2021-12-15 13:59:15,703 - root - INFO - ****************回滚云组件快照接口开始****************
2021-12-15 13:59:15,703 - root - INFO - *******测试案例名称： TestCase001_回滚云组件快照-缺少token 执行开始********
2021-12-15 13:59:15,704 - root - INFO - *******测试数据： {}
2021-12-15 13:59:15,742 - root - INFO - *******返回数据： {'code': 1005, 'message': '缺少认证信息', 'data': None, 'level': 3}
2021-12-15 13:59:15,742 - root - INFO - *******测试案例名称： TestCase001_回滚云组件快照-缺少token 执行完毕********
2021-12-15 13:59:15,742 - root - INFO - ****************回滚云组件快照接口结束****************
2021-12-15 13:59:15,743 - root - INFO - ********************************************************************************
2021-12-15 13:59:15,745 - root - INFO - ********************************************************************************
2021-12-15 13:59:15,746 - root - INFO - ****************回滚云组件快照接口开始****************
2021-12-15 13:59:15,746 - root - INFO - *******测试案例名称： TestCase002_回滚云组件快照-snapshot_name为空 执行开始********
2021-12-15 13:59:15,747 - root - INFO - *******测试数据： {'project_id': '577d21c9411744a4b619c8966f69ec18', 'volumes_name': ['5c9380cd-7948-44d2-ba40-559a07535cb9'], 'snapshot_name': ''}
2021-12-15 13:59:15,795 - root - INFO - *******返回数据： {'code': 1, 'message': '服务异常', 'data': None, 'level': 1}
2021-12-15 13:59:15,796 - root - INFO - ********************************************************************************
2021-12-15 13:59:15,877 - root - INFO - ********************************************************************************
2021-12-15 13:59:15,877 - root - INFO - ****************回滚云组件快照接口开始****************
2021-12-15 13:59:15,878 - root - INFO - *******测试案例名称： TestCase003_回滚云组件快照-volume_name为空 执行开始********
2021-12-15 13:59:15,878 - root - INFO - *******测试数据： {'project_id': '577d21c9411744a4b619c8966f69ec18', 'volumes_name': [], 'snapshot_name': 'SysAndPartDiskSnap'}
2021-12-15 13:59:15,929 - root - INFO - *******返回数据： {'code': 1, 'message': '服务异常', 'data': None, 'level': 1}
2021-12-15 13:59:15,930 - root - INFO - ********************************************************************************
2021-12-15 13:59:15,964 - root - INFO - ********************************************************************************
2021-12-15 13:59:15,965 - root - INFO - ****************回滚云组件快照接口开始****************
2021-12-15 13:59:15,965 - root - INFO - *******测试案例名称： TestCase004_回滚云组件快照-project_id为空 执行开始********
2021-12-15 13:59:15,965 - root - INFO - *******测试数据： {'project_id': '', 'volumes_name': [], 'snapshot_name': 'SysAndPartDiskSnap'}
2021-12-15 13:59:16,006 - root - INFO - *******返回数据： {'code': 1, 'message': '服务异常', 'data': None, 'level': 1}
2021-12-15 13:59:16,007 - root - INFO - ********************************************************************************
2021-12-15 13:59:16,041 - root - INFO - ********************************************************************************
2021-12-15 13:59:16,041 - root - INFO - ****************回滚云组件快照接口开始****************
2021-12-15 13:59:16,042 - root - INFO - *******测试案例名称： TestCase005_回滚云组件快照-成功 执行开始********
2021-12-15 13:59:16,042 - root - INFO - *******测试数据： {'project_id': '577d21c9411744a4b619c8966f69ec18', 'volumes_name': ['ins-ce959498ce2e492cb2d5c66afdc7dc5e', '15a852f9-fd10-4242-8fff-eaaf347203f8', '49e3679d-b6c3-421c-9953-424979524f35'], 'snapshot_name': 'snap4LC_85'}
2021-12-15 13:59:16,083 - root - INFO - *******返回数据： {'code': 1, 'message': '服务异常', 'data': None, 'level': 1}
2021-12-15 13:59:16,084 - root - INFO - ********************************************************************************
2021-12-15 13:59:16,158 - root - INFO - **********************************************完成teardown class，退出登录**********************************************
