2021-12-08 11:27:02,689 - root - INFO - **********************************************开始setupClass，进行登录**********************************************
2021-12-08 11:27:09,822 - root - INFO - the sql is : select id from disk where store_type=0 and pool_id=%s order by create_time desc limit 1;
2021-12-08 11:27:09,823 - root - INFO - the params is : ddac080c671b473e885714538fd1ed6e
2021-12-08 11:27:09,825 - root - INFO - the result data is :{'id': '503506b0-e278-4cca-8c1b-e62c685fe2fd'}
2021-12-08 11:27:09,827 - root - INFO - ********************************************************************************
2021-12-08 11:27:09,827 - root - INFO - ****************创建数据盘快照接口开始****************
2021-12-08 11:27:09,828 - root - INFO - *******测试案例名称： TestCase001_新建快照-缺少token 执行开始********
2021-12-08 11:27:09,829 - root - INFO - *******测试数据： {}
2021-12-08 11:27:09,838 - root - INFO - *******返回数据： {'code': 1005, 'message': '缺少认证信息', 'data': None, 'level': 3}
2021-12-08 11:27:09,838 - root - INFO - *******测试案例名称： TestCase001_新建快照-缺少token 执行完毕********
2021-12-08 11:27:09,840 - root - INFO - ****************创建数据盘快照接口结束****************
2021-12-08 11:27:09,840 - root - INFO - ********************************************************************************
2021-12-08 11:27:09,842 - root - INFO - ********************************************************************************
2021-12-08 11:27:09,843 - root - INFO - ****************创建数据盘快照接口开始****************
2021-12-08 11:27:09,843 - root - INFO - *******测试案例名称： TestCase002_新建快照-name为空 执行开始********
2021-12-08 11:27:09,843 - root - INFO - *******测试数据： {'name': '', 'description': '', 'volume': 'deb69c4a-c212-4d3d-9aeb-806f9941e1b3'}
2021-12-08 11:27:09,874 - root - INFO - *******返回数据： {'code': 1001, 'message': {'name': ['该字段不能为空。']}, 'data': None}
2021-12-08 11:27:09,874 - root - INFO - ********************************************************************************
2021-12-08 11:27:09,969 - root - INFO - ********************************************************************************
2021-12-08 11:27:09,969 - root - INFO - ****************创建数据盘快照接口开始****************
2021-12-08 11:27:09,970 - root - INFO - *******测试案例名称： TestCase003_新建快照-volume为空 执行开始********
2021-12-08 11:27:09,970 - root - INFO - *******测试数据： {'name': '', 'description': '', 'volume': 'deb69c4a-c212-4d3d-9aeb-806f9941e1b3'}
2021-12-08 11:27:10,015 - root - INFO - *******返回数据： {'code': 1001, 'message': {'name': ['该字段不能为空。']}, 'data': None}
2021-12-08 11:27:10,016 - root - INFO - ********************************************************************************
2021-12-08 11:27:10,049 - root - INFO - ********************************************************************************
2021-12-08 11:27:10,050 - root - INFO - ****************创建数据盘快照接口开始****************
2021-12-08 11:27:10,050 - root - INFO - *******测试案例名称： TestCase004_新建快照-Des为空 执行开始********
2021-12-08 11:27:10,050 - root - INFO - *******测试数据： {'name': '', 'description': '', 'volume': 'deb69c4a-c212-4d3d-9aeb-806f9941e1b3'}
2021-12-08 11:27:10,076 - root - INFO - *******返回数据： {'code': 1001, 'message': {'name': ['该字段不能为空。']}, 'data': None}
2021-12-08 11:27:10,076 - root - INFO - ********************************************************************************
2021-12-08 11:27:10,121 - root - INFO - ********************************************************************************
2021-12-08 11:27:10,122 - root - INFO - ****************创建数据盘快照接口开始****************
2021-12-08 11:27:10,122 - root - INFO - *******测试案例名称： TestCase005_新建快照-name>32 执行开始********
2021-12-08 11:27:10,123 - root - INFO - *******测试数据： {'name': 'YYDSnapNameOver32CharsYYDSnapNameOver32CharsYYDSnapNameOver32Chars', 'description': '', 'volume': 'deb69c4a-c212-4d3d-9aeb-806f9941e1b3'}
2021-12-08 11:27:10,151 - root - INFO - *******返回数据： {'code': 1001, 'message': {'name': ['请确保这个字段不能超过 32 个字符。']}, 'data': None}
2021-12-08 11:27:10,151 - root - INFO - ********************************************************************************
2021-12-08 11:27:10,184 - root - INFO - ********************************************************************************
2021-12-08 11:27:10,185 - root - INFO - ****************创建数据盘快照接口开始****************
2021-12-08 11:27:10,185 - root - INFO - *******测试案例名称： TestCase006_新建快照-name为特殊字符 执行开始********
2021-12-08 11:27:10,186 - root - INFO - *******测试数据： {'name': 'SpeCharforSnap……&*&s', 'description': '', 'volume': 'deb69c4a-c212-4d3d-9aeb-806f9941e1b3'}
2021-12-08 11:27:10,211 - root - INFO - *******返回数据： {'code': 214020, 'message': '快照名称只能输入数字、字母、-、_, 只允许以英文开头', 'data': None, 'level': 3}
2021-12-08 11:27:10,212 - root - INFO - *******测试案例名称： TestCase006_新建快照-name为特殊字符 执行完毕********
2021-12-08 11:27:10,212 - root - INFO - ****************创建数据盘快照接口结束****************
2021-12-08 11:27:10,212 - root - INFO - ********************************************************************************
2021-12-08 11:27:10,215 - root - INFO - ********************************************************************************
2021-12-08 11:27:10,215 - root - INFO - ****************创建数据盘快照接口开始****************
2021-12-08 11:27:10,216 - root - INFO - *******测试案例名称： TestCase007_新建快照-name为中文 执行开始********
2021-12-08 11:27:10,216 - root - INFO - *******测试数据： {'name': 'SpeCharforSnap……&*&s', 'description': '', 'volume': 'deb69c4a-c212-4d3d-9aeb-806f9941e1b3'}
2021-12-08 11:27:10,243 - root - INFO - *******返回数据： {'code': 214020, 'message': '快照名称只能输入数字、字母、-、_, 只允许以英文开头', 'data': None, 'level': 3}
2021-12-08 11:27:10,243 - root - INFO - *******测试案例名称： TestCase007_新建快照-name为中文 执行完毕********
2021-12-08 11:27:10,243 - root - INFO - ****************创建数据盘快照接口结束****************
2021-12-08 11:27:10,243 - root - INFO - ********************************************************************************
2021-12-08 11:27:10,246 - root - INFO - ********************************************************************************
2021-12-08 11:27:10,246 - root - INFO - ****************创建数据盘快照接口开始****************
2021-12-08 11:27:10,247 - root - INFO - *******测试案例名称： TestCase008_新建快照-name以数字开头 执行开始********
2021-12-08 11:27:10,247 - root - INFO - *******测试数据： {'name': '1234567890a', 'description': '', 'volume': 'deb69c4a-c212-4d3d-9aeb-806f9941e1b3'}
2021-12-08 11:27:10,273 - root - INFO - *******返回数据： {'code': 214020, 'message': '快照名称只能输入数字、字母、-、_, 只允许以英文开头', 'data': None, 'level': 3}
2021-12-08 11:27:10,274 - root - INFO - *******测试案例名称： TestCase008_新建快照-name以数字开头 执行完毕********
2021-12-08 11:27:10,274 - root - INFO - ****************创建数据盘快照接口结束****************
2021-12-08 11:27:10,275 - root - INFO - ********************************************************************************
2021-12-08 11:27:10,277 - root - INFO - ********************************************************************************
2021-12-08 11:27:10,277 - root - INFO - ****************创建数据盘快照接口开始****************
2021-12-08 11:27:10,278 - root - INFO - *******测试案例名称： TestCase009_新建快照-name以下划线_开头 执行开始********
2021-12-08 11:27:10,278 - root - INFO - *******测试数据： {'name': '_1234567890a', 'description': '', 'volume': 'deb69c4a-c212-4d3d-9aeb-806f9941e1b3'}
2021-12-08 11:27:10,303 - root - INFO - *******返回数据： {'code': 214020, 'message': '快照名称只能输入数字、字母、-、_, 只允许以英文开头', 'data': None, 'level': 3}
2021-12-08 11:27:10,303 - root - INFO - *******测试案例名称： TestCase009_新建快照-name以下划线_开头 执行完毕********
2021-12-08 11:27:10,303 - root - INFO - ****************创建数据盘快照接口结束****************
2021-12-08 11:27:10,304 - root - INFO - ********************************************************************************
2021-12-08 11:27:10,306 - root - INFO - ********************************************************************************
2021-12-08 11:27:10,307 - root - INFO - ****************创建数据盘快照接口开始****************
2021-12-08 11:27:10,307 - root - INFO - *******测试案例名称： TestCase010_新建快照-name以短横线-开头 执行开始********
2021-12-08 11:27:10,307 - root - INFO - *******测试数据： {'name': '-1234567890a', 'description': '', 'volume': 'deb69c4a-c212-4d3d-9aeb-806f9941e1b3'}
2021-12-08 11:27:10,333 - root - INFO - *******返回数据： {'code': 214020, 'message': '快照名称只能输入数字、字母、-、_, 只允许以英文开头', 'data': None, 'level': 3}
2021-12-08 11:27:10,334 - root - INFO - *******测试案例名称： TestCase010_新建快照-name以短横线-开头 执行完毕********
2021-12-08 11:27:10,334 - root - INFO - ****************创建数据盘快照接口结束****************
2021-12-08 11:27:10,335 - root - INFO - ********************************************************************************
2021-12-08 11:27:10,337 - root - INFO - ********************************************************************************
2021-12-08 11:27:10,337 - root - INFO - ****************创建数据盘快照接口开始****************
2021-12-08 11:27:10,338 - root - INFO - *******测试案例名称： TestCase011_新建快照-Des>100 执行开始********
2021-12-08 11:27:10,338 - root - INFO - *******测试数据： {'name': '-1234567890a', 'description': '', 'volume': 'DesOver100CharDesOver100CharDesOver100CharDesOver100CharDesOver100CharDesOver100CharDesOver100CharDesOver100CharDesOver100Char'}
2021-12-08 11:27:10,367 - root - INFO - *******返回数据： {'code': 1001, 'message': {'volume': ['Must be a valid UUID.']}, 'data': None}
2021-12-08 11:27:10,367 - root - INFO - ********************************************************************************
2021-12-08 11:27:10,400 - root - INFO - ********************************************************************************
2021-12-08 11:27:10,400 - root - INFO - ****************创建数据盘快照接口开始****************
2021-12-08 11:27:10,401 - root - INFO - *******测试案例名称： TestCase012_新建快照-name=32_Des=100 执行开始********
2021-12-08 11:27:10,401 - root - INFO - *******测试数据： {'name': 'aaaaabbbbbcccccdddddeeeeefffff23', 'description': '', 'volume': 'DesIs100CharsDesIs100CharsDesIs100CharsDesIs100CharsDesIs100CharsDesIs100CharsDesIs100Chars100Des100'}
2021-12-08 11:27:10,433 - root - INFO - *******返回数据： {'code': 1001, 'message': {'volume': ['Must be a valid UUID.']}, 'data': None}
2021-12-08 11:27:10,434 - root - INFO - ********************************************************************************
2021-12-08 11:27:10,468 - root - INFO - ********************************************************************************
2021-12-08 11:27:10,468 - root - INFO - ****************创建数据盘快照接口开始****************
2021-12-08 11:27:10,468 - root - INFO - *******测试案例名称： TestCase013_新建快照-重名快照_name=32_Des=100 执行开始********
2021-12-08 11:27:10,469 - root - INFO - *******测试数据： {'name': 'aaaaabbbbbcccccdddddeeeeefffff23', 'description': '', 'volume': 'DesIs100CharsDesIs100CharsDesIs100CharsDesIs100CharsDesIs100CharsDesIs100CharsDesIs100Chars100Des100'}
2021-12-08 11:27:10,494 - root - INFO - *******返回数据： {'code': 1001, 'message': {'volume': ['Must be a valid UUID.']}, 'data': None}
2021-12-08 11:27:10,495 - root - INFO - ********************************************************************************
2021-12-08 11:27:10,946 - root - INFO - **********************************************完成teardown class，退出登录**********************************************
