2021-12-22 17:21:04,504 - root - INFO - **********************************************开始setupClass，进行登录**********************************************
2021-12-22 17:21:11,098 - root - INFO - the sql is : select d.id as diskId, d.name as diskName, d.size as diskSize, d.status as diskStatus,             i.id as vmId, i.name as vmName, i.status as vmStatus, p.id as projectId, p.name as projectName              from  disk d LEFT JOIN cloud_instance i on i.project_id=d.pool_id INNER JOIN cloud_pool p on p.id=d.pool_id           where i.status in (1,3) and d.store_type=0 and d.status=1 ORDER BY d.create_time desc limit 1;
2021-12-22 17:21:11,099 - root - INFO - the params is : ()
2021-12-22 17:21:11,103 - root - INFO - the result data is :{'diskId': 'cb9de1fe-a44a-41fc-800e-bbb50d39a17e', 'diskName': 'CloudDisk4CI', 'diskSize': 1024, 'diskStatus': 1, 'vmId': 'ins-7dbf6f4acabb4a8d9091e32994355f68', 'vmName': 'LC1', 'vmStatus': 1, 'projectId': '3adfec2c1f044e98a41e6c3649651dc8', 'projectName': 'LeonaTestPool1220'}
2021-12-22 17:21:11,104 - root - INFO - ********************************************************************************
2021-12-22 17:21:11,104 - root - INFO - ****************加载数据盘列表接口开始****************
2021-12-22 17:21:11,105 - root - INFO - *******测试案例名称： TestCase001_加载数据盘-volume为空 执行开始********
2021-12-22 17:21:11,105 - root - INFO - *******测试数据： {'volume': '', 'action': 'attach', 'path': '', 'instance': ['ins-7dbf6f4acabb4a8d9091e32994355f68'], 'project_id': '3adfec2c1f044e98a41e6c3649651dc8', 'project_name': 'LeonaTestPool1220'}
2021-12-22 17:21:11,126 - root - INFO - *******返回数据： {'code': 1001, 'message': '请求参数错误', 'data': None, 'level': 2}
2021-12-22 17:21:11,127 - root - INFO - *******测试案例名称： TestCase001_加载数据盘-volume为空 执行完毕********
2021-12-22 17:21:11,127 - root - INFO - ****************加载数据盘列表接口结束****************
2021-12-22 17:21:16,137 - root - INFO - ********************************************************************************
2021-12-22 17:21:16,140 - root - INFO - ********************************************************************************
2021-12-22 17:21:16,141 - root - INFO - ****************加载数据盘列表接口开始****************
2021-12-22 17:21:16,141 - root - INFO - *******测试案例名称： TestCase002_加载数据盘-Path为空 执行开始********
2021-12-22 17:21:16,141 - root - INFO - *******测试数据： {'volume': 'c7735672-0232-42a2-9838-bb0e8cfe4a7b', 'action': 'attach', 'path': '', 'instance': ['ins-7dbf6f4acabb4a8d9091e32994355f68'], 'project_id': '3adfec2c1f044e98a41e6c3649651dc8', 'project_name': 'LeonaTestPool1220'}
2021-12-22 17:21:16,351 - root - INFO - *******返回数据： {'code': 1001, 'message': '请求参数错误', 'data': None, 'level': 2}
2021-12-22 17:21:16,351 - root - INFO - *******测试案例名称： TestCase002_加载数据盘-Path为空 执行完毕********
2021-12-22 17:21:16,351 - root - INFO - ****************加载数据盘列表接口结束****************
2021-12-22 17:21:21,366 - root - INFO - ********************************************************************************
2021-12-22 17:21:21,369 - root - INFO - ********************************************************************************
2021-12-22 17:21:21,369 - root - INFO - ****************加载数据盘列表接口开始****************
2021-12-22 17:21:21,369 - root - INFO - *******测试案例名称： TestCase003_加载数据盘-Path为特殊字符 执行开始********
2021-12-22 17:21:21,370 - root - INFO - *******测试数据： {'volume': 'c7735672-0232-42a2-9838-bb0e8cfe4a7b', 'action': 'attach', 'path': '/mnt/￥%……￥%……', 'instance': ['ins-7dbf6f4acabb4a8d9091e32994355f68'], 'project_id': '3adfec2c1f044e98a41e6c3649651dc8', 'project_name': 'LeonaTestPool1220'}
2021-12-22 17:21:21,589 - root - INFO - *******返回数据： {'code': 214017, 'message': '云硬盘挂载路径不合法', 'data': None, 'level': 3}
2021-12-22 17:21:21,590 - root - INFO - *******测试案例名称： TestCase003_加载数据盘-Path为特殊字符 执行完毕********
2021-12-22 17:21:21,590 - root - INFO - ****************加载数据盘列表接口结束****************
2021-12-22 17:21:26,599 - root - INFO - ********************************************************************************
2021-12-22 17:21:26,602 - root - INFO - ********************************************************************************
2021-12-22 17:21:26,602 - root - INFO - ****************加载数据盘列表接口开始****************
2021-12-22 17:21:26,602 - root - INFO - *******测试案例名称： TestCase003_加载数据盘-Volume不存在 执行开始********
2021-12-22 17:21:26,603 - root - INFO - *******测试数据： {'volume': 'c1111111-1111-1111-1111-111111111111', 'action': 'attach', 'path': '/mnt/￥%……￥%……', 'instance': ['ins-7dbf6f4acabb4a8d9091e32994355f68'], 'project_id': '3adfec2c1f044e98a41e6c3649651dc8', 'project_name': 'LeonaTestPool1220'}
2021-12-22 17:21:26,627 - root - INFO - *******返回数据： {'code': 1, 'message': '服务异常', 'data': None, 'level': 1}
2021-12-22 17:21:26,628 - root - INFO - ********************************************************************************
2021-12-22 17:21:26,707 - root - INFO - ********************************************************************************
2021-12-22 17:21:26,708 - root - INFO - ****************加载数据盘列表接口开始****************
2021-12-22 17:21:26,708 - root - INFO - *******测试案例名称： TestCase004_加载数据盘-Path>128 执行开始********
2021-12-22 17:21:26,708 - root - INFO - *******测试数据： {'volume': 'c7735672-0232-42a2-9838-bb0e8cfe4a7b', 'action': 'attach', 'path': '/mnt/test1/test2/test3/test4/test5/test6/test7/test8/test9/test10/test11/test12/test13/test13/test14/test15/test16/test17/test18/test19', 'instance': ['ins-7dbf6f4acabb4a8d9091e32994355f68'], 'project_id': '3adfec2c1f044e98a41e6c3649651dc8', 'project_name': 'LeonaTestPool1220'}
2021-12-22 17:21:26,909 - root - INFO - *******返回数据： {'code': 214026, 'message': '云硬盘挂载路径过长', 'data': None, 'level': 3}
2021-12-22 17:21:26,909 - root - INFO - *******测试案例名称： TestCase004_加载数据盘-Path>128 执行完毕********
2021-12-22 17:21:26,909 - root - INFO - ****************加载数据盘列表接口结束****************
2021-12-22 17:21:31,917 - root - INFO - ********************************************************************************
2021-12-22 17:21:31,920 - root - INFO - ********************************************************************************
2021-12-22 17:21:31,921 - root - INFO - ****************加载数据盘列表接口开始****************
2021-12-22 17:21:31,921 - root - INFO - *******测试案例名称： TestCase005_加载数据盘-Path=128 执行开始********
2021-12-22 17:21:31,921 - root - INFO - *******测试数据： {'volume': 'c7735672-0232-42a2-9838-bb0e8cfe4a7b', 'action': 'attach', 'path': '/mnt/test1/test2/test3/test4/test5/test6/test7/test8/test9/test10/test11/test12/test13/test13/test14/test15/test16/test17/test18/AAA', 'instance': ['ins-7dbf6f4acabb4a8d9091e32994355f68'], 'project_id': '3adfec2c1f044e98a41e6c3649651dc8', 'project_name': 'LeonaTestPool1220'}
2021-12-22 17:21:32,323 - root - INFO - *******返回数据： {'code': 0, 'message': 'success', 'data': None}
2021-12-22 17:21:32,324 - root - INFO - *******测试案例名称： TestCase005_加载数据盘-Path=128 执行完毕********
2021-12-22 17:21:32,324 - root - INFO - ****************加载数据盘列表接口结束****************
2021-12-22 17:21:37,339 - root - INFO - ********************************************************************************
2021-12-22 17:21:37,342 - root - INFO - ********************************************************************************
2021-12-22 17:21:37,343 - root - INFO - ****************加载数据盘列表接口开始****************
2021-12-22 17:21:37,343 - root - INFO - *******测试案例名称： TestCase006_加载数据盘-同一路径重复加载-Path=128 执行开始********
2021-12-22 17:21:37,343 - root - INFO - *******测试数据： {'volume': 'c7735672-0232-42a2-9838-bb0e8cfe4a7b', 'action': 'attach', 'path': '/mnt/test1/test2/test3/test4/test5/test6/test7/test8/test9/test10/test11/test12/test13/test13/test14/test15/test16/test17/test18/AAA', 'instance': ['ins-7dbf6f4acabb4a8d9091e32994355f68'], 'project_id': '3adfec2c1f044e98a41e6c3649651dc8', 'project_name': 'LeonaTestPool1220'}
2021-12-22 17:21:37,504 - root - INFO - *******返回数据： {'code': 214001, 'message': '云硬盘已加载', 'data': None, 'level': 3}
2021-12-22 17:21:37,504 - root - INFO - ********************************************************************************
2021-12-22 17:21:37,536 - root - INFO - ********************************************************************************
2021-12-22 17:21:37,537 - root - INFO - ****************加载数据盘列表接口开始****************
2021-12-22 17:21:37,537 - root - INFO - *******测试案例名称： TestCase007_加载数据盘-缺少token 执行开始********
2021-12-22 17:21:37,537 - root - INFO - *******测试数据： {'instance': ['ins-7dbf6f4acabb4a8d9091e32994355f68'], 'project_id': '3adfec2c1f044e98a41e6c3649651dc8', 'project_name': 'LeonaTestPool1220'}
2021-12-22 17:21:37,545 - root - INFO - *******返回数据： {'code': 1005, 'message': '缺少认证信息', 'data': None, 'level': 3}
2021-12-22 17:21:37,546 - root - INFO - *******测试案例名称： TestCase007_加载数据盘-缺少token 执行完毕********
2021-12-22 17:21:37,546 - root - INFO - ****************加载数据盘列表接口结束****************
2021-12-22 17:21:42,556 - root - INFO - ********************************************************************************
2021-12-22 17:21:43,609 - root - INFO - **********************************************完成teardown class，退出登录**********************************************
