2021-12-07 09:41:03,392 - root - INFO - **********************************************开始setupClass，进行登录**********************************************
2021-12-07 09:41:03,703 - root - INFO - ********************************************************************************
2021-12-07 09:41:03,704 - root - INFO - ****************获取存储流量监控接口开始****************
2021-12-07 09:41:03,704 - root - INFO - *******测试案例名称： TestCase001_查看存储流量监控信息 执行开始********
2021-12-07 09:41:03,705 - root - INFO - *******测试数据： {'start_time': 1638497102849, 'end_time': 1638498902849}
2021-12-07 09:41:03,713 - root - INFO - the sql is : select id,name,storage_limit from cloud_pool WHERE type=1 order by create_time desc limit 1;
2021-12-07 09:41:03,717 - root - INFO - the params is : ()
2021-12-07 09:41:03,720 - root - INFO - the result data is :{'id': '461d48b474aa49edb563cf45ee769639', 'name': 'shepg_test', 'storage_limit': 10}
2021-12-07 09:41:03,768 - root - INFO - *******返回数据： {'code': 0, 'message': 'success', 'data': []}
2021-12-07 09:41:03,769 - root - INFO - *******测试案例名称： TestCase001_查看存储流量监控信息 执行完毕********
2021-12-07 09:41:03,769 - root - INFO - ****************获取存储流量监控接口结束****************
2021-12-07 09:41:03,770 - root - INFO - ********************************************************************************
2021-12-07 09:41:03,774 - root - INFO - ********************************************************************************
2021-12-07 09:41:03,775 - root - INFO - ****************获取存储流量监控接口开始****************
2021-12-07 09:41:03,775 - root - INFO - *******测试案例名称： TestCase002_查看存储流量监控信息-缺少token 执行开始********
2021-12-07 09:41:03,776 - root - INFO - *******测试数据： {}
2021-12-07 09:41:03,781 - root - INFO - the sql is : select id,name,storage_limit from cloud_pool WHERE type=1 order by create_time desc limit 1;
2021-12-07 09:41:03,782 - root - INFO - the params is : ()
2021-12-07 09:41:03,785 - root - INFO - the result data is :{'id': '461d48b474aa49edb563cf45ee769639', 'name': 'shepg_test', 'storage_limit': 10}
2021-12-07 09:41:03,785 - root - INFO - ********************************************************************************
2021-12-07 09:41:03,879 - root - INFO - **********************************************完成teardown class，退出登录**********************************************
