2021-12-07 17:07:33,254 - root - INFO - **********************************************开始setupClass，进行登录**********************************************
2021-12-07 17:07:39,726 - root - INFO - the sql is : select d.id as diskId, d.name as diskName, d.size as diskSize, d.status as diskStatus,             i.id as vmId, i.name as vmName, i.status as vmStatus, p.id as projectId, p.name as projectName              from  disk d LEFT JOIN cloud_instance i on i.project_id=d.pool_id INNER JOIN cloud_pool p on p.id=d.pool_id           where i.status in (1,3) and d.store_type=0 and d.status=1 ORDER BY d.create_time desc limit 1;
2021-12-07 17:07:39,727 - root - INFO - the params is : ()
2021-12-07 17:07:39,731 - root - INFO - the result data is :{'diskId': '37e753ad-c74c-440d-bcb3-6ba21141231f', 'diskName': 'CloudDisk4CI', 'diskSize': 1024, 'diskStatus': 1, 'vmId': 'ins-4b28fa544833425ebcff74ad3c1fb618', 'vmName': 'LC1', 'vmStatus': 1, 'projectId': 'ddac080c671b473e885714538fd1ed6e', 'projectName': 'LeonaTestPool1125'}
2021-12-07 17:07:39,732 - root - INFO - ********************************************************************************
2021-12-07 17:07:39,733 - root - INFO - ****************加载数据盘列表接口开始****************
2021-12-07 17:07:39,733 - root - INFO - *******测试案例名称： TestCase001_加载数据盘-volume为空 执行开始********
2021-12-07 17:07:39,734 - root - INFO - *******测试数据： {'volume': '', 'action': 'attach', 'path': '', 'instance': ['ins-4b28fa544833425ebcff74ad3c1fb618'], 'project_id': 'ddac080c671b473e885714538fd1ed6e', 'project_name': 'LeonaTestPool1125'}
2021-12-07 17:07:39,758 - root - INFO - *******返回数据： {'code': 1001, 'message': '请求参数错误', 'data': None, 'level': 2}
2021-12-07 17:07:39,759 - root - INFO - *******测试案例名称： TestCase001_加载数据盘-volume为空 执行完毕********
2021-12-07 17:07:39,759 - root - INFO - ****************加载数据盘列表接口结束****************
2021-12-07 17:07:39,760 - root - INFO - ********************************************************************************
2021-12-07 17:07:39,762 - root - INFO - ********************************************************************************
2021-12-07 17:07:39,763 - root - INFO - ****************加载数据盘列表接口开始****************
2021-12-07 17:07:39,763 - root - INFO - *******测试案例名称： TestCase002_加载数据盘-Path为空 执行开始********
2021-12-07 17:07:39,764 - root - INFO - *******测试数据： {'volume': 'c7735672-0232-42a2-9838-bb0e8cfe4a7b', 'action': 'attach', 'path': '', 'instance': ['ins-4b28fa544833425ebcff74ad3c1fb618'], 'project_id': 'ddac080c671b473e885714538fd1ed6e', 'project_name': 'LeonaTestPool1125'}
2021-12-07 17:07:39,993 - root - INFO - *******返回数据： {'code': 1001, 'message': '请求参数错误', 'data': None, 'level': 2}
2021-12-07 17:07:39,994 - root - INFO - *******测试案例名称： TestCase002_加载数据盘-Path为空 执行完毕********
2021-12-07 17:07:39,994 - root - INFO - ****************加载数据盘列表接口结束****************
2021-12-07 17:07:39,995 - root - INFO - ********************************************************************************
2021-12-07 17:07:39,997 - root - INFO - ********************************************************************************
2021-12-07 17:07:39,998 - root - INFO - ****************加载数据盘列表接口开始****************
2021-12-07 17:07:39,998 - root - INFO - *******测试案例名称： TestCase003_加载数据盘-Path为特殊字符 执行开始********
2021-12-07 17:07:40,017 - root - INFO - *******测试数据： {'volume': 'c7735672-0232-42a2-9838-bb0e8cfe4a7b', 'action': 'attach', 'path': '/mnt/￥%……￥%……', 'instance': ['ins-4b28fa544833425ebcff74ad3c1fb618'], 'project_id': 'ddac080c671b473e885714538fd1ed6e', 'project_name': 'LeonaTestPool1125'}
2021-12-07 17:07:40,199 - root - INFO - *******返回数据： {'code': 214017, 'message': '云硬盘挂载路径不合法', 'data': None, 'level': 3}
2021-12-07 17:07:40,200 - root - INFO - *******测试案例名称： TestCase003_加载数据盘-Path为特殊字符 执行完毕********
2021-12-07 17:07:40,200 - root - INFO - ****************加载数据盘列表接口结束****************
2021-12-07 17:07:40,201 - root - INFO - ********************************************************************************
2021-12-07 17:07:40,203 - root - INFO - ********************************************************************************
2021-12-07 17:07:40,204 - root - INFO - ****************加载数据盘列表接口开始****************
2021-12-07 17:07:40,204 - root - INFO - *******测试案例名称： TestCase003_加载数据盘-Volume不存在 执行开始********
2021-12-07 17:07:40,205 - root - INFO - *******测试数据： {'volume': 'c1111111-1111-1111-1111-111111111111', 'action': 'attach', 'path': '/mnt/￥%……￥%……', 'instance': ['ins-4b28fa544833425ebcff74ad3c1fb618'], 'project_id': 'ddac080c671b473e885714538fd1ed6e', 'project_name': 'LeonaTestPool1125'}
2021-12-07 17:07:40,240 - root - INFO - *******返回数据： {'code': 1, 'message': '服务异常', 'data': None, 'level': 1}
2021-12-07 17:07:40,241 - root - INFO - ********************************************************************************
2021-12-07 17:07:40,322 - root - INFO - ********************************************************************************
2021-12-07 17:07:40,322 - root - INFO - ****************加载数据盘列表接口开始****************
2021-12-07 17:07:40,323 - root - INFO - *******测试案例名称： TestCase004_加载数据盘-Path>128 执行开始********
2021-12-07 17:07:40,323 - root - INFO - *******测试数据： {'volume': 'c7735672-0232-42a2-9838-bb0e8cfe4a7b', 'action': 'attach', 'path': '/mnt/test1/test2/test3/test4/test5/test6/test7/test8/test9/test10/test11/test12/test13/test13/test14/test15/test16/test17/test18/test19', 'instance': ['ins-4b28fa544833425ebcff74ad3c1fb618'], 'project_id': 'ddac080c671b473e885714538fd1ed6e', 'project_name': 'LeonaTestPool1125'}
2021-12-07 17:07:40,538 - root - INFO - *******返回数据： {'code': 214026, 'message': '云硬盘挂载路径过长', 'data': None, 'level': 3}
2021-12-07 17:07:40,538 - root - INFO - *******测试案例名称： TestCase004_加载数据盘-Path>128 执行完毕********
2021-12-07 17:07:40,538 - root - INFO - ****************加载数据盘列表接口结束****************
2021-12-07 17:07:40,539 - root - INFO - ********************************************************************************
2021-12-07 17:07:40,541 - root - INFO - ********************************************************************************
2021-12-07 17:07:40,542 - root - INFO - ****************加载数据盘列表接口开始****************
2021-12-07 17:07:40,542 - root - INFO - *******测试案例名称： TestCase005_加载数据盘-Path=128 执行开始********
2021-12-07 17:07:40,543 - root - INFO - *******测试数据： {'volume': 'c7735672-0232-42a2-9838-bb0e8cfe4a7b', 'action': 'attach', 'path': '/mnt/test1/test2/test3/test4/test5/test6/test7/test8/test9/test10/test11/test12/test13/test13/test14/test15/test16/test17/test18/hhh', 'instance': ['ins-4b28fa544833425ebcff74ad3c1fb618'], 'project_id': 'ddac080c671b473e885714538fd1ed6e', 'project_name': 'LeonaTestPool1125'}
2021-12-07 17:07:41,043 - root - INFO - *******返回数据： {'code': 0, 'message': 'success', 'data': None}
2021-12-07 17:07:41,043 - root - INFO - *******测试案例名称： TestCase005_加载数据盘-Path=128 执行完毕********
2021-12-07 17:07:41,043 - root - INFO - ****************加载数据盘列表接口结束****************
2021-12-07 17:07:41,044 - root - INFO - ********************************************************************************
2021-12-07 17:07:41,046 - root - INFO - ********************************************************************************
2021-12-07 17:07:41,047 - root - INFO - ****************加载数据盘列表接口开始****************
2021-12-07 17:07:41,047 - root - INFO - *******测试案例名称： TestCase006_加载数据盘-同一路径重复加载-Path=128 执行开始********
2021-12-07 17:07:41,047 - root - INFO - *******测试数据： {'volume': 'c7735672-0232-42a2-9838-bb0e8cfe4a7b', 'action': 'attach', 'path': '/mnt/test1/test2/test3/test4/test5/test6/test7/test8/test9/test10/test11/test12/test13/test13/test14/test15/test16/test17/test18/test19', 'instance': ['ins-4b28fa544833425ebcff74ad3c1fb618'], 'project_id': 'ddac080c671b473e885714538fd1ed6e', 'project_name': 'LeonaTestPool1125'}
2021-12-07 17:07:41,262 - root - INFO - *******返回数据： {'code': 214026, 'message': '云硬盘挂载路径过长', 'data': None, 'level': 3}
2021-12-07 17:07:41,263 - root - INFO - ********************************************************************************
2021-12-07 17:07:41,297 - root - INFO - ********************************************************************************
2021-12-07 17:07:41,297 - root - INFO - ****************加载数据盘列表接口开始****************
2021-12-07 17:07:41,297 - root - INFO - *******测试案例名称： TestCase007_搜索数据盘-缺少token 执行开始********
2021-12-07 17:07:41,298 - root - INFO - *******测试数据： {'instance': ['ins-4b28fa544833425ebcff74ad3c1fb618'], 'project_id': 'ddac080c671b473e885714538fd1ed6e', 'project_name': 'LeonaTestPool1125'}
2021-12-07 17:07:41,307 - root - INFO - *******返回数据： {'code': 1005, 'message': '缺少认证信息', 'data': None, 'level': 3}
2021-12-07 17:07:41,308 - root - INFO - *******测试案例名称： TestCase007_搜索数据盘-缺少token 执行完毕********
2021-12-07 17:07:41,308 - root - INFO - ****************加载数据盘列表接口结束****************
2021-12-07 17:07:41,309 - root - INFO - ********************************************************************************
2021-12-07 17:07:41,333 - root - INFO - **********************************************完成teardown class，退出登录**********************************************
