2021-12-08 13:55:56,532 - root - INFO - **********************************************开始setupClass，进行登录**********************************************
2021-12-08 13:56:03,034 - root - INFO - the sql is : select id from disk where store_type=0 and pool_id=%s order by create_time desc limit 1;
2021-12-08 13:56:03,035 - root - INFO - the params is : ddac080c671b473e885714538fd1ed6e
2021-12-08 13:56:03,036 - root - INFO - the result data is :{'id': '72d271d1-1bc1-4131-8c2e-790019015ede'}
2021-12-08 13:56:03,038 - root - INFO - ********************************************************************************
2021-12-08 13:56:03,038 - root - INFO - ****************创建数据盘快照接口开始****************
2021-12-08 13:56:03,039 - root - INFO - *******测试案例名称： TestCase001_新建快照-缺少token 执行开始********
2021-12-08 13:56:03,039 - root - INFO - *******测试数据： {}
2021-12-08 13:56:03,048 - root - INFO - *******返回数据： {'code': 1005, 'message': '缺少认证信息', 'data': None, 'level': 3}
2021-12-08 13:56:03,049 - root - INFO - *******测试案例名称： TestCase001_新建快照-缺少token 执行完毕********
2021-12-08 13:56:03,051 - root - INFO - ****************创建数据盘快照接口结束****************
2021-12-08 13:56:03,051 - root - INFO - ********************************************************************************
2021-12-08 13:56:03,054 - root - INFO - ********************************************************************************
2021-12-08 13:56:03,054 - root - INFO - ****************创建数据盘快照接口开始****************
2021-12-08 13:56:03,054 - root - INFO - *******测试案例名称： TestCase002_新建快照-name为空 执行开始********
2021-12-08 13:56:03,055 - root - INFO - *******测试数据： {'name': '', 'description': 'SnapNameIsNull', 'volume': 'deb69c4a-c212-4d3d-9aeb-806f9941e1b3'}
2021-12-08 13:56:03,091 - root - INFO - *******返回数据： {'code': 1001, 'message': {'name': ['该字段不能为空。']}, 'data': None}
2021-12-08 13:56:03,091 - root - INFO - ********************************************************************************
2021-12-08 13:56:03,154 - root - INFO - ********************************************************************************
2021-12-08 13:56:03,155 - root - INFO - ****************创建数据盘快照接口开始****************
2021-12-08 13:56:03,155 - root - INFO - *******测试案例名称： TestCase003_新建快照-volume为空 执行开始********
2021-12-08 13:56:03,156 - root - INFO - *******测试数据： {'name': 'testSnap', 'description': 'volumeIsNull', 'volume': ''}
2021-12-08 13:56:03,187 - root - INFO - *******返回数据： {'code': 1001, 'message': {'volume': ['Must be a valid UUID.']}, 'data': None}
2021-12-08 13:56:03,187 - root - INFO - ********************************************************************************
2021-12-08 13:56:03,201 - root - INFO - ********************************************************************************
2021-12-08 13:56:03,201 - root - INFO - ****************创建数据盘快照接口开始****************
2021-12-08 13:56:03,202 - root - INFO - *******测试案例名称： TestCase004_新建快照-Des为空 执行开始********
2021-12-08 13:56:03,202 - root - INFO - *******测试数据： {'name': 'SnapDesIsNull', 'description': '', 'volume': 'deb69c4a-c212-4d3d-9aeb-806f9941e1b3'}
2021-12-08 13:56:03,597 - root - INFO - *******返回数据： {'code': 0, 'message': 'success', 'data': None}
2021-12-08 13:56:03,597 - root - INFO - *******测试案例名称： TestCase004_新建快照-Des为空 执行完毕********
2021-12-08 13:56:03,597 - root - INFO - ****************创建数据盘快照接口结束****************
2021-12-08 13:56:03,598 - root - INFO - ********************************************************************************
2021-12-08 13:56:03,600 - root - INFO - ********************************************************************************
2021-12-08 13:56:03,601 - root - INFO - ****************创建数据盘快照接口开始****************
2021-12-08 13:56:03,601 - root - INFO - *******测试案例名称： TestCase005_新建快照-name>32 执行开始********
2021-12-08 13:56:03,601 - root - INFO - *******测试数据： {'name': 'YYDSnapNameOver32CharsYYDSnapNameOver32CharsYYDSnapNameOver32Chars', 'description': '新建快照-name>32', 'volume': 'deb69c4a-c212-4d3d-9aeb-806f9941e1b3'}
2021-12-08 13:56:03,639 - root - INFO - *******返回数据： {'code': 1001, 'message': {'name': ['请确保这个字段不能超过 32 个字符。']}, 'data': None}
2021-12-08 13:56:03,640 - root - INFO - ********************************************************************************
2021-12-08 13:56:03,659 - root - INFO - ********************************************************************************
2021-12-08 13:56:03,660 - root - INFO - ****************创建数据盘快照接口开始****************
2021-12-08 13:56:03,660 - root - INFO - *******测试案例名称： TestCase006_新建快照-name为特殊字符 执行开始********
2021-12-08 13:56:03,661 - root - INFO - *******测试数据： {'name': 'SpeCharforSnap……&*&s', 'description': '新建快照-name为特殊字符', 'volume': 'deb69c4a-c212-4d3d-9aeb-806f9941e1b3'}
2021-12-08 13:56:03,703 - root - INFO - *******返回数据： {'code': 214020, 'message': '快照名称只能输入数字、字母、-、_, 只允许以英文开头', 'data': None, 'level': 3}
2021-12-08 13:56:03,704 - root - INFO - *******测试案例名称： TestCase006_新建快照-name为特殊字符 执行完毕********
2021-12-08 13:56:03,704 - root - INFO - ****************创建数据盘快照接口结束****************
2021-12-08 13:56:03,705 - root - INFO - ********************************************************************************
2021-12-08 13:56:03,707 - root - INFO - ********************************************************************************
2021-12-08 13:56:03,708 - root - INFO - ****************创建数据盘快照接口开始****************
2021-12-08 13:56:03,708 - root - INFO - *******测试案例名称： TestCase007_新建快照-name为中文 执行开始********
2021-12-08 13:56:03,709 - root - INFO - *******测试数据： {'name': 'SpeCharforSnap……&*&s', 'description': '新建快照-name为中文', 'volume': 'deb69c4a-c212-4d3d-9aeb-806f9941e1b3'}
2021-12-08 13:56:03,745 - root - INFO - *******返回数据： {'code': 214020, 'message': '快照名称只能输入数字、字母、-、_, 只允许以英文开头', 'data': None, 'level': 3}
2021-12-08 13:56:03,746 - root - INFO - *******测试案例名称： TestCase007_新建快照-name为中文 执行完毕********
2021-12-08 13:56:03,746 - root - INFO - ****************创建数据盘快照接口结束****************
2021-12-08 13:56:03,747 - root - INFO - ********************************************************************************
2021-12-08 13:56:03,749 - root - INFO - ********************************************************************************
2021-12-08 13:56:03,750 - root - INFO - ****************创建数据盘快照接口开始****************
2021-12-08 13:56:03,750 - root - INFO - *******测试案例名称： TestCase008_新建快照-name以数字开头 执行开始********
2021-12-08 13:56:03,751 - root - INFO - *******测试数据： {'name': '1234567890a', 'description': '新建快照-name以数字开头', 'volume': 'deb69c4a-c212-4d3d-9aeb-806f9941e1b3'}
2021-12-08 13:56:03,780 - root - INFO - *******返回数据： {'code': 214020, 'message': '快照名称只能输入数字、字母、-、_, 只允许以英文开头', 'data': None, 'level': 3}
2021-12-08 13:56:03,780 - root - INFO - *******测试案例名称： TestCase008_新建快照-name以数字开头 执行完毕********
2021-12-08 13:56:03,780 - root - INFO - ****************创建数据盘快照接口结束****************
2021-12-08 13:56:03,780 - root - INFO - ********************************************************************************
2021-12-08 13:56:03,783 - root - INFO - ********************************************************************************
2021-12-08 13:56:03,784 - root - INFO - ****************创建数据盘快照接口开始****************
2021-12-08 13:56:03,784 - root - INFO - *******测试案例名称： TestCase009_新建快照-name以下划线_开头 执行开始********
2021-12-08 13:56:03,784 - root - INFO - *******测试数据： {'name': '_1234567890a', 'description': '新建快照-name以下划线_开头', 'volume': 'deb69c4a-c212-4d3d-9aeb-806f9941e1b3'}
2021-12-08 13:56:03,813 - root - INFO - *******返回数据： {'code': 214020, 'message': '快照名称只能输入数字、字母、-、_, 只允许以英文开头', 'data': None, 'level': 3}
2021-12-08 13:56:03,813 - root - INFO - *******测试案例名称： TestCase009_新建快照-name以下划线_开头 执行完毕********
2021-12-08 13:56:03,813 - root - INFO - ****************创建数据盘快照接口结束****************
2021-12-08 13:56:03,814 - root - INFO - ********************************************************************************
2021-12-08 13:56:03,816 - root - INFO - ********************************************************************************
2021-12-08 13:56:03,817 - root - INFO - ****************创建数据盘快照接口开始****************
2021-12-08 13:56:03,817 - root - INFO - *******测试案例名称： TestCase010_新建快照-name以短横线-开头 执行开始********
2021-12-08 13:56:03,817 - root - INFO - *******测试数据： {'name': '-1234567890a', 'description': '新建快照-name以短横线-开头', 'volume': 'deb69c4a-c212-4d3d-9aeb-806f9941e1b3'}
2021-12-08 13:56:03,846 - root - INFO - *******返回数据： {'code': 214020, 'message': '快照名称只能输入数字、字母、-、_, 只允许以英文开头', 'data': None, 'level': 3}
2021-12-08 13:56:03,846 - root - INFO - *******测试案例名称： TestCase010_新建快照-name以短横线-开头 执行完毕********
2021-12-08 13:56:03,846 - root - INFO - ****************创建数据盘快照接口结束****************
2021-12-08 13:56:03,847 - root - INFO - ********************************************************************************
2021-12-08 13:56:03,849 - root - INFO - ********************************************************************************
2021-12-08 13:56:03,850 - root - INFO - ****************创建数据盘快照接口开始****************
2021-12-08 13:56:03,850 - root - INFO - *******测试案例名称： TestCase011_新建快照-Des>100 执行开始********
2021-12-08 13:56:03,850 - root - INFO - *******测试数据： {'name': 'snapDesOver100', 'description': 'DesOver100CharDesOver100CharDesOver100CharDesOver100CharDesOver100CharDesOver100CharDesOver100CharDesOver100CharDesOver100Char', 'volume': ''}
2021-12-08 13:56:03,885 - root - INFO - *******返回数据： {'code': 1001, 'message': {'description': ['请确保这个字段不能超过 100 个字符。']}, 'data': None}
2021-12-08 13:56:03,885 - root - INFO - ********************************************************************************
2021-12-08 13:56:03,905 - root - INFO - ********************************************************************************
2021-12-08 13:56:03,906 - root - INFO - ****************创建数据盘快照接口开始****************
2021-12-08 13:56:03,906 - root - INFO - *******测试案例名称： TestCase012_新建快照-name=32_Des=100 执行开始********
2021-12-08 13:56:03,906 - root - INFO - *******测试数据： {'name': 'aaaaabbbbbcccccdddddeeeeefffff23', 'description': 'DesIs100CharsDesIs100CharsDesIs100CharsDesIs100CharsDesIs100CharsDesIs100CharsDesIs100Chars100Des100', 'volume': ''}
2021-12-08 13:56:04,340 - root - INFO - *******返回数据： {'code': 0, 'message': 'success', 'data': None}
2021-12-08 13:56:04,341 - root - INFO - *******测试案例名称： TestCase012_新建快照-name=32_Des=100 执行完毕********
2021-12-08 13:56:04,341 - root - INFO - ****************创建数据盘快照接口结束****************
2021-12-08 13:56:04,342 - root - INFO - ********************************************************************************
2021-12-08 13:56:04,344 - root - INFO - ********************************************************************************
2021-12-08 13:56:04,345 - root - INFO - ****************创建数据盘快照接口开始****************
2021-12-08 13:56:04,345 - root - INFO - *******测试案例名称： TestCase013_新建快照-重名快照_name=32_Des=100 执行开始********
2021-12-08 13:56:04,346 - root - INFO - *******测试数据： {'name': 'aaaaabbbbbcccccdddddeeeeefffff23', 'description': 'DesIs100CharsDesIs100CharsDesIs100CharsDesIs100CharsDesIs100CharsDesIs100CharsDesIs100Chars100Des100', 'volume': ''}
2021-12-08 13:56:04,395 - root - INFO - *******返回数据： {'code': 214005, 'message': '快照名称已经存在', 'data': None, 'level': 3}
2021-12-08 13:56:04,396 - root - INFO - *******测试案例名称： TestCase013_新建快照-重名快照_name=32_Des=100 执行完毕********
2021-12-08 13:56:04,396 - root - INFO - ****************创建数据盘快照接口结束****************
2021-12-08 13:56:04,397 - root - INFO - ********************************************************************************
2021-12-08 13:56:05,647 - root - INFO - **********************************************完成teardown class，退出登录**********************************************
