2021-12-10 16:36:58,550 - root - INFO - the sql is : SELECT server_id, snapshot_name from `snapshot` WHERE project_id=%s order by create_time DESC limit 1 
2021-12-10 16:36:58,551 - root - INFO - the params is : ddac080c671b473e885714538fd1ed6e
2021-12-10 16:36:58,555 - root - INFO - the result data is :{'server_id': 'ins-b6f3b9cc9f74446089d1cbe2e2065fc3', 'snapshot_name': 'LC3-sys3'}
2021-12-10 16:36:58,558 - root - INFO - the sql is : SELECT server_id, snapshot_name from `snapshot` WHERE project_id=%s order by create_time DESC limit 1 
2021-12-10 16:36:58,558 - root - INFO - the params is : ddac080c671b473e885714538fd1ed6e
2021-12-10 16:36:58,562 - root - INFO - the result data is :{'server_id': 'ins-b6f3b9cc9f74446089d1cbe2e2065fc3', 'snapshot_name': 'LC3-sys3'}
2021-12-10 16:36:58,699 - root - INFO - **********************************************开始setupClass，进行登录**********************************************
2021-12-10 16:37:04,071 - root - INFO - the sql is : SELECT snapshot_id, name from `storage_snapshot` WHERE snapshot_type="pool" and pool_id=%s order by create_time DESC limit 1
2021-12-10 16:37:04,072 - root - INFO - the params is : ddac080c671b473e885714538fd1ed6e
2021-12-10 16:37:04,073 - root - INFO - the result data is :{'snapshot_id': '60f832c4-31a6-4c46-bf07-479c014cd513', 'name': 'poolSnap4LeonaTestPool1125'}
2021-12-10 16:37:04,075 - root - INFO - ********************************************************************************
2021-12-10 16:37:04,075 - root - INFO - ****************回滚业务池快照接口开始****************
2021-12-10 16:37:04,076 - root - INFO - *******测试案例名称： TestCase001_回滚业务池快照-缺少token 执行开始********
2021-12-10 16:37:04,076 - root - INFO - *******测试数据： {}
2021-12-10 16:37:04,084 - root - INFO - *******返回数据： {'code': 1005, 'message': '缺少认证信息', 'data': None, 'level': 3}
2021-12-10 16:37:04,085 - root - INFO - *******测试案例名称： TestCase001_回滚业务池快照-缺少token 执行完毕********
2021-12-10 16:37:04,085 - root - INFO - ****************回滚业务池快照接口结束****************
2021-12-10 16:37:04,085 - root - INFO - ********************************************************************************
2021-12-10 16:37:04,088 - root - INFO - ********************************************************************************
2021-12-10 16:37:04,089 - root - INFO - ****************回滚业务池快照接口开始****************
2021-12-10 16:37:04,089 - root - INFO - *******测试案例名称： TestCase002_回滚业务池快照-name为空 执行开始********
2021-12-10 16:37:04,090 - root - INFO - *******测试数据： {'name': '', 'is_start': 'true'}
2021-12-10 16:37:04,114 - root - INFO - *******返回数据： {'code': 1001, 'message': '参数错误', 'data': {'name': ['该字段不能为空。']}}
2021-12-10 16:37:04,116 - root - INFO - ********************************************************************************
2021-12-10 16:37:04,212 - root - INFO - ********************************************************************************
2021-12-10 16:37:04,212 - root - INFO - ****************回滚业务池快照接口开始****************
2021-12-10 16:37:04,213 - root - INFO - *******测试案例名称： TestCase002_回滚业务池快照-成功 执行开始********
2021-12-10 16:37:04,213 - root - INFO - *******测试数据： {'name': 'poolSnap4LeonaTestPool1125', 'is_start': 'true'}
2021-12-10 16:37:06,365 - root - INFO - *******返回数据： {'code': 0, 'message': 'success', 'data': None}
2021-12-10 16:37:06,366 - root - INFO - *******测试案例名称： TestCase002_回滚业务池快照-成功 执行完毕********
2021-12-10 16:37:06,366 - root - INFO - ****************回滚业务池快照接口结束****************
2021-12-10 16:37:06,366 - root - INFO - ********************************************************************************
2021-12-10 16:37:06,395 - root - INFO - **********************************************完成teardown class，退出登录**********************************************
