2021-12-03 14:56:57,246 - root - INFO - **********************************************开始setupClass，进行登录**********************************************
2021-12-03 14:57:37,300 - root - INFO - ********************************************************************************
2021-12-03 14:57:37,301 - root - INFO - ****************获取快照列表接口开始****************
2021-12-03 14:57:37,301 - root - INFO - *******测试案例名称： TestCase001_查看业务池快照 执行开始********
2021-12-03 14:57:37,302 - root - INFO - *******测试数据： {}
2021-12-03 14:57:47,315 - root - INFO - ********************************************************************************
2021-12-03 14:57:47,426 - root - INFO - ********************************************************************************
2021-12-03 14:57:47,426 - root - INFO - ****************获取快照列表接口开始****************
2021-12-03 14:57:47,427 - root - INFO - *******测试案例名称： TestCase002_查看云组件快照 执行开始********
2021-12-03 14:57:47,427 - root - INFO - *******测试数据： {'page': 1, 'size': 10}
2021-12-03 14:57:57,441 - root - INFO - ********************************************************************************
2021-12-03 14:57:57,507 - root - INFO - ********************************************************************************
2021-12-03 14:57:57,507 - root - INFO - ****************获取快照列表接口开始****************
2021-12-03 14:57:57,508 - root - INFO - *******测试案例名称： TestCase003_查看云硬盘快照 执行开始********
2021-12-03 14:57:57,508 - root - INFO - *******测试数据： {'page': 1, 'size': 10}
2021-12-03 14:58:07,522 - root - INFO - ********************************************************************************
2021-12-03 14:58:07,588 - root - INFO - ********************************************************************************
2021-12-03 14:58:07,588 - root - INFO - ****************获取快照列表接口开始****************
2021-12-03 14:58:07,589 - root - INFO - *******测试案例名称： TestCase004_查看快照列表-缺少token 执行开始********
2021-12-03 14:58:07,589 - root - INFO - *******测试数据： {'page': 1, 'size': 10}
2021-12-03 14:58:17,602 - root - INFO - ********************************************************************************
