2021-12-08 11:28:18,536 - root - INFO - **********************************************开始setupClass，进行登录**********************************************
2021-12-08 11:28:25,381 - root - INFO - the sql is : select id from disk where store_type=0 and pool_id=%s order by create_time desc limit 1;
2021-12-08 11:28:25,382 - root - INFO - the params is : ddac080c671b473e885714538fd1ed6e
2021-12-08 11:28:25,383 - root - INFO - the result data is :{'id': 'a3a59e73-badc-40ff-b2d1-f0e09c8ebe1b'}
2021-12-08 11:28:25,385 - root - INFO - ********************************************************************************
2021-12-08 11:28:25,385 - root - INFO - ****************创建数据盘快照接口开始****************
2021-12-08 11:28:25,386 - root - INFO - *******测试案例名称： TestCase001_新建快照-缺少token 执行开始********
2021-12-08 11:28:25,386 - root - INFO - *******测试数据： {}
2021-12-08 11:28:25,396 - root - INFO - *******返回数据： {'code': 1005, 'message': '缺少认证信息', 'data': None, 'level': 3}
2021-12-08 11:28:25,396 - root - INFO - *******测试案例名称： TestCase001_新建快照-缺少token 执行完毕********
2021-12-08 11:28:25,397 - root - INFO - ****************创建数据盘快照接口结束****************
2021-12-08 11:28:25,398 - root - INFO - ********************************************************************************
2021-12-08 11:28:25,400 - root - INFO - ********************************************************************************
2021-12-08 11:28:25,401 - root - INFO - ****************创建数据盘快照接口开始****************
2021-12-08 11:28:25,401 - root - INFO - *******测试案例名称： TestCase002_新建快照-name为空 执行开始********
2021-12-08 11:28:25,401 - root - INFO - *******测试数据： {'name': '', 'description': 'SnapNameIsNull', 'volume': 'deb69c4a-c212-4d3d-9aeb-806f9941e1b3'}
2021-12-08 11:28:25,435 - root - INFO - *******返回数据： {'code': 1001, 'message': {'name': ['该字段不能为空。']}, 'data': None}
2021-12-08 11:28:25,435 - root - INFO - ********************************************************************************
2021-12-08 11:28:25,515 - root - INFO - ********************************************************************************
2021-12-08 11:28:25,516 - root - INFO - ****************创建数据盘快照接口开始****************
2021-12-08 11:28:25,516 - root - INFO - *******测试案例名称： TestCase003_新建快照-volume为空 执行开始********
2021-12-08 11:28:25,517 - root - INFO - *******测试数据： {'name': 'testSnap', 'description': 'volumeIsNull', 'volume': ''}
2021-12-08 11:28:25,546 - root - INFO - *******返回数据： {'code': 1001, 'message': {'volume': ['Must be a valid UUID.']}, 'data': None}
2021-12-08 11:28:25,547 - root - INFO - ********************************************************************************
2021-12-08 11:28:25,581 - root - INFO - ********************************************************************************
2021-12-08 11:28:25,581 - root - INFO - ****************创建数据盘快照接口开始****************
2021-12-08 11:28:25,581 - root - INFO - *******测试案例名称： TestCase004_新建快照-Des为空 执行开始********
2021-12-08 11:28:25,582 - root - INFO - *******测试数据： {'name': 'SnapDesIsNull', 'description': '', 'volume': 'deb69c4a-c212-4d3d-9aeb-806f9941e1b3'}
2021-12-08 11:28:25,916 - root - INFO - *******返回数据： {'code': 0, 'message': 'success', 'data': None}
2021-12-08 11:28:25,916 - root - INFO - *******测试案例名称： TestCase004_新建快照-Des为空 执行完毕********
2021-12-08 11:28:25,916 - root - INFO - ****************创建数据盘快照接口结束****************
2021-12-08 11:28:25,916 - root - INFO - ********************************************************************************
2021-12-08 11:28:25,919 - root - INFO - ********************************************************************************
2021-12-08 11:28:25,919 - root - INFO - ****************创建数据盘快照接口开始****************
2021-12-08 11:28:25,920 - root - INFO - *******测试案例名称： TestCase005_新建快照-name>32 执行开始********
2021-12-08 11:28:25,920 - root - INFO - *******测试数据： {'name': 'YYDSnapNameOver32CharsYYDSnapNameOver32CharsYYDSnapNameOver32Chars', 'description': '', 'volume': 'deb69c4a-c212-4d3d-9aeb-806f9941e1b3'}
2021-12-08 11:28:25,947 - root - INFO - *******返回数据： {'code': 1001, 'message': {'name': ['请确保这个字段不能超过 32 个字符。']}, 'data': None}
2021-12-08 11:28:25,947 - root - INFO - ********************************************************************************
2021-12-08 11:28:25,980 - root - INFO - ********************************************************************************
2021-12-08 11:28:25,980 - root - INFO - ****************创建数据盘快照接口开始****************
2021-12-08 11:28:25,981 - root - INFO - *******测试案例名称： TestCase006_新建快照-name为特殊字符 执行开始********
2021-12-08 11:28:25,981 - root - INFO - *******测试数据： {'name': 'SpeCharforSnap……&*&s', 'description': '', 'volume': 'deb69c4a-c212-4d3d-9aeb-806f9941e1b3'}
2021-12-08 11:28:26,005 - root - INFO - *******返回数据： {'code': 214020, 'message': '快照名称只能输入数字、字母、-、_, 只允许以英文开头', 'data': None, 'level': 3}
2021-12-08 11:28:26,006 - root - INFO - *******测试案例名称： TestCase006_新建快照-name为特殊字符 执行完毕********
2021-12-08 11:28:26,006 - root - INFO - ****************创建数据盘快照接口结束****************
2021-12-08 11:28:26,007 - root - INFO - ********************************************************************************
2021-12-08 11:28:26,009 - root - INFO - ********************************************************************************
2021-12-08 11:28:26,010 - root - INFO - ****************创建数据盘快照接口开始****************
2021-12-08 11:28:26,010 - root - INFO - *******测试案例名称： TestCase007_新建快照-name为中文 执行开始********
2021-12-08 11:28:26,010 - root - INFO - *******测试数据： {'name': 'SpeCharforSnap……&*&s', 'description': '', 'volume': 'deb69c4a-c212-4d3d-9aeb-806f9941e1b3'}
2021-12-08 11:28:26,034 - root - INFO - *******返回数据： {'code': 214020, 'message': '快照名称只能输入数字、字母、-、_, 只允许以英文开头', 'data': None, 'level': 3}
2021-12-08 11:28:26,035 - root - INFO - *******测试案例名称： TestCase007_新建快照-name为中文 执行完毕********
2021-12-08 11:28:26,035 - root - INFO - ****************创建数据盘快照接口结束****************
2021-12-08 11:28:26,035 - root - INFO - ********************************************************************************
2021-12-08 11:28:26,038 - root - INFO - ********************************************************************************
2021-12-08 11:28:26,038 - root - INFO - ****************创建数据盘快照接口开始****************
2021-12-08 11:28:26,039 - root - INFO - *******测试案例名称： TestCase008_新建快照-name以数字开头 执行开始********
2021-12-08 11:28:26,039 - root - INFO - *******测试数据： {'name': '1234567890a', 'description': '', 'volume': 'deb69c4a-c212-4d3d-9aeb-806f9941e1b3'}
2021-12-08 11:28:26,065 - root - INFO - *******返回数据： {'code': 214020, 'message': '快照名称只能输入数字、字母、-、_, 只允许以英文开头', 'data': None, 'level': 3}
2021-12-08 11:28:26,065 - root - INFO - *******测试案例名称： TestCase008_新建快照-name以数字开头 执行完毕********
2021-12-08 11:28:26,065 - root - INFO - ****************创建数据盘快照接口结束****************
2021-12-08 11:28:26,066 - root - INFO - ********************************************************************************
2021-12-08 11:28:26,068 - root - INFO - ********************************************************************************
2021-12-08 11:28:26,069 - root - INFO - ****************创建数据盘快照接口开始****************
2021-12-08 11:28:26,069 - root - INFO - *******测试案例名称： TestCase009_新建快照-name以下划线_开头 执行开始********
2021-12-08 11:28:26,069 - root - INFO - *******测试数据： {'name': '_1234567890a', 'description': '', 'volume': 'deb69c4a-c212-4d3d-9aeb-806f9941e1b3'}
2021-12-08 11:28:26,096 - root - INFO - *******返回数据： {'code': 214020, 'message': '快照名称只能输入数字、字母、-、_, 只允许以英文开头', 'data': None, 'level': 3}
2021-12-08 11:28:26,096 - root - INFO - *******测试案例名称： TestCase009_新建快照-name以下划线_开头 执行完毕********
2021-12-08 11:28:26,096 - root - INFO - ****************创建数据盘快照接口结束****************
2021-12-08 11:28:26,098 - root - INFO - ********************************************************************************
2021-12-08 11:28:26,100 - root - INFO - ********************************************************************************
2021-12-08 11:28:26,100 - root - INFO - ****************创建数据盘快照接口开始****************
2021-12-08 11:28:26,101 - root - INFO - *******测试案例名称： TestCase010_新建快照-name以短横线-开头 执行开始********
2021-12-08 11:28:26,101 - root - INFO - *******测试数据： {'name': '-1234567890a', 'description': '', 'volume': 'deb69c4a-c212-4d3d-9aeb-806f9941e1b3'}
2021-12-08 11:28:26,131 - root - INFO - *******返回数据： {'code': 214020, 'message': '快照名称只能输入数字、字母、-、_, 只允许以英文开头', 'data': None, 'level': 3}
2021-12-08 11:28:26,131 - root - INFO - *******测试案例名称： TestCase010_新建快照-name以短横线-开头 执行完毕********
2021-12-08 11:28:26,131 - root - INFO - ****************创建数据盘快照接口结束****************
2021-12-08 11:28:26,131 - root - INFO - ********************************************************************************
2021-12-08 11:28:26,134 - root - INFO - ********************************************************************************
2021-12-08 11:28:26,134 - root - INFO - ****************创建数据盘快照接口开始****************
2021-12-08 11:28:26,135 - root - INFO - *******测试案例名称： TestCase011_新建快照-Des>100 执行开始********
2021-12-08 11:28:26,135 - root - INFO - *******测试数据： {'name': '-1234567890a', 'description': '', 'volume': 'DesOver100CharDesOver100CharDesOver100CharDesOver100CharDesOver100CharDesOver100CharDesOver100CharDesOver100CharDesOver100Char'}
2021-12-08 11:28:26,161 - root - INFO - *******返回数据： {'code': 214020, 'message': '快照名称只能输入数字、字母、-、_, 只允许以英文开头', 'data': None, 'level': 3}
2021-12-08 11:28:26,161 - root - INFO - ********************************************************************************
2021-12-08 11:28:26,203 - root - INFO - ********************************************************************************
2021-12-08 11:28:26,203 - root - INFO - ****************创建数据盘快照接口开始****************
2021-12-08 11:28:26,204 - root - INFO - *******测试案例名称： TestCase012_新建快照-name=32_Des=100 执行开始********
2021-12-08 11:28:26,204 - root - INFO - *******测试数据： {'name': 'aaaaabbbbbcccccdddddeeeeefffff23', 'description': '', 'volume': 'DesIs100CharsDesIs100CharsDesIs100CharsDesIs100CharsDesIs100CharsDesIs100CharsDesIs100Chars100Des100'}
2021-12-08 11:28:26,421 - root - INFO - *******返回数据： {'code': 0, 'message': 'success', 'data': None}
2021-12-08 11:28:26,422 - root - INFO - *******测试案例名称： TestCase012_新建快照-name=32_Des=100 执行完毕********
2021-12-08 11:28:26,422 - root - INFO - ****************创建数据盘快照接口结束****************
2021-12-08 11:28:26,422 - root - INFO - ********************************************************************************
2021-12-08 11:28:26,425 - root - INFO - ********************************************************************************
2021-12-08 11:28:26,425 - root - INFO - ****************创建数据盘快照接口开始****************
2021-12-08 11:28:26,426 - root - INFO - *******测试案例名称： TestCase013_新建快照-重名快照_name=32_Des=100 执行开始********
2021-12-08 11:28:26,426 - root - INFO - *******测试数据： {'name': 'aaaaabbbbbcccccdddddeeeeefffff23', 'description': '', 'volume': 'DesIs100CharsDesIs100CharsDesIs100CharsDesIs100CharsDesIs100CharsDesIs100CharsDesIs100Chars100Des100'}
2021-12-08 11:28:26,455 - root - INFO - *******返回数据： {'code': 214005, 'message': '快照名称已经存在', 'data': None, 'level': 3}
2021-12-08 11:28:26,456 - root - INFO - *******测试案例名称： TestCase013_新建快照-重名快照_name=32_Des=100 执行完毕********
2021-12-08 11:28:26,456 - root - INFO - ****************创建数据盘快照接口结束****************
2021-12-08 11:28:26,456 - root - INFO - ********************************************************************************
2021-12-08 11:28:27,310 - root - INFO - **********************************************完成teardown class，退出登录**********************************************
