2021-12-08 11:43:38,904 - root - INFO - **********************************************开始setupClass，进行登录**********************************************
2021-12-08 11:43:51,193 - root - INFO - the sql is : select id from disk where store_type=0 and pool_id=%s order by create_time desc limit 1;
2021-12-08 11:43:51,194 - root - INFO - the params is : ddac080c671b473e885714538fd1ed6e
2021-12-08 11:43:51,195 - root - INFO - the result data is :{'id': '048e9b41-690d-4757-9f6f-bf8549bd5d95'}
2021-12-08 11:43:51,197 - root - INFO - ********************************************************************************
2021-12-08 11:43:51,197 - root - INFO - ****************创建数据盘快照接口开始****************
2021-12-08 11:43:51,198 - root - INFO - *******测试案例名称： TestCase001_新建快照-缺少token 执行开始********
2021-12-08 11:43:51,198 - root - INFO - *******测试数据： {}
2021-12-08 11:43:51,208 - root - INFO - *******返回数据： {'code': 1005, 'message': '缺少认证信息', 'data': None, 'level': 3}
2021-12-08 11:43:51,209 - root - INFO - *******测试案例名称： TestCase001_新建快照-缺少token 执行完毕********
2021-12-08 11:43:51,210 - root - INFO - ****************创建数据盘快照接口结束****************
2021-12-08 11:43:51,211 - root - INFO - ********************************************************************************
2021-12-08 11:43:51,213 - root - INFO - ********************************************************************************
2021-12-08 11:43:51,213 - root - INFO - ****************创建数据盘快照接口开始****************
2021-12-08 11:43:51,214 - root - INFO - *******测试案例名称： TestCase002_新建快照-name为空 执行开始********
2021-12-08 11:43:51,214 - root - INFO - *******测试数据： {'name': '', 'description': 'SnapNameIsNull', 'volume': 'deb69c4a-c212-4d3d-9aeb-806f9941e1b3'}
2021-12-08 11:43:51,242 - root - INFO - *******返回数据： {'code': 1001, 'message': {'name': ['该字段不能为空。']}, 'data': None}
2021-12-08 11:43:51,243 - root - INFO - ********************************************************************************
2021-12-08 11:43:51,321 - root - INFO - ********************************************************************************
2021-12-08 11:43:51,322 - root - INFO - ****************创建数据盘快照接口开始****************
2021-12-08 11:43:51,322 - root - INFO - *******测试案例名称： TestCase003_新建快照-volume为空 执行开始********
2021-12-08 11:43:51,322 - root - INFO - *******测试数据： {'name': 'testSnap', 'description': 'volumeIsNull', 'volume': ''}
2021-12-08 11:43:51,356 - root - INFO - *******返回数据： {'code': 1001, 'message': {'volume': ['Must be a valid UUID.']}, 'data': None}
2021-12-08 11:43:51,356 - root - INFO - ********************************************************************************
2021-12-08 11:43:51,388 - root - INFO - ********************************************************************************
2021-12-08 11:43:51,389 - root - INFO - ****************创建数据盘快照接口开始****************
2021-12-08 11:43:51,390 - root - INFO - *******测试案例名称： TestCase004_新建快照-Des为空 执行开始********
2021-12-08 11:43:51,390 - root - INFO - *******测试数据： {'name': 'SnapDesIsNull', 'description': '', 'volume': 'deb69c4a-c212-4d3d-9aeb-806f9941e1b3'}
2021-12-08 11:43:51,630 - root - INFO - *******返回数据： {'code': 0, 'message': 'success', 'data': None}
2021-12-08 11:43:51,630 - root - INFO - ********************************************************************************
2021-12-08 11:43:51,675 - root - INFO - ********************************************************************************
2021-12-08 11:43:51,675 - root - INFO - ****************创建数据盘快照接口开始****************
2021-12-08 11:43:51,675 - root - INFO - *******测试案例名称： TestCase005_新建快照-name>32 执行开始********
2021-12-08 11:43:51,676 - root - INFO - *******测试数据： {'name': 'YYDSnapNameOver32CharsYYDSnapNameOver32CharsYYDSnapNameOver32Chars', 'description': '新建快照-name>32', 'volume': 'deb69c4a-c212-4d3d-9aeb-806f9941e1b3'}
2021-12-08 11:43:51,707 - root - INFO - *******返回数据： {'code': 1001, 'message': {'name': ['请确保这个字段不能超过 32 个字符。']}, 'data': None}
2021-12-08 11:43:51,708 - root - INFO - ********************************************************************************
2021-12-08 11:43:51,744 - root - INFO - ********************************************************************************
2021-12-08 11:43:51,744 - root - INFO - ****************创建数据盘快照接口开始****************
2021-12-08 11:43:51,744 - root - INFO - *******测试案例名称： TestCase006_新建快照-name为特殊字符 执行开始********
2021-12-08 11:43:51,745 - root - INFO - *******测试数据： {'name': 'SpeCharforSnap……&*&s', 'description': '新建快照-name为特殊字符', 'volume': 'deb69c4a-c212-4d3d-9aeb-806f9941e1b3'}
2021-12-08 11:43:51,772 - root - INFO - *******返回数据： {'code': 214020, 'message': '快照名称只能输入数字、字母、-、_, 只允许以英文开头', 'data': None, 'level': 3}
2021-12-08 11:43:51,773 - root - INFO - *******测试案例名称： TestCase006_新建快照-name为特殊字符 执行完毕********
2021-12-08 11:43:51,773 - root - INFO - ****************创建数据盘快照接口结束****************
2021-12-08 11:43:51,773 - root - INFO - ********************************************************************************
2021-12-08 11:43:51,776 - root - INFO - ********************************************************************************
2021-12-08 11:43:51,776 - root - INFO - ****************创建数据盘快照接口开始****************
2021-12-08 11:43:51,777 - root - INFO - *******测试案例名称： TestCase007_新建快照-name为中文 执行开始********
2021-12-08 11:43:51,777 - root - INFO - *******测试数据： {'name': 'SpeCharforSnap……&*&s', 'description': '新建快照-name为中文', 'volume': 'deb69c4a-c212-4d3d-9aeb-806f9941e1b3'}
2021-12-08 11:43:51,803 - root - INFO - *******返回数据： {'code': 214020, 'message': '快照名称只能输入数字、字母、-、_, 只允许以英文开头', 'data': None, 'level': 3}
2021-12-08 11:43:51,804 - root - INFO - *******测试案例名称： TestCase007_新建快照-name为中文 执行完毕********
2021-12-08 11:43:51,804 - root - INFO - ****************创建数据盘快照接口结束****************
2021-12-08 11:43:51,804 - root - INFO - ********************************************************************************
2021-12-08 11:43:51,807 - root - INFO - ********************************************************************************
2021-12-08 11:43:51,807 - root - INFO - ****************创建数据盘快照接口开始****************
2021-12-08 11:43:51,807 - root - INFO - *******测试案例名称： TestCase008_新建快照-name以数字开头 执行开始********
2021-12-08 11:43:51,808 - root - INFO - *******测试数据： {'name': '1234567890a', 'description': '新建快照-name以数字开头', 'volume': 'deb69c4a-c212-4d3d-9aeb-806f9941e1b3'}
2021-12-08 11:43:51,838 - root - INFO - *******返回数据： {'code': 214020, 'message': '快照名称只能输入数字、字母、-、_, 只允许以英文开头', 'data': None, 'level': 3}
2021-12-08 11:43:51,838 - root - INFO - *******测试案例名称： TestCase008_新建快照-name以数字开头 执行完毕********
2021-12-08 11:43:51,838 - root - INFO - ****************创建数据盘快照接口结束****************
2021-12-08 11:43:51,838 - root - INFO - ********************************************************************************
2021-12-08 11:43:51,841 - root - INFO - ********************************************************************************
2021-12-08 11:43:51,841 - root - INFO - ****************创建数据盘快照接口开始****************
2021-12-08 11:43:51,842 - root - INFO - *******测试案例名称： TestCase009_新建快照-name以下划线_开头 执行开始********
2021-12-08 11:43:51,842 - root - INFO - *******测试数据： {'name': '_1234567890a', 'description': '新建快照-name以下划线_开头', 'volume': 'deb69c4a-c212-4d3d-9aeb-806f9941e1b3'}
2021-12-08 11:43:51,869 - root - INFO - *******返回数据： {'code': 214020, 'message': '快照名称只能输入数字、字母、-、_, 只允许以英文开头', 'data': None, 'level': 3}
2021-12-08 11:43:51,869 - root - INFO - *******测试案例名称： TestCase009_新建快照-name以下划线_开头 执行完毕********
2021-12-08 11:43:51,869 - root - INFO - ****************创建数据盘快照接口结束****************
2021-12-08 11:43:51,869 - root - INFO - ********************************************************************************
2021-12-08 11:43:51,872 - root - INFO - ********************************************************************************
2021-12-08 11:43:51,872 - root - INFO - ****************创建数据盘快照接口开始****************
2021-12-08 11:43:51,872 - root - INFO - *******测试案例名称： TestCase010_新建快照-name以短横线-开头 执行开始********
2021-12-08 11:43:51,873 - root - INFO - *******测试数据： {'name': '-1234567890a', 'description': '新建快照-name以短横线-开头', 'volume': 'deb69c4a-c212-4d3d-9aeb-806f9941e1b3'}
2021-12-08 11:43:51,897 - root - INFO - *******返回数据： {'code': 214020, 'message': '快照名称只能输入数字、字母、-、_, 只允许以英文开头', 'data': None, 'level': 3}
2021-12-08 11:43:51,898 - root - INFO - *******测试案例名称： TestCase010_新建快照-name以短横线-开头 执行完毕********
2021-12-08 11:43:51,898 - root - INFO - ****************创建数据盘快照接口结束****************
2021-12-08 11:43:51,898 - root - INFO - ********************************************************************************
2021-12-08 11:43:51,901 - root - INFO - ********************************************************************************
2021-12-08 11:43:51,901 - root - INFO - ****************创建数据盘快照接口开始****************
2021-12-08 11:43:51,902 - root - INFO - *******测试案例名称： TestCase011_新建快照-Des>100 执行开始********
2021-12-08 11:43:51,902 - root - INFO - *******测试数据： {'name': 'snapDesOver100', 'description': 'DesOver100CharDesOver100CharDesOver100CharDesOver100CharDesOver100CharDesOver100CharDesOver100CharDesOver100CharDesOver100Char', 'volume': ''}
2021-12-08 11:43:52,080 - root - INFO - *******返回数据： {'code': 1001, 'message': {'description': ['请确保这个字段不能超过 100 个字符。']}, 'data': None}
2021-12-08 11:43:52,080 - root - INFO - ********************************************************************************
2021-12-08 11:43:52,113 - root - INFO - ********************************************************************************
2021-12-08 11:43:52,113 - root - INFO - ****************创建数据盘快照接口开始****************
2021-12-08 11:43:52,113 - root - INFO - *******测试案例名称： TestCase012_新建快照-name=32_Des=100 执行开始********
2021-12-08 11:43:52,114 - root - INFO - *******测试数据： {'name': 'aaaaabbbbbcccccdddddeeeeefffff23', 'description': 'DesIs100CharsDesIs100CharsDesIs100CharsDesIs100CharsDesIs100CharsDesIs100CharsDesIs100Chars100Des100', 'volume': ''}
2021-12-08 11:43:52,410 - root - INFO - *******返回数据： {'code': 0, 'message': 'success', 'data': None}
2021-12-08 11:43:52,410 - root - INFO - ********************************************************************************
2021-12-08 11:43:52,468 - root - INFO - ********************************************************************************
2021-12-08 11:43:52,468 - root - INFO - ****************创建数据盘快照接口开始****************
2021-12-08 11:43:52,469 - root - INFO - *******测试案例名称： TestCase013_新建快照-重名快照_name=32_Des=100 执行开始********
2021-12-08 11:43:52,469 - root - INFO - *******测试数据： {'name': 'aaaaabbbbbcccccdddddeeeeefffff23', 'description': 'DesIs100CharsDesIs100CharsDesIs100CharsDesIs100CharsDesIs100CharsDesIs100CharsDesIs100Chars100Des100', 'volume': ''}
2021-12-08 11:43:52,501 - root - INFO - *******返回数据： {'code': 214005, 'message': '快照名称已经存在', 'data': None, 'level': 3}
2021-12-08 11:43:52,502 - root - INFO - *******测试案例名称： TestCase013_新建快照-重名快照_name=32_Des=100 执行完毕********
2021-12-08 11:43:52,502 - root - INFO - ****************创建数据盘快照接口结束****************
2021-12-08 11:43:52,502 - root - INFO - ********************************************************************************
2021-12-08 11:43:53,272 - root - INFO - **********************************************完成teardown class，退出登录**********************************************
