2021-12-15 11:17:41,080 - root - INFO - the sql is : SELECT server_id, snapshot_name from `snapshot` WHERE project_id=%s order by create_time DESC limit 1 
2021-12-15 11:17:41,081 - root - INFO - the params is : 577d21c9411744a4b619c8966f69ec18
2021-12-15 11:17:41,082 - root - INFO - the result data is :{'server_id': 'ins-5dcb83b9ec4f47759c84b455211fe7b7', 'snapshot_name': 'SysAndPartDiskSnap'}
2021-12-15 11:17:41,197 - root - INFO - **********************************************开始setupClass，进行登录**********************************************
2021-12-15 11:18:52,882 - root - INFO - the sql is : SELECT server_id, snapshot_name from `snapshot` WHERE project_id=%s order by create_time DESC limit 1 
2021-12-15 11:18:52,884 - root - INFO - the params is : 577d21c9411744a4b619c8966f69ec18
2021-12-15 11:18:52,885 - root - INFO - the result data is :{'server_id': 'ins-5dcb83b9ec4f47759c84b455211fe7b7', 'snapshot_name': 'SysAndPartDiskSnap'}
2021-12-15 11:18:52,887 - root - INFO - ********************************************************************************
2021-12-15 11:18:52,887 - root - INFO - ****************回滚云组件快照接口开始****************
2021-12-15 11:18:52,888 - root - INFO - *******测试案例名称： TestCase001_回滚云组件快照-缺少token 执行开始********
2021-12-15 11:18:52,888 - root - INFO - *******测试数据： {}
2021-12-15 11:18:52,896 - root - INFO - *******返回数据： {'code': 1005, 'message': '缺少认证信息', 'data': None, 'level': 3}
2021-12-15 11:18:52,897 - root - INFO - *******测试案例名称： TestCase001_回滚云组件快照-缺少token 执行完毕********
2021-12-15 11:18:52,899 - root - INFO - ****************回滚云组件快照接口结束****************
2021-12-15 11:18:52,899 - root - INFO - ********************************************************************************
2021-12-15 11:18:52,902 - root - INFO - ********************************************************************************
2021-12-15 11:18:52,902 - root - INFO - ****************回滚云组件快照接口开始****************
2021-12-15 11:18:52,902 - root - INFO - *******测试案例名称： TestCase002_回滚云组件快照-name为空 执行开始********
2021-12-15 11:18:52,903 - root - INFO - *******测试数据： {'name': '', 'is_start': 'true'}
2021-12-15 11:18:52,942 - root - INFO - *******返回数据： {'code': 1, 'message': '服务异常', 'data': None, 'level': 1}
2021-12-15 11:18:52,942 - root - INFO - ********************************************************************************
2021-12-15 11:18:53,020 - root - INFO - ********************************************************************************
2021-12-15 11:18:53,020 - root - INFO - ****************回滚云组件快照接口开始****************
2021-12-15 11:18:53,021 - root - INFO - *******测试案例名称： TestCase002_回滚云组件快照-成功 执行开始********
2021-12-15 11:18:53,021 - root - INFO - *******测试数据： {'name': 'SysAndPartDiskSnap', 'is_start': 'true'}
2021-12-15 11:18:53,041 - root - INFO - *******返回数据： {'code': 1, 'message': '服务异常', 'data': None, 'level': 1}
2021-12-15 11:18:53,041 - root - INFO - ********************************************************************************
2021-12-15 11:18:53,091 - root - INFO - **********************************************完成teardown class，退出登录**********************************************
