2021-12-09 13:59:37,810 - root - INFO - **********************************************开始setupClass，进行登录**********************************************
2021-12-09 13:59:44,544 - root - INFO - the sql is : select id from disk where store_type=0 and pool_id=%s order by create_time desc limit 1;
2021-12-09 13:59:44,545 - root - INFO - the params is : ddac080c671b473e885714538fd1ed6e
2021-12-09 13:59:44,546 - root - INFO - the result data is :{'id': 'c9a05909-b11d-4df6-b7cb-78d9bf0f267b'}
2021-12-09 13:59:44,548 - root - INFO - ********************************************************************************
2021-12-09 13:59:44,548 - root - INFO - ****************数据盘扩容接口开始****************
2021-12-09 13:59:44,549 - root - INFO - *******测试案例名称： TestCase001_新建快照-缺少token 执行开始********
2021-12-09 13:59:44,550 - root - INFO - *******测试数据： {'volume': 'c9a05909-b11d-4df6-b7cb-78d9bf0f267b', 'project_id': 'ddac080c671b473e885714538fd1ed6e', 'project_name': 'LeonaTestPool1125'}
2021-12-09 13:59:44,563 - root - INFO - *******返回数据： {'code': 1005, 'message': '缺少认证信息', 'data': None, 'level': 3}
2021-12-09 13:59:44,564 - root - INFO - *******测试案例名称： TestCase001_新建快照-缺少token 执行完毕********
2021-12-09 13:59:44,565 - root - INFO - ****************数据盘扩容接口结束****************
2021-12-09 13:59:44,565 - root - INFO - ********************************************************************************
2021-12-09 13:59:44,568 - root - INFO - ********************************************************************************
2021-12-09 13:59:44,568 - root - INFO - ****************数据盘扩容接口开始****************
2021-12-09 13:59:44,568 - root - INFO - *******测试案例名称： TestCase002_数据盘扩容-add_size为负整数 执行开始********
2021-12-09 13:59:44,569 - root - INFO - *******测试数据： {'add_size': '-3', 'id': '70b9fd1d-acb5-4fba-b71c-7b71ad3a14c9', 'volume': 'c9a05909-b11d-4df6-b7cb-78d9bf0f267b', 'project_id': 'ddac080c671b473e885714538fd1ed6e', 'project_name': 'LeonaTestPool1125'}
2021-12-09 13:59:44,612 - root - INFO - *******返回数据： {'code': 1404, 'message': '/v1/storage/volumesc9a05909-b11d-4df6-b7cb-78d9bf0f267b 未找到', 'data': None}
2021-12-09 13:59:44,612 - root - INFO - ********************************************************************************
2021-12-09 13:59:44,699 - root - INFO - ********************************************************************************
2021-12-09 13:59:44,699 - root - INFO - ****************数据盘扩容接口开始****************
2021-12-09 13:59:44,700 - root - INFO - *******测试案例名称： TestCase003_数据盘扩容-add_size为0 执行开始********
2021-12-09 13:59:44,700 - root - INFO - *******测试数据： {'add_size': '0', 'id': '70b9fd1d-acb5-4fba-b71c-7b71ad3a14c9', 'volume': 'c9a05909-b11d-4df6-b7cb-78d9bf0f267b', 'project_id': 'ddac080c671b473e885714538fd1ed6e', 'project_name': 'LeonaTestPool1125'}
2021-12-09 13:59:44,745 - root - INFO - *******返回数据： {'code': 1404, 'message': '/v1/storage/volumesc9a05909-b11d-4df6-b7cb-78d9bf0f267b 未找到', 'data': None}
2021-12-09 13:59:44,746 - root - INFO - ********************************************************************************
2021-12-09 13:59:44,780 - root - INFO - ********************************************************************************
2021-12-09 13:59:44,781 - root - INFO - ****************数据盘扩容接口开始****************
2021-12-09 13:59:44,781 - root - INFO - *******测试案例名称： TestCase004_数据盘扩容-add_size为小数 执行开始********
2021-12-09 13:59:44,782 - root - INFO - *******测试数据： {'add_size': '0.36', 'id': '70b9fd1d-acb5-4fba-b71c-7b71ad3a14c9', 'volume': 'c9a05909-b11d-4df6-b7cb-78d9bf0f267b', 'project_id': 'ddac080c671b473e885714538fd1ed6e', 'project_name': 'LeonaTestPool1125'}
2021-12-09 13:59:44,808 - root - INFO - *******返回数据： {'code': 1404, 'message': '/v1/storage/volumesc9a05909-b11d-4df6-b7cb-78d9bf0f267b 未找到', 'data': None}
2021-12-09 13:59:44,809 - root - INFO - ********************************************************************************
2021-12-09 13:59:44,842 - root - INFO - ********************************************************************************
2021-12-09 13:59:44,842 - root - INFO - ****************数据盘扩容接口开始****************
2021-12-09 13:59:44,843 - root - INFO - *******测试案例名称： TestCase005_数据盘扩容-add_size为字符串 执行开始********
2021-12-09 13:59:44,843 - root - INFO - *******测试数据： {'add_size': 'abc', 'id': '70b9fd1d-acb5-4fba-b71c-7b71ad3a14c9', 'volume': 'c9a05909-b11d-4df6-b7cb-78d9bf0f267b', 'project_id': 'ddac080c671b473e885714538fd1ed6e', 'project_name': 'LeonaTestPool1125'}
2021-12-09 13:59:44,868 - root - INFO - *******返回数据： {'code': 1404, 'message': '/v1/storage/volumesc9a05909-b11d-4df6-b7cb-78d9bf0f267b 未找到', 'data': None}
2021-12-09 13:59:44,868 - root - INFO - ********************************************************************************
2021-12-09 13:59:44,904 - root - INFO - ********************************************************************************
2021-12-09 13:59:44,904 - root - INFO - ****************数据盘扩容接口开始****************
2021-12-09 13:59:44,905 - root - INFO - *******测试案例名称： TestCase006_数据盘扩容-add_size为超大值 执行开始********
2021-12-09 13:59:44,905 - root - INFO - *******测试数据： {'add_size': '99999999999999999', 'id': '70b9fd1d-acb5-4fba-b71c-7b71ad3a14c9', 'volume': 'c9a05909-b11d-4df6-b7cb-78d9bf0f267b', 'project_id': 'ddac080c671b473e885714538fd1ed6e', 'project_name': 'LeonaTestPool1125'}
2021-12-09 13:59:44,931 - root - INFO - *******返回数据： {'code': 1404, 'message': '/v1/storage/volumesc9a05909-b11d-4df6-b7cb-78d9bf0f267b 未找到', 'data': None}
2021-12-09 13:59:44,932 - root - INFO - ********************************************************************************
2021-12-09 13:59:44,965 - root - INFO - ********************************************************************************
2021-12-09 13:59:44,965 - root - INFO - ****************数据盘扩容接口开始****************
2021-12-09 13:59:44,966 - root - INFO - *******测试案例名称： TestCase007_数据盘扩容-add_size比当前值大1 执行开始********
2021-12-09 13:59:44,966 - root - INFO - *******测试数据： {'add_size': '2', 'id': '70b9fd1d-acb5-4fba-b71c-7b71ad3a14c9', 'volume': 'c9a05909-b11d-4df6-b7cb-78d9bf0f267b', 'project_id': 'ddac080c671b473e885714538fd1ed6e', 'project_name': 'LeonaTestPool1125'}
2021-12-09 13:59:45,019 - root - INFO - *******返回数据： {'code': 1404, 'message': '/v1/storage/volumesc9a05909-b11d-4df6-b7cb-78d9bf0f267b 未找到', 'data': None}
2021-12-09 13:59:45,019 - root - INFO - ********************************************************************************
2021-12-09 13:59:45,337 - root - INFO - **********************************************完成teardown class，退出登录**********************************************
