2021-12-09 17:01:45,331 - root - INFO - **********************************************开始setupClass，进行登录**********************************************
2021-12-09 17:01:52,409 - root - INFO - the sql is : select d.id as diskId, d.name as diskName, d.size as diskSize, d.status as diskStatus,             i.id as vmId, i.name as vmName, i.status as vmStatus, p.id as projectId, p.name as projectName              from  disk d LEFT JOIN cloud_instance i on i.project_id=d.pool_id INNER JOIN cloud_pool p on p.id=d.pool_id           where i.status in (1,3) and d.store_type=0 and d.status=1 ORDER BY d.create_time desc limit 1;
2021-12-09 17:01:52,411 - root - INFO - the params is : ()
2021-12-09 17:01:52,414 - root - INFO - the result data is :{'diskId': 'a2cc278c-43e6-400c-a03e-e3bcf3cab293', 'diskName': 'CloudDisk4CI', 'diskSize': 1024, 'diskStatus': 1, 'vmId': 'ins-b6f3b9cc9f74446089d1cbe2e2065fc3', 'vmName': 'LC3', 'vmStatus': 1, 'projectId': 'ddac080c671b473e885714538fd1ed6e', 'projectName': 'LeonaTestPool1125'}
2021-12-09 17:01:52,991 - root - INFO - ********************************************************************************
2021-12-09 17:01:52,991 - root - INFO - ****************卸载数据盘列表接口开始****************
2021-12-09 17:01:52,992 - root - INFO - *******测试案例名称： TestCase001_卸载数据盘-缺少token 执行开始********
2021-12-09 17:01:52,992 - root - INFO - *******测试数据： {'project_id': 'ddac080c671b473e885714538fd1ed6e', 'project_name': 'LeonaTestPool1125'}
2021-12-09 17:01:53,000 - root - INFO - *******返回数据： {'code': 1005, 'message': '缺少认证信息', 'data': None, 'level': 3}
2021-12-09 17:01:53,001 - root - INFO - *******测试案例名称： TestCase001_卸载数据盘-缺少token 执行完毕********
2021-12-09 17:01:53,001 - root - INFO - ****************卸载数据盘列表接口结束****************
2021-12-09 17:01:53,002 - root - INFO - ********************************************************************************
2021-12-09 17:01:53,006 - root - INFO - ********************************************************************************
2021-12-09 17:01:53,006 - root - INFO - ****************卸载数据盘列表接口开始****************
2021-12-09 17:01:53,007 - root - INFO - *******测试案例名称： TestCase002_卸载数据盘-instance为空 执行开始********
2021-12-09 17:01:53,007 - root - INFO - *******测试数据： {'instance': [''], 'action': 'detach', 'volume': 'bde97a16-23f7-467d-b4ef-e1465389bde5', 'project_id': 'ddac080c671b473e885714538fd1ed6e', 'project_name': 'LeonaTestPool1125'}
2021-12-09 17:01:53,016 - root - INFO - *******返回数据： {'code': 1005, 'message': '缺少认证信息', 'data': None, 'level': 3}
2021-12-09 17:01:53,017 - root - INFO - ********************************************************************************
2021-12-09 17:01:53,096 - root - INFO - ********************************************************************************
2021-12-09 17:01:53,097 - root - INFO - ****************卸载数据盘列表接口开始****************
2021-12-09 17:01:53,097 - root - INFO - *******测试案例名称： TestCase003_卸载数据盘-volume为空 执行开始********
2021-12-09 17:01:53,097 - root - INFO - *******测试数据： {'instance': ['ins-4b28fa544833425ebcff74ad3c1fb618'], 'action': 'detach', 'volume': '', 'project_id': 'ddac080c671b473e885714538fd1ed6e', 'project_name': 'LeonaTestPool1125'}
2021-12-09 17:01:53,106 - root - INFO - *******返回数据： {'code': 1005, 'message': '缺少认证信息', 'data': None, 'level': 3}
2021-12-09 17:01:53,107 - root - INFO - ********************************************************************************
2021-12-09 17:01:53,139 - root - INFO - ********************************************************************************
2021-12-09 17:01:53,140 - root - INFO - ****************卸载数据盘列表接口开始****************
2021-12-09 17:01:53,140 - root - INFO - *******测试案例名称： TestCase003_卸载数据盘-成功 执行开始********
2021-12-09 17:01:53,140 - root - INFO - *******测试数据： {'instance': ['ins-b6f3b9cc9f74446089d1cbe2e2065fc3'], 'action': 'detach', 'volume': 'a2cc278c-43e6-400c-a03e-e3bcf3cab293', 'project_id': 'ddac080c671b473e885714538fd1ed6e', 'project_name': 'LeonaTestPool1125'}
2021-12-09 17:01:53,150 - root - INFO - *******返回数据： {'code': 1005, 'message': '缺少认证信息', 'data': None, 'level': 3}
2021-12-09 17:01:53,150 - root - INFO - ********************************************************************************
2021-12-09 17:01:53,184 - root - INFO - ********************************************************************************
2021-12-09 17:01:53,184 - root - INFO - ****************卸载数据盘列表接口开始****************
2021-12-09 17:01:53,185 - root - INFO - *******测试案例名称： TestCase004_卸载数据盘-重复卸载-失败 执行开始********
2021-12-09 17:01:53,185 - root - INFO - *******测试数据： {'instance': ['ins-b6f3b9cc9f74446089d1cbe2e2065fc3'], 'action': 'detach', 'volume': 'a2cc278c-43e6-400c-a03e-e3bcf3cab293', 'project_id': 'ddac080c671b473e885714538fd1ed6e', 'project_name': 'LeonaTestPool1125'}
2021-12-09 17:01:53,196 - root - INFO - *******返回数据： {'code': 1005, 'message': '缺少认证信息', 'data': None, 'level': 3}
2021-12-09 17:01:53,197 - root - INFO - ********************************************************************************
