2021-12-03 16:38:23,880 - root - INFO - **********************************************开始setupClass，进行登录**********************************************
2021-12-03 16:38:24,193 - root - INFO - ********************************************************************************
2021-12-03 16:38:24,193 - root - INFO - ****************获取存储流量监控接口开始****************
2021-12-03 16:38:24,194 - root - INFO - *******测试案例名称： TestCase001_查看存储流量监控信息 执行开始********
2021-12-03 16:38:24,194 - root - INFO - *******测试数据： {'start_time': 1638518904.194347, 'end_time': 1638520704.194347}
2021-12-03 16:38:24,198 - root - INFO - the sql is : select id,name,storage_limit from cloud_pool WHERE type=1 order by create_time desc limit 1;
2021-12-03 16:38:24,200 - root - INFO - the params is : ()
2021-12-03 16:38:24,202 - root - INFO - the result data is :{'id': '461d48b474aa49edb563cf45ee769639', 'name': 'shepg', 'storage_limit': 10}
2021-12-03 16:38:24,225 - root - INFO - ********************************************************************************
2021-12-03 16:38:24,311 - root - INFO - ********************************************************************************
2021-12-03 16:38:24,312 - root - INFO - ****************获取存储流量监控接口开始****************
2021-12-03 16:38:24,312 - root - INFO - *******测试案例名称： TestCase002_查看存储流量监控信息-缺少token 执行开始********
2021-12-03 16:38:24,313 - root - INFO - *******测试数据： {'end_time': 1638520704.313792, 'start_time': 1638518904.313792}
2021-12-03 16:38:24,317 - root - INFO - the sql is : select id,name,storage_limit from cloud_pool WHERE type=1 order by create_time desc limit 1;
2021-12-03 16:38:24,317 - root - INFO - the params is : ()
2021-12-03 16:38:24,319 - root - INFO - the result data is :{'id': '461d48b474aa49edb563cf45ee769639', 'name': 'shepg', 'storage_limit': 10}
2021-12-03 16:38:24,329 - root - INFO - *******返回数据： {'code': 1005, 'message': '缺少认证信息', 'data': None, 'level': 3}
2021-12-03 16:38:24,329 - root - INFO - *******测试案例名称： TestCase002_查看存储流量监控信息-缺少token 执行完毕********
2021-12-03 16:38:24,330 - root - INFO - ****************获取存储流量监控接口结束****************
2021-12-03 16:38:24,330 - root - INFO - ********************************************************************************
2021-12-03 16:38:24,358 - root - INFO - **********************************************完成teardown class，退出登录**********************************************
