2021-12-08 11:32:55,262 - root - INFO - **********************************************开始setupClass，进行登录**********************************************
2021-12-08 11:33:01,833 - root - INFO - the sql is : select id from disk where store_type=0 and pool_id=%s order by create_time desc limit 1;
2021-12-08 11:33:01,834 - root - INFO - the params is : ddac080c671b473e885714538fd1ed6e
2021-12-08 11:33:01,835 - root - INFO - the result data is :{'id': '29706674-0235-47bf-b62e-aa1a0a515f86'}
2021-12-08 11:33:01,837 - root - INFO - ********************************************************************************
2021-12-08 11:33:01,837 - root - INFO - ****************创建数据盘快照接口开始****************
2021-12-08 11:33:01,838 - root - INFO - *******测试案例名称： TestCase001_新建快照-缺少token 执行开始********
2021-12-08 11:33:01,839 - root - INFO - *******测试数据： {}
2021-12-08 11:33:01,848 - root - INFO - *******返回数据： {'code': 1005, 'message': '缺少认证信息', 'data': None, 'level': 3}
2021-12-08 11:33:01,848 - root - INFO - *******测试案例名称： TestCase001_新建快照-缺少token 执行完毕********
2021-12-08 11:33:01,849 - root - INFO - ****************创建数据盘快照接口结束****************
2021-12-08 11:33:01,850 - root - INFO - ********************************************************************************
2021-12-08 11:33:01,852 - root - INFO - ********************************************************************************
2021-12-08 11:33:01,853 - root - INFO - ****************创建数据盘快照接口开始****************
2021-12-08 11:33:01,853 - root - INFO - *******测试案例名称： TestCase002_新建快照-name为空 执行开始********
2021-12-08 11:33:01,853 - root - INFO - *******测试数据： {'name': '', 'description': 'SnapNameIsNull', 'volume': 'deb69c4a-c212-4d3d-9aeb-806f9941e1b3'}
2021-12-08 11:33:01,904 - root - INFO - *******返回数据： {'code': 1001, 'message': {'name': ['该字段不能为空。']}, 'data': None}
2021-12-08 11:33:01,905 - root - INFO - ********************************************************************************
2021-12-08 11:33:01,982 - root - INFO - ********************************************************************************
2021-12-08 11:33:01,983 - root - INFO - ****************创建数据盘快照接口开始****************
2021-12-08 11:33:01,983 - root - INFO - *******测试案例名称： TestCase003_新建快照-volume为空 执行开始********
2021-12-08 11:33:01,983 - root - INFO - *******测试数据： {'name': 'testSnap', 'description': 'volumeIsNull', 'volume': ''}
2021-12-08 11:33:02,017 - root - INFO - *******返回数据： {'code': 1001, 'message': {'volume': ['Must be a valid UUID.']}, 'data': None}
2021-12-08 11:33:02,017 - root - INFO - ********************************************************************************
2021-12-08 11:33:02,050 - root - INFO - ********************************************************************************
2021-12-08 11:33:02,051 - root - INFO - ****************创建数据盘快照接口开始****************
2021-12-08 11:33:02,051 - root - INFO - *******测试案例名称： TestCase004_新建快照-Des为空 执行开始********
2021-12-08 11:33:02,052 - root - INFO - *******测试数据： {'name': 'SnapDesIsNull', 'description': '', 'volume': 'deb69c4a-c212-4d3d-9aeb-806f9941e1b3'}
2021-12-08 11:33:02,368 - root - INFO - *******返回数据： {'code': 0, 'message': 'success', 'data': None}
2021-12-08 11:33:02,369 - root - INFO - *******测试案例名称： TestCase004_新建快照-Des为空 执行完毕********
2021-12-08 11:33:02,369 - root - INFO - ****************创建数据盘快照接口结束****************
2021-12-08 11:33:02,370 - root - INFO - ********************************************************************************
2021-12-08 11:33:02,372 - root - INFO - ********************************************************************************
2021-12-08 11:33:02,372 - root - INFO - ****************创建数据盘快照接口开始****************
2021-12-08 11:33:02,373 - root - INFO - *******测试案例名称： TestCase005_新建快照-name>32 执行开始********
2021-12-08 11:33:02,373 - root - INFO - *******测试数据： {'name': 'YYDSnapNameOver32CharsYYDSnapNameOver32CharsYYDSnapNameOver32Chars', 'description': '新建快照-name>32', 'volume': 'deb69c4a-c212-4d3d-9aeb-806f9941e1b3'}
2021-12-08 11:33:02,404 - root - INFO - *******返回数据： {'code': 1001, 'message': {'name': ['请确保这个字段不能超过 32 个字符。']}, 'data': None}
2021-12-08 11:33:02,405 - root - INFO - ********************************************************************************
2021-12-08 11:33:02,438 - root - INFO - ********************************************************************************
2021-12-08 11:33:02,439 - root - INFO - ****************创建数据盘快照接口开始****************
2021-12-08 11:33:02,439 - root - INFO - *******测试案例名称： TestCase006_新建快照-name为特殊字符 执行开始********
2021-12-08 11:33:02,440 - root - INFO - *******测试数据： {'name': 'SpeCharforSnap……&*&s', 'description': '新建快照-name为特殊字符', 'volume': 'deb69c4a-c212-4d3d-9aeb-806f9941e1b3'}
2021-12-08 11:33:02,481 - root - INFO - *******返回数据： {'code': 214020, 'message': '快照名称只能输入数字、字母、-、_, 只允许以英文开头', 'data': None, 'level': 3}
2021-12-08 11:33:02,482 - root - INFO - *******测试案例名称： TestCase006_新建快照-name为特殊字符 执行完毕********
2021-12-08 11:33:02,482 - root - INFO - ****************创建数据盘快照接口结束****************
2021-12-08 11:33:02,482 - root - INFO - ********************************************************************************
2021-12-08 11:33:02,485 - root - INFO - ********************************************************************************
2021-12-08 11:33:02,485 - root - INFO - ****************创建数据盘快照接口开始****************
2021-12-08 11:33:02,486 - root - INFO - *******测试案例名称： TestCase007_新建快照-name为中文 执行开始********
2021-12-08 11:33:02,486 - root - INFO - *******测试数据： {'name': 'SpeCharforSnap……&*&s', 'description': '新建快照-name为中文', 'volume': 'deb69c4a-c212-4d3d-9aeb-806f9941e1b3'}
2021-12-08 11:33:02,515 - root - INFO - *******返回数据： {'code': 214020, 'message': '快照名称只能输入数字、字母、-、_, 只允许以英文开头', 'data': None, 'level': 3}
2021-12-08 11:33:02,516 - root - INFO - *******测试案例名称： TestCase007_新建快照-name为中文 执行完毕********
2021-12-08 11:33:02,516 - root - INFO - ****************创建数据盘快照接口结束****************
2021-12-08 11:33:02,517 - root - INFO - ********************************************************************************
2021-12-08 11:33:02,519 - root - INFO - ********************************************************************************
2021-12-08 11:33:02,519 - root - INFO - ****************创建数据盘快照接口开始****************
2021-12-08 11:33:02,520 - root - INFO - *******测试案例名称： TestCase008_新建快照-name以数字开头 执行开始********
2021-12-08 11:33:02,520 - root - INFO - *******测试数据： {'name': '1234567890a', 'description': '新建快照-name以数字开头', 'volume': 'deb69c4a-c212-4d3d-9aeb-806f9941e1b3'}
2021-12-08 11:33:02,553 - root - INFO - *******返回数据： {'code': 214020, 'message': '快照名称只能输入数字、字母、-、_, 只允许以英文开头', 'data': None, 'level': 3}
2021-12-08 11:33:02,553 - root - INFO - *******测试案例名称： TestCase008_新建快照-name以数字开头 执行完毕********
2021-12-08 11:33:02,553 - root - INFO - ****************创建数据盘快照接口结束****************
2021-12-08 11:33:02,554 - root - INFO - ********************************************************************************
2021-12-08 11:33:02,556 - root - INFO - ********************************************************************************
2021-12-08 11:33:02,557 - root - INFO - ****************创建数据盘快照接口开始****************
2021-12-08 11:33:02,557 - root - INFO - *******测试案例名称： TestCase009_新建快照-name以下划线_开头 执行开始********
2021-12-08 11:33:02,557 - root - INFO - *******测试数据： {'name': '_1234567890a', 'description': '新建快照-name以下划线_开头', 'volume': 'deb69c4a-c212-4d3d-9aeb-806f9941e1b3'}
2021-12-08 11:33:02,586 - root - INFO - *******返回数据： {'code': 214020, 'message': '快照名称只能输入数字、字母、-、_, 只允许以英文开头', 'data': None, 'level': 3}
2021-12-08 11:33:02,587 - root - INFO - *******测试案例名称： TestCase009_新建快照-name以下划线_开头 执行完毕********
2021-12-08 11:33:02,587 - root - INFO - ****************创建数据盘快照接口结束****************
2021-12-08 11:33:02,587 - root - INFO - ********************************************************************************
2021-12-08 11:33:02,590 - root - INFO - ********************************************************************************
2021-12-08 11:33:02,590 - root - INFO - ****************创建数据盘快照接口开始****************
2021-12-08 11:33:02,591 - root - INFO - *******测试案例名称： TestCase010_新建快照-name以短横线-开头 执行开始********
2021-12-08 11:33:02,591 - root - INFO - *******测试数据： {'name': '-1234567890a', 'description': '新建快照-name以短横线-开头', 'volume': 'deb69c4a-c212-4d3d-9aeb-806f9941e1b3'}
2021-12-08 11:33:02,642 - root - INFO - *******返回数据： {'code': 214020, 'message': '快照名称只能输入数字、字母、-、_, 只允许以英文开头', 'data': None, 'level': 3}
2021-12-08 11:33:02,642 - root - INFO - *******测试案例名称： TestCase010_新建快照-name以短横线-开头 执行完毕********
2021-12-08 11:33:02,642 - root - INFO - ****************创建数据盘快照接口结束****************
2021-12-08 11:33:02,642 - root - INFO - ********************************************************************************
2021-12-08 11:33:02,645 - root - INFO - ********************************************************************************
2021-12-08 11:33:02,645 - root - INFO - ****************创建数据盘快照接口开始****************
2021-12-08 11:33:02,646 - root - INFO - *******测试案例名称： TestCase011_新建快照-Des>100 执行开始********
2021-12-08 11:33:02,646 - root - INFO - *******测试数据： {'name': 'snapDesOver100', 'description': '新建快照-Des>100', 'volume': 'DesOver100CharDesOver100CharDesOver100CharDesOver100CharDesOver100CharDesOver100CharDesOver100CharDesOver100CharDesOver100Char'}
2021-12-08 11:33:02,923 - root - INFO - *******返回数据： {'code': 0, 'message': 'success', 'data': None}
2021-12-08 11:33:02,924 - root - INFO - ********************************************************************************
2021-12-08 11:33:02,957 - root - INFO - ********************************************************************************
2021-12-08 11:33:02,957 - root - INFO - ****************创建数据盘快照接口开始****************
2021-12-08 11:33:02,958 - root - INFO - *******测试案例名称： TestCase012_新建快照-name=32_Des=100 执行开始********
2021-12-08 11:33:02,958 - root - INFO - *******测试数据： {'name': 'aaaaabbbbbcccccdddddeeeeefffff23', 'description': '新建快照-name=32_Des=100', 'volume': 'DesIs100CharsDesIs100CharsDesIs100CharsDesIs100CharsDesIs100CharsDesIs100CharsDesIs100Chars100Des100'}
2021-12-08 11:33:03,512 - root - INFO - *******返回数据： {'code': 0, 'message': 'success', 'data': None}
2021-12-08 11:33:03,513 - root - INFO - *******测试案例名称： TestCase012_新建快照-name=32_Des=100 执行完毕********
2021-12-08 11:33:03,513 - root - INFO - ****************创建数据盘快照接口结束****************
2021-12-08 11:33:03,513 - root - INFO - ********************************************************************************
2021-12-08 11:33:03,516 - root - INFO - ********************************************************************************
2021-12-08 11:33:03,516 - root - INFO - ****************创建数据盘快照接口开始****************
2021-12-08 11:33:03,517 - root - INFO - *******测试案例名称： TestCase013_新建快照-重名快照_name=32_Des=100 执行开始********
2021-12-08 11:33:03,517 - root - INFO - *******测试数据： {'name': 'aaaaabbbbbcccccdddddeeeeefffff23', 'description': '新建快照-重名快照_name=32_Des=100', 'volume': 'DesIs100CharsDesIs100CharsDesIs100CharsDesIs100CharsDesIs100CharsDesIs100CharsDesIs100Chars100Des100'}
2021-12-08 11:33:03,556 - root - INFO - *******返回数据： {'code': 214005, 'message': '快照名称已经存在', 'data': None, 'level': 3}
2021-12-08 11:33:03,557 - root - INFO - *******测试案例名称： TestCase013_新建快照-重名快照_name=32_Des=100 执行完毕********
2021-12-08 11:33:03,557 - root - INFO - ****************创建数据盘快照接口结束****************
2021-12-08 11:33:03,557 - root - INFO - ********************************************************************************
2021-12-08 11:33:04,932 - root - INFO - **********************************************完成teardown class，退出登录**********************************************
