2021-12-22 17:19:38,423 - root - INFO - **********************************************开始setupClass，进行登录**********************************************
2021-12-22 17:19:44,903 - root - INFO - the sql is : select d.id as diskId, d.name as diskName, d.size as diskSize, d.status as diskStatus,             i.id as vmId, i.name as vmName, i.status as vmStatus, p.id as projectId, p.name as projectName              from  disk d LEFT JOIN cloud_instance i on i.project_id=d.pool_id INNER JOIN cloud_pool p on p.id=d.pool_id           where i.status in (1,3) and d.store_type=0 and d.status=1 ORDER BY d.create_time desc limit 1;
2021-12-22 17:19:44,904 - root - INFO - the params is : ()
2021-12-22 17:19:44,907 - root - INFO - the result data is :{'diskId': 'b0826e00-5ab2-42f5-9e45-80d2fbfce21d', 'diskName': 'CloudDisk4CI', 'diskSize': 1024, 'diskStatus': 1, 'vmId': 'ins-7dbf6f4acabb4a8d9091e32994355f68', 'vmName': 'LC1', 'vmStatus': 1, 'projectId': '3adfec2c1f044e98a41e6c3649651dc8', 'projectName': 'LeonaTestPool1220'}
2021-12-22 17:19:44,908 - root - INFO - ********************************************************************************
2021-12-22 17:19:44,909 - root - INFO - ****************加载数据盘列表接口开始****************
2021-12-22 17:19:44,909 - root - INFO - *******测试案例名称： TestCase001_加载数据盘-volume为空 执行开始********
2021-12-22 17:19:44,909 - root - INFO - *******测试数据： {'volume': '', 'action': 'attach', 'path': '', 'instance': ['ins-7dbf6f4acabb4a8d9091e32994355f68'], 'project_id': '3adfec2c1f044e98a41e6c3649651dc8', 'project_name': 'LeonaTestPool1220'}
2021-12-22 17:19:44,932 - root - INFO - *******返回数据： {'code': 1001, 'message': '请求参数错误', 'data': None, 'level': 2}
2021-12-22 17:19:44,932 - root - INFO - *******测试案例名称： TestCase001_加载数据盘-volume为空 执行完毕********
2021-12-22 17:19:44,932 - root - INFO - ****************加载数据盘列表接口结束****************
2021-12-22 17:19:44,933 - root - INFO - ********************************************************************************
2021-12-22 17:19:44,935 - root - INFO - ********************************************************************************
2021-12-22 17:19:44,935 - root - INFO - ****************加载数据盘列表接口开始****************
2021-12-22 17:19:44,936 - root - INFO - *******测试案例名称： TestCase002_加载数据盘-Path为空 执行开始********
2021-12-22 17:19:44,936 - root - INFO - *******测试数据： {'volume': 'c7735672-0232-42a2-9838-bb0e8cfe4a7b', 'action': 'attach', 'path': '', 'instance': ['ins-7dbf6f4acabb4a8d9091e32994355f68'], 'project_id': '3adfec2c1f044e98a41e6c3649651dc8', 'project_name': 'LeonaTestPool1220'}
2021-12-22 17:19:45,074 - root - INFO - *******返回数据： {'code': 1001, 'message': '请求参数错误', 'data': None, 'level': 2}
2021-12-22 17:19:45,075 - root - INFO - *******测试案例名称： TestCase002_加载数据盘-Path为空 执行完毕********
2021-12-22 17:19:45,075 - root - INFO - ****************加载数据盘列表接口结束****************
2021-12-22 17:19:45,075 - root - INFO - ********************************************************************************
2021-12-22 17:19:45,078 - root - INFO - ********************************************************************************
2021-12-22 17:19:45,078 - root - INFO - ****************加载数据盘列表接口开始****************
2021-12-22 17:19:45,079 - root - INFO - *******测试案例名称： TestCase003_加载数据盘-Path为特殊字符 执行开始********
2021-12-22 17:19:45,079 - root - INFO - *******测试数据： {'volume': 'c7735672-0232-42a2-9838-bb0e8cfe4a7b', 'action': 'attach', 'path': '/mnt/￥%……￥%……', 'instance': ['ins-7dbf6f4acabb4a8d9091e32994355f68'], 'project_id': '3adfec2c1f044e98a41e6c3649651dc8', 'project_name': 'LeonaTestPool1220'}
2021-12-22 17:19:45,226 - root - INFO - *******返回数据： {'code': 214017, 'message': '云硬盘挂载路径不合法', 'data': None, 'level': 3}
2021-12-22 17:19:45,226 - root - INFO - *******测试案例名称： TestCase003_加载数据盘-Path为特殊字符 执行完毕********
2021-12-22 17:19:45,226 - root - INFO - ****************加载数据盘列表接口结束****************
2021-12-22 17:19:45,227 - root - INFO - ********************************************************************************
2021-12-22 17:19:45,229 - root - INFO - ********************************************************************************
2021-12-22 17:19:45,230 - root - INFO - ****************加载数据盘列表接口开始****************
2021-12-22 17:19:45,230 - root - INFO - *******测试案例名称： TestCase003_加载数据盘-Volume不存在 执行开始********
2021-12-22 17:19:45,230 - root - INFO - *******测试数据： {'volume': 'c1111111-1111-1111-1111-111111111111', 'action': 'attach', 'path': '/mnt/￥%……￥%……', 'instance': ['ins-7dbf6f4acabb4a8d9091e32994355f68'], 'project_id': '3adfec2c1f044e98a41e6c3649651dc8', 'project_name': 'LeonaTestPool1220'}
2021-12-22 17:19:45,258 - root - INFO - *******返回数据： {'code': 1, 'message': '服务异常', 'data': None, 'level': 1}
2021-12-22 17:19:45,259 - root - INFO - ********************************************************************************
2021-12-22 17:19:45,336 - root - INFO - ********************************************************************************
2021-12-22 17:19:45,336 - root - INFO - ****************加载数据盘列表接口开始****************
2021-12-22 17:19:45,337 - root - INFO - *******测试案例名称： TestCase004_加载数据盘-Path>128 执行开始********
2021-12-22 17:19:45,337 - root - INFO - *******测试数据： {'volume': 'c7735672-0232-42a2-9838-bb0e8cfe4a7b', 'action': 'attach', 'path': '/mnt/test1/test2/test3/test4/test5/test6/test7/test8/test9/test10/test11/test12/test13/test13/test14/test15/test16/test17/test18/test19', 'instance': ['ins-7dbf6f4acabb4a8d9091e32994355f68'], 'project_id': '3adfec2c1f044e98a41e6c3649651dc8', 'project_name': 'LeonaTestPool1220'}
2021-12-22 17:19:45,489 - root - INFO - *******返回数据： {'code': 214026, 'message': '云硬盘挂载路径过长', 'data': None, 'level': 3}
2021-12-22 17:19:45,490 - root - INFO - *******测试案例名称： TestCase004_加载数据盘-Path>128 执行完毕********
2021-12-22 17:19:45,490 - root - INFO - ****************加载数据盘列表接口结束****************
2021-12-22 17:19:45,490 - root - INFO - ********************************************************************************
2021-12-22 17:19:45,493 - root - INFO - ********************************************************************************
2021-12-22 17:19:45,494 - root - INFO - ****************加载数据盘列表接口开始****************
2021-12-22 17:19:45,494 - root - INFO - *******测试案例名称： TestCase005_加载数据盘-Path=128 执行开始********
2021-12-22 17:19:45,494 - root - INFO - *******测试数据： {'volume': 'c7735672-0232-42a2-9838-bb0e8cfe4a7b', 'action': 'attach', 'path': '/mnt/test1/test2/test3/test4/test5/test6/test7/test8/test9/test10/test11/test12/test13/test13/test14/test15/test16/test17/test18/AAA', 'instance': ['ins-7dbf6f4acabb4a8d9091e32994355f68'], 'project_id': '3adfec2c1f044e98a41e6c3649651dc8', 'project_name': 'LeonaTestPool1220'}
2021-12-22 17:19:48,909 - root - INFO - *******返回数据： {'code': 0, 'message': 'success', 'data': None}
2021-12-22 17:19:48,909 - root - INFO - *******测试案例名称： TestCase005_加载数据盘-Path=128 执行完毕********
2021-12-22 17:19:48,909 - root - INFO - ****************加载数据盘列表接口结束****************
2021-12-22 17:19:48,909 - root - INFO - ********************************************************************************
2021-12-22 17:19:48,912 - root - INFO - ********************************************************************************
2021-12-22 17:19:48,912 - root - INFO - ****************加载数据盘列表接口开始****************
2021-12-22 17:19:48,912 - root - INFO - *******测试案例名称： TestCase006_加载数据盘-同一路径重复加载-Path=128 执行开始********
2021-12-22 17:19:48,913 - root - INFO - *******测试数据： {'volume': 'c7735672-0232-42a2-9838-bb0e8cfe4a7b', 'action': 'attach', 'path': '/mnt/test1/test2/test3/test4/test5/test6/test7/test8/test9/test10/test11/test12/test13/test13/test14/test15/test16/test17/test18/AAA', 'instance': ['ins-7dbf6f4acabb4a8d9091e32994355f68'], 'project_id': '3adfec2c1f044e98a41e6c3649651dc8', 'project_name': 'LeonaTestPool1220'}
2021-12-22 17:19:49,445 - root - INFO - *******返回数据： {'code': 0, 'message': 'success', 'data': None}
2021-12-22 17:19:49,446 - root - INFO - ********************************************************************************
2021-12-22 17:19:49,479 - root - INFO - ********************************************************************************
2021-12-22 17:19:49,479 - root - INFO - ****************加载数据盘列表接口开始****************
2021-12-22 17:19:49,479 - root - INFO - *******测试案例名称： TestCase007_加载数据盘-缺少token 执行开始********
2021-12-22 17:19:49,480 - root - INFO - *******测试数据： {'instance': ['ins-7dbf6f4acabb4a8d9091e32994355f68'], 'project_id': '3adfec2c1f044e98a41e6c3649651dc8', 'project_name': 'LeonaTestPool1220'}
2021-12-22 17:19:49,488 - root - INFO - *******返回数据： {'code': 1005, 'message': '缺少认证信息', 'data': None, 'level': 3}
2021-12-22 17:19:49,488 - root - INFO - *******测试案例名称： TestCase007_加载数据盘-缺少token 执行完毕********
2021-12-22 17:19:49,488 - root - INFO - ****************加载数据盘列表接口结束****************
2021-12-22 17:19:49,488 - root - INFO - ********************************************************************************
2021-12-22 17:19:50,428 - root - INFO - **********************************************完成teardown class，退出登录**********************************************
