2021-12-08 13:56:55,776 - root - INFO - **********************************************开始setupClass，进行登录**********************************************
2021-12-08 13:57:02,410 - root - INFO - the sql is : select id from disk where store_type=0 and pool_id=%s order by create_time desc limit 1;
2021-12-08 13:57:02,410 - root - INFO - the params is : ddac080c671b473e885714538fd1ed6e
2021-12-08 13:57:02,412 - root - INFO - the result data is :{'id': '6dd8b82c-7bdf-486a-802d-151d606cc5ae'}
2021-12-08 13:57:02,413 - root - INFO - ********************************************************************************
2021-12-08 13:57:02,414 - root - INFO - ****************创建数据盘快照接口开始****************
2021-12-08 13:57:02,415 - root - INFO - *******测试案例名称： TestCase001_新建快照-缺少token 执行开始********
2021-12-08 13:57:02,415 - root - INFO - *******测试数据： {}
2021-12-08 13:57:02,425 - root - INFO - *******返回数据： {'code': 1005, 'message': '缺少认证信息', 'data': None, 'level': 3}
2021-12-08 13:57:02,425 - root - INFO - *******测试案例名称： TestCase001_新建快照-缺少token 执行完毕********
2021-12-08 13:57:02,427 - root - INFO - ****************创建数据盘快照接口结束****************
2021-12-08 13:57:02,427 - root - INFO - ********************************************************************************
2021-12-08 13:57:02,430 - root - INFO - ********************************************************************************
2021-12-08 13:57:02,430 - root - INFO - ****************创建数据盘快照接口开始****************
2021-12-08 13:57:02,430 - root - INFO - *******测试案例名称： TestCase002_新建快照-name为空 执行开始********
2021-12-08 13:57:02,431 - root - INFO - *******测试数据： {'name': '', 'description': 'SnapNameIsNull', 'volume': 'deb69c4a-c212-4d3d-9aeb-806f9941e1b3'}
2021-12-08 13:57:02,480 - root - INFO - *******返回数据： {'code': 1001, 'message': {'name': ['该字段不能为空。']}, 'data': None}
2021-12-08 13:57:02,480 - root - INFO - ********************************************************************************
2021-12-08 13:57:02,569 - root - INFO - ********************************************************************************
2021-12-08 13:57:02,570 - root - INFO - ****************创建数据盘快照接口开始****************
2021-12-08 13:57:02,570 - root - INFO - *******测试案例名称： TestCase003_新建快照-volume为空 执行开始********
2021-12-08 13:57:02,570 - root - INFO - *******测试数据： {'name': 'testSnap', 'description': 'volumeIsNull', 'volume': ''}
2021-12-08 13:57:02,636 - root - INFO - *******返回数据： {'code': 1001, 'message': {'volume': ['Must be a valid UUID.']}, 'data': None}
2021-12-08 13:57:02,637 - root - INFO - ********************************************************************************
2021-12-08 13:57:02,680 - root - INFO - ********************************************************************************
2021-12-08 13:57:02,680 - root - INFO - ****************创建数据盘快照接口开始****************
2021-12-08 13:57:02,681 - root - INFO - *******测试案例名称： TestCase004_新建快照-Des为空 执行开始********
2021-12-08 13:57:02,681 - root - INFO - *******测试数据： {'name': 'SnapDesIsNull', 'description': '', 'volume': 'deb69c4a-c212-4d3d-9aeb-806f9941e1b3'}
2021-12-08 13:57:03,082 - root - INFO - *******返回数据： {'code': 0, 'message': 'success', 'data': None}
2021-12-08 13:57:03,083 - root - INFO - *******测试案例名称： TestCase004_新建快照-Des为空 执行完毕********
2021-12-08 13:57:03,083 - root - INFO - ****************创建数据盘快照接口结束****************
2021-12-08 13:57:03,084 - root - INFO - ********************************************************************************
2021-12-08 13:57:03,086 - root - INFO - ********************************************************************************
2021-12-08 13:57:03,087 - root - INFO - ****************创建数据盘快照接口开始****************
2021-12-08 13:57:03,087 - root - INFO - *******测试案例名称： TestCase005_新建快照-name>32 执行开始********
2021-12-08 13:57:03,088 - root - INFO - *******测试数据： {'name': 'YYDSnapNameOver32CharsYYDSnapNameOver32CharsYYDSnapNameOver32Chars', 'description': '新建快照-name>32', 'volume': 'deb69c4a-c212-4d3d-9aeb-806f9941e1b3'}
2021-12-08 13:57:03,134 - root - INFO - *******返回数据： {'code': 1001, 'message': {'name': ['请确保这个字段不能超过 32 个字符。']}, 'data': None}
2021-12-08 13:57:03,134 - root - INFO - ********************************************************************************
2021-12-08 13:57:03,178 - root - INFO - ********************************************************************************
2021-12-08 13:57:03,179 - root - INFO - ****************创建数据盘快照接口开始****************
2021-12-08 13:57:03,179 - root - INFO - *******测试案例名称： TestCase006_新建快照-name为特殊字符 执行开始********
2021-12-08 13:57:03,179 - root - INFO - *******测试数据： {'name': 'SpeCharforSnap……&*&s', 'description': '新建快照-name为特殊字符', 'volume': 'deb69c4a-c212-4d3d-9aeb-806f9941e1b3'}
2021-12-08 13:57:03,227 - root - INFO - *******返回数据： {'code': 214020, 'message': '快照名称只能输入数字、字母、-、_, 只允许以英文开头', 'data': None, 'level': 3}
2021-12-08 13:57:03,227 - root - INFO - *******测试案例名称： TestCase006_新建快照-name为特殊字符 执行完毕********
2021-12-08 13:57:03,227 - root - INFO - ****************创建数据盘快照接口结束****************
2021-12-08 13:57:03,228 - root - INFO - ********************************************************************************
2021-12-08 13:57:03,230 - root - INFO - ********************************************************************************
2021-12-08 13:57:03,231 - root - INFO - ****************创建数据盘快照接口开始****************
2021-12-08 13:57:03,231 - root - INFO - *******测试案例名称： TestCase007_新建快照-name为中文 执行开始********
2021-12-08 13:57:03,231 - root - INFO - *******测试数据： {'name': 'SpeCharforSnap……&*&s', 'description': '新建快照-name为中文', 'volume': 'deb69c4a-c212-4d3d-9aeb-806f9941e1b3'}
2021-12-08 13:57:03,266 - root - INFO - *******返回数据： {'code': 214020, 'message': '快照名称只能输入数字、字母、-、_, 只允许以英文开头', 'data': None, 'level': 3}
2021-12-08 13:57:03,266 - root - INFO - *******测试案例名称： TestCase007_新建快照-name为中文 执行完毕********
2021-12-08 13:57:03,266 - root - INFO - ****************创建数据盘快照接口结束****************
2021-12-08 13:57:03,267 - root - INFO - ********************************************************************************
2021-12-08 13:57:03,269 - root - INFO - ********************************************************************************
2021-12-08 13:57:03,270 - root - INFO - ****************创建数据盘快照接口开始****************
2021-12-08 13:57:03,270 - root - INFO - *******测试案例名称： TestCase008_新建快照-name以数字开头 执行开始********
2021-12-08 13:57:03,271 - root - INFO - *******测试数据： {'name': '1234567890a', 'description': '新建快照-name以数字开头', 'volume': 'deb69c4a-c212-4d3d-9aeb-806f9941e1b3'}
2021-12-08 13:57:03,308 - root - INFO - *******返回数据： {'code': 214020, 'message': '快照名称只能输入数字、字母、-、_, 只允许以英文开头', 'data': None, 'level': 3}
2021-12-08 13:57:03,309 - root - INFO - *******测试案例名称： TestCase008_新建快照-name以数字开头 执行完毕********
2021-12-08 13:57:03,309 - root - INFO - ****************创建数据盘快照接口结束****************
2021-12-08 13:57:03,310 - root - INFO - ********************************************************************************
2021-12-08 13:57:03,312 - root - INFO - ********************************************************************************
2021-12-08 13:57:03,313 - root - INFO - ****************创建数据盘快照接口开始****************
2021-12-08 13:57:03,313 - root - INFO - *******测试案例名称： TestCase009_新建快照-name以下划线_开头 执行开始********
2021-12-08 13:57:03,314 - root - INFO - *******测试数据： {'name': '_1234567890a', 'description': '新建快照-name以下划线_开头', 'volume': 'deb69c4a-c212-4d3d-9aeb-806f9941e1b3'}
2021-12-08 13:57:03,358 - root - INFO - *******返回数据： {'code': 214020, 'message': '快照名称只能输入数字、字母、-、_, 只允许以英文开头', 'data': None, 'level': 3}
2021-12-08 13:57:03,359 - root - INFO - *******测试案例名称： TestCase009_新建快照-name以下划线_开头 执行完毕********
2021-12-08 13:57:03,359 - root - INFO - ****************创建数据盘快照接口结束****************
2021-12-08 13:57:03,360 - root - INFO - ********************************************************************************
2021-12-08 13:57:03,362 - root - INFO - ********************************************************************************
2021-12-08 13:57:03,363 - root - INFO - ****************创建数据盘快照接口开始****************
2021-12-08 13:57:03,363 - root - INFO - *******测试案例名称： TestCase010_新建快照-name以短横线-开头 执行开始********
2021-12-08 13:57:03,364 - root - INFO - *******测试数据： {'name': '-1234567890a', 'description': '新建快照-name以短横线-开头', 'volume': 'deb69c4a-c212-4d3d-9aeb-806f9941e1b3'}
2021-12-08 13:57:03,406 - root - INFO - *******返回数据： {'code': 214020, 'message': '快照名称只能输入数字、字母、-、_, 只允许以英文开头', 'data': None, 'level': 3}
2021-12-08 13:57:03,406 - root - INFO - *******测试案例名称： TestCase010_新建快照-name以短横线-开头 执行完毕********
2021-12-08 13:57:03,406 - root - INFO - ****************创建数据盘快照接口结束****************
2021-12-08 13:57:03,407 - root - INFO - ********************************************************************************
2021-12-08 13:57:03,410 - root - INFO - ********************************************************************************
2021-12-08 13:57:03,410 - root - INFO - ****************创建数据盘快照接口开始****************
2021-12-08 13:57:03,411 - root - INFO - *******测试案例名称： TestCase011_新建快照-Des>100 执行开始********
2021-12-08 13:57:03,411 - root - INFO - *******测试数据： {'name': 'snapDesOver100', 'description': 'DesOver100CharDesOver100CharDesOver100CharDesOver100CharDesOver100CharDesOver100CharDesOver100CharDesOver100CharDesOver100Char', 'volume': ''}
2021-12-08 13:57:03,444 - root - INFO - *******返回数据： {'code': 1001, 'message': {'description': ['请确保这个字段不能超过 100 个字符。']}, 'data': None}
2021-12-08 13:57:03,445 - root - INFO - ********************************************************************************
2021-12-08 13:57:03,488 - root - INFO - ********************************************************************************
2021-12-08 13:57:03,489 - root - INFO - ****************创建数据盘快照接口开始****************
2021-12-08 13:57:03,489 - root - INFO - *******测试案例名称： TestCase012_新建快照-name=32_Des=100 执行开始********
2021-12-08 13:57:03,489 - root - INFO - *******测试数据： {'name': 'aaaaabbbbbcccccdddddeeeeefffff23', 'description': 'DesIs100CharsDesIs100CharsDesIs100CharsDesIs100CharsDesIs100CharsDesIs100CharsDesIs100Chars100Des100', 'volume': ''}
2021-12-08 13:57:03,809 - root - INFO - *******返回数据： {'code': 0, 'message': 'success', 'data': None}
2021-12-08 13:57:03,809 - root - INFO - *******测试案例名称： TestCase012_新建快照-name=32_Des=100 执行完毕********
2021-12-08 13:57:03,809 - root - INFO - ****************创建数据盘快照接口结束****************
2021-12-08 13:57:03,810 - root - INFO - ********************************************************************************
2021-12-08 13:57:03,812 - root - INFO - ********************************************************************************
2021-12-08 13:57:03,813 - root - INFO - ****************创建数据盘快照接口开始****************
2021-12-08 13:57:03,813 - root - INFO - *******测试案例名称： TestCase013_新建快照-重名快照_name=32_Des=100 执行开始********
2021-12-08 13:57:03,813 - root - INFO - *******测试数据： {'name': 'aaaaabbbbbcccccdddddeeeeefffff23', 'description': 'DesIs100CharsDesIs100CharsDesIs100CharsDesIs100CharsDesIs100CharsDesIs100CharsDesIs100Chars100Des100', 'volume': ''}
2021-12-08 13:57:03,846 - root - INFO - *******返回数据： {'code': 214005, 'message': '快照名称已经存在', 'data': None, 'level': 3}
2021-12-08 13:57:03,847 - root - INFO - *******测试案例名称： TestCase013_新建快照-重名快照_name=32_Des=100 执行完毕********
2021-12-08 13:57:03,847 - root - INFO - ****************创建数据盘快照接口结束****************
2021-12-08 13:57:03,848 - root - INFO - ********************************************************************************
2021-12-08 13:57:04,915 - root - INFO - **********************************************完成teardown class，退出登录**********************************************
