2021-12-09 17:09:12,450 - root - INFO - **********************************************开始setupClass，进行登录**********************************************
2021-12-09 17:09:18,899 - root - INFO - the sql is : select d.id as diskId, d.name as diskName, d.size as diskSize, d.status as diskStatus,             i.id as vmId, i.name as vmName, i.status as vmStatus, p.id as projectId, p.name as projectName              from  disk d LEFT JOIN cloud_instance i on i.project_id=d.pool_id INNER JOIN cloud_pool p on p.id=d.pool_id           where i.status in (1,3) and d.store_type=0 and d.status=1 ORDER BY d.create_time desc limit 1;
2021-12-09 17:09:18,901 - root - INFO - the params is : ()
2021-12-09 17:09:18,904 - root - INFO - the result data is :{'diskId': '5fa565d5-db73-47b7-8b93-5046bcfb5a05', 'diskName': 'CloudDisk4Detach', 'diskSize': 1024, 'diskStatus': 1, 'vmId': 'ins-b6f3b9cc9f74446089d1cbe2e2065fc3', 'vmName': 'LC3', 'vmStatus': 1, 'projectId': 'ddac080c671b473e885714538fd1ed6e', 'projectName': 'LeonaTestPool1125'}
2021-12-09 17:09:19,506 - root - INFO - ********************************************************************************
2021-12-09 17:09:19,507 - root - INFO - ****************卸载数据盘列表接口开始****************
2021-12-09 17:09:19,507 - root - INFO - *******测试案例名称： TestCase001_卸载数据盘-缺少token 执行开始********
2021-12-09 17:09:19,508 - root - INFO - *******测试数据： {'project_id': 'ddac080c671b473e885714538fd1ed6e', 'project_name': 'LeonaTestPool1125'}
2021-12-09 17:09:19,518 - root - INFO - *******返回数据： {'code': 1005, 'message': '缺少认证信息', 'data': None, 'level': 3}
2021-12-09 17:09:19,518 - root - INFO - *******测试案例名称： TestCase001_卸载数据盘-缺少token 执行完毕********
2021-12-09 17:09:19,518 - root - INFO - ****************卸载数据盘列表接口结束****************
2021-12-09 17:09:19,519 - root - INFO - ********************************************************************************
2021-12-09 17:09:19,522 - root - INFO - ********************************************************************************
2021-12-09 17:09:19,522 - root - INFO - ****************卸载数据盘列表接口开始****************
2021-12-09 17:09:19,523 - root - INFO - *******测试案例名称： TestCase002_卸载数据盘-instance为空 执行开始********
2021-12-09 17:09:19,523 - root - INFO - *******测试数据： {'instance': [''], 'action': 'detach', 'volume': 'bde97a16-23f7-467d-b4ef-e1465389bde5', 'project_id': 'ddac080c671b473e885714538fd1ed6e', 'project_name': 'LeonaTestPool1125'}
2021-12-09 17:09:19,550 - root - INFO - *******返回数据： {'code': 1001, 'message': '请求参数错误', 'data': None, 'level': 2}
2021-12-09 17:09:19,551 - root - INFO - *******测试案例名称： TestCase002_卸载数据盘-instance为空 执行完毕********
2021-12-09 17:09:19,551 - root - INFO - ****************卸载数据盘列表接口结束****************
2021-12-09 17:09:19,552 - root - INFO - ********************************************************************************
2021-12-09 17:09:19,554 - root - INFO - ********************************************************************************
2021-12-09 17:09:19,555 - root - INFO - ****************卸载数据盘列表接口开始****************
2021-12-09 17:09:19,555 - root - INFO - *******测试案例名称： TestCase003_卸载数据盘-volume为空 执行开始********
2021-12-09 17:09:19,556 - root - INFO - *******测试数据： {'instance': ['ins-4b28fa544833425ebcff74ad3c1fb618'], 'action': 'detach', 'volume': '', 'project_id': 'ddac080c671b473e885714538fd1ed6e', 'project_name': 'LeonaTestPool1125'}
2021-12-09 17:09:19,584 - root - INFO - *******返回数据： {'code': 1001, 'message': '请求参数错误', 'data': None, 'level': 2}
2021-12-09 17:09:19,585 - root - INFO - *******测试案例名称： TestCase003_卸载数据盘-volume为空 执行完毕********
2021-12-09 17:09:19,585 - root - INFO - ****************卸载数据盘列表接口结束****************
2021-12-09 17:09:19,586 - root - INFO - ********************************************************************************
2021-12-09 17:09:19,589 - root - INFO - ********************************************************************************
2021-12-09 17:09:19,589 - root - INFO - ****************卸载数据盘列表接口开始****************
2021-12-09 17:09:19,589 - root - INFO - *******测试案例名称： TestCase003_卸载数据盘-成功 执行开始********
2021-12-09 17:09:19,590 - root - INFO - *******测试数据： {'instance': ['ins-b6f3b9cc9f74446089d1cbe2e2065fc3'], 'action': 'detach', 'volume': '5fa565d5-db73-47b7-8b93-5046bcfb5a05', 'project_id': 'ddac080c671b473e885714538fd1ed6e', 'project_name': 'LeonaTestPool1125'}
2021-12-09 17:09:19,789 - root - INFO - *******返回数据： {'code': 0, 'message': 'success', 'data': None}
2021-12-09 17:09:19,790 - root - INFO - *******测试案例名称： TestCase003_卸载数据盘-成功 执行完毕********
2021-12-09 17:09:19,790 - root - INFO - ****************卸载数据盘列表接口结束****************
2021-12-09 17:09:19,791 - root - INFO - ********************************************************************************
2021-12-09 17:09:19,793 - root - INFO - ********************************************************************************
2021-12-09 17:09:19,794 - root - INFO - ****************卸载数据盘列表接口开始****************
2021-12-09 17:09:19,794 - root - INFO - *******测试案例名称： TestCase004_卸载数据盘-重复卸载-失败 执行开始********
2021-12-09 17:09:19,795 - root - INFO - *******测试数据： {'instance': ['ins-b6f3b9cc9f74446089d1cbe2e2065fc3'], 'action': 'detach', 'volume': '5fa565d5-db73-47b7-8b93-5046bcfb5a05', 'project_id': 'ddac080c671b473e885714538fd1ed6e', 'project_name': 'LeonaTestPool1125'}
2021-12-09 17:09:20,590 - root - INFO - *******返回数据： {'code': 0, 'message': 'success', 'data': None}
2021-12-09 17:09:20,590 - root - INFO - ********************************************************************************
2021-12-09 17:09:21,315 - root - INFO - **********************************************完成teardown class，退出登录**********************************************
