2021-12-22 17:10:56,550 - root - INFO - **********************************************开始setupClass，进行登录**********************************************
2021-12-22 17:11:01,890 - root - INFO - the sql is : SELECT snapshot_id, name from `storage_snapshot` WHERE snapshot_type="pool" and pool_id=%s order by create_time DESC limit 1;
2021-12-22 17:11:01,891 - root - INFO - the params is : 3adfec2c1f044e98a41e6c3649651dc8
2021-12-22 17:11:01,892 - root - INFO - the result data is :{'snapshot_id': '9526497e-fc3b-4daf-abcb-59c958df2d84', 'name': 'poolSnap4LeonaTestPool1220'}
2021-12-22 17:11:01,894 - root - INFO - ********************************************************************************
2021-12-22 17:11:01,895 - root - INFO - ****************回滚业务池快照接口开始****************
2021-12-22 17:11:01,895 - root - INFO - *******请求地址： http://192.168.5.170/v1/storage/snapshots/pool/9526497e-fc3b-4daf-abcb-59c958df2d84
2021-12-22 17:11:01,896 - root - INFO - *******测试案例名称： TestCase001_回滚业务池快照-缺少token 执行开始********
2021-12-22 17:11:01,896 - root - INFO - *******测试数据： {}
2021-12-22 17:11:01,905 - root - INFO - *******返回数据： {'code': 1005, 'message': '缺少认证信息', 'data': None, 'level': 3}
2021-12-22 17:11:01,907 - root - INFO - *******测试案例名称： TestCase001_回滚业务池快照-缺少token 执行完毕********
2021-12-22 17:11:01,908 - root - INFO - ****************回滚业务池快照接口结束****************
2021-12-22 17:11:01,908 - root - INFO - ********************************************************************************
2021-12-22 17:11:01,911 - root - INFO - ********************************************************************************
2021-12-22 17:11:01,911 - root - INFO - ****************回滚业务池快照接口开始****************
2021-12-22 17:11:01,911 - root - INFO - *******请求地址： http://192.168.5.170/v1/storage/snapshots/pool/9526497e-fc3b-4daf-abcb-59c958df2d84
2021-12-22 17:11:01,912 - root - INFO - *******测试案例名称： TestCase002_回滚业务池快照-name为空 执行开始********
2021-12-22 17:11:01,912 - root - INFO - *******测试数据： {'name': '', 'is_start': 'true'}
2021-12-22 17:11:01,939 - root - INFO - *******返回数据： {'code': 1001, 'message': '参数错误', 'data': {'name': ['该字段不能为空。']}}
2021-12-22 17:11:01,939 - root - INFO - *******测试案例名称： TestCase002_回滚业务池快照-name为空 执行完毕********
2021-12-22 17:11:01,939 - root - INFO - ****************回滚业务池快照接口结束****************
2021-12-22 17:11:01,940 - root - INFO - ********************************************************************************
2021-12-22 17:11:01,943 - root - INFO - ********************************************************************************
2021-12-22 17:11:01,943 - root - INFO - ****************回滚业务池快照接口开始****************
2021-12-22 17:11:01,943 - root - INFO - *******请求地址： http://192.168.5.170/v1/storage/snapshots/pool/9526497e-fc3b-4daf-abcb-59c958df2d84
2021-12-22 17:11:01,944 - root - INFO - *******测试案例名称： TestCase003_回滚业务池快照-成功 执行开始********
2021-12-22 17:11:01,944 - root - INFO - *******测试数据： {'name': 'poolSnap4LeonaTestPool1220', 'is_start': 'true'}
2021-12-22 17:11:03,893 - root - INFO - *******返回数据： {'code': 0, 'message': 'success', 'data': None}
2021-12-22 17:11:03,894 - root - INFO - *******测试案例名称： TestCase003_回滚业务池快照-成功 执行完毕********
2021-12-22 17:11:03,894 - root - INFO - ****************回滚业务池快照接口结束****************
2021-12-22 17:11:03,894 - root - INFO - ********************************************************************************
2021-12-22 17:11:03,918 - root - INFO - **********************************************完成teardown class，退出登录**********************************************
