2021-12-06 17:44:44,204 - root - INFO - **********************************************开始setupClass，进行登录**********************************************
2021-12-06 17:44:44,502 - root - INFO - ********************************************************************************
2021-12-06 17:44:44,502 - root - INFO - ****************编辑数据盘列表接口开始****************
2021-12-06 17:44:44,503 - root - INFO - *******测试案例名称： TestCase001_编辑数据盘-name为空 执行开始********
2021-12-06 17:44:45,116 - root - INFO - *******测试数据： {'name': '', 'description': '编辑数据盘-name为空', 'id': 'bda64c37-4a8d-44a3-bffc-b7cdff65d943', 'size': 1024, 'disk_type': 0, 'disk_status': 1, 'share_vol': 1, 'created_time': '2021-12-03 10:28:16', 'is_snapshoted': 0, 'instances': [None], 'path': [{'diskdetailmodel__path': None}], 'project_name': 'test_wang', 'project_id': 'e6451dede2ed41c08b5049b40d5b1daf', 'pool_name': 'test_wang'}
2021-12-06 17:44:45,145 - root - INFO - *******返回数据： {'code': 1001, 'message': '请求参数错误', 'data': None, 'level': 2}
2021-12-06 17:44:45,146 - root - INFO - *******测试案例名称： TestCase001_编辑数据盘-name为空 执行完毕********
2021-12-06 17:44:45,146 - root - INFO - ****************编辑数据盘列表接口结束****************
2021-12-06 17:44:45,147 - root - INFO - ********************************************************************************
2021-12-06 17:44:45,156 - root - INFO - ********************************************************************************
2021-12-06 17:44:45,157 - root - INFO - ****************编辑数据盘列表接口开始****************
2021-12-06 17:44:45,157 - root - INFO - *******测试案例名称： TestCase002_编辑数据盘-name为特殊字符 执行开始********
2021-12-06 17:44:45,756 - root - INFO - *******测试数据： {'name': '@￥@#%￥#%￥', 'description': '编辑数据盘-name为特殊字符', 'id': 'bda64c37-4a8d-44a3-bffc-b7cdff65d943', 'size': 1024, 'disk_type': 0, 'disk_status': 1, 'share_vol': 1, 'created_time': '2021-12-03 10:28:16', 'is_snapshoted': 0, 'instances': [None], 'path': [{'diskdetailmodel__path': None}], 'project_name': 'test_wang', 'project_id': 'e6451dede2ed41c08b5049b40d5b1daf', 'pool_name': 'test_wang'}
2021-12-06 17:44:45,777 - root - INFO - *******返回数据： {'code': 214024, 'message': '云硬盘名称只能输入字母、数字、汉字、横线以及下划线', 'data': None, 'level': 3}
2021-12-06 17:44:45,777 - root - INFO - *******测试案例名称： TestCase002_编辑数据盘-name为特殊字符 执行完毕********
2021-12-06 17:44:45,778 - root - INFO - ****************编辑数据盘列表接口结束****************
2021-12-06 17:44:45,778 - root - INFO - ********************************************************************************
2021-12-06 17:44:45,786 - root - INFO - ********************************************************************************
2021-12-06 17:44:45,786 - root - INFO - ****************编辑数据盘列表接口开始****************
2021-12-06 17:44:45,787 - root - INFO - *******测试案例名称： TestCase003_编辑数据盘-name为中文名称 执行开始********
2021-12-06 17:44:46,378 - root - INFO - *******测试数据： {'name': '中文名称数据盘', 'description': '编辑数据盘-name为中文名称', 'id': 'bda64c37-4a8d-44a3-bffc-b7cdff65d943', 'size': 1024, 'disk_type': 0, 'disk_status': 1, 'share_vol': 1, 'created_time': '2021-12-03 10:28:16', 'is_snapshoted': 0, 'instances': [None], 'path': [{'diskdetailmodel__path': None}], 'project_name': 'test_wang', 'project_id': 'e6451dede2ed41c08b5049b40d5b1daf', 'pool_name': 'test_wang'}
2021-12-06 17:44:46,417 - root - INFO - *******返回数据： {'code': 0, 'message': 'success', 'data': {'name': '中文名称数据盘', 'description': '编辑数据盘-name为中文名称'}}
2021-12-06 17:44:46,417 - root - INFO - *******测试案例名称： TestCase003_编辑数据盘-name为中文名称 执行完毕********
2021-12-06 17:44:46,418 - root - INFO - ****************编辑数据盘列表接口结束****************
2021-12-06 17:44:46,418 - root - INFO - ********************************************************************************
2021-12-06 17:44:46,434 - root - INFO - ********************************************************************************
2021-12-06 17:44:46,434 - root - INFO - ****************编辑数据盘列表接口开始****************
2021-12-06 17:44:46,435 - root - INFO - *******测试案例名称： TestCase004_编辑数据盘-name为数字 执行开始********
2021-12-06 17:44:47,020 - root - INFO - *******测试数据： {'name': '123456', 'description': '编辑数据盘-name为数字', 'id': 'bda64c37-4a8d-44a3-bffc-b7cdff65d943', 'size': 1024, 'disk_type': 0, 'disk_status': 1, 'share_vol': 1, 'created_time': '2021-12-03 10:28:16', 'is_snapshoted': 0, 'instances': [None], 'path': [{'diskdetailmodel__path': None}], 'project_name': 'test_wang', 'project_id': 'e6451dede2ed41c08b5049b40d5b1daf', 'pool_name': 'test_wang'}
2021-12-06 17:44:47,054 - root - INFO - *******返回数据： {'code': 0, 'message': 'success', 'data': {'name': '123456', 'description': '编辑数据盘-name为数字'}}
2021-12-06 17:44:47,054 - root - INFO - *******测试案例名称： TestCase004_编辑数据盘-name为数字 执行完毕********
2021-12-06 17:44:47,055 - root - INFO - ****************编辑数据盘列表接口结束****************
2021-12-06 17:44:47,055 - root - INFO - ********************************************************************************
2021-12-06 17:44:47,060 - root - INFO - ********************************************************************************
2021-12-06 17:44:47,060 - root - INFO - ****************编辑数据盘列表接口开始****************
2021-12-06 17:44:47,061 - root - INFO - *******测试案例名称： TestCase005_编辑数据盘-name为下划线 执行开始********
2021-12-06 17:44:47,610 - root - INFO - *******测试数据： {'name': '______', 'description': '编辑数据盘-name为下划线', 'id': 'bda64c37-4a8d-44a3-bffc-b7cdff65d943', 'size': 1024, 'disk_type': 0, 'disk_status': 1, 'share_vol': 1, 'created_time': '2021-12-03 10:28:16', 'is_snapshoted': 0, 'instances': [None], 'path': [{'diskdetailmodel__path': None}], 'project_name': 'test_wang', 'project_id': 'e6451dede2ed41c08b5049b40d5b1daf', 'pool_name': 'test_wang'}
2021-12-06 17:44:47,641 - root - INFO - *******返回数据： {'code': 0, 'message': 'success', 'data': {'name': '______', 'description': '编辑数据盘-name为下划线'}}
2021-12-06 17:44:47,642 - root - INFO - *******测试案例名称： TestCase005_编辑数据盘-name为下划线 执行完毕********
2021-12-06 17:44:47,642 - root - INFO - ****************编辑数据盘列表接口结束****************
2021-12-06 17:44:47,642 - root - INFO - ********************************************************************************
2021-12-06 17:44:47,658 - root - INFO - ********************************************************************************
2021-12-06 17:44:47,658 - root - INFO - ****************编辑数据盘列表接口开始****************
2021-12-06 17:44:47,658 - root - INFO - *******测试案例名称： TestCase006_编辑数据盘-name为短横线 执行开始********
2021-12-06 17:44:48,208 - root - INFO - *******测试数据： {'name': '-----', 'description': '编辑数据盘-name为下划线', 'id': 'bda64c37-4a8d-44a3-bffc-b7cdff65d943', 'size': 1024, 'disk_type': 0, 'disk_status': 1, 'share_vol': 1, 'created_time': '2021-12-03 10:28:16', 'is_snapshoted': 0, 'instances': [None], 'path': [{'diskdetailmodel__path': None}], 'project_name': 'test_wang', 'project_id': 'e6451dede2ed41c08b5049b40d5b1daf', 'pool_name': 'test_wang'}
2021-12-06 17:44:48,254 - root - INFO - *******返回数据： {'code': 0, 'message': 'success', 'data': {'name': '-----', 'description': '编辑数据盘-name为下划线'}}
2021-12-06 17:44:48,255 - root - INFO - *******测试案例名称： TestCase006_编辑数据盘-name为短横线 执行完毕********
2021-12-06 17:44:48,255 - root - INFO - ****************编辑数据盘列表接口结束****************
2021-12-06 17:44:48,255 - root - INFO - ********************************************************************************
2021-12-06 17:44:48,266 - root - INFO - ********************************************************************************
2021-12-06 17:44:48,266 - root - INFO - ****************编辑数据盘列表接口开始****************
2021-12-06 17:44:48,267 - root - INFO - *******测试案例名称： TestCase007_编辑数据盘-name超过32个字符 执行开始********
2021-12-06 17:44:48,841 - root - INFO - *******测试数据： {'name': 'DatanameIsOver32DatanameIsOve32DatanameOver32', 'description': '编辑数据盘-name超过32个字符', 'id': 'bda64c37-4a8d-44a3-bffc-b7cdff65d943', 'size': 1024, 'disk_type': 0, 'disk_status': 1, 'share_vol': 1, 'created_time': '2021-12-03 10:28:16', 'is_snapshoted': 0, 'instances': [None], 'path': [{'diskdetailmodel__path': None}], 'project_name': 'test_wang', 'project_id': 'e6451dede2ed41c08b5049b40d5b1daf', 'pool_name': 'test_wang'}
2021-12-06 17:44:48,863 - root - INFO - *******返回数据： {'code': 1001, 'message': '请求参数错误', 'data': None, 'level': 2}
2021-12-06 17:44:48,863 - root - INFO - *******测试案例名称： TestCase007_编辑数据盘-name超过32个字符 执行完毕********
2021-12-06 17:44:48,864 - root - INFO - ****************编辑数据盘列表接口结束****************
2021-12-06 17:44:48,864 - root - INFO - ********************************************************************************
2021-12-06 17:44:48,876 - root - INFO - ********************************************************************************
2021-12-06 17:44:48,876 - root - INFO - ****************编辑数据盘列表接口开始****************
2021-12-06 17:44:48,876 - root - INFO - *******测试案例名称： TestCase008_编辑数据盘-name等于32个字符 执行开始********
2021-12-06 17:44:49,474 - root - INFO - *******测试数据： {'name': 'DatanameIs32DatanameIs32Dataname', 'description': '编辑数据盘-name等于32个字符', 'id': 'bda64c37-4a8d-44a3-bffc-b7cdff65d943', 'size': 1024, 'disk_type': 0, 'disk_status': 1, 'share_vol': 1, 'created_time': '2021-12-03 10:28:16', 'is_snapshoted': 0, 'instances': [None], 'path': [{'diskdetailmodel__path': None}], 'project_name': 'test_wang', 'project_id': 'e6451dede2ed41c08b5049b40d5b1daf', 'pool_name': 'test_wang'}
2021-12-06 17:44:49,525 - root - INFO - *******返回数据： {'code': 0, 'message': 'success', 'data': {'name': 'DatanameIs32DatanameIs32Dataname', 'description': '编辑数据盘-name等于32个字符'}}
2021-12-06 17:44:49,525 - root - INFO - *******测试案例名称： TestCase008_编辑数据盘-name等于32个字符 执行完毕********
2021-12-06 17:44:49,525 - root - INFO - ****************编辑数据盘列表接口结束****************
2021-12-06 17:44:49,526 - root - INFO - ********************************************************************************
2021-12-06 17:44:49,542 - root - INFO - ********************************************************************************
2021-12-06 17:44:49,542 - root - INFO - ****************编辑数据盘列表接口开始****************
2021-12-06 17:44:49,542 - root - INFO - *******测试案例名称： TestCase009_查看云硬盘列表-缺少token 执行开始********
2021-12-06 17:44:50,070 - root - INFO - *******测试数据： {'storage_limit': 10, 'add_size': 0, 'project_id': 'e6451dede2ed41c08b5049b40d5b1daf', 'id': 'bda64c37-4a8d-44a3-bffc-b7cdff65d943', 'size': 1024, 'disk_type': 0, 'disk_status': 1, 'share_vol': 1, 'created_time': '2021-12-03 10:28:16', 'is_snapshoted': 0, 'instances': [None], 'path': [{'diskdetailmodel__path': None}], 'project_name': 'test_wang', 'pool_name': 'test_wang'}
2021-12-06 17:44:50,079 - root - INFO - *******返回数据： {'code': 1005, 'message': '缺少认证信息', 'data': None, 'level': 3}
2021-12-06 17:44:50,079 - root - INFO - *******测试案例名称： TestCase009_查看云硬盘列表-缺少token 执行完毕********
2021-12-06 17:44:50,080 - root - INFO - ****************编辑数据盘列表接口结束****************
2021-12-06 17:44:50,080 - root - INFO - ********************************************************************************
2021-12-06 17:44:50,086 - root - INFO - ********************************************************************************
2021-12-06 17:44:50,087 - root - INFO - ****************编辑数据盘列表接口开始****************
2021-12-06 17:44:50,087 - root - INFO - *******测试案例名称： TestCase010_编辑数据盘-Des大于100个字符 执行开始********
2021-12-06 17:44:50,651 - root - INFO - *******测试数据： {'name': 'DataDesIsOver100Chars', 'description': 'DesIsOver100Chars！#@@%#%DesIsOver100Chars！#@@%#%DesIsOver100Chars！#@@%#%DesIsOver100Chars！#@@%#%DesIsOver100Chars！#@@%#%', 'id': 'bda64c37-4a8d-44a3-bffc-b7cdff65d943', 'size': 1024, 'disk_type': 0, 'disk_status': 1, 'share_vol': 1, 'created_time': '2021-12-03 10:28:16', 'is_snapshoted': 0, 'instances': [None], 'path': [{'diskdetailmodel__path': None}], 'project_name': 'test_wang', 'project_id': 'e6451dede2ed41c08b5049b40d5b1daf', 'pool_name': 'test_wang'}
2021-12-06 17:44:50,671 - root - INFO - *******返回数据： {'code': 1001, 'message': '请求参数错误', 'data': None, 'level': 2}
2021-12-06 17:44:50,671 - root - INFO - *******测试案例名称： TestCase010_编辑数据盘-Des大于100个字符 执行完毕********
2021-12-06 17:44:50,672 - root - INFO - ****************编辑数据盘列表接口结束****************
2021-12-06 17:44:50,672 - root - INFO - ********************************************************************************
2021-12-06 17:44:50,683 - root - INFO - ********************************************************************************
2021-12-06 17:44:50,683 - root - INFO - ****************编辑数据盘列表接口开始****************
2021-12-06 17:44:50,683 - root - INFO - *******测试案例名称： TestCase011_编辑数据盘-Des等于100个字符 执行开始********
2021-12-06 17:44:51,158 - root - INFO - *******测试数据： {'name': 'DataDesIs100Chars', 'description': 'DesIs100Chars！#@@%#%DesIs100Chars！#@@%#%DesIs100Chars！#@@%#%DesIs100Chars！#@@%#%DesIs100Chars！#@@%#%', 'id': 'bda64c37-4a8d-44a3-bffc-b7cdff65d943', 'size': 1024, 'disk_type': 0, 'disk_status': 1, 'share_vol': 1, 'created_time': '2021-12-03 10:28:16', 'is_snapshoted': 0, 'instances': [None], 'path': [{'diskdetailmodel__path': None}], 'project_name': 'test_wang', 'project_id': 'e6451dede2ed41c08b5049b40d5b1daf', 'pool_name': 'test_wang'}
2021-12-06 17:44:51,188 - root - INFO - *******返回数据： {'code': 0, 'message': 'success', 'data': {'name': 'DataDesIs100Chars', 'description': 'DesIs100Chars！#@@%#%DesIs100Chars！#@@%#%DesIs100Chars！#@@%#%DesIs100Chars！#@@%#%DesIs100Chars！#@@%#%'}}
2021-12-06 17:44:51,188 - root - INFO - *******测试案例名称： TestCase011_编辑数据盘-Des等于100个字符 执行完毕********
2021-12-06 17:44:51,189 - root - INFO - ****************编辑数据盘列表接口结束****************
2021-12-06 17:44:51,189 - root - INFO - ********************************************************************************
2021-12-06 17:44:51,194 - root - INFO - ********************************************************************************
2021-12-06 17:44:51,195 - root - INFO - ****************编辑数据盘列表接口开始****************
2021-12-06 17:44:51,195 - root - INFO - *******测试案例名称： TestCase012_编辑数据盘-Des为空 执行开始********
2021-12-06 17:44:51,762 - root - INFO - *******测试数据： {'name': 'DataDesIsNull', 'description': '', 'id': 'bda64c37-4a8d-44a3-bffc-b7cdff65d943', 'size': 1024, 'disk_type': 0, 'disk_status': 1, 'share_vol': 1, 'created_time': '2021-12-03 10:28:16', 'is_snapshoted': 0, 'instances': [None], 'path': [{'diskdetailmodel__path': None}], 'project_name': 'test_wang', 'project_id': 'e6451dede2ed41c08b5049b40d5b1daf', 'pool_name': 'test_wang'}
2021-12-06 17:44:51,793 - root - INFO - *******返回数据： {'code': 0, 'message': 'success', 'data': {'name': 'DataDesIsNull', 'description': ''}}
2021-12-06 17:44:51,793 - root - INFO - *******测试案例名称： TestCase012_编辑数据盘-Des为空 执行完毕********
2021-12-06 17:44:51,793 - root - INFO - ****************编辑数据盘列表接口结束****************
2021-12-06 17:44:51,794 - root - INFO - ********************************************************************************
2021-12-06 17:44:51,802 - root - INFO - ********************************************************************************
2021-12-06 17:44:51,802 - root - INFO - ****************编辑数据盘列表接口开始****************
2021-12-06 17:44:51,803 - root - INFO - *******测试案例名称： TestCase013_编辑数据盘-Des为单个字符 执行开始********
2021-12-06 17:44:52,342 - root - INFO - *******测试数据： {'name': 'DataDesIs1Char', 'description': 'A', 'id': 'bda64c37-4a8d-44a3-bffc-b7cdff65d943', 'size': 1024, 'disk_type': 0, 'disk_status': 1, 'share_vol': 1, 'created_time': '2021-12-03 10:28:16', 'is_snapshoted': 0, 'instances': [None], 'path': [{'diskdetailmodel__path': None}], 'project_name': 'test_wang', 'project_id': 'e6451dede2ed41c08b5049b40d5b1daf', 'pool_name': 'test_wang'}
2021-12-06 17:44:52,380 - root - INFO - *******返回数据： {'code': 0, 'message': 'success', 'data': {'name': 'DataDesIs1Char', 'description': 'A'}}
2021-12-06 17:44:52,381 - root - INFO - *******测试案例名称： TestCase013_编辑数据盘-Des为单个字符 执行完毕********
2021-12-06 17:44:52,381 - root - INFO - ****************编辑数据盘列表接口结束****************
2021-12-06 17:44:52,381 - root - INFO - ********************************************************************************
2021-12-06 17:44:52,414 - root - INFO - **********************************************完成teardown class，退出登录**********************************************
