2021-12-08 11:37:57,431 - root - INFO - **********************************************开始setupClass，进行登录**********************************************
2021-12-08 11:38:09,467 - root - INFO - the sql is : select id from disk where store_type=0 and pool_id=%s order by create_time desc limit 1;
2021-12-08 11:38:09,467 - root - INFO - the params is : ddac080c671b473e885714538fd1ed6e
2021-12-08 11:38:09,469 - root - INFO - the result data is :{'id': 'b971402a-a6ad-48eb-90fc-ffaea4748b3a'}
2021-12-08 11:38:09,470 - root - INFO - ********************************************************************************
2021-12-08 11:38:09,470 - root - INFO - ****************创建数据盘快照接口开始****************
2021-12-08 11:38:09,471 - root - INFO - *******测试案例名称： TestCase001_新建快照-缺少token 执行开始********
2021-12-08 11:38:09,472 - root - INFO - *******测试数据： {}
2021-12-08 11:38:09,481 - root - INFO - *******返回数据： {'code': 1005, 'message': '缺少认证信息', 'data': None, 'level': 3}
2021-12-08 11:38:09,482 - root - INFO - *******测试案例名称： TestCase001_新建快照-缺少token 执行完毕********
2021-12-08 11:38:09,483 - root - INFO - ****************创建数据盘快照接口结束****************
2021-12-08 11:38:09,484 - root - INFO - ********************************************************************************
2021-12-08 11:38:09,486 - root - INFO - ********************************************************************************
2021-12-08 11:38:09,487 - root - INFO - ****************创建数据盘快照接口开始****************
2021-12-08 11:38:09,487 - root - INFO - *******测试案例名称： TestCase002_新建快照-name为空 执行开始********
2021-12-08 11:38:09,487 - root - INFO - *******测试数据： {'name': '', 'description': 'SnapNameIsNull', 'volume': 'deb69c4a-c212-4d3d-9aeb-806f9941e1b3'}
2021-12-08 11:38:09,522 - root - INFO - *******返回数据： {'code': 1001, 'message': {'name': ['该字段不能为空。']}, 'data': None}
2021-12-08 11:38:09,522 - root - INFO - ********************************************************************************
2021-12-08 11:38:09,601 - root - INFO - ********************************************************************************
2021-12-08 11:38:09,601 - root - INFO - ****************创建数据盘快照接口开始****************
2021-12-08 11:38:09,602 - root - INFO - *******测试案例名称： TestCase003_新建快照-volume为空 执行开始********
2021-12-08 11:38:09,602 - root - INFO - *******测试数据： {'name': 'testSnap', 'description': 'volumeIsNull', 'volume': ''}
2021-12-08 11:38:09,634 - root - INFO - *******返回数据： {'code': 1001, 'message': {'volume': ['Must be a valid UUID.']}, 'data': None}
2021-12-08 11:38:09,635 - root - INFO - ********************************************************************************
2021-12-08 11:38:09,668 - root - INFO - ********************************************************************************
2021-12-08 11:38:09,669 - root - INFO - ****************创建数据盘快照接口开始****************
2021-12-08 11:38:09,669 - root - INFO - *******测试案例名称： TestCase004_新建快照-Des为空 执行开始********
2021-12-08 11:38:09,669 - root - INFO - *******测试数据： {'name': 'SnapDesIsNull', 'description': '', 'volume': 'deb69c4a-c212-4d3d-9aeb-806f9941e1b3'}
2021-12-08 11:38:09,906 - root - INFO - *******返回数据： {'code': 0, 'message': 'success', 'data': None}
2021-12-08 11:38:09,906 - root - INFO - ********************************************************************************
2021-12-08 11:38:09,961 - root - INFO - ********************************************************************************
2021-12-08 11:38:09,962 - root - INFO - ****************创建数据盘快照接口开始****************
2021-12-08 11:38:09,962 - root - INFO - *******测试案例名称： TestCase005_新建快照-name>32 执行开始********
2021-12-08 11:38:09,963 - root - INFO - *******测试数据： {'name': 'YYDSnapNameOver32CharsYYDSnapNameOver32CharsYYDSnapNameOver32Chars', 'description': '新建快照-name>32', 'volume': 'deb69c4a-c212-4d3d-9aeb-806f9941e1b3'}
2021-12-08 11:38:10,017 - root - INFO - *******返回数据： {'code': 1001, 'message': {'name': ['请确保这个字段不能超过 32 个字符。']}, 'data': None}
2021-12-08 11:38:10,017 - root - INFO - ********************************************************************************
2021-12-08 11:38:10,051 - root - INFO - ********************************************************************************
2021-12-08 11:38:10,051 - root - INFO - ****************创建数据盘快照接口开始****************
2021-12-08 11:38:10,051 - root - INFO - *******测试案例名称： TestCase006_新建快照-name为特殊字符 执行开始********
2021-12-08 11:38:10,052 - root - INFO - *******测试数据： {'name': 'SpeCharforSnap……&*&s', 'description': '新建快照-name为特殊字符', 'volume': 'deb69c4a-c212-4d3d-9aeb-806f9941e1b3'}
2021-12-08 11:38:10,078 - root - INFO - *******返回数据： {'code': 214020, 'message': '快照名称只能输入数字、字母、-、_, 只允许以英文开头', 'data': None, 'level': 3}
2021-12-08 11:38:10,079 - root - INFO - *******测试案例名称： TestCase006_新建快照-name为特殊字符 执行完毕********
2021-12-08 11:38:10,079 - root - INFO - ****************创建数据盘快照接口结束****************
2021-12-08 11:38:10,079 - root - INFO - ********************************************************************************
2021-12-08 11:38:10,082 - root - INFO - ********************************************************************************
2021-12-08 11:38:10,082 - root - INFO - ****************创建数据盘快照接口开始****************
2021-12-08 11:38:10,083 - root - INFO - *******测试案例名称： TestCase007_新建快照-name为中文 执行开始********
2021-12-08 11:38:10,083 - root - INFO - *******测试数据： {'name': 'SpeCharforSnap……&*&s', 'description': '新建快照-name为中文', 'volume': 'deb69c4a-c212-4d3d-9aeb-806f9941e1b3'}
2021-12-08 11:38:10,111 - root - INFO - *******返回数据： {'code': 214020, 'message': '快照名称只能输入数字、字母、-、_, 只允许以英文开头', 'data': None, 'level': 3}
2021-12-08 11:38:10,112 - root - INFO - *******测试案例名称： TestCase007_新建快照-name为中文 执行完毕********
2021-12-08 11:38:10,112 - root - INFO - ****************创建数据盘快照接口结束****************
2021-12-08 11:38:10,112 - root - INFO - ********************************************************************************
2021-12-08 11:38:10,115 - root - INFO - ********************************************************************************
2021-12-08 11:38:10,116 - root - INFO - ****************创建数据盘快照接口开始****************
2021-12-08 11:38:10,116 - root - INFO - *******测试案例名称： TestCase008_新建快照-name以数字开头 执行开始********
2021-12-08 11:38:10,117 - root - INFO - *******测试数据： {'name': '1234567890a', 'description': '新建快照-name以数字开头', 'volume': 'deb69c4a-c212-4d3d-9aeb-806f9941e1b3'}
2021-12-08 11:38:10,145 - root - INFO - *******返回数据： {'code': 214020, 'message': '快照名称只能输入数字、字母、-、_, 只允许以英文开头', 'data': None, 'level': 3}
2021-12-08 11:38:10,145 - root - INFO - *******测试案例名称： TestCase008_新建快照-name以数字开头 执行完毕********
2021-12-08 11:38:10,146 - root - INFO - ****************创建数据盘快照接口结束****************
2021-12-08 11:38:10,146 - root - INFO - ********************************************************************************
2021-12-08 11:38:10,149 - root - INFO - ********************************************************************************
2021-12-08 11:38:10,150 - root - INFO - ****************创建数据盘快照接口开始****************
2021-12-08 11:38:10,150 - root - INFO - *******测试案例名称： TestCase009_新建快照-name以下划线_开头 执行开始********
2021-12-08 11:38:10,150 - root - INFO - *******测试数据： {'name': '_1234567890a', 'description': '新建快照-name以下划线_开头', 'volume': 'deb69c4a-c212-4d3d-9aeb-806f9941e1b3'}
2021-12-08 11:38:10,175 - root - INFO - *******返回数据： {'code': 214020, 'message': '快照名称只能输入数字、字母、-、_, 只允许以英文开头', 'data': None, 'level': 3}
2021-12-08 11:38:10,175 - root - INFO - *******测试案例名称： TestCase009_新建快照-name以下划线_开头 执行完毕********
2021-12-08 11:38:10,175 - root - INFO - ****************创建数据盘快照接口结束****************
2021-12-08 11:38:10,175 - root - INFO - ********************************************************************************
2021-12-08 11:38:10,178 - root - INFO - ********************************************************************************
2021-12-08 11:38:10,179 - root - INFO - ****************创建数据盘快照接口开始****************
2021-12-08 11:38:10,179 - root - INFO - *******测试案例名称： TestCase010_新建快照-name以短横线-开头 执行开始********
2021-12-08 11:38:10,180 - root - INFO - *******测试数据： {'name': '-1234567890a', 'description': '新建快照-name以短横线-开头', 'volume': 'deb69c4a-c212-4d3d-9aeb-806f9941e1b3'}
2021-12-08 11:38:10,208 - root - INFO - *******返回数据： {'code': 214020, 'message': '快照名称只能输入数字、字母、-、_, 只允许以英文开头', 'data': None, 'level': 3}
2021-12-08 11:38:10,209 - root - INFO - *******测试案例名称： TestCase010_新建快照-name以短横线-开头 执行完毕********
2021-12-08 11:38:10,209 - root - INFO - ****************创建数据盘快照接口结束****************
2021-12-08 11:38:10,210 - root - INFO - ********************************************************************************
2021-12-08 11:38:10,212 - root - INFO - ********************************************************************************
2021-12-08 11:38:10,213 - root - INFO - ****************创建数据盘快照接口开始****************
2021-12-08 11:38:10,213 - root - INFO - *******测试案例名称： TestCase011_新建快照-Des>100 执行开始********
2021-12-08 11:38:10,213 - root - INFO - *******测试数据： {'name': 'snapDesOver100', 'description': '新建快照-Des>100', 'volume': 'DesOver100CharDesOver100CharDesOver100CharDesOver100CharDesOver100CharDesOver100CharDesOver100CharDesOver100CharDesOver100Char'}
2021-12-08 11:38:10,392 - root - INFO - *******返回数据： {'code': 0, 'message': 'success', 'data': None}
2021-12-08 11:38:10,392 - root - INFO - ********************************************************************************
2021-12-08 11:38:10,425 - root - INFO - ********************************************************************************
2021-12-08 11:38:10,426 - root - INFO - ****************创建数据盘快照接口开始****************
2021-12-08 11:38:10,426 - root - INFO - *******测试案例名称： TestCase012_新建快照-name=32_Des=100 执行开始********
2021-12-08 11:38:10,426 - root - INFO - *******测试数据： {'name': 'aaaaabbbbbcccccdddddeeeeefffff23', 'description': '新建快照-name=32_Des=100', 'volume': 'DesIs100CharsDesIs100CharsDesIs100CharsDesIs100CharsDesIs100CharsDesIs100CharsDesIs100Chars100Des100'}
2021-12-08 11:38:10,718 - root - INFO - *******返回数据： {'code': 0, 'message': 'success', 'data': None}
2021-12-08 11:38:10,719 - root - INFO - ********************************************************************************
2021-12-08 11:38:10,769 - root - INFO - ********************************************************************************
2021-12-08 11:38:10,769 - root - INFO - ****************创建数据盘快照接口开始****************
2021-12-08 11:38:10,769 - root - INFO - *******测试案例名称： TestCase013_新建快照-重名快照_name=32_Des=100 执行开始********
2021-12-08 11:38:10,770 - root - INFO - *******测试数据： {'name': 'aaaaabbbbbcccccdddddeeeeefffff23', 'description': '新建快照-重名快照_name=32_Des=100', 'volume': 'DesIs100CharsDesIs100CharsDesIs100CharsDesIs100CharsDesIs100CharsDesIs100CharsDesIs100Chars100Des100'}
2021-12-08 11:38:10,800 - root - INFO - *******返回数据： {'code': 214005, 'message': '快照名称已经存在', 'data': None, 'level': 3}
2021-12-08 11:38:10,801 - root - INFO - *******测试案例名称： TestCase013_新建快照-重名快照_name=32_Des=100 执行完毕********
2021-12-08 11:38:10,801 - root - INFO - ****************创建数据盘快照接口结束****************
2021-12-08 11:38:10,801 - root - INFO - ********************************************************************************
2021-12-08 11:38:11,885 - root - INFO - **********************************************完成teardown class，退出登录**********************************************
