2021-12-10 16:44:18,987 - root - INFO - the sql is : SELECT server_id, snapshot_name from `snapshot` WHERE project_id=%s order by create_time DESC limit 1 
2021-12-10 16:44:18,988 - root - INFO - the params is : ddac080c671b473e885714538fd1ed6e
2021-12-10 16:44:18,990 - root - INFO - the result data is :{'server_id': 'ins-b6f3b9cc9f74446089d1cbe2e2065fc3', 'snapshot_name': 'LC3-sys3'}
2021-12-10 16:44:19,010 - root - INFO - the sql is : SELECT server_id, snapshot_name from `snapshot` WHERE project_id=%s order by create_time DESC limit 1 
2021-12-10 16:44:19,011 - root - INFO - the params is : ddac080c671b473e885714538fd1ed6e
2021-12-10 16:44:19,012 - root - INFO - the result data is :{'server_id': 'ins-b6f3b9cc9f74446089d1cbe2e2065fc3', 'snapshot_name': 'LC3-sys3'}
2021-12-10 16:44:19,145 - root - INFO - **********************************************开始setupClass，进行登录**********************************************
2021-12-10 16:44:27,058 - root - INFO - the sql is : SELECT snapshot_id, name from `storage_snapshot` WHERE snapshot_type="pool" and pool_id=%s order by create_time DESC limit 1
2021-12-10 16:44:27,058 - root - INFO - the params is : ddac080c671b473e885714538fd1ed6e
2021-12-10 16:44:27,060 - root - INFO - the result data is :{'snapshot_id': '', 'name': 'poolSnap4LeonaTestPool1125'}
2021-12-10 16:44:27,061 - root - INFO - ********************************************************************************
2021-12-10 16:44:27,062 - root - INFO - ****************删除业务池快照接口开始****************
2021-12-10 16:44:27,062 - root - INFO - *******测试案例名称： TestCase001_回滚业务池快照-缺少token 执行开始********
2021-12-10 16:44:27,063 - root - INFO - *******测试数据： {}
2021-12-10 16:44:27,063 - root - INFO - ********************************************************************************
2021-12-10 16:44:27,167 - root - INFO - ********************************************************************************
2021-12-10 16:44:27,167 - root - INFO - ****************删除业务池快照接口开始****************
2021-12-10 16:44:27,168 - root - INFO - *******测试案例名称： TestCase002_回滚业务池快照-name为空 执行开始********
2021-12-10 16:44:27,168 - root - INFO - *******测试数据： {'ids': []}
2021-12-10 16:44:27,169 - root - INFO - ********************************************************************************
2021-12-10 16:44:27,212 - root - INFO - ********************************************************************************
2021-12-10 16:44:27,213 - root - INFO - ****************删除业务池快照接口开始****************
2021-12-10 16:44:27,213 - root - INFO - *******测试案例名称： TestCase002_回滚业务池快照-成功 执行开始********
2021-12-10 16:44:27,214 - root - INFO - *******测试数据： {'ids': ['']}
2021-12-10 16:44:27,215 - root - INFO - ********************************************************************************
2021-12-10 16:44:27,279 - root - INFO - **********************************************完成teardown class，退出登录**********************************************
