2021-12-22 16:10:29,307 - root - INFO - **********************************************开始setupClass，进行登录**********************************************
2021-12-22 16:10:29,605 - root - INFO - ********************************************************************************
2021-12-22 16:10:29,605 - root - INFO - ****************编辑数据盘列表接口开始****************
2021-12-22 16:10:29,789 - root - INFO - *******测试案例名称： TestCase001_编辑数据盘-name为空 执行开始********
2021-12-22 16:10:29,789 - root - INFO - *******测试数据： {'name': '', 'description': '编辑数据盘-name为空', 'id': 'd2d38bdd-25f8-4235-9549-cf142aafd134', 'size': 1024, 'disk_type': 0, 'disk_status': 0, 'share_vol': 1, 'created_time': '2021-12-21 11:05:03', 'is_snapshoted': 0, 'instances': ['ins-fd16fc23a64b4ca99f67aefe2f6f0572'], 'path': [{'diskdetailmodel__path': '/mnt/AD1_909'}], 'project_name': 'LeonaTestPool1220', 'project_id': '3adfec2c1f044e98a41e6c3649651dc8', 'pool_name': 'LeonaTestPool1220'}
2021-12-22 16:10:29,812 - root - INFO - *******返回数据： {'code': 1001, 'message': '请求参数错误', 'data': None, 'level': 2}
2021-12-22 16:10:29,812 - root - INFO - *******测试案例名称： TestCase001_编辑数据盘-name为空 执行完毕********
2021-12-22 16:10:29,812 - root - INFO - ****************编辑数据盘列表接口结束****************
2021-12-22 16:10:29,813 - root - INFO - ********************************************************************************
2021-12-22 16:10:29,815 - root - INFO - ********************************************************************************
2021-12-22 16:10:29,816 - root - INFO - ****************编辑数据盘列表接口开始****************
2021-12-22 16:10:30,039 - root - INFO - *******测试案例名称： TestCase002_编辑数据盘-name为特殊字符 执行开始********
2021-12-22 16:10:30,039 - root - INFO - *******测试数据： {'name': '@￥@#%￥#%￥', 'description': '编辑数据盘-name为特殊字符', 'id': 'd2d38bdd-25f8-4235-9549-cf142aafd134', 'size': 1024, 'disk_type': 0, 'disk_status': 0, 'share_vol': 1, 'created_time': '2021-12-21 11:05:03', 'is_snapshoted': 0, 'instances': ['ins-fd16fc23a64b4ca99f67aefe2f6f0572'], 'path': [{'diskdetailmodel__path': '/mnt/AD1_909'}], 'project_name': 'LeonaTestPool1220', 'project_id': '3adfec2c1f044e98a41e6c3649651dc8', 'pool_name': 'LeonaTestPool1220'}
2021-12-22 16:10:30,138 - root - INFO - *******返回数据： {'code': 214024, 'message': '云硬盘名称只能输入字母、数字、汉字、横线以及下划线', 'data': None, 'level': 3}
2021-12-22 16:10:30,138 - root - INFO - *******测试案例名称： TestCase002_编辑数据盘-name为特殊字符 执行完毕********
2021-12-22 16:10:30,138 - root - INFO - ****************编辑数据盘列表接口结束****************
2021-12-22 16:10:30,139 - root - INFO - ********************************************************************************
2021-12-22 16:10:30,141 - root - INFO - ********************************************************************************
2021-12-22 16:10:30,142 - root - INFO - ****************编辑数据盘列表接口开始****************
2021-12-22 16:10:30,383 - root - INFO - *******测试案例名称： TestCase003_编辑数据盘-name为中文名称 执行开始********
2021-12-22 16:10:30,383 - root - INFO - *******测试数据： {'name': '中文名称数据盘', 'description': '编辑数据盘-name为中文名称', 'id': 'd2d38bdd-25f8-4235-9549-cf142aafd134', 'size': 1024, 'disk_type': 0, 'disk_status': 0, 'share_vol': 1, 'created_time': '2021-12-21 11:05:03', 'is_snapshoted': 0, 'instances': ['ins-fd16fc23a64b4ca99f67aefe2f6f0572'], 'path': [{'diskdetailmodel__path': '/mnt/AD1_909'}], 'project_name': 'LeonaTestPool1220', 'project_id': '3adfec2c1f044e98a41e6c3649651dc8', 'pool_name': 'LeonaTestPool1220'}
2021-12-22 16:10:30,425 - root - INFO - *******返回数据： {'code': 0, 'message': 'success', 'data': {'name': '中文名称数据盘', 'description': '编辑数据盘-name为中文名称'}}
2021-12-22 16:10:30,425 - root - INFO - *******测试案例名称： TestCase003_编辑数据盘-name为中文名称 执行完毕********
2021-12-22 16:10:30,425 - root - INFO - ****************编辑数据盘列表接口结束****************
2021-12-22 16:10:30,426 - root - INFO - ********************************************************************************
2021-12-22 16:10:30,428 - root - INFO - ********************************************************************************
2021-12-22 16:10:30,429 - root - INFO - ****************编辑数据盘列表接口开始****************
2021-12-22 16:10:30,576 - root - INFO - *******测试案例名称： TestCase004_编辑数据盘-name为数字 执行开始********
2021-12-22 16:10:30,577 - root - INFO - *******测试数据： {'name': '123456', 'description': '编辑数据盘-name为数字', 'id': 'd2d38bdd-25f8-4235-9549-cf142aafd134', 'size': 1024, 'disk_type': 0, 'disk_status': 0, 'share_vol': 1, 'created_time': '2021-12-21 11:05:03', 'is_snapshoted': 0, 'instances': ['ins-fd16fc23a64b4ca99f67aefe2f6f0572'], 'path': [{'diskdetailmodel__path': '/mnt/AD1_909'}], 'project_name': 'LeonaTestPool1220', 'project_id': '3adfec2c1f044e98a41e6c3649651dc8', 'pool_name': 'LeonaTestPool1220'}
2021-12-22 16:10:30,613 - root - INFO - *******返回数据： {'code': 0, 'message': 'success', 'data': {'name': '123456', 'description': '编辑数据盘-name为数字'}}
2021-12-22 16:10:30,613 - root - INFO - *******测试案例名称： TestCase004_编辑数据盘-name为数字 执行完毕********
2021-12-22 16:10:30,613 - root - INFO - ****************编辑数据盘列表接口结束****************
2021-12-22 16:10:30,613 - root - INFO - ********************************************************************************
2021-12-22 16:10:30,616 - root - INFO - ********************************************************************************
2021-12-22 16:10:30,616 - root - INFO - ****************编辑数据盘列表接口开始****************
2021-12-22 16:10:30,789 - root - INFO - *******测试案例名称： TestCase005_编辑数据盘-name为下划线 执行开始********
2021-12-22 16:10:30,789 - root - INFO - *******测试数据： {'name': '______', 'description': '编辑数据盘-name为下划线', 'id': 'd2d38bdd-25f8-4235-9549-cf142aafd134', 'size': 1024, 'disk_type': 0, 'disk_status': 0, 'share_vol': 1, 'created_time': '2021-12-21 11:05:03', 'is_snapshoted': 0, 'instances': ['ins-fd16fc23a64b4ca99f67aefe2f6f0572'], 'path': [{'diskdetailmodel__path': '/mnt/AD1_909'}], 'project_name': 'LeonaTestPool1220', 'project_id': '3adfec2c1f044e98a41e6c3649651dc8', 'pool_name': 'LeonaTestPool1220'}
2021-12-22 16:10:30,826 - root - INFO - *******返回数据： {'code': 0, 'message': 'success', 'data': {'name': '______', 'description': '编辑数据盘-name为下划线'}}
2021-12-22 16:10:30,826 - root - INFO - *******测试案例名称： TestCase005_编辑数据盘-name为下划线 执行完毕********
2021-12-22 16:10:30,826 - root - INFO - ****************编辑数据盘列表接口结束****************
2021-12-22 16:10:30,826 - root - INFO - ********************************************************************************
2021-12-22 16:10:30,829 - root - INFO - ********************************************************************************
2021-12-22 16:10:30,829 - root - INFO - ****************编辑数据盘列表接口开始****************
2021-12-22 16:10:30,988 - root - INFO - *******测试案例名称： TestCase006_编辑数据盘-name为短横线 执行开始********
2021-12-22 16:10:30,989 - root - INFO - *******测试数据： {'name': '-----', 'description': '编辑数据盘-name为下划线', 'id': 'd2d38bdd-25f8-4235-9549-cf142aafd134', 'size': 1024, 'disk_type': 0, 'disk_status': 0, 'share_vol': 1, 'created_time': '2021-12-21 11:05:03', 'is_snapshoted': 0, 'instances': ['ins-fd16fc23a64b4ca99f67aefe2f6f0572'], 'path': [{'diskdetailmodel__path': '/mnt/AD1_909'}], 'project_name': 'LeonaTestPool1220', 'project_id': '3adfec2c1f044e98a41e6c3649651dc8', 'pool_name': 'LeonaTestPool1220'}
2021-12-22 16:10:31,022 - root - INFO - *******返回数据： {'code': 0, 'message': 'success', 'data': {'name': '-----', 'description': '编辑数据盘-name为下划线'}}
2021-12-22 16:10:31,023 - root - INFO - *******测试案例名称： TestCase006_编辑数据盘-name为短横线 执行完毕********
2021-12-22 16:10:31,023 - root - INFO - ****************编辑数据盘列表接口结束****************
2021-12-22 16:10:31,023 - root - INFO - ********************************************************************************
2021-12-22 16:10:31,026 - root - INFO - ********************************************************************************
2021-12-22 16:10:31,026 - root - INFO - ****************编辑数据盘列表接口开始****************
2021-12-22 16:10:31,167 - root - INFO - *******测试案例名称： TestCase007_编辑数据盘-name超过32个字符 执行开始********
2021-12-22 16:10:31,168 - root - INFO - *******测试数据： {'name': 'DatanameIsOver32DatanameIsOve32DatanameOver32', 'description': '编辑数据盘-name超过32个字符', 'id': 'd2d38bdd-25f8-4235-9549-cf142aafd134', 'size': 1024, 'disk_type': 0, 'disk_status': 0, 'share_vol': 1, 'created_time': '2021-12-21 11:05:03', 'is_snapshoted': 0, 'instances': ['ins-fd16fc23a64b4ca99f67aefe2f6f0572'], 'path': [{'diskdetailmodel__path': '/mnt/AD1_909'}], 'project_name': 'LeonaTestPool1220', 'project_id': '3adfec2c1f044e98a41e6c3649651dc8', 'pool_name': 'LeonaTestPool1220'}
2021-12-22 16:10:31,188 - root - INFO - *******返回数据： {'code': 214023, 'message': '数据盘名称过长', 'data': None, 'level': 3}
2021-12-22 16:10:31,188 - root - INFO - *******测试案例名称： TestCase007_编辑数据盘-name超过32个字符 执行完毕********
2021-12-22 16:10:31,188 - root - INFO - ****************编辑数据盘列表接口结束****************
2021-12-22 16:10:31,188 - root - INFO - ********************************************************************************
2021-12-22 16:10:31,191 - root - INFO - ********************************************************************************
2021-12-22 16:10:31,191 - root - INFO - ****************编辑数据盘列表接口开始****************
2021-12-22 16:10:31,367 - root - INFO - *******测试案例名称： TestCase008_编辑数据盘-name等于32个字符 执行开始********
2021-12-22 16:10:31,368 - root - INFO - *******测试数据： {'name': 'DatanameIs32DatanameIs32Dataname', 'description': '编辑数据盘-name等于32个字符', 'id': 'd2d38bdd-25f8-4235-9549-cf142aafd134', 'size': 1024, 'disk_type': 0, 'disk_status': 0, 'share_vol': 1, 'created_time': '2021-12-21 11:05:03', 'is_snapshoted': 0, 'instances': ['ins-fd16fc23a64b4ca99f67aefe2f6f0572'], 'path': [{'diskdetailmodel__path': '/mnt/AD1_909'}], 'project_name': 'LeonaTestPool1220', 'project_id': '3adfec2c1f044e98a41e6c3649651dc8', 'pool_name': 'LeonaTestPool1220'}
2021-12-22 16:10:31,398 - root - INFO - *******返回数据： {'code': 0, 'message': 'success', 'data': {'name': 'DatanameIs32DatanameIs32Dataname', 'description': '编辑数据盘-name等于32个字符'}}
2021-12-22 16:10:31,398 - root - INFO - *******测试案例名称： TestCase008_编辑数据盘-name等于32个字符 执行完毕********
2021-12-22 16:10:31,398 - root - INFO - ****************编辑数据盘列表接口结束****************
2021-12-22 16:10:31,399 - root - INFO - ********************************************************************************
2021-12-22 16:10:31,401 - root - INFO - ********************************************************************************
2021-12-22 16:10:31,401 - root - INFO - ****************编辑数据盘列表接口开始****************
2021-12-22 16:10:31,539 - root - INFO - *******测试案例名称： TestCase009_查看云硬盘列表-缺少token 执行开始********
2021-12-22 16:10:31,539 - root - INFO - *******测试数据： {'storage_limit': 10, 'add_size': 0, 'project_id': '3adfec2c1f044e98a41e6c3649651dc8', 'id': 'd2d38bdd-25f8-4235-9549-cf142aafd134', 'size': 1024, 'disk_type': 0, 'disk_status': 0, 'share_vol': 1, 'created_time': '2021-12-21 11:05:03', 'is_snapshoted': 0, 'instances': ['ins-fd16fc23a64b4ca99f67aefe2f6f0572'], 'path': [{'diskdetailmodel__path': '/mnt/AD1_909'}], 'project_name': 'LeonaTestPool1220', 'pool_name': 'LeonaTestPool1220'}
2021-12-22 16:10:31,547 - root - INFO - *******返回数据： {'code': 1005, 'message': '缺少认证信息', 'data': None, 'level': 3}
2021-12-22 16:10:31,547 - root - INFO - *******测试案例名称： TestCase009_查看云硬盘列表-缺少token 执行完毕********
2021-12-22 16:10:31,547 - root - INFO - ****************编辑数据盘列表接口结束****************
2021-12-22 16:10:31,547 - root - INFO - ********************************************************************************
2021-12-22 16:10:31,550 - root - INFO - ********************************************************************************
2021-12-22 16:10:31,550 - root - INFO - ****************编辑数据盘列表接口开始****************
2021-12-22 16:10:31,696 - root - INFO - *******测试案例名称： TestCase010_编辑数据盘-Des大于100个字符 执行开始********
2021-12-22 16:10:31,697 - root - INFO - *******测试数据： {'name': 'DataDesIsOver100Chars', 'description': 'DesIsOver100Chars！#@@%#%DesIsOver100Chars！#@@%#%DesIsOver100Chars！#@@%#%DesIsOver100Chars！#@@%#%DesIsOver100Chars！#@@%#%', 'id': 'd2d38bdd-25f8-4235-9549-cf142aafd134', 'size': 1024, 'disk_type': 0, 'disk_status': 0, 'share_vol': 1, 'created_time': '2021-12-21 11:05:03', 'is_snapshoted': 0, 'instances': ['ins-fd16fc23a64b4ca99f67aefe2f6f0572'], 'path': [{'diskdetailmodel__path': '/mnt/AD1_909'}], 'project_name': 'LeonaTestPool1220', 'project_id': '3adfec2c1f044e98a41e6c3649651dc8', 'pool_name': 'LeonaTestPool1220'}
2021-12-22 16:10:31,717 - root - INFO - *******返回数据： {'code': 1001, 'message': '请求参数错误', 'data': None, 'level': 2}
2021-12-22 16:10:31,717 - root - INFO - *******测试案例名称： TestCase010_编辑数据盘-Des大于100个字符 执行完毕********
2021-12-22 16:10:31,717 - root - INFO - ****************编辑数据盘列表接口结束****************
2021-12-22 16:10:31,717 - root - INFO - ********************************************************************************
2021-12-22 16:10:31,720 - root - INFO - ********************************************************************************
2021-12-22 16:10:31,720 - root - INFO - ****************编辑数据盘列表接口开始****************
2021-12-22 16:10:31,863 - root - INFO - *******测试案例名称： TestCase011_编辑数据盘-Des等于100个字符 执行开始********
2021-12-22 16:10:31,864 - root - INFO - *******测试数据： {'name': 'DataDesIs100Chars', 'description': 'DesIs100Chars！#@@%#%DesIs100Chars！#@@%#%DesIs100Chars！#@@%#%DesIs100Chars！#@@%#%DesIs100Chars！#@@%#%', 'id': 'd2d38bdd-25f8-4235-9549-cf142aafd134', 'size': 1024, 'disk_type': 0, 'disk_status': 0, 'share_vol': 1, 'created_time': '2021-12-21 11:05:03', 'is_snapshoted': 0, 'instances': ['ins-fd16fc23a64b4ca99f67aefe2f6f0572'], 'path': [{'diskdetailmodel__path': '/mnt/AD1_909'}], 'project_name': 'LeonaTestPool1220', 'project_id': '3adfec2c1f044e98a41e6c3649651dc8', 'pool_name': 'LeonaTestPool1220'}
2021-12-22 16:10:31,893 - root - INFO - *******返回数据： {'code': 0, 'message': 'success', 'data': {'name': 'DataDesIs100Chars', 'description': 'DesIs100Chars！#@@%#%DesIs100Chars！#@@%#%DesIs100Chars！#@@%#%DesIs100Chars！#@@%#%DesIs100Chars！#@@%#%'}}
2021-12-22 16:10:31,894 - root - INFO - *******测试案例名称： TestCase011_编辑数据盘-Des等于100个字符 执行完毕********
2021-12-22 16:10:31,894 - root - INFO - ****************编辑数据盘列表接口结束****************
2021-12-22 16:10:31,894 - root - INFO - ********************************************************************************
2021-12-22 16:10:31,897 - root - INFO - ********************************************************************************
2021-12-22 16:10:31,897 - root - INFO - ****************编辑数据盘列表接口开始****************
2021-12-22 16:10:32,036 - root - INFO - *******测试案例名称： TestCase012_编辑数据盘-Des为空 执行开始********
2021-12-22 16:10:32,037 - root - INFO - *******测试数据： {'name': 'DataDesIsNull', 'description': '', 'id': 'd2d38bdd-25f8-4235-9549-cf142aafd134', 'size': 1024, 'disk_type': 0, 'disk_status': 0, 'share_vol': 1, 'created_time': '2021-12-21 11:05:03', 'is_snapshoted': 0, 'instances': ['ins-fd16fc23a64b4ca99f67aefe2f6f0572'], 'path': [{'diskdetailmodel__path': '/mnt/AD1_909'}], 'project_name': 'LeonaTestPool1220', 'project_id': '3adfec2c1f044e98a41e6c3649651dc8', 'pool_name': 'LeonaTestPool1220'}
2021-12-22 16:10:32,070 - root - INFO - *******返回数据： {'code': 0, 'message': 'success', 'data': {'name': 'DataDesIsNull', 'description': ''}}
2021-12-22 16:10:32,070 - root - INFO - *******测试案例名称： TestCase012_编辑数据盘-Des为空 执行完毕********
2021-12-22 16:10:32,070 - root - INFO - ****************编辑数据盘列表接口结束****************
2021-12-22 16:10:32,070 - root - INFO - ********************************************************************************
2021-12-22 16:10:32,073 - root - INFO - ********************************************************************************
2021-12-22 16:10:32,073 - root - INFO - ****************编辑数据盘列表接口开始****************
2021-12-22 16:10:32,226 - root - INFO - *******测试案例名称： TestCase013_编辑数据盘-Des为单个字符 执行开始********
2021-12-22 16:10:32,226 - root - INFO - *******测试数据： {'name': 'DataDesIs1Char', 'description': 'A', 'id': 'd2d38bdd-25f8-4235-9549-cf142aafd134', 'size': 1024, 'disk_type': 0, 'disk_status': 0, 'share_vol': 1, 'created_time': '2021-12-21 11:05:03', 'is_snapshoted': 0, 'instances': ['ins-fd16fc23a64b4ca99f67aefe2f6f0572'], 'path': [{'diskdetailmodel__path': '/mnt/AD1_909'}], 'project_name': 'LeonaTestPool1220', 'project_id': '3adfec2c1f044e98a41e6c3649651dc8', 'pool_name': 'LeonaTestPool1220'}
2021-12-22 16:10:32,258 - root - INFO - *******返回数据： {'code': 0, 'message': 'success', 'data': {'name': 'DataDesIs1Char', 'description': 'A'}}
2021-12-22 16:10:32,258 - root - INFO - *******测试案例名称： TestCase013_编辑数据盘-Des为单个字符 执行完毕********
2021-12-22 16:10:32,258 - root - INFO - ****************编辑数据盘列表接口结束****************
2021-12-22 16:10:32,258 - root - INFO - ********************************************************************************
2021-12-22 16:10:32,276 - root - INFO - **********************************************完成teardown class，退出登录**********************************************
