2021-12-08 11:40:39,567 - root - INFO - **********************************************开始setupClass，进行登录**********************************************
2021-12-08 11:40:46,689 - root - INFO - the sql is : select id from disk where store_type=0 and pool_id=%s order by create_time desc limit 1;
2021-12-08 11:40:46,690 - root - INFO - the params is : ddac080c671b473e885714538fd1ed6e
2021-12-08 11:40:46,691 - root - INFO - the result data is :{'id': '630a74f4-aa1d-4ac3-b0f4-788e98319301'}
2021-12-08 11:40:46,693 - root - INFO - ********************************************************************************
2021-12-08 11:40:46,693 - root - INFO - ****************创建数据盘快照接口开始****************
2021-12-08 11:40:46,694 - root - INFO - *******测试案例名称： TestCase001_新建快照-缺少token 执行开始********
2021-12-08 11:40:46,694 - root - INFO - *******测试数据： {}
2021-12-08 11:40:46,704 - root - INFO - *******返回数据： {'code': 1005, 'message': '缺少认证信息', 'data': None, 'level': 3}
2021-12-08 11:40:46,704 - root - INFO - *******测试案例名称： TestCase001_新建快照-缺少token 执行完毕********
2021-12-08 11:40:46,706 - root - INFO - ****************创建数据盘快照接口结束****************
2021-12-08 11:40:46,706 - root - INFO - ********************************************************************************
2021-12-08 11:40:46,709 - root - INFO - ********************************************************************************
2021-12-08 11:40:46,709 - root - INFO - ****************创建数据盘快照接口开始****************
2021-12-08 11:40:46,709 - root - INFO - *******测试案例名称： TestCase002_新建快照-name为空 执行开始********
2021-12-08 11:40:46,710 - root - INFO - *******测试数据： {'name': '', 'description': 'SnapNameIsNull', 'volume': 'deb69c4a-c212-4d3d-9aeb-806f9941e1b3'}
2021-12-08 11:40:46,738 - root - INFO - *******返回数据： {'code': 1001, 'message': {'name': ['该字段不能为空。']}, 'data': None}
2021-12-08 11:40:46,738 - root - INFO - ********************************************************************************
2021-12-08 11:40:46,817 - root - INFO - ********************************************************************************
2021-12-08 11:40:46,817 - root - INFO - ****************创建数据盘快照接口开始****************
2021-12-08 11:40:46,817 - root - INFO - *******测试案例名称： TestCase003_新建快照-volume为空 执行开始********
2021-12-08 11:40:46,818 - root - INFO - *******测试数据： {'name': 'testSnap', 'description': 'volumeIsNull', 'volume': ''}
2021-12-08 11:40:46,849 - root - INFO - *******返回数据： {'code': 1001, 'message': {'volume': ['Must be a valid UUID.']}, 'data': None}
2021-12-08 11:40:46,849 - root - INFO - ********************************************************************************
2021-12-08 11:40:46,883 - root - INFO - ********************************************************************************
2021-12-08 11:40:46,883 - root - INFO - ****************创建数据盘快照接口开始****************
2021-12-08 11:40:46,883 - root - INFO - *******测试案例名称： TestCase004_新建快照-Des为空 执行开始********
2021-12-08 11:40:46,884 - root - INFO - *******测试数据： {'name': 'SnapDesIsNull', 'description': '', 'volume': 'deb69c4a-c212-4d3d-9aeb-806f9941e1b3'}
2021-12-08 11:40:47,110 - root - INFO - *******返回数据： {'code': 0, 'message': 'success', 'data': None}
2021-12-08 11:40:47,111 - root - INFO - ********************************************************************************
2021-12-08 11:40:47,155 - root - INFO - ********************************************************************************
2021-12-08 11:40:47,155 - root - INFO - ****************创建数据盘快照接口开始****************
2021-12-08 11:40:47,156 - root - INFO - *******测试案例名称： TestCase005_新建快照-name>32 执行开始********
2021-12-08 11:40:47,156 - root - INFO - *******测试数据： {'name': 'YYDSnapNameOver32CharsYYDSnapNameOver32CharsYYDSnapNameOver32Chars', 'description': '新建快照-name>32', 'volume': 'deb69c4a-c212-4d3d-9aeb-806f9941e1b3'}
2021-12-08 11:40:47,189 - root - INFO - *******返回数据： {'code': 1001, 'message': {'name': ['请确保这个字段不能超过 32 个字符。']}, 'data': None}
2021-12-08 11:40:47,189 - root - INFO - ********************************************************************************
2021-12-08 11:40:47,225 - root - INFO - ********************************************************************************
2021-12-08 11:40:47,225 - root - INFO - ****************创建数据盘快照接口开始****************
2021-12-08 11:40:47,226 - root - INFO - *******测试案例名称： TestCase006_新建快照-name为特殊字符 执行开始********
2021-12-08 11:40:47,226 - root - INFO - *******测试数据： {'name': 'SpeCharforSnap……&*&s', 'description': '新建快照-name为特殊字符', 'volume': 'deb69c4a-c212-4d3d-9aeb-806f9941e1b3'}
2021-12-08 11:40:47,255 - root - INFO - *******返回数据： {'code': 214020, 'message': '快照名称只能输入数字、字母、-、_, 只允许以英文开头', 'data': None, 'level': 3}
2021-12-08 11:40:47,255 - root - INFO - *******测试案例名称： TestCase006_新建快照-name为特殊字符 执行完毕********
2021-12-08 11:40:47,255 - root - INFO - ****************创建数据盘快照接口结束****************
2021-12-08 11:40:47,255 - root - INFO - ********************************************************************************
2021-12-08 11:40:47,258 - root - INFO - ********************************************************************************
2021-12-08 11:40:47,258 - root - INFO - ****************创建数据盘快照接口开始****************
2021-12-08 11:40:47,258 - root - INFO - *******测试案例名称： TestCase007_新建快照-name为中文 执行开始********
2021-12-08 11:40:47,259 - root - INFO - *******测试数据： {'name': 'SpeCharforSnap……&*&s', 'description': '新建快照-name为中文', 'volume': 'deb69c4a-c212-4d3d-9aeb-806f9941e1b3'}
2021-12-08 11:40:47,290 - root - INFO - *******返回数据： {'code': 214020, 'message': '快照名称只能输入数字、字母、-、_, 只允许以英文开头', 'data': None, 'level': 3}
2021-12-08 11:40:47,290 - root - INFO - *******测试案例名称： TestCase007_新建快照-name为中文 执行完毕********
2021-12-08 11:40:47,290 - root - INFO - ****************创建数据盘快照接口结束****************
2021-12-08 11:40:47,291 - root - INFO - ********************************************************************************
2021-12-08 11:40:47,293 - root - INFO - ********************************************************************************
2021-12-08 11:40:47,294 - root - INFO - ****************创建数据盘快照接口开始****************
2021-12-08 11:40:47,294 - root - INFO - *******测试案例名称： TestCase008_新建快照-name以数字开头 执行开始********
2021-12-08 11:40:47,294 - root - INFO - *******测试数据： {'name': '1234567890a', 'description': '新建快照-name以数字开头', 'volume': 'deb69c4a-c212-4d3d-9aeb-806f9941e1b3'}
2021-12-08 11:40:47,322 - root - INFO - *******返回数据： {'code': 214020, 'message': '快照名称只能输入数字、字母、-、_, 只允许以英文开头', 'data': None, 'level': 3}
2021-12-08 11:40:47,323 - root - INFO - *******测试案例名称： TestCase008_新建快照-name以数字开头 执行完毕********
2021-12-08 11:40:47,323 - root - INFO - ****************创建数据盘快照接口结束****************
2021-12-08 11:40:47,323 - root - INFO - ********************************************************************************
2021-12-08 11:40:47,326 - root - INFO - ********************************************************************************
2021-12-08 11:40:47,326 - root - INFO - ****************创建数据盘快照接口开始****************
2021-12-08 11:40:47,327 - root - INFO - *******测试案例名称： TestCase009_新建快照-name以下划线_开头 执行开始********
2021-12-08 11:40:47,327 - root - INFO - *******测试数据： {'name': '_1234567890a', 'description': '新建快照-name以下划线_开头', 'volume': 'deb69c4a-c212-4d3d-9aeb-806f9941e1b3'}
2021-12-08 11:40:47,360 - root - INFO - *******返回数据： {'code': 214020, 'message': '快照名称只能输入数字、字母、-、_, 只允许以英文开头', 'data': None, 'level': 3}
2021-12-08 11:40:47,361 - root - INFO - *******测试案例名称： TestCase009_新建快照-name以下划线_开头 执行完毕********
2021-12-08 11:40:47,361 - root - INFO - ****************创建数据盘快照接口结束****************
2021-12-08 11:40:47,361 - root - INFO - ********************************************************************************
2021-12-08 11:40:47,364 - root - INFO - ********************************************************************************
2021-12-08 11:40:47,364 - root - INFO - ****************创建数据盘快照接口开始****************
2021-12-08 11:40:47,365 - root - INFO - *******测试案例名称： TestCase010_新建快照-name以短横线-开头 执行开始********
2021-12-08 11:40:47,365 - root - INFO - *******测试数据： {'name': '-1234567890a', 'description': '新建快照-name以短横线-开头', 'volume': 'deb69c4a-c212-4d3d-9aeb-806f9941e1b3'}
2021-12-08 11:40:47,392 - root - INFO - *******返回数据： {'code': 214020, 'message': '快照名称只能输入数字、字母、-、_, 只允许以英文开头', 'data': None, 'level': 3}
2021-12-08 11:40:47,393 - root - INFO - *******测试案例名称： TestCase010_新建快照-name以短横线-开头 执行完毕********
2021-12-08 11:40:47,393 - root - INFO - ****************创建数据盘快照接口结束****************
2021-12-08 11:40:47,393 - root - INFO - ********************************************************************************
2021-12-08 11:40:47,396 - root - INFO - ********************************************************************************
2021-12-08 11:40:47,396 - root - INFO - ****************创建数据盘快照接口开始****************
2021-12-08 11:40:47,396 - root - INFO - *******测试案例名称： TestCase011_新建快照-Des>100 执行开始********
2021-12-08 11:40:47,397 - root - INFO - *******测试数据： {'name': 'snapDesOver100', 'description': '新建快照-Des>100', 'volume': 'DesOver100CharDesOver100CharDesOver100CharDesOver100CharDesOver100CharDesOver100CharDesOver100CharDesOver100CharDesOver100Char'}
2021-12-08 11:40:47,618 - root - INFO - *******返回数据： {'code': 0, 'message': 'success', 'data': None}
2021-12-08 11:40:47,618 - root - INFO - ********************************************************************************
2021-12-08 11:40:47,651 - root - INFO - ********************************************************************************
2021-12-08 11:40:47,651 - root - INFO - ****************创建数据盘快照接口开始****************
2021-12-08 11:40:47,651 - root - INFO - *******测试案例名称： TestCase012_新建快照-name=32_Des=100 执行开始********
2021-12-08 11:40:47,652 - root - INFO - *******测试数据： {'name': 'aaaaabbbbbcccccdddddeeeeefffff23', 'description': '新建快照-name=32_Des=100', 'volume': 'DesIs100CharsDesIs100CharsDesIs100CharsDesIs100CharsDesIs100CharsDesIs100CharsDesIs100Chars100Des100'}
2021-12-08 11:40:47,921 - root - INFO - *******返回数据： {'code': 0, 'message': 'success', 'data': None}
2021-12-08 11:40:47,921 - root - INFO - ********************************************************************************
2021-12-08 11:40:47,966 - root - INFO - ********************************************************************************
2021-12-08 11:40:47,966 - root - INFO - ****************创建数据盘快照接口开始****************
2021-12-08 11:40:47,967 - root - INFO - *******测试案例名称： TestCase013_新建快照-重名快照_name=32_Des=100 执行开始********
2021-12-08 11:40:47,967 - root - INFO - *******测试数据： {'name': 'aaaaabbbbbcccccdddddeeeeefffff23', 'description': '新建快照-重名快照_name=32_Des=100', 'volume': 'DesIs100CharsDesIs100CharsDesIs100CharsDesIs100CharsDesIs100CharsDesIs100CharsDesIs100Chars100Des100'}
2021-12-08 11:40:48,000 - root - INFO - *******返回数据： {'code': 214005, 'message': '快照名称已经存在', 'data': None, 'level': 3}
2021-12-08 11:40:48,001 - root - INFO - *******测试案例名称： TestCase013_新建快照-重名快照_name=32_Des=100 执行完毕********
2021-12-08 11:40:48,001 - root - INFO - ****************创建数据盘快照接口结束****************
2021-12-08 11:40:48,002 - root - INFO - ********************************************************************************
2021-12-08 11:40:49,335 - root - INFO - **********************************************完成teardown class，退出登录**********************************************
