2021-12-06 15:27:46,896 - root - INFO - **********************************************开始setupClass，进行登录**********************************************
2021-12-06 15:27:47,191 - root - INFO - ********************************************************************************
2021-12-06 15:27:47,191 - root - INFO - ****************编辑系统盘列表接口开始****************
2021-12-06 15:27:47,192 - root - INFO - *******测试案例名称： TestCase0012_查看云硬盘列表-缺少token 执行开始********
2021-12-06 15:27:47,581 - root - INFO - *******测试数据： {'storage_limit': 10, 'add_size': 0, 'project_id': 'e6451dede2ed41c08b5049b40d5b1daf', 'id': 'ins-b3c6c8f21e744d5ea05de73dfbc6b2a3', 'size': 1024, 'disk_type': 0, 'disk_status': 0, 'created_time': '2021-12-02 17:51:06', 'is_snapshoted': 0, 'project_name': 'test_wang', 'pool_name': 'test_wang'}
2021-12-06 15:27:47,593 - root - INFO - *******返回数据： {'code': 1005, 'message': '缺少认证信息', 'data': None, 'level': 3}
2021-12-06 15:27:47,593 - root - INFO - *******测试案例名称： TestCase0012_查看云硬盘列表-缺少token 执行完毕********
2021-12-06 15:27:47,594 - root - INFO - ****************编辑系统盘列表接口结束****************
2021-12-06 15:27:47,595 - root - INFO - ********************************************************************************
2021-12-06 15:27:47,610 - root - INFO - ********************************************************************************
2021-12-06 15:27:47,611 - root - INFO - ****************编辑系统盘列表接口开始****************
2021-12-06 15:27:47,611 - root - INFO - *******测试案例名称： TestCase001_编辑系统盘-name为空 执行开始********
2021-12-06 15:27:48,010 - root - INFO - *******测试数据： {'name': '', 'description': '编辑系统盘-name为空', 'id': 'ins-b3c6c8f21e744d5ea05de73dfbc6b2a3', 'size': 1024, 'disk_type': 0, 'disk_status': 0, 'created_time': '2021-12-02 17:51:06', 'is_snapshoted': 0, 'project_name': 'test_wang', 'project_id': 'e6451dede2ed41c08b5049b40d5b1daf', 'pool_name': 'test_wang'}
2021-12-06 15:27:48,032 - root - INFO - *******返回数据： {'code': 1, 'message': '服务异常', 'data': None, 'level': 1}
2021-12-06 15:27:48,032 - root - INFO - ********************************************************************************
2021-12-06 15:27:48,117 - root - INFO - ********************************************************************************
2021-12-06 15:27:48,118 - root - INFO - ****************编辑系统盘列表接口开始****************
2021-12-06 15:27:48,118 - root - INFO - *******测试案例名称： TestCase002_编辑系统盘-name为特殊字符 执行开始********
2021-12-06 15:27:48,517 - root - INFO - *******测试数据： {'name': '@￥@#%￥#%￥', 'description': '编辑系统盘-name为特殊字符', 'id': 'ins-b3c6c8f21e744d5ea05de73dfbc6b2a3', 'size': 1024, 'disk_type': 0, 'disk_status': 0, 'created_time': '2021-12-02 17:51:06', 'is_snapshoted': 0, 'project_name': 'test_wang', 'project_id': 'e6451dede2ed41c08b5049b40d5b1daf', 'pool_name': 'test_wang'}
2021-12-06 15:27:48,536 - root - INFO - *******返回数据： {'code': 1, 'message': '服务异常', 'data': None, 'level': 1}
2021-12-06 15:27:48,536 - root - INFO - ********************************************************************************
2021-12-06 15:27:48,590 - root - INFO - **********************************************完成teardown class，退出登录**********************************************
