2021-12-03 16:42:18,704 - root - INFO - **********************************************开始setupClass，进行登录**********************************************
2021-12-03 16:42:19,003 - root - INFO - ********************************************************************************
2021-12-03 16:42:19,003 - root - INFO - ****************获取存储流量监控接口开始****************
2021-12-03 16:42:19,004 - root - INFO - *******测试案例名称： TestCase001_查看存储流量监控信息 执行开始********
2021-12-03 16:42:19,004 - root - INFO - *******测试数据： {'start_time': '1638497102849', 'end_time': '1638498902849'}
2021-12-03 16:42:19,008 - root - INFO - the sql is : select id,name,storage_limit from cloud_pool WHERE type=1 order by create_time desc limit 1;
2021-12-03 16:42:19,010 - root - INFO - the params is : ()
2021-12-03 16:42:19,011 - root - INFO - the result data is :{'id': '461d48b474aa49edb563cf45ee769639', 'name': 'shepg', 'storage_limit': 10}
2021-12-03 16:42:19,105 - root - INFO - ********************************************************************************
2021-12-03 16:42:19,203 - root - INFO - ********************************************************************************
2021-12-03 16:42:19,203 - root - INFO - ****************获取存储流量监控接口开始****************
2021-12-03 16:42:19,204 - root - INFO - *******测试案例名称： TestCase002_查看存储流量监控信息-缺少token 执行开始********
2021-12-03 16:42:19,204 - root - INFO - *******测试数据： {}
2021-12-03 16:42:19,218 - root - INFO - the sql is : select id,name,storage_limit from cloud_pool WHERE type=1 order by create_time desc limit 1;
2021-12-03 16:42:19,218 - root - INFO - the params is : ()
2021-12-03 16:42:19,220 - root - INFO - the result data is :{'id': '461d48b474aa49edb563cf45ee769639', 'name': 'shepg', 'storage_limit': 10}
2021-12-03 16:42:19,232 - root - INFO - *******返回数据： {'code': 1005, 'message': '缺少认证信息', 'data': None, 'level': 3}
2021-12-03 16:42:19,233 - root - INFO - *******测试案例名称： TestCase002_查看存储流量监控信息-缺少token 执行完毕********
2021-12-03 16:42:19,233 - root - INFO - ****************获取存储流量监控接口结束****************
2021-12-03 16:42:19,234 - root - INFO - ********************************************************************************
2021-12-03 16:42:19,268 - root - INFO - **********************************************完成teardown class，退出登录**********************************************
