2021-12-03 10:30:07,041 - root - INFO - **********************************************开始setupClass，进行登录**********************************************
2021-12-03 10:30:07,343 - root - INFO - ********************************************************************************
2021-12-03 10:30:07,343 - root - INFO - ****************获取快照列表接口开始****************
2021-12-03 10:30:07,344 - root - INFO - *******测试案例名称： TestCase001_查看业务池快照 执行开始********
2021-12-03 10:30:07,344 - root - INFO - *******测试数据： {}
2021-12-03 10:30:07,349 - root - INFO - the sql is : select id,name,storage_limit from cloud_pool WHERE type=1 order by create_time desc limit 1;
2021-12-03 10:30:07,350 - root - INFO - the params is : ()
2021-12-03 10:30:07,354 - root - INFO - the result data is :{'id': 'f9d31e23e30c41b1a42d53ef95c8dec6', 'name': 'LeonaHashPool', 'storage_limit': 10}
2021-12-03 10:30:07,382 - root - INFO - *******返回数据： {'code': 0, 'message': 'success', 'data': [{'name': 'adsfasdf', 'id': '0842ca2b-3f3b-4a11-9994-23d555d657f1', 'snap_type': 'pool', 'project_name': 'LeonaHashPool', 'create_time': '2021-11-29T14:54:46.186977', 'create_type': 'hand', 'status': 0}]}
2021-12-03 10:30:07,383 - root - INFO - *******测试案例名称： TestCase001_查看业务池快照 执行完毕********
2021-12-03 10:30:07,383 - root - INFO - ****************获取快照列表接口结束****************
2021-12-03 10:30:07,384 - root - INFO - ********************************************************************************
2021-12-03 10:30:07,388 - root - INFO - ********************************************************************************
2021-12-03 10:30:07,389 - root - INFO - ****************获取快照列表接口开始****************
2021-12-03 10:30:07,389 - root - INFO - *******测试案例名称： TestCase002_查看云组件快照 执行开始********
2021-12-03 10:30:07,390 - root - INFO - *******测试数据： {'page': 1, 'size': 10}
2021-12-03 10:30:07,416 - root - INFO - the sql is : select id,name,storage_limit from cloud_pool WHERE type=1 order by create_time desc limit 1;
2021-12-03 10:30:07,417 - root - INFO - the params is : ()
2021-12-03 10:30:07,419 - root - INFO - the result data is :{'id': 'f9d31e23e30c41b1a42d53ef95c8dec6', 'name': 'LeonaHashPool', 'storage_limit': 10}
2021-12-03 10:30:07,455 - root - INFO - *******返回数据： {'code': 0, 'message': 'success', 'data': []}
2021-12-03 10:30:07,455 - root - INFO - *******测试案例名称： TestCase002_查看云组件快照 执行完毕********
2021-12-03 10:30:07,455 - root - INFO - ****************获取快照列表接口结束****************
2021-12-03 10:30:07,456 - root - INFO - ********************************************************************************
2021-12-03 10:30:07,458 - root - INFO - ********************************************************************************
2021-12-03 10:30:07,459 - root - INFO - ****************获取快照列表接口开始****************
2021-12-03 10:30:07,459 - root - INFO - *******测试案例名称： TestCase003_查看云硬盘快照 执行开始********
2021-12-03 10:30:07,460 - root - INFO - *******测试数据： {'page': 1, 'size': 10}
2021-12-03 10:30:07,479 - root - INFO - the sql is : select id,name,storage_limit from cloud_pool WHERE type=1 order by create_time desc limit 1;
2021-12-03 10:30:07,479 - root - INFO - the params is : ()
2021-12-03 10:30:07,482 - root - INFO - the result data is :{'id': 'f9d31e23e30c41b1a42d53ef95c8dec6', 'name': 'LeonaHashPool', 'storage_limit': 10}
2021-12-03 10:30:07,513 - root - INFO - *******返回数据： {'code': 0, 'message': 'success', 'data': [{'snapshot_id': 'e425c66e-ee3d-48b2-b41f-87f4b92b8864', 'name': 'sss', 'status': 0, 'volume_name': 'YYD1', 'volume': 'd882c0a9-da23-4222-b0d1-7604613f1369', 'create_type': 'hand,', 'disk_type': 0, 'pool_name': 'LeonaHashPool', 'create_time': '2021-11-26 14:23:49', 'description': '', 'storage_type': 0}], 'total': 1}
2021-12-03 10:30:07,513 - root - INFO - *******测试案例名称： TestCase003_查看云硬盘快照 执行完毕********
2021-12-03 10:30:07,514 - root - INFO - ****************获取快照列表接口结束****************
2021-12-03 10:30:07,514 - root - INFO - ********************************************************************************
2021-12-03 10:30:07,518 - root - INFO - ********************************************************************************
2021-12-03 10:30:07,518 - root - INFO - ****************获取快照列表接口开始****************
2021-12-03 10:30:07,519 - root - INFO - *******测试案例名称： TestCase004_查看快照列表-缺少token 执行开始********
2021-12-03 10:30:07,520 - root - INFO - *******测试数据： {'page': 1, 'size': 10}
2021-12-03 10:30:07,540 - root - INFO - the sql is : select id,name,storage_limit from cloud_pool WHERE type=1 order by create_time desc limit 1;
2021-12-03 10:30:07,540 - root - INFO - the params is : ()
2021-12-03 10:30:07,542 - root - INFO - the result data is :{'id': 'f9d31e23e30c41b1a42d53ef95c8dec6', 'name': 'LeonaHashPool', 'storage_limit': 10}
2021-12-03 10:30:07,552 - root - INFO - *******返回数据： {'code': 1005, 'message': '缺少认证信息', 'data': None, 'level': 3}
2021-12-03 10:30:07,553 - root - INFO - *******测试案例名称： TestCase004_查看快照列表-缺少token 执行完毕********
2021-12-03 10:30:07,554 - root - INFO - ****************获取快照列表接口结束****************
2021-12-03 10:30:07,554 - root - INFO - ********************************************************************************
2021-12-03 10:30:07,575 - root - INFO - **********************************************完成teardown class，退出登录**********************************************
