2021-12-22 16:10:43,917 - root - INFO - **********************************************开始setupClass，进行登录**********************************************
2021-12-22 16:10:44,207 - root - INFO - ********************************************************************************
2021-12-22 16:10:44,208 - root - INFO - ****************编辑系统盘列表接口开始****************
2021-12-22 16:10:44,264 - root - INFO - *******测试案例名称： TestCase001_编辑系统盘-name为空 执行开始********
2021-12-22 16:10:44,264 - root - INFO - *******测试数据： {'name': '', 'description': '编辑系统盘-name为空', 'id': 'ins-a55a849484e6401db2517605c8c454db', 'size': 1024, 'disk_type': 0, 'disk_status': 0, 'created_time': '2021-12-22 15:57:47', 'is_snapshoted': 0, 'project_name': '有一个组件跟踪问题', 'project_id': '57fc33887b24432d858150ef410de875', 'pool_name': '有一个组件跟踪问题'}
2021-12-22 16:10:44,299 - root - INFO - *******返回数据： {'code': 1001, 'message': '请求参数错误', 'data': None, 'level': 2}
2021-12-22 16:10:44,300 - root - INFO - *******测试案例名称： TestCase001_编辑系统盘-name为空 执行完毕********
2021-12-22 16:10:44,300 - root - INFO - ****************编辑系统盘列表接口结束****************
2021-12-22 16:10:44,300 - root - INFO - ********************************************************************************
2021-12-22 16:10:44,303 - root - INFO - ********************************************************************************
2021-12-22 16:10:44,304 - root - INFO - ****************编辑系统盘列表接口开始****************
2021-12-22 16:10:44,370 - root - INFO - *******测试案例名称： TestCase002_编辑系统盘-name为特殊字符 执行开始********
2021-12-22 16:10:44,371 - root - INFO - *******测试数据： {'name': '@￥@#%￥#%￥', 'description': '编辑系统盘-name为特殊字符', 'id': 'ins-a55a849484e6401db2517605c8c454db', 'size': 1024, 'disk_type': 0, 'disk_status': 0, 'created_time': '2021-12-22 15:57:47', 'is_snapshoted': 0, 'project_name': '有一个组件跟踪问题', 'project_id': '57fc33887b24432d858150ef410de875', 'pool_name': '有一个组件跟踪问题'}
2021-12-22 16:10:44,408 - root - INFO - *******返回数据： {'code': 214024, 'message': '云硬盘名称只能输入字母、数字、汉字、横线以及下划线', 'data': None, 'level': 3}
2021-12-22 16:10:44,408 - root - INFO - *******测试案例名称： TestCase002_编辑系统盘-name为特殊字符 执行完毕********
2021-12-22 16:10:44,408 - root - INFO - ****************编辑系统盘列表接口结束****************
2021-12-22 16:10:44,409 - root - INFO - ********************************************************************************
2021-12-22 16:10:44,411 - root - INFO - ********************************************************************************
2021-12-22 16:10:44,412 - root - INFO - ****************编辑系统盘列表接口开始****************
2021-12-22 16:10:44,539 - root - INFO - *******测试案例名称： TestCase003_编辑系统盘-name为中文名称 执行开始********
2021-12-22 16:10:44,539 - root - INFO - *******测试数据： {'name': '中文名称系统盘', 'description': '编辑系统盘-name为中文名称', 'id': 'ins-a55a849484e6401db2517605c8c454db', 'size': 1024, 'disk_type': 0, 'disk_status': 0, 'created_time': '2021-12-22 15:57:47', 'is_snapshoted': 0, 'project_name': '有一个组件跟踪问题', 'project_id': '57fc33887b24432d858150ef410de875', 'pool_name': '有一个组件跟踪问题'}
2021-12-22 16:10:44,580 - root - INFO - *******返回数据： {'code': 0, 'message': 'success', 'data': {'name': '中文名称系统盘', 'description': '编辑系统盘-name为中文名称'}}
2021-12-22 16:10:44,580 - root - INFO - *******测试案例名称： TestCase003_编辑系统盘-name为中文名称 执行完毕********
2021-12-22 16:10:44,580 - root - INFO - ****************编辑系统盘列表接口结束****************
2021-12-22 16:10:44,580 - root - INFO - ********************************************************************************
2021-12-22 16:10:44,583 - root - INFO - ********************************************************************************
2021-12-22 16:10:44,583 - root - INFO - ****************编辑系统盘列表接口开始****************
2021-12-22 16:10:44,647 - root - INFO - *******测试案例名称： TestCase004_编辑系统盘-name为数字 执行开始********
2021-12-22 16:10:44,647 - root - INFO - *******测试数据： {'name': '123456', 'description': '编辑系统盘-name为数字', 'id': 'ins-a55a849484e6401db2517605c8c454db', 'size': 1024, 'disk_type': 0, 'disk_status': 0, 'created_time': '2021-12-22 15:57:47', 'is_snapshoted': 0, 'project_name': '有一个组件跟踪问题', 'project_id': '57fc33887b24432d858150ef410de875', 'pool_name': '有一个组件跟踪问题'}
2021-12-22 16:10:44,680 - root - INFO - *******返回数据： {'code': 0, 'message': 'success', 'data': {'name': '123456', 'description': '编辑系统盘-name为数字'}}
2021-12-22 16:10:44,681 - root - INFO - *******测试案例名称： TestCase004_编辑系统盘-name为数字 执行完毕********
2021-12-22 16:10:44,681 - root - INFO - ****************编辑系统盘列表接口结束****************
2021-12-22 16:10:44,682 - root - INFO - ********************************************************************************
2021-12-22 16:10:44,684 - root - INFO - ********************************************************************************
2021-12-22 16:10:44,685 - root - INFO - ****************编辑系统盘列表接口开始****************
2021-12-22 16:10:44,760 - root - INFO - *******测试案例名称： TestCase005_编辑系统盘-name为下划线 执行开始********
2021-12-22 16:10:44,761 - root - INFO - *******测试数据： {'name': '______', 'description': '编辑系统盘-name为下划线', 'id': 'ins-a55a849484e6401db2517605c8c454db', 'size': 1024, 'disk_type': 0, 'disk_status': 0, 'created_time': '2021-12-22 15:57:47', 'is_snapshoted': 0, 'project_name': '有一个组件跟踪问题', 'project_id': '57fc33887b24432d858150ef410de875', 'pool_name': '有一个组件跟踪问题'}
2021-12-22 16:10:44,797 - root - INFO - *******返回数据： {'code': 0, 'message': 'success', 'data': {'name': '______', 'description': '编辑系统盘-name为下划线'}}
2021-12-22 16:10:44,798 - root - INFO - *******测试案例名称： TestCase005_编辑系统盘-name为下划线 执行完毕********
2021-12-22 16:10:44,798 - root - INFO - ****************编辑系统盘列表接口结束****************
2021-12-22 16:10:44,799 - root - INFO - ********************************************************************************
2021-12-22 16:10:44,801 - root - INFO - ********************************************************************************
2021-12-22 16:10:44,802 - root - INFO - ****************编辑系统盘列表接口开始****************
2021-12-22 16:10:44,866 - root - INFO - *******测试案例名称： TestCase006_编辑系统盘-name为短横线 执行开始********
2021-12-22 16:10:44,866 - root - INFO - *******测试数据： {'name': '-----', 'description': '编辑系统盘-name为下划线', 'id': 'ins-a55a849484e6401db2517605c8c454db', 'size': 1024, 'disk_type': 0, 'disk_status': 0, 'created_time': '2021-12-22 15:57:47', 'is_snapshoted': 0, 'project_name': '有一个组件跟踪问题', 'project_id': '57fc33887b24432d858150ef410de875', 'pool_name': '有一个组件跟踪问题'}
2021-12-22 16:10:44,903 - root - INFO - *******返回数据： {'code': 0, 'message': 'success', 'data': {'name': '-----', 'description': '编辑系统盘-name为下划线'}}
2021-12-22 16:10:44,904 - root - INFO - *******测试案例名称： TestCase006_编辑系统盘-name为短横线 执行完毕********
2021-12-22 16:10:44,904 - root - INFO - ****************编辑系统盘列表接口结束****************
2021-12-22 16:10:44,904 - root - INFO - ********************************************************************************
2021-12-22 16:10:44,908 - root - INFO - ********************************************************************************
2021-12-22 16:10:44,909 - root - INFO - ****************编辑系统盘列表接口开始****************
2021-12-22 16:10:44,963 - root - INFO - *******测试案例名称： TestCase007_编辑系统盘-name超过32个字符 执行开始********
2021-12-22 16:10:44,963 - root - INFO - *******测试数据： {'name': 'SysnameIsOver32SysnameIsOve32SysnameOver32', 'description': '编辑系统盘-name超过32个字符', 'id': 'ins-a55a849484e6401db2517605c8c454db', 'size': 1024, 'disk_type': 0, 'disk_status': 0, 'created_time': '2021-12-22 15:57:47', 'is_snapshoted': 0, 'project_name': '有一个组件跟踪问题', 'project_id': '57fc33887b24432d858150ef410de875', 'pool_name': '有一个组件跟踪问题'}
2021-12-22 16:10:44,990 - root - INFO - *******返回数据： {'code': 214023, 'message': '数据盘名称过长', 'data': None, 'level': 3}
2021-12-22 16:10:44,991 - root - INFO - ********************************************************************************
2021-12-22 16:10:45,115 - root - INFO - ********************************************************************************
2021-12-22 16:10:45,115 - root - INFO - ****************编辑系统盘列表接口开始****************
2021-12-22 16:10:45,172 - root - INFO - *******测试案例名称： TestCase008_编辑系统盘-name等于32个字符 执行开始********
2021-12-22 16:10:45,173 - root - INFO - *******测试数据： {'name': 'SysnameIs32SysnameIs32SysnameH32', 'description': '编辑系统盘-name等于32个字符', 'id': 'ins-a55a849484e6401db2517605c8c454db', 'size': 1024, 'disk_type': 0, 'disk_status': 0, 'created_time': '2021-12-22 15:57:47', 'is_snapshoted': 0, 'project_name': '有一个组件跟踪问题', 'project_id': '57fc33887b24432d858150ef410de875', 'pool_name': '有一个组件跟踪问题'}
2021-12-22 16:10:45,207 - root - INFO - *******返回数据： {'code': 0, 'message': 'success', 'data': {'name': 'SysnameIs32SysnameIs32SysnameH32', 'description': '编辑系统盘-name等于32个字符'}}
2021-12-22 16:10:45,208 - root - INFO - *******测试案例名称： TestCase008_编辑系统盘-name等于32个字符 执行完毕********
2021-12-22 16:10:45,208 - root - INFO - ****************编辑系统盘列表接口结束****************
2021-12-22 16:10:45,209 - root - INFO - ********************************************************************************
2021-12-22 16:10:45,211 - root - INFO - ********************************************************************************
2021-12-22 16:10:45,212 - root - INFO - ****************编辑系统盘列表接口开始****************
2021-12-22 16:10:45,278 - root - INFO - *******测试案例名称： TestCase009_查看云硬盘列表-缺少token 执行开始********
2021-12-22 16:10:45,278 - root - INFO - *******测试数据： {'storage_limit': 10, 'add_size': 0, 'project_id': '57fc33887b24432d858150ef410de875', 'id': 'ins-a55a849484e6401db2517605c8c454db', 'size': 1024, 'disk_type': 0, 'disk_status': 0, 'created_time': '2021-12-22 15:57:47', 'is_snapshoted': 0, 'project_name': '有一个组件跟踪问题', 'pool_name': '有一个组件跟踪问题'}
2021-12-22 16:10:45,286 - root - INFO - *******返回数据： {'code': 1005, 'message': '缺少认证信息', 'data': None, 'level': 3}
2021-12-22 16:10:45,286 - root - INFO - *******测试案例名称： TestCase009_查看云硬盘列表-缺少token 执行完毕********
2021-12-22 16:10:45,286 - root - INFO - ****************编辑系统盘列表接口结束****************
2021-12-22 16:10:45,286 - root - INFO - ********************************************************************************
2021-12-22 16:10:45,289 - root - INFO - ********************************************************************************
2021-12-22 16:10:45,289 - root - INFO - ****************编辑系统盘列表接口开始****************
2021-12-22 16:10:45,364 - root - INFO - *******测试案例名称： TestCase010_编辑系统盘-Des大于100个字符 执行开始********
2021-12-22 16:10:45,364 - root - INFO - *******测试数据： {'name': 'SysDesIsOver100Chars', 'description': 'DesIsOver100Chars！#@@%#%DesIsOver100Chars！#@@%#%DesIsOver100Chars！#@@%#%DesIsOver100Chars！#@@%#%DesIsOver100Chars！#@@%#%', 'id': 'ins-a55a849484e6401db2517605c8c454db', 'size': 1024, 'disk_type': 0, 'disk_status': 0, 'created_time': '2021-12-22 15:57:47', 'is_snapshoted': 0, 'project_name': '有一个组件跟踪问题', 'project_id': '57fc33887b24432d858150ef410de875', 'pool_name': '有一个组件跟踪问题'}
2021-12-22 16:10:45,384 - root - INFO - *******返回数据： {'code': 1001, 'message': '请求参数错误', 'data': None, 'level': 2}
2021-12-22 16:10:45,384 - root - INFO - *******测试案例名称： TestCase010_编辑系统盘-Des大于100个字符 执行完毕********
2021-12-22 16:10:45,384 - root - INFO - ****************编辑系统盘列表接口结束****************
2021-12-22 16:10:45,385 - root - INFO - ********************************************************************************
2021-12-22 16:10:45,387 - root - INFO - ********************************************************************************
2021-12-22 16:10:45,387 - root - INFO - ****************编辑系统盘列表接口开始****************
2021-12-22 16:10:45,445 - root - INFO - *******测试案例名称： TestCase011_编辑系统盘-Des等于100个字符 执行开始********
2021-12-22 16:10:45,446 - root - INFO - *******测试数据： {'name': 'SysDesIs100Chars', 'description': 'DesIs100Chars！#@@%#%DesIs100Chars！#@@%#%DesIs100Chars！#@@%#%DesIs100Chars！#@@%#%DesIs100Chars！#@@%#%', 'id': 'ins-a55a849484e6401db2517605c8c454db', 'size': 1024, 'disk_type': 0, 'disk_status': 0, 'created_time': '2021-12-22 15:57:47', 'is_snapshoted': 0, 'project_name': '有一个组件跟踪问题', 'project_id': '57fc33887b24432d858150ef410de875', 'pool_name': '有一个组件跟踪问题'}
2021-12-22 16:10:45,483 - root - INFO - *******返回数据： {'code': 0, 'message': 'success', 'data': {'name': 'SysDesIs100Chars', 'description': 'DesIs100Chars！#@@%#%DesIs100Chars！#@@%#%DesIs100Chars！#@@%#%DesIs100Chars！#@@%#%DesIs100Chars！#@@%#%'}}
2021-12-22 16:10:45,483 - root - INFO - *******测试案例名称： TestCase011_编辑系统盘-Des等于100个字符 执行完毕********
2021-12-22 16:10:45,483 - root - INFO - ****************编辑系统盘列表接口结束****************
2021-12-22 16:10:45,483 - root - INFO - ********************************************************************************
2021-12-22 16:10:45,486 - root - INFO - ********************************************************************************
2021-12-22 16:10:45,486 - root - INFO - ****************编辑系统盘列表接口开始****************
2021-12-22 16:10:45,544 - root - INFO - *******测试案例名称： TestCase012_编辑系统盘-Des为空 执行开始********
2021-12-22 16:10:45,545 - root - INFO - *******测试数据： {'name': 'SysDesIsNull', 'description': '', 'id': 'ins-a55a849484e6401db2517605c8c454db', 'size': 1024, 'disk_type': 0, 'disk_status': 0, 'created_time': '2021-12-22 15:57:47', 'is_snapshoted': 0, 'project_name': '有一个组件跟踪问题', 'project_id': '57fc33887b24432d858150ef410de875', 'pool_name': '有一个组件跟踪问题'}
2021-12-22 16:10:45,575 - root - INFO - *******返回数据： {'code': 0, 'message': 'success', 'data': {'name': 'SysDesIsNull', 'description': ''}}
2021-12-22 16:10:45,576 - root - INFO - *******测试案例名称： TestCase012_编辑系统盘-Des为空 执行完毕********
2021-12-22 16:10:45,576 - root - INFO - ****************编辑系统盘列表接口结束****************
2021-12-22 16:10:45,576 - root - INFO - ********************************************************************************
2021-12-22 16:10:45,579 - root - INFO - ********************************************************************************
2021-12-22 16:10:45,579 - root - INFO - ****************编辑系统盘列表接口开始****************
2021-12-22 16:10:45,644 - root - INFO - *******测试案例名称： TestCase013_编辑系统盘-Des为单个字符 执行开始********
2021-12-22 16:10:45,645 - root - INFO - *******测试数据： {'name': 'SysDesIs1Char', 'description': 'A', 'id': 'ins-a55a849484e6401db2517605c8c454db', 'size': 1024, 'disk_type': 0, 'disk_status': 0, 'created_time': '2021-12-22 15:57:47', 'is_snapshoted': 0, 'project_name': '有一个组件跟踪问题', 'project_id': '57fc33887b24432d858150ef410de875', 'pool_name': '有一个组件跟踪问题'}
2021-12-22 16:10:45,677 - root - INFO - *******返回数据： {'code': 0, 'message': 'success', 'data': {'name': 'SysDesIs1Char', 'description': 'A'}}
2021-12-22 16:10:45,678 - root - INFO - *******测试案例名称： TestCase013_编辑系统盘-Des为单个字符 执行完毕********
2021-12-22 16:10:45,678 - root - INFO - ****************编辑系统盘列表接口结束****************
2021-12-22 16:10:45,678 - root - INFO - ********************************************************************************
2021-12-22 16:10:45,700 - root - INFO - **********************************************完成teardown class，退出登录**********************************************
