2021-12-07 17:17:20,375 - root - INFO - **********************************************开始setupClass，进行登录**********************************************
2021-12-07 17:17:27,011 - root - INFO - the sql is : select d.id as diskId, d.name as diskName, d.size as diskSize, d.status as diskStatus,             i.id as vmId, i.name as vmName, i.status as vmStatus, p.id as projectId, p.name as projectName              from  disk d LEFT JOIN cloud_instance i on i.project_id=d.pool_id INNER JOIN cloud_pool p on p.id=d.pool_id           where i.status in (1,3) and d.store_type=0 and d.status=1 ORDER BY d.create_time desc limit 1;
2021-12-07 17:17:27,013 - root - INFO - the params is : ()
2021-12-07 17:17:27,016 - root - INFO - the result data is :{'diskId': '40bcc6df-ce6a-4cbc-825b-074694493aa9', 'diskName': 'CloudDisk4CI', 'diskSize': 1024, 'diskStatus': 1, 'vmId': 'ins-19fde113ee404b2b83fdac6b4cb68a23', 'vmName': 'LC2', 'vmStatus': 1, 'projectId': 'ddac080c671b473e885714538fd1ed6e', 'projectName': 'LeonaTestPool1125'}
2021-12-07 17:17:27,018 - root - INFO - ********************************************************************************
2021-12-07 17:17:27,018 - root - INFO - ****************加载数据盘列表接口开始****************
2021-12-07 17:17:27,019 - root - INFO - *******测试案例名称： TestCase001_加载数据盘-volume为空 执行开始********
2021-12-07 17:17:27,019 - root - INFO - *******测试数据： {'volume': '', 'action': 'attach', 'path': '', 'instance': ['ins-19fde113ee404b2b83fdac6b4cb68a23'], 'project_id': 'ddac080c671b473e885714538fd1ed6e', 'project_name': 'LeonaTestPool1125'}
2021-12-07 17:17:27,043 - root - INFO - *******返回数据： {'code': 1001, 'message': '请求参数错误', 'data': None, 'level': 2}
2021-12-07 17:17:27,043 - root - INFO - *******测试案例名称： TestCase001_加载数据盘-volume为空 执行完毕********
2021-12-07 17:17:27,043 - root - INFO - ****************加载数据盘列表接口结束****************
2021-12-07 17:17:27,044 - root - INFO - ********************************************************************************
2021-12-07 17:17:27,047 - root - INFO - ********************************************************************************
2021-12-07 17:17:27,047 - root - INFO - ****************加载数据盘列表接口开始****************
2021-12-07 17:17:27,048 - root - INFO - *******测试案例名称： TestCase002_加载数据盘-Path为空 执行开始********
2021-12-07 17:17:27,048 - root - INFO - *******测试数据： {'volume': 'c7735672-0232-42a2-9838-bb0e8cfe4a7b', 'action': 'attach', 'path': '', 'instance': ['ins-19fde113ee404b2b83fdac6b4cb68a23'], 'project_id': 'ddac080c671b473e885714538fd1ed6e', 'project_name': 'LeonaTestPool1125'}
2021-12-07 17:17:27,242 - root - INFO - *******返回数据： {'code': 1001, 'message': '请求参数错误', 'data': None, 'level': 2}
2021-12-07 17:17:27,243 - root - INFO - *******测试案例名称： TestCase002_加载数据盘-Path为空 执行完毕********
2021-12-07 17:17:27,243 - root - INFO - ****************加载数据盘列表接口结束****************
2021-12-07 17:17:27,244 - root - INFO - ********************************************************************************
2021-12-07 17:17:27,246 - root - INFO - ********************************************************************************
2021-12-07 17:17:27,247 - root - INFO - ****************加载数据盘列表接口开始****************
2021-12-07 17:17:27,247 - root - INFO - *******测试案例名称： TestCase003_加载数据盘-Path为特殊字符 执行开始********
2021-12-07 17:17:27,248 - root - INFO - *******测试数据： {'volume': 'c7735672-0232-42a2-9838-bb0e8cfe4a7b', 'action': 'attach', 'path': '/mnt/￥%……￥%……', 'instance': ['ins-19fde113ee404b2b83fdac6b4cb68a23'], 'project_id': 'ddac080c671b473e885714538fd1ed6e', 'project_name': 'LeonaTestPool1125'}
2021-12-07 17:17:27,443 - root - INFO - *******返回数据： {'code': 214017, 'message': '云硬盘挂载路径不合法', 'data': None, 'level': 3}
2021-12-07 17:17:27,444 - root - INFO - *******测试案例名称： TestCase003_加载数据盘-Path为特殊字符 执行完毕********
2021-12-07 17:17:27,444 - root - INFO - ****************加载数据盘列表接口结束****************
2021-12-07 17:17:27,445 - root - INFO - ********************************************************************************
2021-12-07 17:17:27,447 - root - INFO - ********************************************************************************
2021-12-07 17:17:27,448 - root - INFO - ****************加载数据盘列表接口开始****************
2021-12-07 17:17:27,448 - root - INFO - *******测试案例名称： TestCase003_加载数据盘-Volume不存在 执行开始********
2021-12-07 17:17:27,449 - root - INFO - *******测试数据： {'volume': 'c1111111-1111-1111-1111-111111111111', 'action': 'attach', 'path': '/mnt/￥%……￥%……', 'instance': ['ins-19fde113ee404b2b83fdac6b4cb68a23'], 'project_id': 'ddac080c671b473e885714538fd1ed6e', 'project_name': 'LeonaTestPool1125'}
2021-12-07 17:17:27,483 - root - INFO - *******返回数据： {'code': 1, 'message': '服务异常', 'data': None, 'level': 1}
2021-12-07 17:17:27,483 - root - INFO - ********************************************************************************
2021-12-07 17:17:27,565 - root - INFO - ********************************************************************************
2021-12-07 17:17:27,566 - root - INFO - ****************加载数据盘列表接口开始****************
2021-12-07 17:17:27,566 - root - INFO - *******测试案例名称： TestCase004_加载数据盘-Path>128 执行开始********
2021-12-07 17:17:27,567 - root - INFO - *******测试数据： {'volume': 'c7735672-0232-42a2-9838-bb0e8cfe4a7b', 'action': 'attach', 'path': '/mnt/test1/test2/test3/test4/test5/test6/test7/test8/test9/test10/test11/test12/test13/test13/test14/test15/test16/test17/test18/test19', 'instance': ['ins-19fde113ee404b2b83fdac6b4cb68a23'], 'project_id': 'ddac080c671b473e885714538fd1ed6e', 'project_name': 'LeonaTestPool1125'}
2021-12-07 17:17:27,786 - root - INFO - *******返回数据： {'code': 214026, 'message': '云硬盘挂载路径过长', 'data': None, 'level': 3}
2021-12-07 17:17:27,787 - root - INFO - *******测试案例名称： TestCase004_加载数据盘-Path>128 执行完毕********
2021-12-07 17:17:27,787 - root - INFO - ****************加载数据盘列表接口结束****************
2021-12-07 17:17:27,788 - root - INFO - ********************************************************************************
2021-12-07 17:17:27,791 - root - INFO - ********************************************************************************
2021-12-07 17:17:27,791 - root - INFO - ****************加载数据盘列表接口开始****************
2021-12-07 17:17:27,792 - root - INFO - *******测试案例名称： TestCase005_加载数据盘-Path=128 执行开始********
2021-12-07 17:17:27,792 - root - INFO - *******测试数据： {'volume': 'c7735672-0232-42a2-9838-bb0e8cfe4a7b', 'action': 'attach', 'path': '/mnt/test1/test2/test3/test4/test5/test6/test7/test8/test9/test10/test11/test12/test13/test13/test14/test15/test16/test17/test18/hhh', 'instance': ['ins-19fde113ee404b2b83fdac6b4cb68a23'], 'project_id': 'ddac080c671b473e885714538fd1ed6e', 'project_name': 'LeonaTestPool1125'}
2021-12-07 17:17:28,180 - root - INFO - *******返回数据： {'code': 214021, 'message': '同一挂载路径不能加载多块云硬盘', 'data': None, 'level': 3}
2021-12-07 17:17:28,180 - root - INFO - ********************************************************************************
2021-12-07 17:17:28,213 - root - INFO - ********************************************************************************
2021-12-07 17:17:28,214 - root - INFO - ****************加载数据盘列表接口开始****************
2021-12-07 17:17:28,214 - root - INFO - *******测试案例名称： TestCase006_加载数据盘-同一路径重复加载-Path=128 执行开始********
2021-12-07 17:17:28,215 - root - INFO - *******测试数据： {'volume': 'c7735672-0232-42a2-9838-bb0e8cfe4a7b', 'action': 'attach', 'path': '/mnt/test1/test2/test3/test4/test5/test6/test7/test8/test9/test10/test11/test12/test13/test13/test14/test15/test16/test17/test18/hhh', 'instance': ['ins-19fde113ee404b2b83fdac6b4cb68a23'], 'project_id': 'ddac080c671b473e885714538fd1ed6e', 'project_name': 'LeonaTestPool1125'}
2021-12-07 17:17:28,635 - root - INFO - *******返回数据： {'code': 214021, 'message': '同一挂载路径不能加载多块云硬盘', 'data': None, 'level': 3}
2021-12-07 17:17:28,635 - root - INFO - *******测试案例名称： TestCase006_加载数据盘-同一路径重复加载-Path=128 执行完毕********
2021-12-07 17:17:28,635 - root - INFO - ****************加载数据盘列表接口结束****************
2021-12-07 17:17:28,636 - root - INFO - ********************************************************************************
2021-12-07 17:17:28,638 - root - INFO - ********************************************************************************
2021-12-07 17:17:28,639 - root - INFO - ****************加载数据盘列表接口开始****************
2021-12-07 17:17:28,639 - root - INFO - *******测试案例名称： TestCase007_搜索数据盘-缺少token 执行开始********
2021-12-07 17:17:28,639 - root - INFO - *******测试数据： {'instance': ['ins-19fde113ee404b2b83fdac6b4cb68a23'], 'project_id': 'ddac080c671b473e885714538fd1ed6e', 'project_name': 'LeonaTestPool1125'}
2021-12-07 17:17:28,649 - root - INFO - *******返回数据： {'code': 1005, 'message': '缺少认证信息', 'data': None, 'level': 3}
2021-12-07 17:17:28,649 - root - INFO - *******测试案例名称： TestCase007_搜索数据盘-缺少token 执行完毕********
2021-12-07 17:17:28,650 - root - INFO - ****************加载数据盘列表接口结束****************
2021-12-07 17:17:28,650 - root - INFO - ********************************************************************************
2021-12-07 17:17:28,691 - root - INFO - **********************************************完成teardown class，退出登录**********************************************
