2021-12-03 10:41:16,382 - root - INFO - **********************************************开始setupClass，进行登录**********************************************
2021-12-03 10:41:16,671 - root - INFO - ********************************************************************************
2021-12-03 10:41:16,672 - root - INFO - ****************获取存储池监控接口开始****************
2021-12-03 10:41:16,672 - root - INFO - *******测试案例名称： TestCase001_查看存储池监控信息 执行开始********
2021-12-03 10:41:16,673 - root - INFO - *******测试数据： {}
2021-12-03 10:41:16,678 - root - INFO - the sql is : select id,name,storage_limit from cloud_pool WHERE type=1 order by create_time desc limit 1;
2021-12-03 10:41:16,679 - root - INFO - the params is : ()
2021-12-03 10:41:16,682 - root - INFO - the result data is :{'id': 'f9d31e23e30c41b1a42d53ef95c8dec6', 'name': 'LeonaHashPool', 'storage_limit': 10}
2021-12-03 10:41:16,744 - root - INFO - *******返回数据： {'code': 0, 'message': 'success', 'data': {'storage_total': 10, 'file_assigned': 10.0, 'storage_free': 0, 'file_total': 10.0, 'file_used': 0.16, 'file_free': 9.84, 'sys_disk': 32.0, 'data_disk': 10.0}}
2021-12-03 10:41:16,744 - root - INFO - *******测试案例名称： TestCase001_查看存储池监控信息 执行完毕********
2021-12-03 10:41:16,744 - root - INFO - ****************获取存储池监控接口结束****************
2021-12-03 10:41:16,745 - root - INFO - ********************************************************************************
2021-12-03 10:41:16,748 - root - INFO - ********************************************************************************
2021-12-03 10:41:16,748 - root - INFO - ****************获取存储池监控接口开始****************
2021-12-03 10:41:16,749 - root - INFO - *******测试案例名称： TestCase002_查看存储池监控信息-缺少token 执行开始********
2021-12-03 10:41:16,749 - root - INFO - *******测试数据： {}
2021-12-03 10:41:16,773 - root - INFO - the sql is : select id,name,storage_limit from cloud_pool WHERE type=1 order by create_time desc limit 1;
2021-12-03 10:41:16,774 - root - INFO - the params is : ()
2021-12-03 10:41:16,775 - root - INFO - the result data is :{'id': 'f9d31e23e30c41b1a42d53ef95c8dec6', 'name': 'LeonaHashPool', 'storage_limit': 10}
2021-12-03 10:41:16,785 - root - INFO - *******返回数据： {'code': 1005, 'message': '缺少认证信息', 'data': None, 'level': 3}
2021-12-03 10:41:16,785 - root - INFO - *******测试案例名称： TestCase002_查看存储池监控信息-缺少token 执行完毕********
2021-12-03 10:41:16,786 - root - INFO - ****************获取存储池监控接口结束****************
2021-12-03 10:41:16,786 - root - INFO - ********************************************************************************
2021-12-03 10:41:16,805 - root - INFO - **********************************************完成teardown class，退出登录**********************************************
