2021-12-22 16:12:09,389 - root - INFO - **********************************************开始setupClass，进行登录**********************************************
2021-12-22 16:12:16,525 - root - INFO - the sql is : SELECT snapshot_id, name from `storage_snapshot` WHERE snapshot_type="pool" and pool_id=%s order by create_time DESC limit 1
2021-12-22 16:12:16,526 - root - INFO - the params is : 3adfec2c1f044e98a41e6c3649651dc8
2021-12-22 16:12:16,527 - root - INFO - the result data is :{'snapshot_id': '', 'name': 'poolSnap4LeonaTestPool1220'}
2021-12-22 16:12:16,529 - root - INFO - ********************************************************************************
2021-12-22 16:12:16,529 - root - INFO - ****************回滚业务池快照接口开始****************
2021-12-22 16:12:16,530 - root - INFO - *******测试案例名称： TestCase001_回滚业务池快照-缺少token 执行开始********
2021-12-22 16:12:16,531 - root - INFO - *******测试数据： {}
2021-12-22 16:12:16,542 - root - INFO - *******返回数据： {'code': 1005, 'message': '缺少认证信息', 'data': None, 'level': 3}
2021-12-22 16:12:16,543 - root - INFO - *******测试案例名称： TestCase001_回滚业务池快照-缺少token 执行完毕********
2021-12-22 16:12:16,544 - root - INFO - ****************回滚业务池快照接口结束****************
2021-12-22 16:12:16,545 - root - INFO - ********************************************************************************
2021-12-22 16:12:16,547 - root - INFO - ********************************************************************************
2021-12-22 16:12:16,548 - root - INFO - ****************回滚业务池快照接口开始****************
2021-12-22 16:12:16,548 - root - INFO - *******测试案例名称： TestCase002_回滚业务池快照-name为空 执行开始********
2021-12-22 16:12:16,548 - root - INFO - *******测试数据： {'name': '', 'is_start': 'true'}
2021-12-22 16:12:16,571 - root - INFO - *******返回数据： {'code': 1404, 'message': '/v1/storage/snapshots/pool/ 未找到', 'data': None}
2021-12-22 16:12:16,571 - root - INFO - ********************************************************************************
2021-12-22 16:12:16,648 - root - INFO - ********************************************************************************
2021-12-22 16:12:16,649 - root - INFO - ****************回滚业务池快照接口开始****************
2021-12-22 16:12:16,649 - root - INFO - *******测试案例名称： TestCase003_回滚业务池快照-成功 执行开始********
2021-12-22 16:12:16,649 - root - INFO - *******测试数据： {'name': 'poolSnap4LeonaTestPool1220', 'is_start': 'true'}
2021-12-22 16:12:16,669 - root - INFO - *******返回数据： {'code': 1404, 'message': '/v1/storage/snapshots/pool/ 未找到', 'data': None}
2021-12-22 16:12:16,669 - root - INFO - ********************************************************************************
2021-12-22 16:12:16,724 - root - INFO - **********************************************完成teardown class，退出登录**********************************************
