2021-12-09 17:03:25,283 - root - INFO - **********************************************开始setupClass，进行登录**********************************************
2021-12-09 17:03:31,845 - root - INFO - the sql is : select d.id as diskId, d.name as diskName, d.size as diskSize, d.status as diskStatus,             i.id as vmId, i.name as vmName, i.status as vmStatus, p.id as projectId, p.name as projectName              from  disk d LEFT JOIN cloud_instance i on i.project_id=d.pool_id INNER JOIN cloud_pool p on p.id=d.pool_id           where i.status in (1,3) and d.store_type=0 and d.status=1 ORDER BY d.create_time desc limit 1;
2021-12-09 17:03:31,847 - root - INFO - the params is : ()
2021-12-09 17:03:31,850 - root - INFO - the result data is :{'diskId': 'd102ed57-5e70-4000-90e1-316a1aa51cf6', 'diskName': 'CloudDisk4CI', 'diskSize': 1024, 'diskStatus': 1, 'vmId': 'ins-b6f3b9cc9f74446089d1cbe2e2065fc3', 'vmName': 'LC3', 'vmStatus': 1, 'projectId': 'ddac080c671b473e885714538fd1ed6e', 'projectName': 'LeonaTestPool1125'}
2021-12-09 17:03:32,062 - root - INFO - ********************************************************************************
2021-12-09 17:03:32,063 - root - INFO - ****************卸载数据盘列表接口开始****************
2021-12-09 17:03:32,063 - root - INFO - *******测试案例名称： TestCase001_卸载数据盘-缺少token 执行开始********
2021-12-09 17:03:32,064 - root - INFO - *******测试数据： {'project_id': 'ddac080c671b473e885714538fd1ed6e', 'project_name': 'LeonaTestPool1125'}
2021-12-09 17:03:32,085 - root - INFO - *******返回数据： {'code': 1001, 'message': '请求参数错误', 'data': None, 'level': 2}
2021-12-09 17:03:32,086 - root - INFO - ********************************************************************************
2021-12-09 17:03:32,167 - root - INFO - ********************************************************************************
2021-12-09 17:03:32,167 - root - INFO - ****************卸载数据盘列表接口开始****************
2021-12-09 17:03:32,167 - root - INFO - *******测试案例名称： TestCase002_卸载数据盘-instance为空 执行开始********
2021-12-09 17:03:32,168 - root - INFO - *******测试数据： {'instance': [''], 'action': 'detach', 'volume': 'bde97a16-23f7-467d-b4ef-e1465389bde5', 'project_id': 'ddac080c671b473e885714538fd1ed6e', 'project_name': 'LeonaTestPool1125'}
2021-12-09 17:03:32,194 - root - INFO - *******返回数据： {'code': 1001, 'message': '请求参数错误', 'data': None, 'level': 2}
2021-12-09 17:03:32,194 - root - INFO - *******测试案例名称： TestCase002_卸载数据盘-instance为空 执行完毕********
2021-12-09 17:03:32,195 - root - INFO - ****************卸载数据盘列表接口结束****************
2021-12-09 17:03:32,195 - root - INFO - ********************************************************************************
2021-12-09 17:03:32,198 - root - INFO - ********************************************************************************
2021-12-09 17:03:32,198 - root - INFO - ****************卸载数据盘列表接口开始****************
2021-12-09 17:03:32,199 - root - INFO - *******测试案例名称： TestCase003_卸载数据盘-volume为空 执行开始********
2021-12-09 17:03:32,199 - root - INFO - *******测试数据： {'instance': ['ins-4b28fa544833425ebcff74ad3c1fb618'], 'action': 'detach', 'volume': '', 'project_id': 'ddac080c671b473e885714538fd1ed6e', 'project_name': 'LeonaTestPool1125'}
2021-12-09 17:03:32,225 - root - INFO - *******返回数据： {'code': 1001, 'message': '请求参数错误', 'data': None, 'level': 2}
2021-12-09 17:03:32,226 - root - INFO - *******测试案例名称： TestCase003_卸载数据盘-volume为空 执行完毕********
2021-12-09 17:03:32,226 - root - INFO - ****************卸载数据盘列表接口结束****************
2021-12-09 17:03:32,227 - root - INFO - ********************************************************************************
2021-12-09 17:03:32,229 - root - INFO - ********************************************************************************
2021-12-09 17:03:32,230 - root - INFO - ****************卸载数据盘列表接口开始****************
2021-12-09 17:03:32,230 - root - INFO - *******测试案例名称： TestCase003_卸载数据盘-成功 执行开始********
2021-12-09 17:03:32,230 - root - INFO - *******测试数据： {'instance': ['ins-b6f3b9cc9f74446089d1cbe2e2065fc3'], 'action': 'detach', 'volume': 'd102ed57-5e70-4000-90e1-316a1aa51cf6', 'project_id': 'ddac080c671b473e885714538fd1ed6e', 'project_name': 'LeonaTestPool1125'}
2021-12-09 17:03:32,385 - root - INFO - *******返回数据： {'code': 214028, 'message': '非已加载状态下云硬盘不可卸载', 'data': None, 'level': 3}
2021-12-09 17:03:32,386 - root - INFO - ********************************************************************************
2021-12-09 17:03:32,419 - root - INFO - ********************************************************************************
2021-12-09 17:03:32,420 - root - INFO - ****************卸载数据盘列表接口开始****************
2021-12-09 17:03:32,420 - root - INFO - *******测试案例名称： TestCase004_卸载数据盘-重复卸载-失败 执行开始********
2021-12-09 17:03:32,421 - root - INFO - *******测试数据： {'instance': ['ins-b6f3b9cc9f74446089d1cbe2e2065fc3'], 'action': 'detach', 'volume': 'd102ed57-5e70-4000-90e1-316a1aa51cf6', 'project_id': 'ddac080c671b473e885714538fd1ed6e', 'project_name': 'LeonaTestPool1125'}
2021-12-09 17:03:32,572 - root - INFO - *******返回数据： {'code': 214028, 'message': '非已加载状态下云硬盘不可卸载', 'data': None, 'level': 3}
2021-12-09 17:03:32,572 - root - INFO - *******测试案例名称： TestCase004_卸载数据盘-重复卸载-失败 执行完毕********
2021-12-09 17:03:32,572 - root - INFO - ****************卸载数据盘列表接口结束****************
2021-12-09 17:03:32,573 - root - INFO - ********************************************************************************
