2021-12-03 10:17:45,137 - root - INFO - **********************************************开始setupClass，进行登录**********************************************
2021-12-03 10:17:45,441 - root - INFO - ********************************************************************************
2021-12-03 10:17:45,441 - root - INFO - ****************获取云硬盘列表接口开始****************
2021-12-03 10:17:45,442 - root - INFO - *******测试案例名称： TestCase001_查看云硬盘列表-系统盘 执行开始********
2021-12-03 10:17:45,442 - root - INFO - *******测试数据： {'page': 1, 'size': 10, 'info': 'sys'}
2021-12-03 10:17:45,445 - root - INFO - the sql is : select id,name,storage_limit from cloud_pool WHERE type=1 order by create_time desc limit 1;
2021-12-03 10:17:45,547 - root - INFO - the params is : ()
2021-12-03 10:17:45,552 - root - INFO - the result data is :{'id': 'f9d31e23e30c41b1a42d53ef95c8dec6', 'name': 'LeonaHashPool', 'storage_limit': 10}
2021-12-03 10:17:45,609 - root - INFO - *******返回数据： {'code': 0, 'message': 'success', 'data': [{'instances': ['ins-12ab66f1cd5940c7a4e36f59993a54ec'], 'id': '88cb6008-e32a-47be-a419-ef705d354643', 'project_name': 'LeonaHashPool', 'project_id': 'f9d31e23e30c41b1a42d53ef95c8dec6', 'pool_name': 'LeonaHashPool', 'name': 'YYD2', 'size': 2048, 'disk_type': 0, 'disk_status': 0, 'description': '', 'share_vol': 0, 'created_time': '2021-11-26 15:13:10', 'path': [{'diskdetailmodel__path': '/mnt/test881'}], 'is_snapshoted': 0}, {'instances': [None], 'id': 'd882c0a9-da23-4222-b0d1-7604613f1369', 'project_name': 'LeonaHashPool', 'project_id': 'f9d31e23e30c41b1a42d53ef95c8dec6', 'pool_name': 'LeonaHashPool', 'name': 'YYD1', 'size': 8192, 'disk_type': 0, 'disk_status': 0, 'description': 'YYD1SharedDisk', 'share_vol': 0, 'created_time': '2021-11-26 14:16:21', 'path': [{'diskdetailmodel__path': None}], 'is_snapshoted': 0}], 'total': 2}
2021-12-03 10:17:45,609 - root - INFO - *******测试案例名称： TestCase001_查看云硬盘列表-系统盘 执行完毕********
2021-12-03 10:17:45,610 - root - INFO - ****************获取云硬盘列表接口结束****************
2021-12-03 10:17:45,610 - root - INFO - ********************************************************************************
2021-12-03 10:17:45,614 - root - INFO - ********************************************************************************
2021-12-03 10:17:45,615 - root - INFO - ****************获取云硬盘列表接口开始****************
2021-12-03 10:17:45,616 - root - INFO - *******测试案例名称： TestCase002_查看云硬盘列表-系统盘 执行开始********
2021-12-03 10:17:45,616 - root - INFO - *******测试数据： {'page': 1, 'size': 10, 'info': 'data'}
2021-12-03 10:17:45,619 - root - INFO - the sql is : select id,name,storage_limit from cloud_pool WHERE type=1 order by create_time desc limit 1;
2021-12-03 10:17:45,620 - root - INFO - the params is : ()
2021-12-03 10:17:45,621 - root - INFO - the result data is :{'id': 'f9d31e23e30c41b1a42d53ef95c8dec6', 'name': 'LeonaHashPool', 'storage_limit': 10}
2021-12-03 10:17:45,678 - root - INFO - *******返回数据： {'code': 0, 'message': 'success', 'data': [{'instances': ['ins-12ab66f1cd5940c7a4e36f59993a54ec'], 'id': '88cb6008-e32a-47be-a419-ef705d354643', 'project_name': 'LeonaHashPool', 'project_id': 'f9d31e23e30c41b1a42d53ef95c8dec6', 'pool_name': 'LeonaHashPool', 'name': 'YYD2', 'size': 2048, 'disk_type': 0, 'disk_status': 0, 'description': '', 'share_vol': 0, 'created_time': '2021-11-26 15:13:10', 'path': [{'diskdetailmodel__path': '/mnt/test881'}], 'is_snapshoted': 0}, {'instances': [None], 'id': 'd882c0a9-da23-4222-b0d1-7604613f1369', 'project_name': 'LeonaHashPool', 'project_id': 'f9d31e23e30c41b1a42d53ef95c8dec6', 'pool_name': 'LeonaHashPool', 'name': 'YYD1', 'size': 8192, 'disk_type': 0, 'disk_status': 0, 'description': 'YYD1SharedDisk', 'share_vol': 0, 'created_time': '2021-11-26 14:16:21', 'path': [{'diskdetailmodel__path': None}], 'is_snapshoted': 0}], 'total': 2}
2021-12-03 10:17:45,678 - root - INFO - *******测试案例名称： TestCase002_查看云硬盘列表-系统盘 执行完毕********
2021-12-03 10:17:45,679 - root - INFO - ****************获取云硬盘列表接口结束****************
2021-12-03 10:17:45,679 - root - INFO - ********************************************************************************
2021-12-03 10:17:45,682 - root - INFO - ********************************************************************************
2021-12-03 10:17:45,683 - root - INFO - ****************获取云硬盘列表接口开始****************
2021-12-03 10:17:45,683 - root - INFO - *******测试案例名称： TestCase003_配置存储池空间-缺少token 执行开始********
2021-12-03 10:17:45,684 - root - INFO - *******测试数据： {'storage_limit': 10, 'add_size': 0, 'project_id': 'f9d31e23e30c41b1a42d53ef95c8dec6'}
2021-12-03 10:17:45,693 - root - INFO - the sql is : select id,name,storage_limit from cloud_pool WHERE type=1 order by create_time desc limit 1;
2021-12-03 10:17:45,694 - root - INFO - the params is : ()
2021-12-03 10:17:45,696 - root - INFO - the result data is :{'id': 'f9d31e23e30c41b1a42d53ef95c8dec6', 'name': 'LeonaHashPool', 'storage_limit': 10}
2021-12-03 10:17:45,707 - root - INFO - *******返回数据： {'code': 1005, 'message': '缺少认证信息', 'data': None, 'level': 3}
2021-12-03 10:17:45,708 - root - INFO - *******测试案例名称： TestCase003_配置存储池空间-缺少token 执行完毕********
2021-12-03 10:17:45,708 - root - INFO - ****************获取云硬盘列表接口结束****************
2021-12-03 10:17:45,708 - root - INFO - ********************************************************************************
2021-12-03 10:17:45,731 - root - INFO - **********************************************完成teardown class，退出登录**********************************************
