2021-12-07 11:26:48,156 - root - INFO - **********************************************开始setupClass，进行登录**********************************************
2021-12-07 11:26:48,459 - root - INFO - ********************************************************************************
2021-12-07 11:26:48,459 - root - INFO - ****************编辑系统盘列表接口开始****************
2021-12-07 11:26:48,571 - root - INFO - *******测试案例名称： TestCase001_编辑系统盘-name为空 执行开始********
2021-12-07 11:26:48,572 - root - INFO - *******测试数据： {'name': '', 'description': '编辑系统盘-name为空', 'id': 'ins-b3c6c8f21e744d5ea05de73dfbc6b2a3', 'size': 1024, 'disk_type': 0, 'disk_status': 0, 'created_time': '2021-12-02 17:51:06', 'is_snapshoted': 0, 'project_name': 'test_wang', 'project_id': 'e6451dede2ed41c08b5049b40d5b1daf', 'pool_name': 'test_wang'}
2021-12-07 11:26:48,604 - root - INFO - *******返回数据： {'code': 1001, 'message': '请求参数错误', 'data': None, 'level': 2}
2021-12-07 11:26:48,604 - root - INFO - *******测试案例名称： TestCase001_编辑系统盘-name为空 执行完毕********
2021-12-07 11:26:48,604 - root - INFO - ****************编辑系统盘列表接口结束****************
2021-12-07 11:26:48,605 - root - INFO - ********************************************************************************
2021-12-07 11:26:48,609 - root - INFO - ********************************************************************************
2021-12-07 11:26:48,610 - root - INFO - ****************编辑系统盘列表接口开始****************
2021-12-07 11:26:48,712 - root - INFO - *******测试案例名称： TestCase002_编辑系统盘-name为特殊字符 执行开始********
2021-12-07 11:26:48,712 - root - INFO - *******测试数据： {'name': '@￥@#%￥#%￥', 'description': '编辑系统盘-name为特殊字符', 'id': 'ins-b3c6c8f21e744d5ea05de73dfbc6b2a3', 'size': 1024, 'disk_type': 0, 'disk_status': 0, 'created_time': '2021-12-02 17:51:06', 'is_snapshoted': 0, 'project_name': 'test_wang', 'project_id': 'e6451dede2ed41c08b5049b40d5b1daf', 'pool_name': 'test_wang'}
2021-12-07 11:26:48,737 - root - INFO - *******返回数据： {'code': 214024, 'message': '云硬盘名称只能输入字母、数字、汉字、横线以及下划线', 'data': None, 'level': 3}
2021-12-07 11:26:48,737 - root - INFO - *******测试案例名称： TestCase002_编辑系统盘-name为特殊字符 执行完毕********
2021-12-07 11:26:48,737 - root - INFO - ****************编辑系统盘列表接口结束****************
2021-12-07 11:26:48,738 - root - INFO - ********************************************************************************
2021-12-07 11:26:48,742 - root - INFO - ********************************************************************************
2021-12-07 11:26:48,742 - root - INFO - ****************编辑系统盘列表接口开始****************
2021-12-07 11:26:48,855 - root - INFO - *******测试案例名称： TestCase003_编辑系统盘-name为中文名称 执行开始********
2021-12-07 11:26:48,855 - root - INFO - *******测试数据： {'name': '中文名称系统盘', 'description': '编辑系统盘-name为中文名称', 'id': 'ins-b3c6c8f21e744d5ea05de73dfbc6b2a3', 'size': 1024, 'disk_type': 0, 'disk_status': 0, 'created_time': '2021-12-02 17:51:06', 'is_snapshoted': 0, 'project_name': 'test_wang', 'project_id': 'e6451dede2ed41c08b5049b40d5b1daf', 'pool_name': 'test_wang'}
2021-12-07 11:26:48,890 - root - INFO - *******返回数据： {'code': 0, 'message': 'success', 'data': {'name': '中文名称系统盘', 'description': '编辑系统盘-name为中文名称'}}
2021-12-07 11:26:48,890 - root - INFO - *******测试案例名称： TestCase003_编辑系统盘-name为中文名称 执行完毕********
2021-12-07 11:26:48,891 - root - INFO - ****************编辑系统盘列表接口结束****************
2021-12-07 11:26:48,891 - root - INFO - ********************************************************************************
2021-12-07 11:26:48,894 - root - INFO - ********************************************************************************
2021-12-07 11:26:48,895 - root - INFO - ****************编辑系统盘列表接口开始****************
2021-12-07 11:26:49,002 - root - INFO - *******测试案例名称： TestCase004_编辑系统盘-name为数字 执行开始********
2021-12-07 11:26:49,003 - root - INFO - *******测试数据： {'name': '123456', 'description': '编辑系统盘-name为数字', 'id': 'ins-b3c6c8f21e744d5ea05de73dfbc6b2a3', 'size': 1024, 'disk_type': 0, 'disk_status': 0, 'created_time': '2021-12-02 17:51:06', 'is_snapshoted': 0, 'project_name': 'test_wang', 'project_id': 'e6451dede2ed41c08b5049b40d5b1daf', 'pool_name': 'test_wang'}
2021-12-07 11:26:49,043 - root - INFO - *******返回数据： {'code': 0, 'message': 'success', 'data': {'name': '123456', 'description': '编辑系统盘-name为数字'}}
2021-12-07 11:26:49,045 - root - INFO - *******测试案例名称： TestCase004_编辑系统盘-name为数字 执行完毕********
2021-12-07 11:26:49,045 - root - INFO - ****************编辑系统盘列表接口结束****************
2021-12-07 11:26:49,047 - root - INFO - ********************************************************************************
2021-12-07 11:26:49,051 - root - INFO - ********************************************************************************
2021-12-07 11:26:49,053 - root - INFO - ****************编辑系统盘列表接口开始****************
2021-12-07 11:26:49,181 - root - INFO - *******测试案例名称： TestCase005_编辑系统盘-name为下划线 执行开始********
2021-12-07 11:26:49,181 - root - INFO - *******测试数据： {'name': '______', 'description': '编辑系统盘-name为下划线', 'id': 'ins-b3c6c8f21e744d5ea05de73dfbc6b2a3', 'size': 1024, 'disk_type': 0, 'disk_status': 0, 'created_time': '2021-12-02 17:51:06', 'is_snapshoted': 0, 'project_name': 'test_wang', 'project_id': 'e6451dede2ed41c08b5049b40d5b1daf', 'pool_name': 'test_wang'}
2021-12-07 11:26:49,218 - root - INFO - *******返回数据： {'code': 0, 'message': 'success', 'data': {'name': '______', 'description': '编辑系统盘-name为下划线'}}
2021-12-07 11:26:49,219 - root - INFO - *******测试案例名称： TestCase005_编辑系统盘-name为下划线 执行完毕********
2021-12-07 11:26:49,219 - root - INFO - ****************编辑系统盘列表接口结束****************
2021-12-07 11:26:49,220 - root - INFO - ********************************************************************************
2021-12-07 11:26:49,224 - root - INFO - ********************************************************************************
2021-12-07 11:26:49,225 - root - INFO - ****************编辑系统盘列表接口开始****************
2021-12-07 11:26:49,336 - root - INFO - *******测试案例名称： TestCase006_编辑系统盘-name为短横线 执行开始********
2021-12-07 11:26:49,336 - root - INFO - *******测试数据： {'name': '-----', 'description': '编辑系统盘-name为下划线', 'id': 'ins-b3c6c8f21e744d5ea05de73dfbc6b2a3', 'size': 1024, 'disk_type': 0, 'disk_status': 0, 'created_time': '2021-12-02 17:51:06', 'is_snapshoted': 0, 'project_name': 'test_wang', 'project_id': 'e6451dede2ed41c08b5049b40d5b1daf', 'pool_name': 'test_wang'}
2021-12-07 11:26:50,750 - root - INFO - *******返回数据： {'code': 0, 'message': 'success', 'data': {'name': '-----', 'description': '编辑系统盘-name为下划线'}}
2021-12-07 11:26:50,751 - root - INFO - *******测试案例名称： TestCase006_编辑系统盘-name为短横线 执行完毕********
2021-12-07 11:26:50,751 - root - INFO - ****************编辑系统盘列表接口结束****************
2021-12-07 11:26:50,752 - root - INFO - ********************************************************************************
2021-12-07 11:26:50,754 - root - INFO - ********************************************************************************
2021-12-07 11:26:50,755 - root - INFO - ****************编辑系统盘列表接口开始****************
2021-12-07 11:26:50,881 - root - INFO - *******测试案例名称： TestCase007_编辑系统盘-name超过32个字符 执行开始********
2021-12-07 11:26:50,881 - root - INFO - *******测试数据： {'name': 'SysnameIsOver32SysnameIsOve32SysnameOver32', 'description': '编辑系统盘-name超过32个字符', 'id': 'ins-b3c6c8f21e744d5ea05de73dfbc6b2a3', 'size': 1024, 'disk_type': 0, 'disk_status': 0, 'created_time': '2021-12-02 17:51:06', 'is_snapshoted': 0, 'project_name': 'test_wang', 'project_id': 'e6451dede2ed41c08b5049b40d5b1daf', 'pool_name': 'test_wang'}
2021-12-07 11:26:50,900 - root - INFO - *******返回数据： {'code': 1001, 'message': '请求参数错误', 'data': None, 'level': 2}
2021-12-07 11:26:50,900 - root - INFO - *******测试案例名称： TestCase007_编辑系统盘-name超过32个字符 执行完毕********
2021-12-07 11:26:50,901 - root - INFO - ****************编辑系统盘列表接口结束****************
2021-12-07 11:26:50,902 - root - INFO - ********************************************************************************
2021-12-07 11:26:50,904 - root - INFO - ********************************************************************************
2021-12-07 11:26:50,905 - root - INFO - ****************编辑系统盘列表接口开始****************
2021-12-07 11:26:50,997 - root - INFO - *******测试案例名称： TestCase008_编辑系统盘-name等于32个字符 执行开始********
2021-12-07 11:26:50,997 - root - INFO - *******测试数据： {'name': 'SysnameIs32SysnameIs32SysnameH32', 'description': '编辑系统盘-name等于32个字符', 'id': 'ins-b3c6c8f21e744d5ea05de73dfbc6b2a3', 'size': 1024, 'disk_type': 0, 'disk_status': 0, 'created_time': '2021-12-02 17:51:06', 'is_snapshoted': 0, 'project_name': 'test_wang', 'project_id': 'e6451dede2ed41c08b5049b40d5b1daf', 'pool_name': 'test_wang'}
2021-12-07 11:26:51,029 - root - INFO - *******返回数据： {'code': 0, 'message': 'success', 'data': {'name': 'SysnameIs32SysnameIs32SysnameH32', 'description': '编辑系统盘-name等于32个字符'}}
2021-12-07 11:26:51,030 - root - INFO - *******测试案例名称： TestCase008_编辑系统盘-name等于32个字符 执行完毕********
2021-12-07 11:26:51,030 - root - INFO - ****************编辑系统盘列表接口结束****************
2021-12-07 11:26:51,031 - root - INFO - ********************************************************************************
2021-12-07 11:26:51,033 - root - INFO - ********************************************************************************
2021-12-07 11:26:51,033 - root - INFO - ****************编辑系统盘列表接口开始****************
2021-12-07 11:26:51,140 - root - INFO - *******测试案例名称： TestCase009_查看云硬盘列表-缺少token 执行开始********
2021-12-07 11:26:51,140 - root - INFO - *******测试数据： {'storage_limit': 10, 'add_size': 0, 'project_id': 'e6451dede2ed41c08b5049b40d5b1daf', 'id': 'ins-b3c6c8f21e744d5ea05de73dfbc6b2a3', 'size': 1024, 'disk_type': 0, 'disk_status': 0, 'created_time': '2021-12-02 17:51:06', 'is_snapshoted': 0, 'project_name': 'test_wang', 'pool_name': 'test_wang'}
2021-12-07 11:26:51,151 - root - INFO - *******返回数据： {'code': 1005, 'message': '缺少认证信息', 'data': None, 'level': 3}
2021-12-07 11:26:51,151 - root - INFO - *******测试案例名称： TestCase009_查看云硬盘列表-缺少token 执行完毕********
2021-12-07 11:26:51,152 - root - INFO - ****************编辑系统盘列表接口结束****************
2021-12-07 11:26:51,152 - root - INFO - ********************************************************************************
2021-12-07 11:26:51,156 - root - INFO - ********************************************************************************
2021-12-07 11:26:51,157 - root - INFO - ****************编辑系统盘列表接口开始****************
2021-12-07 11:26:51,259 - root - INFO - *******测试案例名称： TestCase010_编辑系统盘-Des大于100个字符 执行开始********
2021-12-07 11:26:51,260 - root - INFO - *******测试数据： {'name': 'SysDesIsOver100Chars', 'description': 'DesIsOver100Chars！#@@%#%DesIsOver100Chars！#@@%#%DesIsOver100Chars！#@@%#%DesIsOver100Chars！#@@%#%DesIsOver100Chars！#@@%#%', 'id': 'ins-b3c6c8f21e744d5ea05de73dfbc6b2a3', 'size': 1024, 'disk_type': 0, 'disk_status': 0, 'created_time': '2021-12-02 17:51:06', 'is_snapshoted': 0, 'project_name': 'test_wang', 'project_id': 'e6451dede2ed41c08b5049b40d5b1daf', 'pool_name': 'test_wang'}
2021-12-07 11:26:51,280 - root - INFO - *******返回数据： {'code': 1001, 'message': '请求参数错误', 'data': None, 'level': 2}
2021-12-07 11:26:51,281 - root - INFO - *******测试案例名称： TestCase010_编辑系统盘-Des大于100个字符 执行完毕********
2021-12-07 11:26:51,282 - root - INFO - ****************编辑系统盘列表接口结束****************
2021-12-07 11:26:51,282 - root - INFO - ********************************************************************************
2021-12-07 11:26:51,284 - root - INFO - ********************************************************************************
2021-12-07 11:26:51,285 - root - INFO - ****************编辑系统盘列表接口开始****************
2021-12-07 11:26:51,402 - root - INFO - *******测试案例名称： TestCase011_编辑系统盘-Des等于100个字符 执行开始********
2021-12-07 11:26:51,404 - root - INFO - *******测试数据： {'name': 'SysDesIs100Chars', 'description': 'DesIs100Chars！#@@%#%DesIs100Chars！#@@%#%DesIs100Chars！#@@%#%DesIs100Chars！#@@%#%DesIs100Chars！#@@%#%', 'id': 'ins-b3c6c8f21e744d5ea05de73dfbc6b2a3', 'size': 1024, 'disk_type': 0, 'disk_status': 0, 'created_time': '2021-12-02 17:51:06', 'is_snapshoted': 0, 'project_name': 'test_wang', 'project_id': 'e6451dede2ed41c08b5049b40d5b1daf', 'pool_name': 'test_wang'}
2021-12-07 11:26:51,448 - root - INFO - *******返回数据： {'code': 0, 'message': 'success', 'data': {'name': 'SysDesIs100Chars', 'description': 'DesIs100Chars！#@@%#%DesIs100Chars！#@@%#%DesIs100Chars！#@@%#%DesIs100Chars！#@@%#%DesIs100Chars！#@@%#%'}}
2021-12-07 11:26:51,448 - root - INFO - *******测试案例名称： TestCase011_编辑系统盘-Des等于100个字符 执行完毕********
2021-12-07 11:26:51,448 - root - INFO - ****************编辑系统盘列表接口结束****************
2021-12-07 11:26:51,449 - root - INFO - ********************************************************************************
2021-12-07 11:26:51,453 - root - INFO - ********************************************************************************
2021-12-07 11:26:51,454 - root - INFO - ****************编辑系统盘列表接口开始****************
2021-12-07 11:26:51,540 - root - INFO - *******测试案例名称： TestCase012_编辑系统盘-Des为空 执行开始********
2021-12-07 11:26:51,540 - root - INFO - *******测试数据： {'name': 'SysDesIsNull', 'description': '', 'id': 'ins-b3c6c8f21e744d5ea05de73dfbc6b2a3', 'size': 1024, 'disk_type': 0, 'disk_status': 0, 'created_time': '2021-12-02 17:51:06', 'is_snapshoted': 0, 'project_name': 'test_wang', 'project_id': 'e6451dede2ed41c08b5049b40d5b1daf', 'pool_name': 'test_wang'}
2021-12-07 11:26:51,674 - root - INFO - *******返回数据： {'code': 0, 'message': 'success', 'data': {'name': 'SysDesIsNull', 'description': ''}}
2021-12-07 11:26:51,674 - root - INFO - *******测试案例名称： TestCase012_编辑系统盘-Des为空 执行完毕********
2021-12-07 11:26:51,675 - root - INFO - ****************编辑系统盘列表接口结束****************
2021-12-07 11:26:51,675 - root - INFO - ********************************************************************************
2021-12-07 11:26:51,678 - root - INFO - ********************************************************************************
2021-12-07 11:26:51,678 - root - INFO - ****************编辑系统盘列表接口开始****************
2021-12-07 11:26:51,774 - root - INFO - *******测试案例名称： TestCase013_编辑系统盘-Des为单个字符 执行开始********
2021-12-07 11:26:51,775 - root - INFO - *******测试数据： {'name': 'SysDesIs1Char', 'description': 'A', 'id': 'ins-b3c6c8f21e744d5ea05de73dfbc6b2a3', 'size': 1024, 'disk_type': 0, 'disk_status': 0, 'created_time': '2021-12-02 17:51:06', 'is_snapshoted': 0, 'project_name': 'test_wang', 'project_id': 'e6451dede2ed41c08b5049b40d5b1daf', 'pool_name': 'test_wang'}
2021-12-07 11:26:51,806 - root - INFO - *******返回数据： {'code': 0, 'message': 'success', 'data': {'name': 'SysDesIs1Char', 'description': 'A'}}
2021-12-07 11:26:51,806 - root - INFO - *******测试案例名称： TestCase013_编辑系统盘-Des为单个字符 执行完毕********
2021-12-07 11:26:51,806 - root - INFO - ****************编辑系统盘列表接口结束****************
2021-12-07 11:26:51,807 - root - INFO - ********************************************************************************
2021-12-07 11:26:51,809 - root - INFO - ********************************************************************************
2021-12-07 11:26:51,810 - root - INFO - ****************编辑系统盘列表接口开始****************
2021-12-07 11:26:51,911 - root - INFO - *******测试案例名称： TestCase014_编辑系统盘-数据还原 执行开始********
2021-12-07 11:26:51,911 - root - INFO - *******测试数据： {'name': '', 'description': '', 'id': 'ins-b3c6c8f21e744d5ea05de73dfbc6b2a3', 'size': 1024, 'disk_type': 0, 'disk_status': 0, 'created_time': '2021-12-02 17:51:06', 'is_snapshoted': 0, 'project_name': 'test_wang', 'project_id': 'e6451dede2ed41c08b5049b40d5b1daf', 'pool_name': 'test_wang'}
2021-12-07 11:26:51,941 - root - INFO - *******返回数据： {'code': 0, 'message': 'success', 'data': {'name': 'SysDesIs1Char', 'description': 'A'}}
2021-12-07 11:26:51,941 - root - INFO - *******测试案例名称： TestCase014_编辑系统盘-数据还原 执行完毕********
2021-12-07 11:26:51,941 - root - INFO - ****************编辑系统盘列表接口结束****************
2021-12-07 11:26:51,942 - root - INFO - ********************************************************************************
2021-12-07 11:26:51,961 - root - INFO - **********************************************完成teardown class，退出登录**********************************************
