2021-12-22 16:50:30,760 - root - INFO - **********************************************开始setupClass，进行登录**********************************************
2021-12-22 16:50:36,076 - root - INFO - the sql is : select d.id as diskId, d.name as diskName, d.size as diskSize, d.status as diskStatus,             i.id as vmId, i.name as vmName, i.status as vmStatus, p.id as projectId, p.name as projectName              from  disk d LEFT JOIN cloud_instance i on i.project_id=d.pool_id INNER JOIN cloud_pool p on p.id=d.pool_id           where i.status in (1,3) and d.store_type=0 and d.status=1 ORDER BY d.create_time desc limit 1;
2021-12-22 16:50:36,078 - root - INFO - the params is : ()
2021-12-22 16:50:36,080 - root - INFO - the result data is :None
2021-12-22 16:50:36,082 - root - INFO - ********************************************************************************
2021-12-22 16:50:36,082 - root - INFO - ****************加载数据盘列表接口开始****************
2021-12-22 16:50:36,082 - root - INFO - *******测试案例名称： TestCase001_加载数据盘-volume为空 执行开始********
2021-12-22 16:50:36,083 - root - INFO - ********************************************************************************
2021-12-22 16:50:36,132 - root - INFO - ********************************************************************************
2021-12-22 16:50:36,133 - root - INFO - ****************加载数据盘列表接口开始****************
2021-12-22 16:50:36,133 - root - INFO - *******测试案例名称： TestCase002_加载数据盘-Path为空 执行开始********
2021-12-22 16:50:36,133 - root - INFO - ********************************************************************************
2021-12-22 16:50:36,140 - root - INFO - ********************************************************************************
2021-12-22 16:50:36,140 - root - INFO - ****************加载数据盘列表接口开始****************
2021-12-22 16:50:36,141 - root - INFO - *******测试案例名称： TestCase003_加载数据盘-Path为特殊字符 执行开始********
2021-12-22 16:50:36,141 - root - INFO - ********************************************************************************
2021-12-22 16:50:36,155 - root - INFO - ********************************************************************************
2021-12-22 16:50:36,155 - root - INFO - ****************加载数据盘列表接口开始****************
2021-12-22 16:50:36,155 - root - INFO - *******测试案例名称： TestCase003_加载数据盘-Volume不存在 执行开始********
2021-12-22 16:50:36,156 - root - INFO - ********************************************************************************
2021-12-22 16:50:36,163 - root - INFO - ********************************************************************************
2021-12-22 16:50:36,163 - root - INFO - ****************加载数据盘列表接口开始****************
2021-12-22 16:50:36,164 - root - INFO - *******测试案例名称： TestCase004_加载数据盘-Path>128 执行开始********
2021-12-22 16:50:36,164 - root - INFO - ********************************************************************************
2021-12-22 16:50:36,171 - root - INFO - ********************************************************************************
2021-12-22 16:50:36,172 - root - INFO - ****************加载数据盘列表接口开始****************
2021-12-22 16:50:36,172 - root - INFO - *******测试案例名称： TestCase005_加载数据盘-Path=128 执行开始********
2021-12-22 16:50:36,172 - root - INFO - ********************************************************************************
2021-12-22 16:50:36,187 - root - INFO - ********************************************************************************
2021-12-22 16:50:36,187 - root - INFO - ****************加载数据盘列表接口开始****************
2021-12-22 16:50:36,188 - root - INFO - *******测试案例名称： TestCase006_加载数据盘-同一路径重复加载-Path=128 执行开始********
2021-12-22 16:50:36,188 - root - INFO - ********************************************************************************
2021-12-22 16:50:36,203 - root - INFO - ********************************************************************************
2021-12-22 16:50:36,203 - root - INFO - ****************加载数据盘列表接口开始****************
2021-12-22 16:50:36,203 - root - INFO - *******测试案例名称： TestCase007_加载数据盘-缺少token 执行开始********
2021-12-22 16:50:36,204 - root - INFO - ********************************************************************************
