2021-12-10 16:51:12,817 - root - INFO - **********************************************开始setupClass，进行登录**********************************************
2021-12-10 16:51:20,036 - root - INFO - the sql is : SELECT snapshot_id, name from `storage_snapshot` WHERE snapshot_type="pool" and pool_id=%s order by create_time DESC limit 1
2021-12-10 16:51:20,037 - root - INFO - the params is : ddac080c671b473e885714538fd1ed6e
2021-12-10 16:51:20,038 - root - INFO - the result data is :{'snapshot_id': '', 'name': 'poolSnap4LeonaTestPool1125'}
2021-12-10 16:51:20,040 - root - INFO - ********************************************************************************
2021-12-10 16:51:20,040 - root - INFO - ****************删除业务池快照接口开始****************
2021-12-10 16:51:20,041 - root - INFO - *******测试案例名称： TestCase001_删除业务池快照-缺少token 执行开始********
2021-12-10 16:51:20,042 - root - INFO - *******测试数据： {}
2021-12-10 16:51:20,055 - root - INFO - *******返回数据： {'code': 1005, 'message': '缺少认证信息', 'data': None, 'level': 3}
2021-12-10 16:51:20,055 - root - INFO - *******测试案例名称： TestCase001_删除业务池快照-缺少token 执行完毕********
2021-12-10 16:51:20,057 - root - INFO - ****************删除业务池快照接口结束****************
2021-12-10 16:51:20,057 - root - INFO - ********************************************************************************
2021-12-10 16:51:20,060 - root - INFO - ********************************************************************************
2021-12-10 16:51:20,060 - root - INFO - ****************删除业务池快照接口开始****************
2021-12-10 16:51:20,061 - root - INFO - *******测试案例名称： TestCase002_删除业务池快照-id为空 执行开始********
2021-12-10 16:51:20,061 - root - INFO - *******测试数据： {'ids': []}
2021-12-10 16:51:20,112 - root - INFO - *******返回数据： {'code': 1001, 'message': '参数错误', 'data': {'ids': ['Ensure this field has at least 1 elements.']}}
2021-12-10 16:51:20,112 - root - INFO - *******测试案例名称： TestCase002_删除业务池快照-id为空 执行完毕********
2021-12-10 16:51:20,112 - root - INFO - ****************删除业务池快照接口结束****************
2021-12-10 16:51:20,113 - root - INFO - ********************************************************************************
2021-12-10 16:51:20,116 - root - INFO - ********************************************************************************
2021-12-10 16:51:20,116 - root - INFO - ****************删除业务池快照接口开始****************
2021-12-10 16:51:20,116 - root - INFO - *******测试案例名称： TestCase002_删除业务池快照-成功 执行开始********
2021-12-10 16:51:20,117 - root - INFO - *******测试数据： {'ids': ['']}
2021-12-10 16:51:20,180 - root - INFO - *******返回数据： {'code': 0, 'message': 'success', 'data': None}
2021-12-10 16:51:20,181 - root - INFO - *******测试案例名称： TestCase002_删除业务池快照-成功 执行完毕********
2021-12-10 16:51:20,181 - root - INFO - ****************删除业务池快照接口结束****************
2021-12-10 16:51:20,182 - root - INFO - ********************************************************************************
2021-12-10 16:51:20,208 - root - INFO - **********************************************完成teardown class，退出登录**********************************************
