2021-12-10 16:37:38,184 - root - INFO - the sql is : SELECT server_id, snapshot_name from `snapshot` WHERE project_id=%s order by create_time DESC limit 1 
2021-12-10 16:37:38,185 - root - INFO - the params is : ddac080c671b473e885714538fd1ed6e
2021-12-10 16:37:38,187 - root - INFO - the result data is :{'server_id': 'ins-b6f3b9cc9f74446089d1cbe2e2065fc3', 'snapshot_name': 'LC3-sys3'}
2021-12-10 16:37:38,211 - root - INFO - the sql is : SELECT server_id, snapshot_name from `snapshot` WHERE project_id=%s order by create_time DESC limit 1 
2021-12-10 16:37:38,212 - root - INFO - the params is : ddac080c671b473e885714538fd1ed6e
2021-12-10 16:37:38,214 - root - INFO - the result data is :{'server_id': 'ins-b6f3b9cc9f74446089d1cbe2e2065fc3', 'snapshot_name': 'LC3-sys3'}
2021-12-10 16:37:38,356 - root - INFO - **********************************************开始setupClass，进行登录**********************************************
2021-12-10 16:37:43,706 - root - INFO - the sql is : SELECT snapshot_id, name from `storage_snapshot` WHERE snapshot_type="pool" and pool_id=%s order by create_time DESC limit 1
2021-12-10 16:37:43,707 - root - INFO - the params is : ddac080c671b473e885714538fd1ed6e
2021-12-10 16:37:43,708 - root - INFO - the result data is :{'snapshot_id': 'ae50ef28-9f14-47ce-ba61-01beba2df7dc', 'name': 'poolSnap4LeonaTestPool1125_123'}
2021-12-10 16:37:43,710 - root - INFO - ********************************************************************************
2021-12-10 16:37:43,710 - root - INFO - ****************回滚业务池快照接口开始****************
2021-12-10 16:37:43,711 - root - INFO - *******测试案例名称： TestCase001_回滚业务池快照-缺少token 执行开始********
2021-12-10 16:37:43,711 - root - INFO - *******测试数据： {}
2021-12-10 16:37:43,719 - root - INFO - *******返回数据： {'code': 1005, 'message': '缺少认证信息', 'data': None, 'level': 3}
2021-12-10 16:37:43,720 - root - INFO - *******测试案例名称： TestCase001_回滚业务池快照-缺少token 执行完毕********
2021-12-10 16:37:43,720 - root - INFO - ****************回滚业务池快照接口结束****************
2021-12-10 16:37:43,721 - root - INFO - ********************************************************************************
2021-12-10 16:37:43,723 - root - INFO - ********************************************************************************
2021-12-10 16:37:43,724 - root - INFO - ****************回滚业务池快照接口开始****************
2021-12-10 16:37:43,724 - root - INFO - *******测试案例名称： TestCase002_回滚业务池快照-name为空 执行开始********
2021-12-10 16:37:43,725 - root - INFO - *******测试数据： {'name': '', 'is_start': 'true'}
2021-12-10 16:37:43,750 - root - INFO - *******返回数据： {'code': 1001, 'message': '参数错误', 'data': {'name': ['该字段不能为空。']}}
2021-12-10 16:37:43,751 - root - INFO - ********************************************************************************
2021-12-10 16:37:43,839 - root - INFO - ********************************************************************************
2021-12-10 16:37:43,839 - root - INFO - ****************回滚业务池快照接口开始****************
2021-12-10 16:37:43,840 - root - INFO - *******测试案例名称： TestCase002_回滚业务池快照-成功 执行开始********
2021-12-10 16:37:43,840 - root - INFO - *******测试数据： {'name': 'poolSnap4LeonaTestPool1125_123', 'is_start': 'true'}
2021-12-10 16:37:46,246 - root - INFO - *******返回数据： {'code': 0, 'message': 'success', 'data': None}
2021-12-10 16:37:46,246 - root - INFO - *******测试案例名称： TestCase002_回滚业务池快照-成功 执行完毕********
2021-12-10 16:37:46,247 - root - INFO - ****************回滚业务池快照接口结束****************
2021-12-10 16:37:46,247 - root - INFO - ********************************************************************************
2021-12-10 16:37:46,268 - root - INFO - **********************************************完成teardown class，退出登录**********************************************
