2021-12-09 18:22:15,637 - root - INFO - **********************************************开始setupClass，进行登录**********************************************
2021-12-09 18:22:22,511 - root - INFO - the sql is : select id from disk where store_type=0 and pool_id=%s order by create_time desc limit 1;
2021-12-09 18:22:22,511 - root - INFO - the params is : ddac080c671b473e885714538fd1ed6e
2021-12-09 18:22:22,513 - root - INFO - the result data is :{'id': '34a66238-1c3f-4bda-b848-9fe1f8746a38'}
2021-12-09 18:22:22,514 - root - INFO - ********************************************************************************
2021-12-09 18:22:22,515 - root - INFO - ****************创建数据盘快照接口开始****************
2021-12-09 18:22:22,516 - root - INFO - *******测试案例名称： TestCase001_新建快照-缺少token 执行开始********
2021-12-09 18:22:22,516 - root - INFO - *******测试数据： {}
2021-12-09 18:22:22,525 - root - INFO - *******返回数据： {'code': 1005, 'message': '缺少认证信息', 'data': None, 'level': 3}
2021-12-09 18:22:22,526 - root - INFO - *******测试案例名称： TestCase001_新建快照-缺少token 执行完毕********
2021-12-09 18:22:22,527 - root - INFO - ****************创建数据盘快照接口结束****************
2021-12-09 18:22:22,528 - root - INFO - ********************************************************************************
2021-12-09 18:22:22,530 - root - INFO - ********************************************************************************
2021-12-09 18:22:22,531 - root - INFO - ****************创建数据盘快照接口开始****************
2021-12-09 18:22:22,531 - root - INFO - *******测试案例名称： TestCase002_新建快照-name为空 执行开始********
2021-12-09 18:22:22,532 - root - INFO - *******测试数据： {'name': '', 'description': 'SnapNameIsNull', 'volume': 'deb69c4a-c212-4d3d-9aeb-806f9941e1b3'}
2021-12-09 18:22:22,559 - root - INFO - *******返回数据： {'code': 1001, 'message': {'name': ['该字段不能为空。']}, 'data': None}
2021-12-09 18:22:22,559 - root - INFO - *******测试案例名称： TestCase002_新建快照-name为空 执行完毕********
2021-12-09 18:22:22,559 - root - INFO - ****************创建数据盘快照接口结束****************
2021-12-09 18:22:22,560 - root - INFO - ********************************************************************************
2021-12-09 18:22:22,562 - root - INFO - ********************************************************************************
2021-12-09 18:22:22,563 - root - INFO - ****************创建数据盘快照接口开始****************
2021-12-09 18:22:22,563 - root - INFO - *******测试案例名称： TestCase003_新建快照-volume为空 执行开始********
2021-12-09 18:22:22,564 - root - INFO - *******测试数据： {'name': 'testSnap', 'description': 'volumeIsNull', 'volume': ''}
2021-12-09 18:22:22,595 - root - INFO - *******返回数据： {'code': 1001, 'message': {'volume': ['Must be a valid UUID.']}, 'data': None}
2021-12-09 18:22:22,595 - root - INFO - *******测试案例名称： TestCase003_新建快照-volume为空 执行完毕********
2021-12-09 18:22:22,595 - root - INFO - ****************创建数据盘快照接口结束****************
2021-12-09 18:22:22,596 - root - INFO - ********************************************************************************
2021-12-09 18:22:22,598 - root - INFO - ********************************************************************************
2021-12-09 18:22:22,599 - root - INFO - ****************创建数据盘快照接口开始****************
2021-12-09 18:22:22,599 - root - INFO - *******测试案例名称： TestCase004_新建快照-Des为空 执行开始********
2021-12-09 18:22:22,599 - root - INFO - *******测试数据： {'name': 'SnapDesIsNull', 'description': '', 'volume': 'deb69c4a-c212-4d3d-9aeb-806f9941e1b3'}
2021-12-09 18:22:22,908 - root - INFO - *******返回数据： {'code': 0, 'message': 'success', 'data': None}
2021-12-09 18:22:22,908 - root - INFO - *******测试案例名称： TestCase004_新建快照-Des为空 执行完毕********
2021-12-09 18:22:22,909 - root - INFO - ****************创建数据盘快照接口结束****************
2021-12-09 18:22:22,910 - root - INFO - ********************************************************************************
2021-12-09 18:22:22,913 - root - INFO - ********************************************************************************
2021-12-09 18:22:22,913 - root - INFO - ****************创建数据盘快照接口开始****************
2021-12-09 18:22:22,914 - root - INFO - *******测试案例名称： TestCase005_新建快照-name>32 执行开始********
2021-12-09 18:22:22,914 - root - INFO - *******测试数据： {'name': 'YYDSnapNameOver32CharsYYDSnapNameOver32CharsYYDSnapNameOver32Chars', 'description': '新建快照-name>32', 'volume': 'deb69c4a-c212-4d3d-9aeb-806f9941e1b3'}
2021-12-09 18:22:22,949 - root - INFO - *******返回数据： {'code': 1001, 'message': {'name': ['请确保这个字段不能超过 32 个字符。']}, 'data': None}
2021-12-09 18:22:22,949 - root - INFO - *******测试案例名称： TestCase005_新建快照-name>32 执行完毕********
2021-12-09 18:22:22,949 - root - INFO - ****************创建数据盘快照接口结束****************
2021-12-09 18:22:22,950 - root - INFO - ********************************************************************************
2021-12-09 18:22:22,953 - root - INFO - ********************************************************************************
2021-12-09 18:22:22,953 - root - INFO - ****************创建数据盘快照接口开始****************
2021-12-09 18:22:22,954 - root - INFO - *******测试案例名称： TestCase006_新建快照-name为特殊字符 执行开始********
2021-12-09 18:22:22,954 - root - INFO - *******测试数据： {'name': 'SpeCharforSnap……&*&s', 'description': '新建快照-name为特殊字符', 'volume': 'deb69c4a-c212-4d3d-9aeb-806f9941e1b3'}
2021-12-09 18:22:22,984 - root - INFO - *******返回数据： {'code': 214020, 'message': '快照名称只能输入数字、字母、-、_, 只允许以英文开头', 'data': None, 'level': 3}
2021-12-09 18:22:22,985 - root - INFO - *******测试案例名称： TestCase006_新建快照-name为特殊字符 执行完毕********
2021-12-09 18:22:22,985 - root - INFO - ****************创建数据盘快照接口结束****************
2021-12-09 18:22:22,986 - root - INFO - ********************************************************************************
2021-12-09 18:22:22,989 - root - INFO - ********************************************************************************
2021-12-09 18:22:22,989 - root - INFO - ****************创建数据盘快照接口开始****************
2021-12-09 18:22:22,990 - root - INFO - *******测试案例名称： TestCase007_新建快照-name为中文 执行开始********
2021-12-09 18:22:22,990 - root - INFO - *******测试数据： {'name': 'SpeCharforSnap……&*&s', 'description': '新建快照-name为中文', 'volume': 'deb69c4a-c212-4d3d-9aeb-806f9941e1b3'}
2021-12-09 18:22:23,014 - root - INFO - *******返回数据： {'code': 214020, 'message': '快照名称只能输入数字、字母、-、_, 只允许以英文开头', 'data': None, 'level': 3}
2021-12-09 18:22:23,015 - root - INFO - *******测试案例名称： TestCase007_新建快照-name为中文 执行完毕********
2021-12-09 18:22:23,015 - root - INFO - ****************创建数据盘快照接口结束****************
2021-12-09 18:22:23,016 - root - INFO - ********************************************************************************
2021-12-09 18:22:23,018 - root - INFO - ********************************************************************************
2021-12-09 18:22:23,019 - root - INFO - ****************创建数据盘快照接口开始****************
2021-12-09 18:22:23,019 - root - INFO - *******测试案例名称： TestCase008_新建快照-name以数字开头 执行开始********
2021-12-09 18:22:23,020 - root - INFO - *******测试数据： {'name': '1234567890a', 'description': '新建快照-name以数字开头', 'volume': 'deb69c4a-c212-4d3d-9aeb-806f9941e1b3'}
2021-12-09 18:22:23,053 - root - INFO - *******返回数据： {'code': 214020, 'message': '快照名称只能输入数字、字母、-、_, 只允许以英文开头', 'data': None, 'level': 3}
2021-12-09 18:22:23,054 - root - INFO - *******测试案例名称： TestCase008_新建快照-name以数字开头 执行完毕********
2021-12-09 18:22:23,055 - root - INFO - ****************创建数据盘快照接口结束****************
2021-12-09 18:22:23,055 - root - INFO - ********************************************************************************
2021-12-09 18:22:23,058 - root - INFO - ********************************************************************************
2021-12-09 18:22:23,059 - root - INFO - ****************创建数据盘快照接口开始****************
2021-12-09 18:22:23,059 - root - INFO - *******测试案例名称： TestCase009_新建快照-name以下划线_开头 执行开始********
2021-12-09 18:22:23,060 - root - INFO - *******测试数据： {'name': '_1234567890a', 'description': '新建快照-name以下划线_开头', 'volume': 'deb69c4a-c212-4d3d-9aeb-806f9941e1b3'}
2021-12-09 18:22:23,089 - root - INFO - *******返回数据： {'code': 214020, 'message': '快照名称只能输入数字、字母、-、_, 只允许以英文开头', 'data': None, 'level': 3}
2021-12-09 18:22:23,090 - root - INFO - *******测试案例名称： TestCase009_新建快照-name以下划线_开头 执行完毕********
2021-12-09 18:22:23,091 - root - INFO - ****************创建数据盘快照接口结束****************
2021-12-09 18:22:23,091 - root - INFO - ********************************************************************************
2021-12-09 18:22:23,094 - root - INFO - ********************************************************************************
2021-12-09 18:22:23,095 - root - INFO - ****************创建数据盘快照接口开始****************
2021-12-09 18:22:23,096 - root - INFO - *******测试案例名称： TestCase010_新建快照-name以短横线-开头 执行开始********
2021-12-09 18:22:23,096 - root - INFO - *******测试数据： {'name': '-1234567890a', 'description': '新建快照-name以短横线-开头', 'volume': 'deb69c4a-c212-4d3d-9aeb-806f9941e1b3'}
2021-12-09 18:22:23,130 - root - INFO - *******返回数据： {'code': 214020, 'message': '快照名称只能输入数字、字母、-、_, 只允许以英文开头', 'data': None, 'level': 3}
2021-12-09 18:22:23,131 - root - INFO - *******测试案例名称： TestCase010_新建快照-name以短横线-开头 执行完毕********
2021-12-09 18:22:23,131 - root - INFO - ****************创建数据盘快照接口结束****************
2021-12-09 18:22:23,132 - root - INFO - ********************************************************************************
2021-12-09 18:22:23,136 - root - INFO - ********************************************************************************
2021-12-09 18:22:23,137 - root - INFO - ****************创建数据盘快照接口开始****************
2021-12-09 18:22:23,137 - root - INFO - *******测试案例名称： TestCase011_新建快照-Des>100 执行开始********
2021-12-09 18:22:23,138 - root - INFO - *******测试数据： {'name': 'snapDesOver100', 'description': 'DesOver100CharDesOver100CharDesOver100CharDesOver100CharDesOver100CharDesOver100CharDesOver100CharDesOver100CharDesOver100Char', 'volume': ''}
2021-12-09 18:22:23,193 - root - INFO - *******返回数据： {'code': 1001, 'message': {'description': ['请确保这个字段不能超过 100 个字符。']}, 'data': None}
2021-12-09 18:22:23,194 - root - INFO - *******测试案例名称： TestCase011_新建快照-Des>100 执行完毕********
2021-12-09 18:22:23,194 - root - INFO - ****************创建数据盘快照接口结束****************
2021-12-09 18:22:23,195 - root - INFO - ********************************************************************************
2021-12-09 18:22:23,197 - root - INFO - ********************************************************************************
2021-12-09 18:22:23,198 - root - INFO - ****************创建数据盘快照接口开始****************
2021-12-09 18:22:23,198 - root - INFO - *******测试案例名称： TestCase012_新建快照-name=32_Des=100 执行开始********
2021-12-09 18:22:23,198 - root - INFO - *******测试数据： {'name': 'aaaaabbbbbcccccdddddeeeeefffff23', 'description': 'DesIs100CharsDesIs100CharsDesIs100CharsDesIs100CharsDesIs100CharsDesIs100CharsDesIs100Chars100Des100', 'volume': ''}
2021-12-09 18:22:23,789 - root - INFO - *******返回数据： {'code': 0, 'message': 'success', 'data': None}
2021-12-09 18:22:23,789 - root - INFO - *******测试案例名称： TestCase012_新建快照-name=32_Des=100 执行完毕********
2021-12-09 18:22:23,789 - root - INFO - ****************创建数据盘快照接口结束****************
2021-12-09 18:22:23,790 - root - INFO - ********************************************************************************
2021-12-09 18:22:23,792 - root - INFO - ********************************************************************************
2021-12-09 18:22:23,793 - root - INFO - ****************创建数据盘快照接口开始****************
2021-12-09 18:22:23,793 - root - INFO - *******测试案例名称： TestCase013_新建快照-重名快照_name=32_Des=100 执行开始********
2021-12-09 18:22:23,794 - root - INFO - *******测试数据： {'name': 'aaaaabbbbbcccccdddddeeeeefffff23', 'description': 'DesIs100CharsDesIs100CharsDesIs100CharsDesIs100CharsDesIs100CharsDesIs100CharsDesIs100Chars100Des100', 'volume': ''}
2021-12-09 18:22:23,823 - root - INFO - *******返回数据： {'code': 214005, 'message': '快照名称已经存在', 'data': None, 'level': 3}
2021-12-09 18:22:23,824 - root - INFO - *******测试案例名称： TestCase013_新建快照-重名快照_name=32_Des=100 执行完毕********
2021-12-09 18:22:23,824 - root - INFO - ****************创建数据盘快照接口结束****************
2021-12-09 18:22:23,825 - root - INFO - ********************************************************************************
2021-12-09 18:22:24,743 - root - INFO - **********************************************完成teardown class，退出登录**********************************************
