2021-12-09 14:00:43,284 - root - INFO - **********************************************开始setupClass，进行登录**********************************************
2021-12-09 14:00:50,138 - root - INFO - the sql is : select id from disk where store_type=0 and pool_id=%s order by create_time desc limit 1;
2021-12-09 14:00:50,139 - root - INFO - the params is : ddac080c671b473e885714538fd1ed6e
2021-12-09 14:00:50,141 - root - INFO - the result data is :{'id': '0190d108-9c44-41d6-b611-47ce26d8a56c'}
2021-12-09 14:00:50,142 - root - INFO - ********************************************************************************
2021-12-09 14:00:50,142 - root - INFO - ****************数据盘扩容接口开始****************
2021-12-09 14:00:50,144 - root - INFO - *******测试案例名称： TestCase001_新建快照-缺少token 执行开始********
2021-12-09 14:00:50,144 - root - INFO - *******测试数据： {'volume': '0190d108-9c44-41d6-b611-47ce26d8a56c', 'project_id': 'ddac080c671b473e885714538fd1ed6e', 'project_name': 'LeonaTestPool1125'}
2021-12-09 14:00:50,154 - root - INFO - *******返回数据： {'code': 1005, 'message': '缺少认证信息', 'data': None, 'level': 3}
2021-12-09 14:00:50,155 - root - INFO - *******测试案例名称： TestCase001_新建快照-缺少token 执行完毕********
2021-12-09 14:00:50,156 - root - INFO - ****************数据盘扩容接口结束****************
2021-12-09 14:00:50,156 - root - INFO - ********************************************************************************
2021-12-09 14:00:50,159 - root - INFO - ********************************************************************************
2021-12-09 14:00:50,159 - root - INFO - ****************数据盘扩容接口开始****************
2021-12-09 14:00:50,160 - root - INFO - *******测试案例名称： TestCase002_数据盘扩容-add_size为负整数 执行开始********
2021-12-09 14:00:50,160 - root - INFO - *******测试数据： {'add_size': '-3', 'id': '70b9fd1d-acb5-4fba-b71c-7b71ad3a14c9', 'volume': '0190d108-9c44-41d6-b611-47ce26d8a56c', 'project_id': 'ddac080c671b473e885714538fd1ed6e', 'project_name': 'LeonaTestPool1125'}
2021-12-09 14:00:50,196 - root - INFO - *******返回数据： {'code': 214016, 'message': '云硬盘扩容容量不得小于当前云硬盘大小', 'data': None, 'level': 3}
2021-12-09 14:00:50,196 - root - INFO - *******测试案例名称： TestCase002_数据盘扩容-add_size为负整数 执行完毕********
2021-12-09 14:00:50,196 - root - INFO - ****************数据盘扩容接口结束****************
2021-12-09 14:00:50,197 - root - INFO - ********************************************************************************
2021-12-09 14:00:50,199 - root - INFO - ********************************************************************************
2021-12-09 14:00:50,200 - root - INFO - ****************数据盘扩容接口开始****************
2021-12-09 14:00:50,201 - root - INFO - *******测试案例名称： TestCase003_数据盘扩容-add_size为0 执行开始********
2021-12-09 14:00:50,201 - root - INFO - *******测试数据： {'add_size': '0', 'id': '70b9fd1d-acb5-4fba-b71c-7b71ad3a14c9', 'volume': '0190d108-9c44-41d6-b611-47ce26d8a56c', 'project_id': 'ddac080c671b473e885714538fd1ed6e', 'project_name': 'LeonaTestPool1125'}
2021-12-09 14:00:50,238 - root - INFO - *******返回数据： {'code': 214016, 'message': '云硬盘扩容容量不得小于当前云硬盘大小', 'data': None, 'level': 3}
2021-12-09 14:00:50,238 - root - INFO - *******测试案例名称： TestCase003_数据盘扩容-add_size为0 执行完毕********
2021-12-09 14:00:50,238 - root - INFO - ****************数据盘扩容接口结束****************
2021-12-09 14:00:50,239 - root - INFO - ********************************************************************************
2021-12-09 14:00:50,242 - root - INFO - ********************************************************************************
2021-12-09 14:00:50,242 - root - INFO - ****************数据盘扩容接口开始****************
2021-12-09 14:00:50,243 - root - INFO - *******测试案例名称： TestCase004_数据盘扩容-add_size为小数 执行开始********
2021-12-09 14:00:50,243 - root - INFO - *******测试数据： {'add_size': '0.36', 'id': '70b9fd1d-acb5-4fba-b71c-7b71ad3a14c9', 'volume': '0190d108-9c44-41d6-b611-47ce26d8a56c', 'project_id': 'ddac080c671b473e885714538fd1ed6e', 'project_name': 'LeonaTestPool1125'}
2021-12-09 14:00:50,265 - root - INFO - *******返回数据： {'code': 1001, 'message': '请求参数错误', 'data': None, 'level': 2}
2021-12-09 14:00:50,265 - root - INFO - ********************************************************************************
2021-12-09 14:00:50,343 - root - INFO - ********************************************************************************
2021-12-09 14:00:50,344 - root - INFO - ****************数据盘扩容接口开始****************
2021-12-09 14:00:50,344 - root - INFO - *******测试案例名称： TestCase005_数据盘扩容-add_size为字符串 执行开始********
2021-12-09 14:00:50,345 - root - INFO - *******测试数据： {'add_size': 'abc', 'id': '70b9fd1d-acb5-4fba-b71c-7b71ad3a14c9', 'volume': '0190d108-9c44-41d6-b611-47ce26d8a56c', 'project_id': 'ddac080c671b473e885714538fd1ed6e', 'project_name': 'LeonaTestPool1125'}
2021-12-09 14:00:50,370 - root - INFO - *******返回数据： {'code': 1001, 'message': '请求参数错误', 'data': None, 'level': 2}
2021-12-09 14:00:50,370 - root - INFO - ********************************************************************************
2021-12-09 14:00:50,413 - root - INFO - ********************************************************************************
2021-12-09 14:00:50,414 - root - INFO - ****************数据盘扩容接口开始****************
2021-12-09 14:00:50,414 - root - INFO - *******测试案例名称： TestCase006_数据盘扩容-add_size为超大值 执行开始********
2021-12-09 14:00:50,414 - root - INFO - *******测试数据： {'add_size': '99999999999999999', 'id': '70b9fd1d-acb5-4fba-b71c-7b71ad3a14c9', 'volume': '0190d108-9c44-41d6-b611-47ce26d8a56c', 'project_id': 'ddac080c671b473e885714538fd1ed6e', 'project_name': 'LeonaTestPool1125'}
2021-12-09 14:00:50,460 - root - INFO - *******返回数据： {'code': 217002, 'message': '存储池空间不足', 'data': None, 'level': 3}
2021-12-09 14:00:50,461 - root - INFO - *******测试案例名称： TestCase006_数据盘扩容-add_size为超大值 执行完毕********
2021-12-09 14:00:50,461 - root - INFO - ****************数据盘扩容接口结束****************
2021-12-09 14:00:50,462 - root - INFO - ********************************************************************************
2021-12-09 14:00:50,464 - root - INFO - ********************************************************************************
2021-12-09 14:00:50,465 - root - INFO - ****************数据盘扩容接口开始****************
2021-12-09 14:00:50,465 - root - INFO - *******测试案例名称： TestCase007_数据盘扩容-add_size比当前值大1 执行开始********
2021-12-09 14:00:50,466 - root - INFO - *******测试数据： {'add_size': '2', 'id': '70b9fd1d-acb5-4fba-b71c-7b71ad3a14c9', 'volume': '0190d108-9c44-41d6-b611-47ce26d8a56c', 'project_id': 'ddac080c671b473e885714538fd1ed6e', 'project_name': 'LeonaTestPool1125'}
2021-12-09 14:00:51,396 - root - INFO - *******返回数据： {'code': 0, 'message': 'success', 'data': {'add_size': 2}}
2021-12-09 14:00:51,396 - root - INFO - *******测试案例名称： TestCase007_数据盘扩容-add_size比当前值大1 执行完毕********
2021-12-09 14:00:51,396 - root - INFO - ****************数据盘扩容接口结束****************
2021-12-09 14:00:51,397 - root - INFO - ********************************************************************************
2021-12-09 14:00:51,608 - root - INFO - **********************************************完成teardown class，退出登录**********************************************
