2021-12-03 16:36:05,529 - root - INFO - **********************************************开始setupClass，进行登录**********************************************
2021-12-03 16:36:05,867 - root - INFO - ********************************************************************************
2021-12-03 16:36:05,868 - root - INFO - ****************获取存储流量监控接口开始****************
2021-12-03 16:36:05,868 - root - INFO - *******测试案例名称： TestCase001_查看存储流量监控信息 执行开始********
2021-12-03 16:36:05,869 - root - INFO - *******测试数据： {'start_time': datetime.datetime(2021, 12, 3, 16, 6, 5, 869177), 'end_time': datetime.datetime(2021, 12, 3, 16, 36, 5, 869177)}
2021-12-03 16:36:05,877 - root - INFO - the sql is : select id,name,storage_limit from cloud_pool WHERE type=1 order by create_time desc limit 1;
2021-12-03 16:36:05,879 - root - INFO - the params is : ()
2021-12-03 16:36:05,880 - root - INFO - the result data is :{'id': '461d48b474aa49edb563cf45ee769639', 'name': 'shepg', 'storage_limit': 10}
2021-12-03 16:36:05,960 - root - INFO - ********************************************************************************
2021-12-03 16:36:06,079 - root - INFO - ********************************************************************************
2021-12-03 16:36:06,080 - root - INFO - ****************获取存储流量监控接口开始****************
2021-12-03 16:36:06,080 - root - INFO - *******测试案例名称： TestCase002_查看存储流量监控信息-缺少token 执行开始********
2021-12-03 16:36:06,081 - root - INFO - *******测试数据： {'end_time': datetime.datetime(2021, 12, 3, 16, 36, 6, 81038), 'start_time': datetime.datetime(2021, 12, 3, 16, 6, 6, 81038)}
2021-12-03 16:36:06,110 - root - INFO - the sql is : select id,name,storage_limit from cloud_pool WHERE type=1 order by create_time desc limit 1;
2021-12-03 16:36:06,110 - root - INFO - the params is : ()
2021-12-03 16:36:06,112 - root - INFO - the result data is :{'id': '461d48b474aa49edb563cf45ee769639', 'name': 'shepg', 'storage_limit': 10}
2021-12-03 16:36:06,124 - root - INFO - *******返回数据： {'code': 1005, 'message': '缺少认证信息', 'data': None, 'level': 3}
2021-12-03 16:36:06,124 - root - INFO - *******测试案例名称： TestCase002_查看存储流量监控信息-缺少token 执行完毕********
2021-12-03 16:36:06,125 - root - INFO - ****************获取存储流量监控接口结束****************
2021-12-03 16:36:06,125 - root - INFO - ********************************************************************************
2021-12-03 16:36:06,175 - root - INFO - **********************************************完成teardown class，退出登录**********************************************
