2021-12-22 16:47:37,113 - root - INFO - **********************************************开始setupClass，进行登录**********************************************
2021-12-22 16:47:42,484 - root - INFO - the sql is : select d.id as diskId, d.name as diskName, d.size as diskSize, d.status as diskStatus,             i.id as vmId, i.name as vmName, i.status as vmStatus, p.id as projectId, p.name as projectName              from  disk d LEFT JOIN cloud_instance i on i.project_id=d.pool_id INNER JOIN cloud_pool p on p.id=d.pool_id           where i.status in (1,3) and d.store_type=0 and d.status=1 ORDER BY d.create_time desc limit 1;
2021-12-22 16:47:42,486 - root - INFO - the params is : ()
2021-12-22 16:47:42,488 - root - INFO - the result data is :None
2021-12-22 16:47:42,490 - root - INFO - ********************************************************************************
2021-12-22 16:47:42,490 - root - INFO - ****************加载数据盘列表接口开始****************
2021-12-22 16:47:42,491 - root - INFO - *******测试案例名称： TestCase001_加载数据盘-volume为空 执行开始********
2021-12-22 16:47:42,491 - root - INFO - ********************************************************************************
2021-12-22 16:47:42,540 - root - INFO - ********************************************************************************
2021-12-22 16:47:42,541 - root - INFO - ****************加载数据盘列表接口开始****************
2021-12-22 16:47:42,541 - root - INFO - *******测试案例名称： TestCase002_加载数据盘-Path为空 执行开始********
2021-12-22 16:47:42,542 - root - INFO - ********************************************************************************
2021-12-22 16:47:42,549 - root - INFO - ********************************************************************************
2021-12-22 16:47:42,550 - root - INFO - ****************加载数据盘列表接口开始****************
2021-12-22 16:47:42,550 - root - INFO - *******测试案例名称： TestCase003_加载数据盘-Path为特殊字符 执行开始********
2021-12-22 16:47:42,551 - root - INFO - ********************************************************************************
2021-12-22 16:47:42,564 - root - INFO - ********************************************************************************
2021-12-22 16:47:42,564 - root - INFO - ****************加载数据盘列表接口开始****************
2021-12-22 16:47:42,564 - root - INFO - *******测试案例名称： TestCase003_加载数据盘-Volume不存在 执行开始********
2021-12-22 16:47:42,565 - root - INFO - ********************************************************************************
2021-12-22 16:47:42,572 - root - INFO - ********************************************************************************
2021-12-22 16:47:42,572 - root - INFO - ****************加载数据盘列表接口开始****************
2021-12-22 16:47:42,572 - root - INFO - *******测试案例名称： TestCase004_加载数据盘-Path>128 执行开始********
2021-12-22 16:47:42,573 - root - INFO - ********************************************************************************
2021-12-22 16:47:42,581 - root - INFO - ********************************************************************************
2021-12-22 16:47:42,582 - root - INFO - ****************加载数据盘列表接口开始****************
2021-12-22 16:47:42,582 - root - INFO - *******测试案例名称： TestCase005_加载数据盘-Path=128 执行开始********
2021-12-22 16:47:42,582 - root - INFO - ********************************************************************************
2021-12-22 16:47:42,597 - root - INFO - ********************************************************************************
2021-12-22 16:47:42,598 - root - INFO - ****************加载数据盘列表接口开始****************
2021-12-22 16:47:42,598 - root - INFO - *******测试案例名称： TestCase006_加载数据盘-同一路径重复加载-Path=128 执行开始********
2021-12-22 16:47:42,598 - root - INFO - ********************************************************************************
2021-12-22 16:47:42,612 - root - INFO - ********************************************************************************
2021-12-22 16:47:42,613 - root - INFO - ****************加载数据盘列表接口开始****************
2021-12-22 16:47:42,613 - root - INFO - *******测试案例名称： TestCase007_加载数据盘-缺少token 执行开始********
2021-12-22 16:47:42,614 - root - INFO - ********************************************************************************
