2021-12-22 17:38:08,558 - root - INFO - **********************************************开始setupClass，进行登录**********************************************
2021-12-22 17:38:21,514 - root - INFO - the sql is : select d.id as diskId, d.name as diskName, d.size as diskSize, d.status as diskStatus,             i.id as vmId, i.name as vmName, i.status as vmStatus, p.id as projectId, p.name as projectName              from  disk d LEFT JOIN cloud_instance i on i.project_id=d.pool_id INNER JOIN cloud_pool p on p.id=d.pool_id           where i.status in (1,3) and d.store_type=0 and d.status=1 and p.id=%s ORDER BY d.create_time desc limit 1;
2021-12-22 17:38:21,516 - root - INFO - the params is : 3adfec2c1f044e98a41e6c3649651dc8
2021-12-22 17:38:21,519 - root - INFO - the result data is :{'diskId': '6160a58e-b687-4843-883c-725f26f366cd', 'diskName': 'CloudDisk4CI2', 'diskSize': 1024, 'diskStatus': 1, 'vmId': 'ins-7dbf6f4acabb4a8d9091e32994355f68', 'vmName': 'LC1', 'vmStatus': 1, 'projectId': '3adfec2c1f044e98a41e6c3649651dc8', 'projectName': 'LeonaTestPool1220'}
2021-12-22 17:38:21,520 - root - INFO - ********************************************************************************
2021-12-22 17:38:21,520 - root - INFO - ****************加载数据盘列表接口开始****************
2021-12-22 17:38:21,521 - root - INFO - *******测试案例名称： TestCase001_加载数据盘-volume为空 执行开始********
2021-12-22 17:38:21,521 - root - INFO - *******测试数据： {'volume': '', 'action': 'attach', 'path': '', 'instance': ['ins-7dbf6f4acabb4a8d9091e32994355f68'], 'project_id': '3adfec2c1f044e98a41e6c3649651dc8', 'project_name': 'LeonaTestPool1220'}
2021-12-22 17:38:21,558 - root - INFO - *******返回数据： {'code': 1001, 'message': '请求参数错误', 'data': None, 'level': 2}
2021-12-22 17:38:21,559 - root - INFO - *******测试案例名称： TestCase001_加载数据盘-volume为空 执行完毕********
2021-12-22 17:38:21,559 - root - INFO - ****************加载数据盘列表接口结束****************
2021-12-22 17:38:26,573 - root - INFO - ********************************************************************************
2021-12-22 17:38:26,576 - root - INFO - ********************************************************************************
2021-12-22 17:38:26,576 - root - INFO - ****************加载数据盘列表接口开始****************
2021-12-22 17:38:26,576 - root - INFO - *******测试案例名称： TestCase002_加载数据盘-Path为空 执行开始********
2021-12-22 17:38:26,577 - root - INFO - *******测试数据： {'volume': 'c7735672-0232-42a2-9838-bb0e8cfe4a7b', 'action': 'attach', 'path': '', 'instance': ['ins-7dbf6f4acabb4a8d9091e32994355f68'], 'project_id': '3adfec2c1f044e98a41e6c3649651dc8', 'project_name': 'LeonaTestPool1220'}
2021-12-22 17:38:26,744 - root - INFO - *******返回数据： {'code': 1001, 'message': '请求参数错误', 'data': None, 'level': 2}
2021-12-22 17:38:26,745 - root - INFO - *******测试案例名称： TestCase002_加载数据盘-Path为空 执行完毕********
2021-12-22 17:38:26,745 - root - INFO - ****************加载数据盘列表接口结束****************
2021-12-22 17:38:31,745 - root - INFO - ********************************************************************************
2021-12-22 17:38:31,748 - root - INFO - ********************************************************************************
2021-12-22 17:38:31,748 - root - INFO - ****************加载数据盘列表接口开始****************
2021-12-22 17:38:31,748 - root - INFO - *******测试案例名称： TestCase003_加载数据盘-Path为特殊字符 执行开始********
2021-12-22 17:38:31,749 - root - INFO - *******测试数据： {'volume': 'c7735672-0232-42a2-9838-bb0e8cfe4a7b', 'action': 'attach', 'path': '/mnt/￥%……￥%……', 'instance': ['ins-7dbf6f4acabb4a8d9091e32994355f68'], 'project_id': '3adfec2c1f044e98a41e6c3649651dc8', 'project_name': 'LeonaTestPool1220'}
2021-12-22 17:38:31,921 - root - INFO - *******返回数据： {'code': 214017, 'message': '云硬盘挂载路径不合法', 'data': None, 'level': 3}
2021-12-22 17:38:31,921 - root - INFO - *******测试案例名称： TestCase003_加载数据盘-Path为特殊字符 执行完毕********
2021-12-22 17:38:31,921 - root - INFO - ****************加载数据盘列表接口结束****************
2021-12-22 17:38:36,926 - root - INFO - ********************************************************************************
2021-12-22 17:38:36,928 - root - INFO - ********************************************************************************
2021-12-22 17:38:36,929 - root - INFO - ****************加载数据盘列表接口开始****************
2021-12-22 17:38:36,929 - root - INFO - *******测试案例名称： TestCase003_加载数据盘-Volume不存在 执行开始********
2021-12-22 17:38:36,929 - root - INFO - *******测试数据： {'volume': 'c1111111-1111-1111-1111-111111111111', 'action': 'attach', 'path': '/mnt/￥%……￥%……', 'instance': ['ins-7dbf6f4acabb4a8d9091e32994355f68'], 'project_id': '3adfec2c1f044e98a41e6c3649651dc8', 'project_name': 'LeonaTestPool1220'}
2021-12-22 17:38:36,959 - root - INFO - *******返回数据： {'code': 1, 'message': '服务异常', 'data': None, 'level': 1}
2021-12-22 17:38:36,960 - root - INFO - ********************************************************************************
2021-12-22 17:38:37,042 - root - INFO - ********************************************************************************
2021-12-22 17:38:37,042 - root - INFO - ****************加载数据盘列表接口开始****************
2021-12-22 17:38:37,043 - root - INFO - *******测试案例名称： TestCase004_加载数据盘-Path>128 执行开始********
2021-12-22 17:38:37,043 - root - INFO - *******测试数据： {'volume': 'c7735672-0232-42a2-9838-bb0e8cfe4a7b', 'action': 'attach', 'path': '/mnt/test1/test2/test3/test4/test5/test6/test7/test8/test9/test10/test11/test12/test13/test13/test14/test15/test16/test17/test18/test19', 'instance': ['ins-7dbf6f4acabb4a8d9091e32994355f68'], 'project_id': '3adfec2c1f044e98a41e6c3649651dc8', 'project_name': 'LeonaTestPool1220'}
2021-12-22 17:38:37,197 - root - INFO - *******返回数据： {'code': 214026, 'message': '云硬盘挂载路径过长', 'data': None, 'level': 3}
2021-12-22 17:38:37,198 - root - INFO - *******测试案例名称： TestCase004_加载数据盘-Path>128 执行完毕********
2021-12-22 17:38:37,198 - root - INFO - ****************加载数据盘列表接口结束****************
2021-12-22 17:38:42,201 - root - INFO - ********************************************************************************
2021-12-22 17:38:42,204 - root - INFO - ********************************************************************************
2021-12-22 17:38:42,204 - root - INFO - ****************加载数据盘列表接口开始****************
2021-12-22 17:38:42,205 - root - INFO - *******测试案例名称： TestCase005_加载数据盘-Path=128 执行开始********
2021-12-22 17:38:42,205 - root - INFO - *******测试数据： {'volume': 'c7735672-0232-42a2-9838-bb0e8cfe4a7b', 'action': 'attach', 'path': '/mnt/test1/test2/test3/test4/test5/test6/test7/test8/test9/test10/test11/test12/test13/test13/test14/test15/test16/test17/test18/AAA', 'instance': ['ins-7dbf6f4acabb4a8d9091e32994355f68'], 'project_id': '3adfec2c1f044e98a41e6c3649651dc8', 'project_name': 'LeonaTestPool1220'}
2021-12-22 17:38:42,646 - root - INFO - *******返回数据： {'code': 0, 'message': 'success', 'data': None}
2021-12-22 17:38:42,646 - root - INFO - *******测试案例名称： TestCase005_加载数据盘-Path=128 执行完毕********
2021-12-22 17:38:42,646 - root - INFO - ****************加载数据盘列表接口结束****************
2021-12-22 17:38:47,661 - root - INFO - ********************************************************************************
2021-12-22 17:38:47,664 - root - INFO - ********************************************************************************
2021-12-22 17:38:47,664 - root - INFO - ****************加载数据盘列表接口开始****************
2021-12-22 17:38:47,665 - root - INFO - *******测试案例名称： TestCase006_加载数据盘-同一路径重复加载-Path=128 执行开始********
2021-12-22 17:38:47,665 - root - INFO - *******测试数据： {'volume': 'c7735672-0232-42a2-9838-bb0e8cfe4a7b', 'action': 'attach', 'path': '/mnt/test1/test2/test3/test4/test5/test6/test7/test8/test9/test10/test11/test12/test13/test13/test14/test15/test16/test17/test18/AAA', 'instance': ['ins-7dbf6f4acabb4a8d9091e32994355f68'], 'project_id': '3adfec2c1f044e98a41e6c3649651dc8', 'project_name': 'LeonaTestPool1220'}
2021-12-22 17:38:47,932 - root - INFO - *******返回数据： {'code': 214001, 'message': '云硬盘已加载', 'data': None, 'level': 3}
2021-12-22 17:38:47,932 - root - INFO - *******测试案例名称： TestCase006_加载数据盘-同一路径重复加载-Path=128 执行完毕********
2021-12-22 17:38:47,933 - root - INFO - ****************加载数据盘列表接口结束****************
2021-12-22 17:38:52,460 - root - INFO - ********************************************************************************
2021-12-22 17:38:52,463 - root - INFO - ********************************************************************************
2021-12-22 17:38:52,463 - root - INFO - ****************加载数据盘列表接口开始****************
2021-12-22 17:38:52,464 - root - INFO - *******测试案例名称： TestCase007_加载数据盘-同一路径重复加载-Path=128 执行开始********
2021-12-22 17:38:52,464 - root - INFO - *******测试数据： {'volume': 'c7735672-0232-42a2-9838-bb0e8cfe4a7b', 'action': 'attach', 'path': '/mnt/test1/test2/test3/test4/test5/test6/test7/test8/test9/test10/test11/test12/test13/test13/test14/test15/test16/test17/test18/AAA', 'instance': ['ins-7dbf6f4acabb4a8d9091e32994355f68'], 'project_id': '3adfec2c1f044e98a41e6c3649651dc8', 'project_name': 'LeonaTestPool1220'}
2021-12-22 17:38:52,496 - root - INFO - *******返回数据： {'code': 1, 'message': '服务异常', 'data': None, 'level': 1}
2021-12-22 17:38:52,496 - root - INFO - ********************************************************************************
2021-12-22 17:38:52,529 - root - INFO - ********************************************************************************
2021-12-22 17:38:52,529 - root - INFO - ****************加载数据盘列表接口开始****************
2021-12-22 17:38:52,530 - root - INFO - *******测试案例名称： TestCase008_加载数据盘-缺少token 执行开始********
2021-12-22 17:38:52,530 - root - INFO - *******测试数据： {'instance': ['ins-7dbf6f4acabb4a8d9091e32994355f68'], 'project_id': '3adfec2c1f044e98a41e6c3649651dc8', 'project_name': 'LeonaTestPool1220'}
2021-12-22 17:38:52,539 - root - INFO - *******返回数据： {'code': 1005, 'message': '缺少认证信息', 'data': None, 'level': 3}
2021-12-22 17:38:52,539 - root - INFO - *******测试案例名称： TestCase008_加载数据盘-缺少token 执行完毕********
2021-12-22 17:38:52,540 - root - INFO - ****************加载数据盘列表接口结束****************
2021-12-22 17:38:57,544 - root - INFO - ********************************************************************************
2021-12-22 17:38:58,108 - root - INFO - **********************************************完成teardown class，退出登录**********************************************
