2021-12-08 13:54:16,660 - root - INFO - **********************************************开始setupClass，进行登录**********************************************
2021-12-08 13:54:23,236 - root - INFO - the sql is : select id from disk where store_type=0 and pool_id=%s order by create_time desc limit 1;
2021-12-08 13:54:23,237 - root - INFO - the params is : ddac080c671b473e885714538fd1ed6e
2021-12-08 13:54:23,238 - root - INFO - the result data is :{'id': '89d31617-575c-42a1-8078-9c7fa8f87367'}
2021-12-08 13:54:23,240 - root - INFO - ********************************************************************************
2021-12-08 13:54:23,240 - root - INFO - ****************创建数据盘快照接口开始****************
2021-12-08 13:54:23,241 - root - INFO - *******测试案例名称： TestCase001_新建快照-缺少token 执行开始********
2021-12-08 13:54:23,242 - root - INFO - *******测试数据： {}
2021-12-08 13:54:23,250 - root - INFO - *******返回数据： {'code': 1005, 'message': '缺少认证信息', 'data': None, 'level': 3}
2021-12-08 13:54:23,251 - root - INFO - *******测试案例名称： TestCase001_新建快照-缺少token 执行完毕********
2021-12-08 13:54:23,253 - root - INFO - ****************创建数据盘快照接口结束****************
2021-12-08 13:54:23,253 - root - INFO - ********************************************************************************
2021-12-08 13:54:23,256 - root - INFO - ********************************************************************************
2021-12-08 13:54:23,256 - root - INFO - ****************创建数据盘快照接口开始****************
2021-12-08 13:54:23,257 - root - INFO - *******测试案例名称： TestCase002_新建快照-name为空 执行开始********
2021-12-08 13:54:23,257 - root - INFO - *******测试数据： {'name': '', 'description': 'SnapNameIsNull', 'volume': 'deb69c4a-c212-4d3d-9aeb-806f9941e1b3'}
2021-12-08 13:54:23,286 - root - INFO - *******返回数据： {'code': 1001, 'message': {'name': ['该字段不能为空。']}, 'data': None}
2021-12-08 13:54:23,287 - root - INFO - ********************************************************************************
2021-12-08 13:54:23,373 - root - INFO - ********************************************************************************
2021-12-08 13:54:23,374 - root - INFO - ****************创建数据盘快照接口开始****************
2021-12-08 13:54:23,374 - root - INFO - *******测试案例名称： TestCase003_新建快照-volume为空 执行开始********
2021-12-08 13:54:23,375 - root - INFO - *******测试数据： {'name': 'testSnap', 'description': 'volumeIsNull', 'volume': ''}
2021-12-08 13:54:23,410 - root - INFO - *******返回数据： {'code': 1001, 'message': {'volume': ['Must be a valid UUID.']}, 'data': None}
2021-12-08 13:54:23,410 - root - INFO - ********************************************************************************
2021-12-08 13:54:23,452 - root - INFO - ********************************************************************************
2021-12-08 13:54:23,453 - root - INFO - ****************创建数据盘快照接口开始****************
2021-12-08 13:54:23,453 - root - INFO - *******测试案例名称： TestCase004_新建快照-Des为空 执行开始********
2021-12-08 13:54:23,454 - root - INFO - *******测试数据： {'name': 'SnapDesIsNull', 'description': '', 'volume': 'deb69c4a-c212-4d3d-9aeb-806f9941e1b3'}
2021-12-08 13:54:23,703 - root - INFO - *******返回数据： {'code': 0, 'message': 'success', 'data': None}
2021-12-08 13:54:23,704 - root - INFO - *******测试案例名称： TestCase004_新建快照-Des为空 执行完毕********
2021-12-08 13:54:23,704 - root - INFO - ****************创建数据盘快照接口结束****************
2021-12-08 13:54:23,705 - root - INFO - ********************************************************************************
2021-12-08 13:54:23,707 - root - INFO - ********************************************************************************
2021-12-08 13:54:23,708 - root - INFO - ****************创建数据盘快照接口开始****************
2021-12-08 13:54:23,708 - root - INFO - *******测试案例名称： TestCase005_新建快照-name>32 执行开始********
2021-12-08 13:54:23,709 - root - INFO - *******测试数据： {'name': 'YYDSnapNameOver32CharsYYDSnapNameOver32CharsYYDSnapNameOver32Chars', 'description': '新建快照-name>32', 'volume': 'deb69c4a-c212-4d3d-9aeb-806f9941e1b3'}
2021-12-08 13:54:23,742 - root - INFO - *******返回数据： {'code': 1001, 'message': {'name': ['请确保这个字段不能超过 32 个字符。']}, 'data': None}
2021-12-08 13:54:23,742 - root - INFO - ********************************************************************************
2021-12-08 13:54:23,786 - root - INFO - ********************************************************************************
2021-12-08 13:54:23,786 - root - INFO - ****************创建数据盘快照接口开始****************
2021-12-08 13:54:23,787 - root - INFO - *******测试案例名称： TestCase006_新建快照-name为特殊字符 执行开始********
2021-12-08 13:54:23,787 - root - INFO - *******测试数据： {'name': 'SpeCharforSnap……&*&s', 'description': '新建快照-name为特殊字符', 'volume': 'deb69c4a-c212-4d3d-9aeb-806f9941e1b3'}
2021-12-08 13:54:23,817 - root - INFO - *******返回数据： {'code': 214020, 'message': '快照名称只能输入数字、字母、-、_, 只允许以英文开头', 'data': None, 'level': 3}
2021-12-08 13:54:23,818 - root - INFO - *******测试案例名称： TestCase006_新建快照-name为特殊字符 执行完毕********
2021-12-08 13:54:23,818 - root - INFO - ****************创建数据盘快照接口结束****************
2021-12-08 13:54:23,819 - root - INFO - ********************************************************************************
2021-12-08 13:54:23,821 - root - INFO - ********************************************************************************
2021-12-08 13:54:23,822 - root - INFO - ****************创建数据盘快照接口开始****************
2021-12-08 13:54:23,822 - root - INFO - *******测试案例名称： TestCase007_新建快照-name为中文 执行开始********
2021-12-08 13:54:23,823 - root - INFO - *******测试数据： {'name': 'SpeCharforSnap……&*&s', 'description': '新建快照-name为中文', 'volume': 'deb69c4a-c212-4d3d-9aeb-806f9941e1b3'}
2021-12-08 13:54:23,856 - root - INFO - *******返回数据： {'code': 214020, 'message': '快照名称只能输入数字、字母、-、_, 只允许以英文开头', 'data': None, 'level': 3}
2021-12-08 13:54:23,857 - root - INFO - *******测试案例名称： TestCase007_新建快照-name为中文 执行完毕********
2021-12-08 13:54:23,857 - root - INFO - ****************创建数据盘快照接口结束****************
2021-12-08 13:54:23,858 - root - INFO - ********************************************************************************
2021-12-08 13:54:23,860 - root - INFO - ********************************************************************************
2021-12-08 13:54:23,861 - root - INFO - ****************创建数据盘快照接口开始****************
2021-12-08 13:54:23,861 - root - INFO - *******测试案例名称： TestCase008_新建快照-name以数字开头 执行开始********
2021-12-08 13:54:23,862 - root - INFO - *******测试数据： {'name': '1234567890a', 'description': '新建快照-name以数字开头', 'volume': 'deb69c4a-c212-4d3d-9aeb-806f9941e1b3'}
2021-12-08 13:54:23,890 - root - INFO - *******返回数据： {'code': 214020, 'message': '快照名称只能输入数字、字母、-、_, 只允许以英文开头', 'data': None, 'level': 3}
2021-12-08 13:54:23,890 - root - INFO - *******测试案例名称： TestCase008_新建快照-name以数字开头 执行完毕********
2021-12-08 13:54:23,890 - root - INFO - ****************创建数据盘快照接口结束****************
2021-12-08 13:54:23,891 - root - INFO - ********************************************************************************
2021-12-08 13:54:23,893 - root - INFO - ********************************************************************************
2021-12-08 13:54:23,894 - root - INFO - ****************创建数据盘快照接口开始****************
2021-12-08 13:54:23,894 - root - INFO - *******测试案例名称： TestCase009_新建快照-name以下划线_开头 执行开始********
2021-12-08 13:54:23,894 - root - INFO - *******测试数据： {'name': '_1234567890a', 'description': '新建快照-name以下划线_开头', 'volume': 'deb69c4a-c212-4d3d-9aeb-806f9941e1b3'}
2021-12-08 13:54:23,920 - root - INFO - *******返回数据： {'code': 214020, 'message': '快照名称只能输入数字、字母、-、_, 只允许以英文开头', 'data': None, 'level': 3}
2021-12-08 13:54:23,921 - root - INFO - *******测试案例名称： TestCase009_新建快照-name以下划线_开头 执行完毕********
2021-12-08 13:54:23,921 - root - INFO - ****************创建数据盘快照接口结束****************
2021-12-08 13:54:23,922 - root - INFO - ********************************************************************************
2021-12-08 13:54:23,924 - root - INFO - ********************************************************************************
2021-12-08 13:54:23,925 - root - INFO - ****************创建数据盘快照接口开始****************
2021-12-08 13:54:23,925 - root - INFO - *******测试案例名称： TestCase010_新建快照-name以短横线-开头 执行开始********
2021-12-08 13:54:23,925 - root - INFO - *******测试数据： {'name': '-1234567890a', 'description': '新建快照-name以短横线-开头', 'volume': 'deb69c4a-c212-4d3d-9aeb-806f9941e1b3'}
2021-12-08 13:54:23,953 - root - INFO - *******返回数据： {'code': 214020, 'message': '快照名称只能输入数字、字母、-、_, 只允许以英文开头', 'data': None, 'level': 3}
2021-12-08 13:54:23,954 - root - INFO - *******测试案例名称： TestCase010_新建快照-name以短横线-开头 执行完毕********
2021-12-08 13:54:23,954 - root - INFO - ****************创建数据盘快照接口结束****************
2021-12-08 13:54:23,955 - root - INFO - ********************************************************************************
2021-12-08 13:54:23,957 - root - INFO - ********************************************************************************
2021-12-08 13:54:23,958 - root - INFO - ****************创建数据盘快照接口开始****************
2021-12-08 13:54:23,958 - root - INFO - *******测试案例名称： TestCase011_新建快照-Des>100 执行开始********
2021-12-08 13:54:23,958 - root - INFO - *******测试数据： {'name': 'snapDesOver100', 'description': 'DesOver100CharDesOver100CharDesOver100CharDesOver100CharDesOver100CharDesOver100CharDesOver100CharDesOver100CharDesOver100Char', 'volume': ''}
2021-12-08 13:54:23,992 - root - INFO - *******返回数据： {'code': 1001, 'message': {'description': ['请确保这个字段不能超过 100 个字符。']}, 'data': None}
2021-12-08 13:54:23,992 - root - INFO - ********************************************************************************
2021-12-08 13:54:24,035 - root - INFO - ********************************************************************************
2021-12-08 13:54:24,035 - root - INFO - ****************创建数据盘快照接口开始****************
2021-12-08 13:54:24,036 - root - INFO - *******测试案例名称： TestCase012_新建快照-name=32_Des=100 执行开始********
2021-12-08 13:54:24,036 - root - INFO - *******测试数据： {'name': 'aaaaabbbbbcccccdddddeeeeefffff23', 'description': 'DesIs100CharsDesIs100CharsDesIs100CharsDesIs100CharsDesIs100CharsDesIs100CharsDesIs100Chars100Des100', 'volume': ''}
2021-12-08 13:54:24,334 - root - INFO - *******返回数据： {'code': 0, 'message': 'success', 'data': None}
2021-12-08 13:54:24,335 - root - INFO - *******测试案例名称： TestCase012_新建快照-name=32_Des=100 执行完毕********
2021-12-08 13:54:24,335 - root - INFO - ****************创建数据盘快照接口结束****************
2021-12-08 13:54:24,336 - root - INFO - ********************************************************************************
2021-12-08 13:54:24,338 - root - INFO - ********************************************************************************
2021-12-08 13:54:24,339 - root - INFO - ****************创建数据盘快照接口开始****************
2021-12-08 13:54:24,339 - root - INFO - *******测试案例名称： TestCase013_新建快照-重名快照_name=32_Des=100 执行开始********
2021-12-08 13:54:24,340 - root - INFO - *******测试数据： {'name': 'aaaaabbbbbcccccdddddeeeeefffff23', 'description': 'DesIs100CharsDesIs100CharsDesIs100CharsDesIs100CharsDesIs100CharsDesIs100CharsDesIs100Chars100Des100', 'volume': ''}
2021-12-08 13:54:24,371 - root - INFO - *******返回数据： {'code': 214005, 'message': '快照名称已经存在', 'data': None, 'level': 3}
2021-12-08 13:54:24,372 - root - INFO - *******测试案例名称： TestCase013_新建快照-重名快照_name=32_Des=100 执行完毕********
2021-12-08 13:54:24,372 - root - INFO - ****************创建数据盘快照接口结束****************
2021-12-08 13:54:24,373 - root - INFO - ********************************************************************************
2021-12-08 13:54:25,401 - root - INFO - **********************************************完成teardown class，退出登录**********************************************
