2021-12-02 16:20:10,378 - root - INFO - the sql is : select id,name from cloud_pool WHERE type=1 order by create_time desc limit 1;
2021-12-02 16:20:10,379 - root - INFO - the params is : ()
2021-12-02 16:20:10,381 - root - INFO - the result data is :{'id': 'f9d31e23e30c41b1a42d53ef95c8dec6', 'name': 'LeonaHashPool'}
2021-12-02 16:20:10,509 - root - INFO - **********************************************开始setupClass，进行登录**********************************************
2021-12-02 16:20:10,816 - root - INFO - ********************************************************************************
2021-12-02 16:20:10,817 - root - INFO - ****************获取业务池列表接口开始****************
2021-12-02 16:20:10,824 - root - INFO - the sql is : select id,name from cloud_pool WHERE type=1 order by create_time desc limit 1;
2021-12-02 16:20:10,824 - root - INFO - the params is : ()
2021-12-02 16:20:10,827 - root - INFO - the result data is :{'id': 'f9d31e23e30c41b1a42d53ef95c8dec6', 'name': 'LeonaHashPool'}
2021-12-02 16:20:10,853 - root - INFO - the sql is : select id,name from cloud_pool WHERE type=1 order by create_time desc limit 1;
2021-12-02 16:20:10,855 - root - INFO - the params is : ()
2021-12-02 16:20:10,857 - root - INFO - the result data is :{'id': 'f9d31e23e30c41b1a42d53ef95c8dec6', 'name': 'LeonaHashPool'}
2021-12-02 16:20:10,858 - root - INFO - *******测试案例名称： TestCase001_查询业务池详情信息 执行开始********
2021-12-02 16:20:10,859 - root - INFO - *******测试数据： {}
2021-12-02 16:20:12,639 - root - INFO - *******返回数据： {'code': 0, 'message': 'success', 'data': [{'id': 'f9d31e23e30c41b1a42d53ef95c8dec6', 'pool_name': 'LeonaHashPool', 'pool_status': 0, 'create_time': '2021-11-26 11:46:39', 'contain_info': {'file_volume_size': 10240, 'true_volume_size': 10240, 'volume_used_size': 10240, 'utilization_rate': 100.0}, 'story_limit': 10, 'volume_type': 0, 'size': 6.0, 'type': 1, 'disperse_data': None, 'redundancy_data': None, 'brick_number': 5, 'copy_number': None, 'pg_number': None}], 'total': 1}
2021-12-02 16:20:12,639 - root - INFO - *******测试案例名称： TestCase001_查询业务池详情信息 执行完毕********
2021-12-02 16:20:12,639 - root - INFO - ****************获取业务池列表接口结束****************
2021-12-02 16:20:12,640 - root - INFO - ********************************************************************************
2021-12-02 16:20:12,642 - root - INFO - ********************************************************************************
2021-12-02 16:20:12,643 - root - INFO - ****************获取业务池列表接口开始****************
2021-12-02 16:20:12,665 - root - INFO - the sql is : select id,name from cloud_pool WHERE type=1 order by create_time desc limit 1;
2021-12-02 16:20:12,666 - root - INFO - the params is : ()
2021-12-02 16:20:12,667 - root - INFO - the result data is :{'id': 'f9d31e23e30c41b1a42d53ef95c8dec6', 'name': 'LeonaHashPool'}
2021-12-02 16:20:12,670 - root - INFO - the sql is : select id,name from cloud_pool WHERE type=1 order by create_time desc limit 1;
2021-12-02 16:20:12,670 - root - INFO - the params is : ()
2021-12-02 16:20:12,672 - root - INFO - the result data is :{'id': 'f9d31e23e30c41b1a42d53ef95c8dec6', 'name': 'LeonaHashPool'}
2021-12-02 16:20:12,672 - root - INFO - *******测试案例名称： TestCase002_查询业务池详情信息-缺少token 执行开始********
2021-12-02 16:20:12,672 - root - INFO - *******测试数据： {}
2021-12-02 16:20:12,681 - root - INFO - *******返回数据： {'code': 1005, 'message': '缺少认证信息', 'data': None, 'level': 3}
2021-12-02 16:20:12,682 - root - INFO - ********************************************************************************
2021-12-02 16:20:12,760 - root - INFO - **********************************************完成teardown class，退出登录**********************************************
