2021-12-02 16:23:01,854 - root - INFO - **********************************************开始setupClass，进行登录**********************************************
2021-12-02 16:23:02,219 - root - INFO - ********************************************************************************
2021-12-02 16:23:02,220 - root - INFO - ****************获取业务池列表接口开始****************
2021-12-02 16:23:02,226 - root - INFO - the sql is : select id,name from cloud_pool WHERE type=1 order by create_time desc limit 1;
2021-12-02 16:23:02,227 - root - INFO - the params is : ()
2021-12-02 16:23:02,229 - root - INFO - the result data is :{'id': 'f9d31e23e30c41b1a42d53ef95c8dec6', 'name': 'LeonaHashPool'}
2021-12-02 16:23:02,234 - root - INFO - the sql is : select id,name from cloud_pool WHERE type=1 order by create_time desc limit 1;
2021-12-02 16:23:02,236 - root - INFO - the params is : ()
2021-12-02 16:23:02,238 - root - INFO - the result data is :{'id': 'f9d31e23e30c41b1a42d53ef95c8dec6', 'name': 'LeonaHashPool'}
2021-12-02 16:23:02,239 - root - INFO - *******测试案例名称： TestCase001_查询业务池详情信息 执行开始********
2021-12-02 16:23:02,239 - root - INFO - *******测试数据： {}
2021-12-02 16:23:04,408 - root - INFO - *******返回数据： {'code': 0, 'message': 'success', 'data': [{'id': 'f9d31e23e30c41b1a42d53ef95c8dec6', 'pool_name': 'LeonaHashPool', 'pool_status': 0, 'create_time': '2021-11-26 11:46:39', 'contain_info': {'file_volume_size': 10240, 'true_volume_size': 10240, 'volume_used_size': 10240, 'utilization_rate': 100.0}, 'story_limit': 10, 'volume_type': 0, 'size': 6.0, 'type': 1, 'disperse_data': None, 'redundancy_data': None, 'brick_number': 5, 'copy_number': None, 'pg_number': None}], 'total': 1}
2021-12-02 16:23:04,409 - root - INFO - *******测试案例名称： TestCase001_查询业务池详情信息 执行完毕********
2021-12-02 16:23:04,409 - root - INFO - ****************获取业务池列表接口结束****************
2021-12-02 16:23:04,410 - root - INFO - ********************************************************************************
2021-12-02 16:23:04,412 - root - INFO - ********************************************************************************
2021-12-02 16:23:04,413 - root - INFO - ****************获取业务池列表接口开始****************
2021-12-02 16:23:04,416 - root - INFO - the sql is : select id,name from cloud_pool WHERE type=1 order by create_time desc limit 1;
2021-12-02 16:23:04,416 - root - INFO - the params is : ()
2021-12-02 16:23:04,418 - root - INFO - the result data is :{'id': 'f9d31e23e30c41b1a42d53ef95c8dec6', 'name': 'LeonaHashPool'}
2021-12-02 16:23:04,420 - root - INFO - the sql is : select id,name from cloud_pool WHERE type=1 order by create_time desc limit 1;
2021-12-02 16:23:04,421 - root - INFO - the params is : ()
2021-12-02 16:23:04,422 - root - INFO - the result data is :{'id': 'f9d31e23e30c41b1a42d53ef95c8dec6', 'name': 'LeonaHashPool'}
2021-12-02 16:23:04,423 - root - INFO - *******测试案例名称： TestCase002_查询业务池详情信息-缺少token 执行开始********
2021-12-02 16:23:04,423 - root - INFO - *******测试数据： {}
2021-12-02 16:23:04,432 - root - INFO - *******返回数据： {'code': 1005, 'message': '缺少认证信息', 'data': None, 'level': 3}
2021-12-02 16:23:04,432 - root - INFO - *******测试案例名称： TestCase002_查询业务池详情信息-缺少token 执行完毕********
2021-12-02 16:23:04,432 - root - INFO - ****************获取业务池列表接口结束****************
2021-12-02 16:23:04,433 - root - INFO - ********************************************************************************
2021-12-02 16:23:04,451 - root - INFO - **********************************************完成teardown class，退出登录**********************************************
