2021-12-06 18:00:12,563 - root - INFO - **********************************************开始setupClass，进行登录**********************************************
2021-12-06 18:00:12,848 - root - INFO - ********************************************************************************
2021-12-06 18:00:12,849 - root - INFO - ****************编辑系统盘列表接口开始****************
2021-12-06 18:00:12,951 - root - INFO - *******测试案例名称： TestCase001_编辑系统盘-name为空 执行开始********
2021-12-06 18:00:12,951 - root - INFO - *******测试数据： {'name': '', 'description': '编辑系统盘-name为空', 'id': 'ins-b3c6c8f21e744d5ea05de73dfbc6b2a3', 'size': 1024, 'disk_type': 0, 'disk_status': 0, 'created_time': '2021-12-02 17:51:06', 'is_snapshoted': 0, 'project_name': 'test_wang', 'project_id': 'e6451dede2ed41c08b5049b40d5b1daf', 'pool_name': 'test_wang'}
2021-12-06 18:00:12,974 - root - INFO - *******返回数据： {'code': 1001, 'message': '请求参数错误', 'data': None, 'level': 2}
2021-12-06 18:00:12,974 - root - INFO - *******测试案例名称： TestCase001_编辑系统盘-name为空 执行完毕********
2021-12-06 18:00:12,974 - root - INFO - ****************编辑系统盘列表接口结束****************
2021-12-06 18:00:12,975 - root - INFO - ********************************************************************************
2021-12-06 18:00:12,978 - root - INFO - ********************************************************************************
2021-12-06 18:00:12,978 - root - INFO - ****************编辑系统盘列表接口开始****************
2021-12-06 18:00:13,075 - root - INFO - *******测试案例名称： TestCase002_编辑系统盘-name为特殊字符 执行开始********
2021-12-06 18:00:13,075 - root - INFO - *******测试数据： {'name': '@￥@#%￥#%￥', 'description': '编辑系统盘-name为特殊字符', 'id': 'ins-b3c6c8f21e744d5ea05de73dfbc6b2a3', 'size': 1024, 'disk_type': 0, 'disk_status': 0, 'created_time': '2021-12-02 17:51:06', 'is_snapshoted': 0, 'project_name': 'test_wang', 'project_id': 'e6451dede2ed41c08b5049b40d5b1daf', 'pool_name': 'test_wang'}
2021-12-06 18:00:13,097 - root - INFO - *******返回数据： {'code': 214024, 'message': '云硬盘名称只能输入字母、数字、汉字、横线以及下划线', 'data': None, 'level': 3}
2021-12-06 18:00:13,098 - root - INFO - *******测试案例名称： TestCase002_编辑系统盘-name为特殊字符 执行完毕********
2021-12-06 18:00:13,098 - root - INFO - ****************编辑系统盘列表接口结束****************
2021-12-06 18:00:13,098 - root - INFO - ********************************************************************************
2021-12-06 18:00:13,101 - root - INFO - ********************************************************************************
2021-12-06 18:00:13,102 - root - INFO - ****************编辑系统盘列表接口开始****************
2021-12-06 18:00:13,199 - root - INFO - *******测试案例名称： TestCase003_编辑系统盘-name为中文名称 执行开始********
2021-12-06 18:00:13,200 - root - INFO - *******测试数据： {'name': '中文名称系统盘', 'description': '编辑系统盘-name为中文名称', 'id': 'ins-b3c6c8f21e744d5ea05de73dfbc6b2a3', 'size': 1024, 'disk_type': 0, 'disk_status': 0, 'created_time': '2021-12-02 17:51:06', 'is_snapshoted': 0, 'project_name': 'test_wang', 'project_id': 'e6451dede2ed41c08b5049b40d5b1daf', 'pool_name': 'test_wang'}
2021-12-06 18:00:13,232 - root - INFO - *******返回数据： {'code': 0, 'message': 'success', 'data': {'name': '中文名称系统盘', 'description': '编辑系统盘-name为中文名称'}}
2021-12-06 18:00:13,232 - root - INFO - *******测试案例名称： TestCase003_编辑系统盘-name为中文名称 执行完毕********
2021-12-06 18:00:13,232 - root - INFO - ****************编辑系统盘列表接口结束****************
2021-12-06 18:00:13,233 - root - INFO - ********************************************************************************
2021-12-06 18:00:13,235 - root - INFO - ********************************************************************************
2021-12-06 18:00:13,236 - root - INFO - ****************编辑系统盘列表接口开始****************
2021-12-06 18:00:13,329 - root - INFO - *******测试案例名称： TestCase004_编辑系统盘-name为数字 执行开始********
2021-12-06 18:00:13,329 - root - INFO - *******测试数据： {'name': '123456', 'description': '编辑系统盘-name为数字', 'id': 'ins-b3c6c8f21e744d5ea05de73dfbc6b2a3', 'size': 1024, 'disk_type': 0, 'disk_status': 0, 'created_time': '2021-12-02 17:51:06', 'is_snapshoted': 0, 'project_name': 'test_wang', 'project_id': 'e6451dede2ed41c08b5049b40d5b1daf', 'pool_name': 'test_wang'}
2021-12-06 18:00:13,360 - root - INFO - *******返回数据： {'code': 0, 'message': 'success', 'data': {'name': '123456', 'description': '编辑系统盘-name为数字'}}
2021-12-06 18:00:13,361 - root - INFO - *******测试案例名称： TestCase004_编辑系统盘-name为数字 执行完毕********
2021-12-06 18:00:13,361 - root - INFO - ****************编辑系统盘列表接口结束****************
2021-12-06 18:00:13,362 - root - INFO - ********************************************************************************
2021-12-06 18:00:13,364 - root - INFO - ********************************************************************************
2021-12-06 18:00:13,365 - root - INFO - ****************编辑系统盘列表接口开始****************
2021-12-06 18:00:13,459 - root - INFO - *******测试案例名称： TestCase005_编辑系统盘-name为下划线 执行开始********
2021-12-06 18:00:13,459 - root - INFO - *******测试数据： {'name': '______', 'description': '编辑系统盘-name为下划线', 'id': 'ins-b3c6c8f21e744d5ea05de73dfbc6b2a3', 'size': 1024, 'disk_type': 0, 'disk_status': 0, 'created_time': '2021-12-02 17:51:06', 'is_snapshoted': 0, 'project_name': 'test_wang', 'project_id': 'e6451dede2ed41c08b5049b40d5b1daf', 'pool_name': 'test_wang'}
2021-12-06 18:00:13,489 - root - INFO - *******返回数据： {'code': 0, 'message': 'success', 'data': {'name': '______', 'description': '编辑系统盘-name为下划线'}}
2021-12-06 18:00:13,489 - root - INFO - *******测试案例名称： TestCase005_编辑系统盘-name为下划线 执行完毕********
2021-12-06 18:00:13,489 - root - INFO - ****************编辑系统盘列表接口结束****************
2021-12-06 18:00:13,490 - root - INFO - ********************************************************************************
2021-12-06 18:00:13,493 - root - INFO - ********************************************************************************
2021-12-06 18:00:13,494 - root - INFO - ****************编辑系统盘列表接口开始****************
2021-12-06 18:00:13,585 - root - INFO - *******测试案例名称： TestCase006_编辑系统盘-name为短横线 执行开始********
2021-12-06 18:00:13,585 - root - INFO - *******测试数据： {'name': '-----', 'description': '编辑系统盘-name为下划线', 'id': 'ins-b3c6c8f21e744d5ea05de73dfbc6b2a3', 'size': 1024, 'disk_type': 0, 'disk_status': 0, 'created_time': '2021-12-02 17:51:06', 'is_snapshoted': 0, 'project_name': 'test_wang', 'project_id': 'e6451dede2ed41c08b5049b40d5b1daf', 'pool_name': 'test_wang'}
2021-12-06 18:00:13,616 - root - INFO - *******返回数据： {'code': 0, 'message': 'success', 'data': {'name': '-----', 'description': '编辑系统盘-name为下划线'}}
2021-12-06 18:00:13,616 - root - INFO - *******测试案例名称： TestCase006_编辑系统盘-name为短横线 执行完毕********
2021-12-06 18:00:13,616 - root - INFO - ****************编辑系统盘列表接口结束****************
2021-12-06 18:00:13,616 - root - INFO - ********************************************************************************
2021-12-06 18:00:13,620 - root - INFO - ********************************************************************************
2021-12-06 18:00:13,620 - root - INFO - ****************编辑系统盘列表接口开始****************
2021-12-06 18:00:13,725 - root - INFO - *******测试案例名称： TestCase007_编辑系统盘-name超过32个字符 执行开始********
2021-12-06 18:00:13,725 - root - INFO - *******测试数据： {'name': 'SysnameIsOver32SysnameIsOve32SysnameOver32', 'description': '编辑系统盘-name超过32个字符', 'id': 'ins-b3c6c8f21e744d5ea05de73dfbc6b2a3', 'size': 1024, 'disk_type': 0, 'disk_status': 0, 'created_time': '2021-12-02 17:51:06', 'is_snapshoted': 0, 'project_name': 'test_wang', 'project_id': 'e6451dede2ed41c08b5049b40d5b1daf', 'pool_name': 'test_wang'}
2021-12-06 18:00:13,748 - root - INFO - *******返回数据： {'code': 1001, 'message': '请求参数错误', 'data': None, 'level': 2}
2021-12-06 18:00:13,749 - root - INFO - *******测试案例名称： TestCase007_编辑系统盘-name超过32个字符 执行完毕********
2021-12-06 18:00:13,749 - root - INFO - ****************编辑系统盘列表接口结束****************
2021-12-06 18:00:13,750 - root - INFO - ********************************************************************************
2021-12-06 18:00:13,752 - root - INFO - ********************************************************************************
2021-12-06 18:00:13,752 - root - INFO - ****************编辑系统盘列表接口开始****************
2021-12-06 18:00:13,854 - root - INFO - *******测试案例名称： TestCase008_编辑系统盘-name等于32个字符 执行开始********
2021-12-06 18:00:13,854 - root - INFO - *******测试数据： {'name': 'SysnameIs32SysnameIs32SysnameH32', 'description': '编辑系统盘-name等于32个字符', 'id': 'ins-b3c6c8f21e744d5ea05de73dfbc6b2a3', 'size': 1024, 'disk_type': 0, 'disk_status': 0, 'created_time': '2021-12-02 17:51:06', 'is_snapshoted': 0, 'project_name': 'test_wang', 'project_id': 'e6451dede2ed41c08b5049b40d5b1daf', 'pool_name': 'test_wang'}
2021-12-06 18:00:13,884 - root - INFO - *******返回数据： {'code': 0, 'message': 'success', 'data': {'name': 'SysnameIs32SysnameIs32SysnameH32', 'description': '编辑系统盘-name等于32个字符'}}
2021-12-06 18:00:13,885 - root - INFO - *******测试案例名称： TestCase008_编辑系统盘-name等于32个字符 执行完毕********
2021-12-06 18:00:13,885 - root - INFO - ****************编辑系统盘列表接口结束****************
2021-12-06 18:00:13,886 - root - INFO - ********************************************************************************
2021-12-06 18:00:13,888 - root - INFO - ********************************************************************************
2021-12-06 18:00:13,889 - root - INFO - ****************编辑系统盘列表接口开始****************
2021-12-06 18:00:13,973 - root - INFO - *******测试案例名称： TestCase009_查看云硬盘列表-缺少token 执行开始********
2021-12-06 18:00:13,973 - root - INFO - *******测试数据： {'storage_limit': 10, 'add_size': 0, 'project_id': 'e6451dede2ed41c08b5049b40d5b1daf', 'id': 'ins-b3c6c8f21e744d5ea05de73dfbc6b2a3', 'size': 1024, 'disk_type': 0, 'disk_status': 0, 'created_time': '2021-12-02 17:51:06', 'is_snapshoted': 0, 'project_name': 'test_wang', 'pool_name': 'test_wang'}
2021-12-06 18:00:13,981 - root - INFO - *******返回数据： {'code': 1005, 'message': '缺少认证信息', 'data': None, 'level': 3}
2021-12-06 18:00:13,982 - root - INFO - *******测试案例名称： TestCase009_查看云硬盘列表-缺少token 执行完毕********
2021-12-06 18:00:13,982 - root - INFO - ****************编辑系统盘列表接口结束****************
2021-12-06 18:00:13,983 - root - INFO - ********************************************************************************
2021-12-06 18:00:13,985 - root - INFO - ********************************************************************************
2021-12-06 18:00:13,986 - root - INFO - ****************编辑系统盘列表接口开始****************
2021-12-06 18:00:14,071 - root - INFO - *******测试案例名称： TestCase010_编辑系统盘-Des大于100个字符 执行开始********
2021-12-06 18:00:14,072 - root - INFO - *******测试数据： {'name': 'SysDesIsOver100Chars', 'description': 'DesIsOver100Chars！#@@%#%DesIsOver100Chars！#@@%#%DesIsOver100Chars！#@@%#%DesIsOver100Chars！#@@%#%DesIsOver100Chars！#@@%#%', 'id': 'ins-b3c6c8f21e744d5ea05de73dfbc6b2a3', 'size': 1024, 'disk_type': 0, 'disk_status': 0, 'created_time': '2021-12-02 17:51:06', 'is_snapshoted': 0, 'project_name': 'test_wang', 'project_id': 'e6451dede2ed41c08b5049b40d5b1daf', 'pool_name': 'test_wang'}
2021-12-06 18:00:14,093 - root - INFO - *******返回数据： {'code': 1001, 'message': '请求参数错误', 'data': None, 'level': 2}
2021-12-06 18:00:14,093 - root - INFO - *******测试案例名称： TestCase010_编辑系统盘-Des大于100个字符 执行完毕********
2021-12-06 18:00:14,093 - root - INFO - ****************编辑系统盘列表接口结束****************
2021-12-06 18:00:14,094 - root - INFO - ********************************************************************************
2021-12-06 18:00:14,097 - root - INFO - ********************************************************************************
2021-12-06 18:00:14,097 - root - INFO - ****************编辑系统盘列表接口开始****************
2021-12-06 18:00:14,199 - root - INFO - *******测试案例名称： TestCase011_编辑系统盘-Des等于100个字符 执行开始********
2021-12-06 18:00:14,199 - root - INFO - *******测试数据： {'name': 'SysDesIs100Chars', 'description': 'DesIs100Chars！#@@%#%DesIs100Chars！#@@%#%DesIs100Chars！#@@%#%DesIs100Chars！#@@%#%DesIs100Chars！#@@%#%', 'id': 'ins-b3c6c8f21e744d5ea05de73dfbc6b2a3', 'size': 1024, 'disk_type': 0, 'disk_status': 0, 'created_time': '2021-12-02 17:51:06', 'is_snapshoted': 0, 'project_name': 'test_wang', 'project_id': 'e6451dede2ed41c08b5049b40d5b1daf', 'pool_name': 'test_wang'}
2021-12-06 18:00:14,232 - root - INFO - *******返回数据： {'code': 0, 'message': 'success', 'data': {'name': 'SysDesIs100Chars', 'description': 'DesIs100Chars！#@@%#%DesIs100Chars！#@@%#%DesIs100Chars！#@@%#%DesIs100Chars！#@@%#%DesIs100Chars！#@@%#%'}}
2021-12-06 18:00:14,233 - root - INFO - *******测试案例名称： TestCase011_编辑系统盘-Des等于100个字符 执行完毕********
2021-12-06 18:00:14,233 - root - INFO - ****************编辑系统盘列表接口结束****************
2021-12-06 18:00:14,233 - root - INFO - ********************************************************************************
2021-12-06 18:00:14,236 - root - INFO - ********************************************************************************
2021-12-06 18:00:14,236 - root - INFO - ****************编辑系统盘列表接口开始****************
2021-12-06 18:00:14,332 - root - INFO - *******测试案例名称： TestCase012_编辑系统盘-Des为空 执行开始********
2021-12-06 18:00:14,333 - root - INFO - *******测试数据： {'name': 'SysDesIsNull', 'description': '', 'id': 'ins-b3c6c8f21e744d5ea05de73dfbc6b2a3', 'size': 1024, 'disk_type': 0, 'disk_status': 0, 'created_time': '2021-12-02 17:51:06', 'is_snapshoted': 0, 'project_name': 'test_wang', 'project_id': 'e6451dede2ed41c08b5049b40d5b1daf', 'pool_name': 'test_wang'}
2021-12-06 18:00:14,362 - root - INFO - *******返回数据： {'code': 0, 'message': 'success', 'data': {'name': 'SysDesIsNull', 'description': ''}}
2021-12-06 18:00:14,363 - root - INFO - *******测试案例名称： TestCase012_编辑系统盘-Des为空 执行完毕********
2021-12-06 18:00:14,363 - root - INFO - ****************编辑系统盘列表接口结束****************
2021-12-06 18:00:14,363 - root - INFO - ********************************************************************************
2021-12-06 18:00:14,366 - root - INFO - ********************************************************************************
2021-12-06 18:00:14,367 - root - INFO - ****************编辑系统盘列表接口开始****************
2021-12-06 18:00:14,456 - root - INFO - *******测试案例名称： TestCase013_编辑系统盘-Des为单个字符 执行开始********
2021-12-06 18:00:14,456 - root - INFO - *******测试数据： {'name': 'SysDesIs1Char', 'description': 'A', 'id': 'ins-b3c6c8f21e744d5ea05de73dfbc6b2a3', 'size': 1024, 'disk_type': 0, 'disk_status': 0, 'created_time': '2021-12-02 17:51:06', 'is_snapshoted': 0, 'project_name': 'test_wang', 'project_id': 'e6451dede2ed41c08b5049b40d5b1daf', 'pool_name': 'test_wang'}
2021-12-06 18:00:14,491 - root - INFO - *******返回数据： {'code': 0, 'message': 'success', 'data': {'name': 'SysDesIs1Char', 'description': 'A'}}
2021-12-06 18:00:14,491 - root - INFO - *******测试案例名称： TestCase013_编辑系统盘-Des为单个字符 执行完毕********
2021-12-06 18:00:14,491 - root - INFO - ****************编辑系统盘列表接口结束****************
2021-12-06 18:00:14,491 - root - INFO - ********************************************************************************
2021-12-06 18:00:14,514 - root - INFO - **********************************************完成teardown class，退出登录**********************************************
