2021-12-08 11:38:42,654 - root - INFO - **********************************************开始setupClass，进行登录**********************************************
2021-12-08 11:38:49,732 - root - INFO - the sql is : select id from disk where store_type=0 and pool_id=%s order by create_time desc limit 1;
2021-12-08 11:38:49,733 - root - INFO - the params is : ddac080c671b473e885714538fd1ed6e
2021-12-08 11:38:49,734 - root - INFO - the result data is :{'id': 'b4179c40-bdda-4c39-8e93-9e76378e16de'}
2021-12-08 11:38:49,736 - root - INFO - ********************************************************************************
2021-12-08 11:38:49,736 - root - INFO - ****************创建数据盘快照接口开始****************
2021-12-08 11:38:49,737 - root - INFO - *******测试案例名称： TestCase001_新建快照-缺少token 执行开始********
2021-12-08 11:38:49,737 - root - INFO - *******测试数据： {}
2021-12-08 11:38:49,747 - root - INFO - *******返回数据： {'code': 1005, 'message': '缺少认证信息', 'data': None, 'level': 3}
2021-12-08 11:38:49,747 - root - INFO - *******测试案例名称： TestCase001_新建快照-缺少token 执行完毕********
2021-12-08 11:38:49,749 - root - INFO - ****************创建数据盘快照接口结束****************
2021-12-08 11:38:49,749 - root - INFO - ********************************************************************************
2021-12-08 11:38:49,752 - root - INFO - ********************************************************************************
2021-12-08 11:38:49,752 - root - INFO - ****************创建数据盘快照接口开始****************
2021-12-08 11:38:49,753 - root - INFO - *******测试案例名称： TestCase002_新建快照-name为空 执行开始********
2021-12-08 11:38:49,753 - root - INFO - *******测试数据： {'name': '', 'description': 'SnapNameIsNull', 'volume': 'deb69c4a-c212-4d3d-9aeb-806f9941e1b3'}
2021-12-08 11:38:49,782 - root - INFO - *******返回数据： {'code': 1001, 'message': {'name': ['该字段不能为空。']}, 'data': None}
2021-12-08 11:38:49,782 - root - INFO - ********************************************************************************
2021-12-08 11:38:49,865 - root - INFO - ********************************************************************************
2021-12-08 11:38:49,866 - root - INFO - ****************创建数据盘快照接口开始****************
2021-12-08 11:38:49,866 - root - INFO - *******测试案例名称： TestCase003_新建快照-volume为空 执行开始********
2021-12-08 11:38:49,867 - root - INFO - *******测试数据： {'name': 'testSnap', 'description': 'volumeIsNull', 'volume': ''}
2021-12-08 11:38:49,900 - root - INFO - *******返回数据： {'code': 1001, 'message': {'volume': ['Must be a valid UUID.']}, 'data': None}
2021-12-08 11:38:49,901 - root - INFO - ********************************************************************************
2021-12-08 11:38:49,940 - root - INFO - ********************************************************************************
2021-12-08 11:38:49,941 - root - INFO - ****************创建数据盘快照接口开始****************
2021-12-08 11:38:49,941 - root - INFO - *******测试案例名称： TestCase004_新建快照-Des为空 执行开始********
2021-12-08 11:38:49,942 - root - INFO - *******测试数据： {'name': 'SnapDesIsNull', 'description': '', 'volume': 'deb69c4a-c212-4d3d-9aeb-806f9941e1b3'}
2021-12-08 11:38:50,233 - root - INFO - *******返回数据： {'code': 0, 'message': 'success', 'data': None}
2021-12-08 11:38:50,233 - root - INFO - ********************************************************************************
2021-12-08 11:38:50,289 - root - INFO - ********************************************************************************
2021-12-08 11:38:50,289 - root - INFO - ****************创建数据盘快照接口开始****************
2021-12-08 11:38:50,290 - root - INFO - *******测试案例名称： TestCase005_新建快照-name>32 执行开始********
2021-12-08 11:38:50,290 - root - INFO - *******测试数据： {'name': 'YYDSnapNameOver32CharsYYDSnapNameOver32CharsYYDSnapNameOver32Chars', 'description': '新建快照-name>32', 'volume': 'deb69c4a-c212-4d3d-9aeb-806f9941e1b3'}
2021-12-08 11:38:50,322 - root - INFO - *******返回数据： {'code': 1001, 'message': {'name': ['请确保这个字段不能超过 32 个字符。']}, 'data': None}
2021-12-08 11:38:50,322 - root - INFO - ********************************************************************************
2021-12-08 11:38:50,356 - root - INFO - ********************************************************************************
2021-12-08 11:38:50,356 - root - INFO - ****************创建数据盘快照接口开始****************
2021-12-08 11:38:50,356 - root - INFO - *******测试案例名称： TestCase006_新建快照-name为特殊字符 执行开始********
2021-12-08 11:38:50,357 - root - INFO - *******测试数据： {'name': 'SpeCharforSnap……&*&s', 'description': '新建快照-name为特殊字符', 'volume': 'deb69c4a-c212-4d3d-9aeb-806f9941e1b3'}
2021-12-08 11:38:50,393 - root - INFO - *******返回数据： {'code': 214020, 'message': '快照名称只能输入数字、字母、-、_, 只允许以英文开头', 'data': None, 'level': 3}
2021-12-08 11:38:50,393 - root - INFO - *******测试案例名称： TestCase006_新建快照-name为特殊字符 执行完毕********
2021-12-08 11:38:50,393 - root - INFO - ****************创建数据盘快照接口结束****************
2021-12-08 11:38:50,393 - root - INFO - ********************************************************************************
2021-12-08 11:38:50,396 - root - INFO - ********************************************************************************
2021-12-08 11:38:50,397 - root - INFO - ****************创建数据盘快照接口开始****************
2021-12-08 11:38:50,397 - root - INFO - *******测试案例名称： TestCase007_新建快照-name为中文 执行开始********
2021-12-08 11:38:50,398 - root - INFO - *******测试数据： {'name': 'SpeCharforSnap……&*&s', 'description': '新建快照-name为中文', 'volume': 'deb69c4a-c212-4d3d-9aeb-806f9941e1b3'}
2021-12-08 11:38:50,456 - root - INFO - *******返回数据： {'code': 214020, 'message': '快照名称只能输入数字、字母、-、_, 只允许以英文开头', 'data': None, 'level': 3}
2021-12-08 11:38:50,456 - root - INFO - *******测试案例名称： TestCase007_新建快照-name为中文 执行完毕********
2021-12-08 11:38:50,456 - root - INFO - ****************创建数据盘快照接口结束****************
2021-12-08 11:38:50,456 - root - INFO - ********************************************************************************
2021-12-08 11:38:50,459 - root - INFO - ********************************************************************************
2021-12-08 11:38:50,459 - root - INFO - ****************创建数据盘快照接口开始****************
2021-12-08 11:38:50,460 - root - INFO - *******测试案例名称： TestCase008_新建快照-name以数字开头 执行开始********
2021-12-08 11:38:50,460 - root - INFO - *******测试数据： {'name': '1234567890a', 'description': '新建快照-name以数字开头', 'volume': 'deb69c4a-c212-4d3d-9aeb-806f9941e1b3'}
2021-12-08 11:38:50,521 - root - INFO - *******返回数据： {'code': 214020, 'message': '快照名称只能输入数字、字母、-、_, 只允许以英文开头', 'data': None, 'level': 3}
2021-12-08 11:38:50,521 - root - INFO - *******测试案例名称： TestCase008_新建快照-name以数字开头 执行完毕********
2021-12-08 11:38:50,521 - root - INFO - ****************创建数据盘快照接口结束****************
2021-12-08 11:38:50,522 - root - INFO - ********************************************************************************
2021-12-08 11:38:50,524 - root - INFO - ********************************************************************************
2021-12-08 11:38:50,524 - root - INFO - ****************创建数据盘快照接口开始****************
2021-12-08 11:38:50,525 - root - INFO - *******测试案例名称： TestCase009_新建快照-name以下划线_开头 执行开始********
2021-12-08 11:38:50,525 - root - INFO - *******测试数据： {'name': '_1234567890a', 'description': '新建快照-name以下划线_开头', 'volume': 'deb69c4a-c212-4d3d-9aeb-806f9941e1b3'}
2021-12-08 11:38:50,554 - root - INFO - *******返回数据： {'code': 214020, 'message': '快照名称只能输入数字、字母、-、_, 只允许以英文开头', 'data': None, 'level': 3}
2021-12-08 11:38:50,555 - root - INFO - *******测试案例名称： TestCase009_新建快照-name以下划线_开头 执行完毕********
2021-12-08 11:38:50,555 - root - INFO - ****************创建数据盘快照接口结束****************
2021-12-08 11:38:50,555 - root - INFO - ********************************************************************************
2021-12-08 11:38:50,558 - root - INFO - ********************************************************************************
2021-12-08 11:38:50,558 - root - INFO - ****************创建数据盘快照接口开始****************
2021-12-08 11:38:50,559 - root - INFO - *******测试案例名称： TestCase010_新建快照-name以短横线-开头 执行开始********
2021-12-08 11:38:50,559 - root - INFO - *******测试数据： {'name': '-1234567890a', 'description': '新建快照-name以短横线-开头', 'volume': 'deb69c4a-c212-4d3d-9aeb-806f9941e1b3'}
2021-12-08 11:38:50,587 - root - INFO - *******返回数据： {'code': 214020, 'message': '快照名称只能输入数字、字母、-、_, 只允许以英文开头', 'data': None, 'level': 3}
2021-12-08 11:38:50,587 - root - INFO - *******测试案例名称： TestCase010_新建快照-name以短横线-开头 执行完毕********
2021-12-08 11:38:50,587 - root - INFO - ****************创建数据盘快照接口结束****************
2021-12-08 11:38:50,587 - root - INFO - ********************************************************************************
2021-12-08 11:38:50,590 - root - INFO - ********************************************************************************
2021-12-08 11:38:50,590 - root - INFO - ****************创建数据盘快照接口开始****************
2021-12-08 11:38:50,591 - root - INFO - *******测试案例名称： TestCase011_新建快照-Des>100 执行开始********
2021-12-08 11:38:50,591 - root - INFO - *******测试数据： {'name': 'snapDesOver100', 'description': '新建快照-Des>100', 'volume': 'DesOver100CharDesOver100CharDesOver100CharDesOver100CharDesOver100CharDesOver100CharDesOver100CharDesOver100CharDesOver100Char'}
2021-12-08 11:38:50,829 - root - INFO - *******返回数据： {'code': 0, 'message': 'success', 'data': None}
2021-12-08 11:38:50,829 - root - INFO - ********************************************************************************
2021-12-08 11:38:50,863 - root - INFO - ********************************************************************************
2021-12-08 11:38:50,863 - root - INFO - ****************创建数据盘快照接口开始****************
2021-12-08 11:38:50,864 - root - INFO - *******测试案例名称： TestCase012_新建快照-name=32_Des=100 执行开始********
2021-12-08 11:38:50,864 - root - INFO - *******测试数据： {'name': 'aaaaabbbbbcccccdddddeeeeefffff23', 'description': '新建快照-name=32_Des=100', 'volume': 'DesIs100CharsDesIs100CharsDesIs100CharsDesIs100CharsDesIs100CharsDesIs100CharsDesIs100Chars100Des100'}
2021-12-08 11:38:51,111 - root - INFO - *******返回数据： {'code': 0, 'message': 'success', 'data': None}
2021-12-08 11:38:51,111 - root - INFO - ********************************************************************************
2021-12-08 11:38:51,165 - root - INFO - ********************************************************************************
2021-12-08 11:38:51,166 - root - INFO - ****************创建数据盘快照接口开始****************
2021-12-08 11:38:51,166 - root - INFO - *******测试案例名称： TestCase013_新建快照-重名快照_name=32_Des=100 执行开始********
2021-12-08 11:38:51,166 - root - INFO - *******测试数据： {'name': 'aaaaabbbbbcccccdddddeeeeefffff23', 'description': '新建快照-重名快照_name=32_Des=100', 'volume': 'DesIs100CharsDesIs100CharsDesIs100CharsDesIs100CharsDesIs100CharsDesIs100CharsDesIs100Chars100Des100'}
2021-12-08 11:38:51,213 - root - INFO - *******返回数据： {'code': 214005, 'message': '快照名称已经存在', 'data': None, 'level': 3}
2021-12-08 11:38:51,213 - root - INFO - *******测试案例名称： TestCase013_新建快照-重名快照_name=32_Des=100 执行完毕********
2021-12-08 11:38:51,213 - root - INFO - ****************创建数据盘快照接口结束****************
2021-12-08 11:38:51,213 - root - INFO - ********************************************************************************
2021-12-08 11:38:53,414 - root - INFO - **********************************************完成teardown class，退出登录**********************************************
