2021-12-07 09:37:13,340 - root - INFO - **********************************************开始setupClass，进行登录**********************************************
2021-12-07 09:37:13,645 - root - INFO - ********************************************************************************
2021-12-07 09:37:13,646 - root - INFO - ****************获取存储流量监控接口开始****************
2021-12-07 09:37:13,646 - root - INFO - *******测试案例名称： TestCase001_查看存储流量监控信息 执行开始********
2021-12-07 09:37:13,647 - root - INFO - *******测试数据： {'start_time': 1638497102849, 'end_time': 1638498902849}
2021-12-07 09:37:13,653 - root - INFO - the sql is : select id,name,storage_limit from cloud_pool WHERE type=1 order by create_time desc limit 1;
2021-12-07 09:37:13,654 - root - INFO - the params is : ()
2021-12-07 09:37:13,655 - root - INFO - the result data is :{'id': '461d48b474aa49edb563cf45ee769639', 'name': 'shepg_test', 'storage_limit': 10}
2021-12-07 09:37:13,680 - root - INFO - ********************************************************************************
2021-12-07 09:37:13,772 - root - INFO - ********************************************************************************
2021-12-07 09:37:13,772 - root - INFO - ****************获取存储流量监控接口开始****************
2021-12-07 09:37:13,773 - root - INFO - *******测试案例名称： TestCase002_查看存储流量监控信息-缺少token 执行开始********
2021-12-07 09:37:13,773 - root - INFO - *******测试数据： {}
2021-12-07 09:37:13,776 - root - INFO - the sql is : select id,name,storage_limit from cloud_pool WHERE type=1 order by create_time desc limit 1;
2021-12-07 09:37:13,777 - root - INFO - the params is : ()
2021-12-07 09:37:13,778 - root - INFO - the result data is :{'id': '461d48b474aa49edb563cf45ee769639', 'name': 'shepg_test', 'storage_limit': 10}
2021-12-07 09:37:13,787 - root - INFO - *******返回数据： {'code': 1005, 'message': '缺少认证信息', 'data': None, 'level': 3}
2021-12-07 09:37:13,788 - root - INFO - *******测试案例名称： TestCase002_查看存储流量监控信息-缺少token 执行完毕********
2021-12-07 09:37:13,788 - root - INFO - ****************获取存储流量监控接口结束****************
2021-12-07 09:37:13,789 - root - INFO - ********************************************************************************
2021-12-07 09:37:13,810 - root - INFO - **********************************************完成teardown class，退出登录**********************************************
