2021-12-07 10:51:20,242 - root - INFO - **********************************************开始setupClass，进行登录**********************************************
2021-12-07 10:51:20,564 - root - INFO - ********************************************************************************
2021-12-07 10:51:20,564 - root - INFO - ****************获取存储流量监控接口开始****************
2021-12-07 10:51:20,565 - root - INFO - *******测试案例名称： TestCase001_查看存储流量监控信息 执行开始********
2021-12-07 10:51:20,565 - root - INFO - *******测试数据： {'start_time': 1638843680000, 'end_time': 1638845480000}
2021-12-07 10:51:20,570 - root - INFO - the sql is : select id,name,storage_limit from cloud_pool WHERE type=1 order by create_time desc limit 1;
2021-12-07 10:51:20,572 - root - INFO - the params is : ()
2021-12-07 10:51:20,575 - root - INFO - the result data is :{'id': '461d48b474aa49edb563cf45ee769639', 'name': 'shepg_test', 'storage_limit': 10}
2021-12-07 10:51:20,638 - root - INFO - *******返回数据： {'code': 0, 'message': 'success', 'data': [{'time': '2021-12-07T02:21:00Z', 'read': 0.0, 'write': 0.0, 'total': 0.0}, {'time': '2021-12-07T02:22:00Z', 'read': 0.0, 'write': 0.0, 'total': 0.0}, {'time': '2021-12-07T02:23:00Z', 'read': 0.0, 'write': 0.0, 'total': 0.0}, {'time': '2021-12-07T02:24:00Z', 'read': 0.0, 'write': 0.01, 'total': 0.01}, {'time': '2021-12-07T02:25:00Z', 'read': 0.0, 'write': 0.0, 'total': 0.0}, {'time': '2021-12-07T02:26:00Z', 'read': 0.0, 'write': 0.0, 'total': 0.0}, {'time': '2021-12-07T02:27:00Z', 'read': 0.0, 'write': 0.0, 'total': 0.0}, {'time': '2021-12-07T02:28:00Z', 'read': 0.0, 'write': 0.0, 'total': 0.0}, {'time': '2021-12-07T02:29:00Z', 'read': 0.0, 'write': 0.0, 'total': 0.0}, {'time': '2021-12-07T02:30:00Z', 'read': 0.0, 'write': 0.0, 'total': 0.0}, {'time': '2021-12-07T02:31:00Z', 'read': 0.0, 'write': 0.0, 'total': 0.0}, {'time': '2021-12-07T02:32:00Z', 'read': 0.0, 'write': 0.0, 'total': 0.0}, {'time': '2021-12-07T02:33:00Z', 'read': 0.0, 'write': 0.0, 'total': 0.0}, {'time': '2021-12-07T02:34:00Z', 'read': 0.0, 'write': 0.0, 'total': 0.0}, {'time': '2021-12-07T02:35:00Z', 'read': 0.0, 'write': 0.0, 'total': 0.0}, {'time': '2021-12-07T02:36:00Z', 'read': 0.0, 'write': 0.0, 'total': 0.0}, {'time': '2021-12-07T02:37:00Z', 'read': 0.0, 'write': 0.0, 'total': 0.0}, {'time': '2021-12-07T02:38:00Z', 'read': 0.0, 'write': 0.0, 'total': 0.0}, {'time': '2021-12-07T02:39:00Z', 'read': 0.0, 'write': 0.0, 'total': 0.0}, {'time': '2021-12-07T02:40:00Z', 'read': 0.0, 'write': 0.0, 'total': 0.0}, {'time': '2021-12-07T02:41:00Z', 'read': 0.0, 'write': 0.0, 'total': 0.0}, {'time': '2021-12-07T02:42:00Z', 'read': 0.0, 'write': 0.0, 'total': 0.0}, {'time': '2021-12-07T02:43:00Z', 'read': 0.0, 'write': 0.0, 'total': 0.0}, {'time': '2021-12-07T02:44:00Z', 'read': 0.0, 'write': 0.0, 'total': 0.0}, {'time': '2021-12-07T02:45:00Z', 'read': 0.0, 'write': 0.0, 'total': 0.0}, {'time': '2021-12-07T02:46:00Z', 'read': 0.0, 'write': 0.0, 'total': 0.0}, {'time': '2021-12-07T02:47:00Z', 'read': 0.0, 'write': 0.0, 'total': 0.0}, {'time': '2021-12-07T02:48:00Z', 'read': 0.0, 'write': 0.0, 'total': 0.0}, {'time': '2021-12-07T02:49:00Z', 'read': 0.0, 'write': 0.01, 'total': 0.01}, {'time': '2021-12-07T02:50:00Z', 'read': 0.0, 'write': 0.0, 'total': 0.0}]}
2021-12-07 10:51:20,638 - root - INFO - *******测试案例名称： TestCase001_查看存储流量监控信息 执行完毕********
2021-12-07 10:51:20,639 - root - INFO - ****************获取存储流量监控接口结束****************
2021-12-07 10:51:20,640 - root - INFO - ********************************************************************************
2021-12-07 10:51:20,653 - root - INFO - ********************************************************************************
2021-12-07 10:51:20,653 - root - INFO - ****************获取存储流量监控接口开始****************
2021-12-07 10:51:20,654 - root - INFO - *******测试案例名称： TestCase002_查看存储流量监控信息-缺少token 执行开始********
2021-12-07 10:51:20,655 - root - INFO - *******测试数据： {'start_time': 1638843680000, 'end_time': 1638845480000}
2021-12-07 10:51:20,660 - root - INFO - the sql is : select id,name,storage_limit from cloud_pool WHERE type=1 order by create_time desc limit 1;
2021-12-07 10:51:20,661 - root - INFO - the params is : ()
2021-12-07 10:51:20,663 - root - INFO - the result data is :{'id': '461d48b474aa49edb563cf45ee769639', 'name': 'shepg_test', 'storage_limit': 10}
2021-12-07 10:51:20,675 - root - INFO - *******返回数据： {'code': 1005, 'message': '缺少认证信息', 'data': None, 'level': 3}
2021-12-07 10:51:20,676 - root - INFO - *******测试案例名称： TestCase002_查看存储流量监控信息-缺少token 执行完毕********
2021-12-07 10:51:20,677 - root - INFO - ****************获取存储流量监控接口结束****************
2021-12-07 10:51:20,677 - root - INFO - ********************************************************************************
2021-12-07 10:51:20,705 - root - INFO - **********************************************完成teardown class，退出登录**********************************************
