2021-12-02 18:06:00,226 - root - INFO - **********************************************开始setupClass，进行登录**********************************************
2021-12-02 18:06:00,570 - root - INFO - ********************************************************************************
2021-12-02 18:06:00,571 - root - INFO - ****************配置业务池接口开始****************
2021-12-02 18:06:00,571 - root - INFO - *******测试案例名称： TestCase001_配置存储池空间--原始值配置--成功 执行开始********
2021-12-02 18:06:00,575 - root - INFO - the sql is : select id,name,storage_limit from cloud_pool WHERE type=1 order by create_time desc limit 1;
2021-12-02 18:06:00,575 - root - INFO - the params is : ()
2021-12-02 18:06:00,578 - root - INFO - the result data is :{'id': 'f9d31e23e30c41b1a42d53ef95c8dec6', 'name': 'LeonaHashPool', 'storage_limit': 10}
2021-12-02 18:06:00,580 - root - INFO - *******测试数据： {'storage_limit': 10, 'add_size': 0, 'project_id': 'f9d31e23e30c41b1a42d53ef95c8dec6'}
2021-12-02 18:06:00,627 - root - INFO - *******返回数据： {'code': 0, 'message': 'success', 'data': None}
2021-12-02 18:06:00,627 - root - INFO - *******测试案例名称： TestCase001_配置存储池空间--原始值配置--成功 执行完毕********
2021-12-02 18:06:00,627 - root - INFO - ****************配置业务池接口结束****************
2021-12-02 18:06:00,628 - root - INFO - ********************************************************************************
2021-12-02 18:06:00,631 - root - INFO - ********************************************************************************
2021-12-02 18:06:00,631 - root - INFO - ****************配置业务池接口开始****************
2021-12-02 18:06:00,632 - root - INFO - *******测试案例名称： TestCase002_配置存储池空间--addsize为超大值配置 执行开始********
2021-12-02 18:06:00,635 - root - INFO - the sql is : select id,name,storage_limit from cloud_pool WHERE type=1 order by create_time desc limit 1;
2021-12-02 18:06:00,635 - root - INFO - the params is : ()
2021-12-02 18:06:00,637 - root - INFO - the result data is :{'id': 'f9d31e23e30c41b1a42d53ef95c8dec6', 'name': 'LeonaHashPool', 'storage_limit': 10}
2021-12-02 18:06:00,638 - root - INFO - *******测试数据： {'storage_limit': 10, 'add_size': 99999999999999999999, 'project_id': 'f9d31e23e30c41b1a42d53ef95c8dec6'}
2021-12-02 18:06:00,666 - root - INFO - *******返回数据： {'code': 217007, 'message': '当前配额已超过存储池限定配额', 'data': None, 'level': 3}
2021-12-02 18:06:00,666 - root - INFO - *******测试案例名称： TestCase002_配置存储池空间--addsize为超大值配置 执行完毕********
2021-12-02 18:06:00,667 - root - INFO - ****************配置业务池接口结束****************
2021-12-02 18:06:00,667 - root - INFO - ********************************************************************************
2021-12-02 18:06:00,670 - root - INFO - ********************************************************************************
2021-12-02 18:06:00,671 - root - INFO - ****************配置业务池接口开始****************
2021-12-02 18:06:00,672 - root - INFO - *******测试案例名称： TestCase003_配置存储池空间--addsize为空配置 执行开始********
2021-12-02 18:06:00,689 - root - INFO - the sql is : select id,name,storage_limit from cloud_pool WHERE type=1 order by create_time desc limit 1;
2021-12-02 18:06:00,689 - root - INFO - the params is : ()
2021-12-02 18:06:00,691 - root - INFO - the result data is :{'id': 'f9d31e23e30c41b1a42d53ef95c8dec6', 'name': 'LeonaHashPool', 'storage_limit': 10}
2021-12-02 18:06:00,692 - root - INFO - *******测试数据： {'storage_limit': 10, 'add_size': None, 'project_id': 'f9d31e23e30c41b1a42d53ef95c8dec6'}
2021-12-02 18:06:00,721 - root - INFO - *******返回数据： {'code': 217003, 'message': '存储设置失败', 'data': None, 'level': 3}
2021-12-02 18:06:00,721 - root - INFO - *******测试案例名称： TestCase003_配置存储池空间--addsize为空配置 执行完毕********
2021-12-02 18:06:00,721 - root - INFO - ****************配置业务池接口结束****************
2021-12-02 18:06:00,723 - root - INFO - ********************************************************************************
2021-12-02 18:06:00,727 - root - INFO - ********************************************************************************
2021-12-02 18:06:00,727 - root - INFO - ****************配置业务池接口开始****************
2021-12-02 18:06:00,728 - root - INFO - *******测试案例名称： TestCase004_配置存储池空间-缺少token 执行开始********
2021-12-02 18:06:00,730 - root - INFO - the sql is : select id,name,storage_limit from cloud_pool WHERE type=1 order by create_time desc limit 1;
2021-12-02 18:06:00,731 - root - INFO - the params is : ()
2021-12-02 18:06:00,737 - root - INFO - the result data is :{'id': 'f9d31e23e30c41b1a42d53ef95c8dec6', 'name': 'LeonaHashPool', 'storage_limit': 10}
2021-12-02 18:06:00,740 - root - INFO - *******测试数据： {'storage_limit': 10, 'add_size': 0, 'project_id': 'f9d31e23e30c41b1a42d53ef95c8dec6'}
2021-12-02 18:06:00,749 - root - INFO - *******返回数据： {'code': 1005, 'message': '缺少认证信息', 'data': None, 'level': 3}
2021-12-02 18:06:00,749 - root - INFO - *******测试案例名称： TestCase004_配置存储池空间-缺少token 执行完毕********
2021-12-02 18:06:00,749 - root - INFO - ****************配置业务池接口结束****************
2021-12-02 18:06:00,750 - root - INFO - ********************************************************************************
2021-12-02 18:06:00,780 - root - INFO - **********************************************完成teardown class，退出登录**********************************************
