2021-12-03 16:43:43,461 - root - INFO - **********************************************开始setupClass，进行登录**********************************************
2021-12-03 16:43:43,758 - root - INFO - ********************************************************************************
2021-12-03 16:43:43,759 - root - INFO - ****************获取存储流量监控接口开始****************
2021-12-03 16:43:43,759 - root - INFO - *******测试案例名称： TestCase001_查看存储流量监控信息 执行开始********
2021-12-03 16:43:43,760 - root - INFO - *******测试数据： {}
2021-12-03 16:43:43,765 - root - INFO - the sql is : select id,name,storage_limit from cloud_pool WHERE type=1 order by create_time desc limit 1;
2021-12-03 16:43:43,767 - root - INFO - the params is : ()
2021-12-03 16:43:43,770 - root - INFO - the result data is :{'id': '461d48b474aa49edb563cf45ee769639', 'name': 'shepg', 'storage_limit': 10}
2021-12-03 16:43:43,843 - root - INFO - ********************************************************************************
2021-12-03 16:43:43,936 - root - INFO - ********************************************************************************
2021-12-03 16:43:43,937 - root - INFO - ****************获取存储流量监控接口开始****************
2021-12-03 16:43:43,937 - root - INFO - *******测试案例名称： TestCase002_查看存储流量监控信息-缺少token 执行开始********
2021-12-03 16:43:43,937 - root - INFO - *******测试数据： {}
2021-12-03 16:43:43,942 - root - INFO - the sql is : select id,name,storage_limit from cloud_pool WHERE type=1 order by create_time desc limit 1;
2021-12-03 16:43:43,942 - root - INFO - the params is : ()
2021-12-03 16:43:43,944 - root - INFO - the result data is :{'id': '461d48b474aa49edb563cf45ee769639', 'name': 'shepg', 'storage_limit': 10}
2021-12-03 16:43:43,954 - root - INFO - *******返回数据： {'code': 1005, 'message': '缺少认证信息', 'data': None, 'level': 3}
2021-12-03 16:43:43,955 - root - INFO - *******测试案例名称： TestCase002_查看存储流量监控信息-缺少token 执行完毕********
2021-12-03 16:43:43,955 - root - INFO - ****************获取存储流量监控接口结束****************
2021-12-03 16:43:43,956 - root - INFO - ********************************************************************************
2021-12-03 16:43:43,975 - root - INFO - **********************************************完成teardown class，退出登录**********************************************
