2021-12-07 18:57:51,075 - root - INFO - **********************************************开始setupClass，进行登录**********************************************
2021-12-07 18:58:02,468 - root - INFO - the sql is : select d.id as diskId, d.name as diskName, d.size as diskSize, d.status as diskStatus,             i.id as vmId, i.name as vmName, i.status as vmStatus, p.id as projectId, p.name as projectName              from  disk d LEFT JOIN cloud_instance i on i.project_id=d.pool_id INNER JOIN cloud_pool p on p.id=d.pool_id           where i.status in (1,3) and d.store_type=0 and d.status=1 ORDER BY d.create_time desc limit 1;
2021-12-07 18:58:02,469 - root - INFO - the params is : ()
2021-12-07 18:58:02,472 - root - INFO - the result data is :{'diskId': '0ae3eeb5-717a-46eb-a371-a79e1fda22dd', 'diskName': 'CloudDisk4CI', 'diskSize': 1024, 'diskStatus': 1, 'vmId': 'ins-b6f3b9cc9f74446089d1cbe2e2065fc3', 'vmName': 'LC3', 'vmStatus': 1, 'projectId': 'ddac080c671b473e885714538fd1ed6e', 'projectName': 'LeonaTestPool1125'}
2021-12-07 18:58:02,474 - root - INFO - ********************************************************************************
2021-12-07 18:58:02,474 - root - INFO - ****************加载数据盘列表接口开始****************
2021-12-07 18:58:02,475 - root - INFO - *******测试案例名称： TestCase001_加载数据盘-volume为空 执行开始********
2021-12-07 18:58:02,475 - root - INFO - *******测试数据： {'volume': '', 'action': 'attach', 'path': '', 'instance': ['ins-b6f3b9cc9f74446089d1cbe2e2065fc3'], 'project_id': 'ddac080c671b473e885714538fd1ed6e', 'project_name': 'LeonaTestPool1125'}
2021-12-07 18:58:02,528 - root - INFO - *******返回数据： {'code': 1001, 'message': '请求参数错误', 'data': None, 'level': 2}
2021-12-07 18:58:02,529 - root - INFO - *******测试案例名称： TestCase001_加载数据盘-volume为空 执行完毕********
2021-12-07 18:58:02,529 - root - INFO - ****************加载数据盘列表接口结束****************
2021-12-07 18:58:02,530 - root - INFO - ********************************************************************************
2021-12-07 18:58:02,532 - root - INFO - ********************************************************************************
2021-12-07 18:58:02,533 - root - INFO - ****************加载数据盘列表接口开始****************
2021-12-07 18:58:02,533 - root - INFO - *******测试案例名称： TestCase002_加载数据盘-Path为空 执行开始********
2021-12-07 18:58:02,533 - root - INFO - *******测试数据： {'volume': 'c7735672-0232-42a2-9838-bb0e8cfe4a7b', 'action': 'attach', 'path': '', 'instance': ['ins-b6f3b9cc9f74446089d1cbe2e2065fc3'], 'project_id': 'ddac080c671b473e885714538fd1ed6e', 'project_name': 'LeonaTestPool1125'}
2021-12-07 18:58:02,769 - root - INFO - *******返回数据： {'code': 1001, 'message': '请求参数错误', 'data': None, 'level': 2}
2021-12-07 18:58:02,769 - root - INFO - *******测试案例名称： TestCase002_加载数据盘-Path为空 执行完毕********
2021-12-07 18:58:02,769 - root - INFO - ****************加载数据盘列表接口结束****************
2021-12-07 18:58:02,770 - root - INFO - ********************************************************************************
2021-12-07 18:58:02,772 - root - INFO - ********************************************************************************
2021-12-07 18:58:02,773 - root - INFO - ****************加载数据盘列表接口开始****************
2021-12-07 18:58:02,773 - root - INFO - *******测试案例名称： TestCase003_加载数据盘-Path为特殊字符 执行开始********
2021-12-07 18:58:02,774 - root - INFO - *******测试数据： {'volume': 'c7735672-0232-42a2-9838-bb0e8cfe4a7b', 'action': 'attach', 'path': '/mnt/￥%……￥%……', 'instance': ['ins-b6f3b9cc9f74446089d1cbe2e2065fc3'], 'project_id': 'ddac080c671b473e885714538fd1ed6e', 'project_name': 'LeonaTestPool1125'}
2021-12-07 18:58:02,958 - root - INFO - *******返回数据： {'code': 214017, 'message': '云硬盘挂载路径不合法', 'data': None, 'level': 3}
2021-12-07 18:58:02,959 - root - INFO - *******测试案例名称： TestCase003_加载数据盘-Path为特殊字符 执行完毕********
2021-12-07 18:58:02,959 - root - INFO - ****************加载数据盘列表接口结束****************
2021-12-07 18:58:02,960 - root - INFO - ********************************************************************************
2021-12-07 18:58:02,962 - root - INFO - ********************************************************************************
2021-12-07 18:58:02,963 - root - INFO - ****************加载数据盘列表接口开始****************
2021-12-07 18:58:02,963 - root - INFO - *******测试案例名称： TestCase003_加载数据盘-Volume不存在 执行开始********
2021-12-07 18:58:02,963 - root - INFO - *******测试数据： {'volume': 'c1111111-1111-1111-1111-111111111111', 'action': 'attach', 'path': '/mnt/￥%……￥%……', 'instance': ['ins-b6f3b9cc9f74446089d1cbe2e2065fc3'], 'project_id': 'ddac080c671b473e885714538fd1ed6e', 'project_name': 'LeonaTestPool1125'}
2021-12-07 18:58:03,004 - root - INFO - *******返回数据： {'code': 1, 'message': '服务异常', 'data': None, 'level': 1}
2021-12-07 18:58:03,004 - root - INFO - ********************************************************************************
2021-12-07 18:58:03,081 - root - INFO - ********************************************************************************
2021-12-07 18:58:03,082 - root - INFO - ****************加载数据盘列表接口开始****************
2021-12-07 18:58:03,082 - root - INFO - *******测试案例名称： TestCase004_加载数据盘-Path>128 执行开始********
2021-12-07 18:58:03,083 - root - INFO - *******测试数据： {'volume': 'c7735672-0232-42a2-9838-bb0e8cfe4a7b', 'action': 'attach', 'path': '/mnt/test1/test2/test3/test4/test5/test6/test7/test8/test9/test10/test11/test12/test13/test13/test14/test15/test16/test17/test18/test19', 'instance': ['ins-b6f3b9cc9f74446089d1cbe2e2065fc3'], 'project_id': 'ddac080c671b473e885714538fd1ed6e', 'project_name': 'LeonaTestPool1125'}
2021-12-07 18:58:03,317 - root - INFO - *******返回数据： {'code': 214026, 'message': '云硬盘挂载路径过长', 'data': None, 'level': 3}
2021-12-07 18:58:03,317 - root - INFO - *******测试案例名称： TestCase004_加载数据盘-Path>128 执行完毕********
2021-12-07 18:58:03,317 - root - INFO - ****************加载数据盘列表接口结束****************
2021-12-07 18:58:03,318 - root - INFO - ********************************************************************************
2021-12-07 18:58:03,320 - root - INFO - ********************************************************************************
2021-12-07 18:58:03,321 - root - INFO - ****************加载数据盘列表接口开始****************
2021-12-07 18:58:03,321 - root - INFO - *******测试案例名称： TestCase005_加载数据盘-Path=128 执行开始********
2021-12-07 18:58:03,321 - root - INFO - *******测试数据： {'volume': 'c7735672-0232-42a2-9838-bb0e8cfe4a7b', 'action': 'attach', 'path': '/mnt/test1/test2/test3/test4/test5/test6/test7/test8/test9/test10/test11/test12/test13/test13/test14/test15/test16/test17/test18/hKK', 'instance': ['ins-b6f3b9cc9f74446089d1cbe2e2065fc3'], 'project_id': 'ddac080c671b473e885714538fd1ed6e', 'project_name': 'LeonaTestPool1125'}
2021-12-07 18:58:03,868 - root - INFO - *******返回数据： {'code': 0, 'message': 'success', 'data': None}
2021-12-07 18:58:03,869 - root - INFO - *******测试案例名称： TestCase005_加载数据盘-Path=128 执行完毕********
2021-12-07 18:58:03,869 - root - INFO - ****************加载数据盘列表接口结束****************
2021-12-07 18:58:03,870 - root - INFO - ********************************************************************************
2021-12-07 18:58:03,873 - root - INFO - ********************************************************************************
2021-12-07 18:58:03,873 - root - INFO - ****************加载数据盘列表接口开始****************
2021-12-07 18:58:03,874 - root - INFO - *******测试案例名称： TestCase006_加载数据盘-同一路径重复加载-Path=128 执行开始********
2021-12-07 18:58:03,874 - root - INFO - *******测试数据： {'volume': 'c7735672-0232-42a2-9838-bb0e8cfe4a7b', 'action': 'attach', 'path': '/mnt/test1/test2/test3/test4/test5/test6/test7/test8/test9/test10/test11/test12/test13/test13/test14/test15/test16/test17/test18/hKK', 'instance': ['ins-b6f3b9cc9f74446089d1cbe2e2065fc3'], 'project_id': 'ddac080c671b473e885714538fd1ed6e', 'project_name': 'LeonaTestPool1125'}
2021-12-07 18:58:04,335 - root - INFO - *******返回数据： {'code': 214021, 'message': '同一挂载路径不能加载多块云硬盘', 'data': None, 'level': 3}
2021-12-07 18:58:04,336 - root - INFO - *******测试案例名称： TestCase006_加载数据盘-同一路径重复加载-Path=128 执行完毕********
2021-12-07 18:58:04,336 - root - INFO - ****************加载数据盘列表接口结束****************
2021-12-07 18:58:04,337 - root - INFO - ********************************************************************************
2021-12-07 18:58:04,339 - root - INFO - ********************************************************************************
2021-12-07 18:58:04,340 - root - INFO - ****************加载数据盘列表接口开始****************
2021-12-07 18:58:04,340 - root - INFO - *******测试案例名称： TestCase007_搜索数据盘-缺少token 执行开始********
2021-12-07 18:58:04,340 - root - INFO - *******测试数据： {'instance': ['ins-b6f3b9cc9f74446089d1cbe2e2065fc3'], 'project_id': 'ddac080c671b473e885714538fd1ed6e', 'project_name': 'LeonaTestPool1125'}
2021-12-07 18:58:04,349 - root - INFO - *******返回数据： {'code': 1005, 'message': '缺少认证信息', 'data': None, 'level': 3}
2021-12-07 18:58:04,350 - root - INFO - *******测试案例名称： TestCase007_搜索数据盘-缺少token 执行完毕********
2021-12-07 18:58:04,350 - root - INFO - ****************加载数据盘列表接口结束****************
2021-12-07 18:58:04,351 - root - INFO - ********************************************************************************
2021-12-07 18:58:05,259 - root - INFO - **********************************************完成teardown class，退出登录**********************************************
