2021-12-15 12:00:29,087 - root - INFO - **********************************************开始setupClass，进行登录**********************************************
2021-12-15 12:01:14,029 - root - INFO - the sql is : SELECT id, name from `cloud_instance` WHERE project_id=%s order by create_time DESC limit 1 
2021-12-15 12:01:14,030 - root - INFO - the params is : 577d21c9411744a4b619c8966f69ec18
2021-12-15 12:01:14,031 - root - INFO - the result data is :{'id': 'ins-ce959498ce2e492cb2d5c66afdc7dc5e', 'name': 'LC_85'}
2021-12-15 12:01:44,824 - root - INFO - the sql is : SELECT server_id, snapshot_name from `snapshot` WHERE project_id=%s order by create_time DESC limit 1 
2021-12-15 12:01:44,825 - root - INFO - the params is : 577d21c9411744a4b619c8966f69ec18
2021-12-15 12:01:44,827 - root - INFO - the result data is :{'server_id': 'ins-ce959498ce2e492cb2d5c66afdc7dc5e', 'snapshot_name': 'snap4LC_85'}
2021-12-15 12:01:44,829 - root - INFO - ********************************************************************************
2021-12-15 12:01:44,830 - root - INFO - ****************回滚云组件快照接口开始****************
2021-12-15 12:01:44,830 - root - INFO - *******测试案例名称： TestCase001_回滚云组件快照-缺少token 执行开始********
2021-12-15 12:01:44,830 - root - INFO - *******测试数据： {}
2021-12-15 12:01:44,841 - root - INFO - *******返回数据： {'code': 1005, 'message': '缺少认证信息', 'data': None, 'level': 3}
2021-12-15 12:01:44,842 - root - INFO - *******测试案例名称： TestCase001_回滚云组件快照-缺少token 执行完毕********
2021-12-15 12:01:44,842 - root - INFO - ****************回滚云组件快照接口结束****************
2021-12-15 12:01:44,842 - root - INFO - ********************************************************************************
2021-12-15 12:01:44,844 - root - INFO - ********************************************************************************
2021-12-15 12:01:44,845 - root - INFO - ****************回滚云组件快照接口开始****************
2021-12-15 12:01:44,845 - root - INFO - *******测试案例名称： TestCase002_回滚云组件快照-name为空 执行开始********
2021-12-15 12:01:44,846 - root - INFO - *******测试数据： {'name': '', 'is_start': 'true'}
2021-12-15 12:01:44,865 - root - INFO - *******返回数据： {'code': 1, 'message': '服务异常', 'data': None, 'level': 1}
2021-12-15 12:01:44,865 - root - INFO - ********************************************************************************
2021-12-15 12:01:44,944 - root - INFO - ********************************************************************************
2021-12-15 12:01:44,945 - root - INFO - ****************回滚云组件快照接口开始****************
2021-12-15 12:01:44,945 - root - INFO - *******测试案例名称： TestCase002_回滚云组件快照-成功 执行开始********
2021-12-15 12:01:44,946 - root - INFO - *******测试数据： {'name': 'poolSnap4LeonaTestPool1125_3', 'is_start': 'true', 'project_id': '577d21c9411744a4b619c8966f69ec18', 'volumes_name': 'snap4LC_85', 'snapshot_name': ['ins-ce959498ce2e492cb2d5c66afdc7dc5e', '15a852f9-fd10-4242-8fff-eaaf347203f8', '49e3679d-b6c3-421c-9953-424979524f35']}
2021-12-15 12:01:44,967 - root - INFO - *******返回数据： {'code': 1, 'message': '服务异常', 'data': None, 'level': 1}
2021-12-15 12:01:44,967 - root - INFO - ********************************************************************************
2021-12-15 12:01:45,017 - root - INFO - **********************************************完成teardown class，退出登录**********************************************
