2021-12-08 13:50:11,365 - root - INFO - **********************************************开始setupClass，进行登录**********************************************
2021-12-08 13:50:18,015 - root - INFO - the sql is : select id from disk where store_type=0 and pool_id=%s order by create_time desc limit 1;
2021-12-08 13:50:18,015 - root - INFO - the params is : ddac080c671b473e885714538fd1ed6e
2021-12-08 13:50:18,017 - root - INFO - the result data is :{'id': '1ac77649-a9c5-438a-a33e-d0aee55352dc'}
2021-12-08 13:50:18,018 - root - INFO - ********************************************************************************
2021-12-08 13:50:18,019 - root - INFO - ****************创建数据盘快照接口开始****************
2021-12-08 13:50:18,020 - root - INFO - *******测试案例名称： TestCase001_新建快照-缺少token 执行开始********
2021-12-08 13:50:18,020 - root - INFO - *******测试数据： {}
2021-12-08 13:50:18,029 - root - INFO - *******返回数据： {'code': 1005, 'message': '缺少认证信息', 'data': None, 'level': 3}
2021-12-08 13:50:18,029 - root - INFO - *******测试案例名称： TestCase001_新建快照-缺少token 执行完毕********
2021-12-08 13:50:18,031 - root - INFO - ****************创建数据盘快照接口结束****************
2021-12-08 13:50:18,031 - root - INFO - ********************************************************************************
2021-12-08 13:50:18,034 - root - INFO - ********************************************************************************
2021-12-08 13:50:18,034 - root - INFO - ****************创建数据盘快照接口开始****************
2021-12-08 13:50:18,035 - root - INFO - *******测试案例名称： TestCase002_新建快照-name为空 执行开始********
2021-12-08 13:50:18,035 - root - INFO - *******测试数据： {'name': '', 'description': 'SnapNameIsNull', 'volume': 'deb69c4a-c212-4d3d-9aeb-806f9941e1b3'}
2021-12-08 13:50:18,064 - root - INFO - *******返回数据： {'code': 1001, 'message': {'name': ['该字段不能为空。']}, 'data': None}
2021-12-08 13:50:18,064 - root - INFO - *******测试案例名称： TestCase002_新建快照-name为空 执行完毕********
2021-12-08 13:50:18,064 - root - INFO - ****************创建数据盘快照接口结束****************
2021-12-08 13:50:18,065 - root - INFO - ********************************************************************************
2021-12-08 13:50:18,067 - root - INFO - ********************************************************************************
2021-12-08 13:50:18,068 - root - INFO - ****************创建数据盘快照接口开始****************
2021-12-08 13:50:18,068 - root - INFO - *******测试案例名称： TestCase003_新建快照-volume为空 执行开始********
2021-12-08 13:50:18,069 - root - INFO - *******测试数据： {'name': 'testSnap', 'description': 'volumeIsNull', 'volume': ''}
2021-12-08 13:50:18,093 - root - INFO - *******返回数据： {'code': 1001, 'message': {'volume': ['Must be a valid UUID.']}, 'data': None}
2021-12-08 13:50:18,094 - root - INFO - *******测试案例名称： TestCase003_新建快照-volume为空 执行完毕********
2021-12-08 13:50:18,094 - root - INFO - ****************创建数据盘快照接口结束****************
2021-12-08 13:50:18,095 - root - INFO - ********************************************************************************
2021-12-08 13:50:18,097 - root - INFO - ********************************************************************************
2021-12-08 13:50:18,098 - root - INFO - ****************创建数据盘快照接口开始****************
2021-12-08 13:50:18,098 - root - INFO - *******测试案例名称： TestCase004_新建快照-Des为空 执行开始********
2021-12-08 13:50:18,099 - root - INFO - *******测试数据： {'name': 'SnapDesIsNull', 'description': '', 'volume': 'deb69c4a-c212-4d3d-9aeb-806f9941e1b3'}
2021-12-08 13:50:18,280 - root - INFO - *******返回数据： {'code': 0, 'message': 'success', 'data': None}
2021-12-08 13:50:18,281 - root - INFO - *******测试案例名称： TestCase004_新建快照-Des为空 执行完毕********
2021-12-08 13:50:18,281 - root - INFO - ****************创建数据盘快照接口结束****************
2021-12-08 13:50:18,282 - root - INFO - ********************************************************************************
2021-12-08 13:50:18,284 - root - INFO - ********************************************************************************
2021-12-08 13:50:18,285 - root - INFO - ****************创建数据盘快照接口开始****************
2021-12-08 13:50:18,285 - root - INFO - *******测试案例名称： TestCase005_新建快照-name>32 执行开始********
2021-12-08 13:50:18,286 - root - INFO - *******测试数据： {'name': 'YYDSnapNameOver32CharsYYDSnapNameOver32CharsYYDSnapNameOver32Chars', 'description': '新建快照-name>32', 'volume': 'deb69c4a-c212-4d3d-9aeb-806f9941e1b3'}
2021-12-08 13:50:18,324 - root - INFO - *******返回数据： {'code': 1001, 'message': {'name': ['请确保这个字段不能超过 32 个字符。']}, 'data': None}
2021-12-08 13:50:18,324 - root - INFO - *******测试案例名称： TestCase005_新建快照-name>32 执行完毕********
2021-12-08 13:50:18,324 - root - INFO - ****************创建数据盘快照接口结束****************
2021-12-08 13:50:18,325 - root - INFO - ********************************************************************************
2021-12-08 13:50:18,328 - root - INFO - ********************************************************************************
2021-12-08 13:50:18,328 - root - INFO - ****************创建数据盘快照接口开始****************
2021-12-08 13:50:18,329 - root - INFO - *******测试案例名称： TestCase006_新建快照-name为特殊字符 执行开始********
2021-12-08 13:50:18,329 - root - INFO - *******测试数据： {'name': 'SpeCharforSnap……&*&s', 'description': '新建快照-name为特殊字符', 'volume': 'deb69c4a-c212-4d3d-9aeb-806f9941e1b3'}
2021-12-08 13:50:18,355 - root - INFO - *******返回数据： {'code': 214020, 'message': '快照名称只能输入数字、字母、-、_, 只允许以英文开头', 'data': None, 'level': 3}
2021-12-08 13:50:18,355 - root - INFO - *******测试案例名称： TestCase006_新建快照-name为特殊字符 执行完毕********
2021-12-08 13:50:18,355 - root - INFO - ****************创建数据盘快照接口结束****************
2021-12-08 13:50:18,356 - root - INFO - ********************************************************************************
2021-12-08 13:50:18,359 - root - INFO - ********************************************************************************
2021-12-08 13:50:18,359 - root - INFO - ****************创建数据盘快照接口开始****************
2021-12-08 13:50:18,360 - root - INFO - *******测试案例名称： TestCase007_新建快照-name为中文 执行开始********
2021-12-08 13:50:18,360 - root - INFO - *******测试数据： {'name': 'SpeCharforSnap……&*&s', 'description': '新建快照-name为中文', 'volume': 'deb69c4a-c212-4d3d-9aeb-806f9941e1b3'}
2021-12-08 13:50:18,385 - root - INFO - *******返回数据： {'code': 214020, 'message': '快照名称只能输入数字、字母、-、_, 只允许以英文开头', 'data': None, 'level': 3}
2021-12-08 13:50:18,386 - root - INFO - *******测试案例名称： TestCase007_新建快照-name为中文 执行完毕********
2021-12-08 13:50:18,386 - root - INFO - ****************创建数据盘快照接口结束****************
2021-12-08 13:50:18,387 - root - INFO - ********************************************************************************
2021-12-08 13:50:18,390 - root - INFO - ********************************************************************************
2021-12-08 13:50:18,390 - root - INFO - ****************创建数据盘快照接口开始****************
2021-12-08 13:50:18,391 - root - INFO - *******测试案例名称： TestCase008_新建快照-name以数字开头 执行开始********
2021-12-08 13:50:18,391 - root - INFO - *******测试数据： {'name': '1234567890a', 'description': '新建快照-name以数字开头', 'volume': 'deb69c4a-c212-4d3d-9aeb-806f9941e1b3'}
2021-12-08 13:50:18,414 - root - INFO - *******返回数据： {'code': 214020, 'message': '快照名称只能输入数字、字母、-、_, 只允许以英文开头', 'data': None, 'level': 3}
2021-12-08 13:50:18,415 - root - INFO - *******测试案例名称： TestCase008_新建快照-name以数字开头 执行完毕********
2021-12-08 13:50:18,415 - root - INFO - ****************创建数据盘快照接口结束****************
2021-12-08 13:50:18,416 - root - INFO - ********************************************************************************
2021-12-08 13:50:18,419 - root - INFO - ********************************************************************************
2021-12-08 13:50:18,419 - root - INFO - ****************创建数据盘快照接口开始****************
2021-12-08 13:50:18,420 - root - INFO - *******测试案例名称： TestCase009_新建快照-name以下划线_开头 执行开始********
2021-12-08 13:50:18,420 - root - INFO - *******测试数据： {'name': '_1234567890a', 'description': '新建快照-name以下划线_开头', 'volume': 'deb69c4a-c212-4d3d-9aeb-806f9941e1b3'}
2021-12-08 13:50:18,445 - root - INFO - *******返回数据： {'code': 214020, 'message': '快照名称只能输入数字、字母、-、_, 只允许以英文开头', 'data': None, 'level': 3}
2021-12-08 13:50:18,445 - root - INFO - *******测试案例名称： TestCase009_新建快照-name以下划线_开头 执行完毕********
2021-12-08 13:50:18,445 - root - INFO - ****************创建数据盘快照接口结束****************
2021-12-08 13:50:18,446 - root - INFO - ********************************************************************************
2021-12-08 13:50:18,448 - root - INFO - ********************************************************************************
2021-12-08 13:50:18,449 - root - INFO - ****************创建数据盘快照接口开始****************
2021-12-08 13:50:18,449 - root - INFO - *******测试案例名称： TestCase010_新建快照-name以短横线-开头 执行开始********
2021-12-08 13:50:18,450 - root - INFO - *******测试数据： {'name': '-1234567890a', 'description': '新建快照-name以短横线-开头', 'volume': 'deb69c4a-c212-4d3d-9aeb-806f9941e1b3'}
2021-12-08 13:50:18,476 - root - INFO - *******返回数据： {'code': 214020, 'message': '快照名称只能输入数字、字母、-、_, 只允许以英文开头', 'data': None, 'level': 3}
2021-12-08 13:50:18,477 - root - INFO - *******测试案例名称： TestCase010_新建快照-name以短横线-开头 执行完毕********
2021-12-08 13:50:18,477 - root - INFO - ****************创建数据盘快照接口结束****************
2021-12-08 13:50:18,478 - root - INFO - ********************************************************************************
2021-12-08 13:50:18,480 - root - INFO - ********************************************************************************
2021-12-08 13:50:18,481 - root - INFO - ****************创建数据盘快照接口开始****************
2021-12-08 13:50:18,481 - root - INFO - *******测试案例名称： TestCase011_新建快照-Des>100 执行开始********
2021-12-08 13:50:18,482 - root - INFO - *******测试数据： {'name': 'snapDesOver100', 'description': 'DesOver100CharDesOver100CharDesOver100CharDesOver100CharDesOver100CharDesOver100CharDesOver100CharDesOver100CharDesOver100Char', 'volume': ''}
2021-12-08 13:50:18,518 - root - INFO - *******返回数据： {'code': 1001, 'message': {'description': ['请确保这个字段不能超过 100 个字符。']}, 'data': None}
2021-12-08 13:50:18,519 - root - INFO - *******测试案例名称： TestCase011_新建快照-Des>100 执行完毕********
2021-12-08 13:50:18,519 - root - INFO - ****************创建数据盘快照接口结束****************
2021-12-08 13:50:18,520 - root - INFO - ********************************************************************************
2021-12-08 13:50:18,522 - root - INFO - ********************************************************************************
2021-12-08 13:50:18,523 - root - INFO - ****************创建数据盘快照接口开始****************
2021-12-08 13:50:18,523 - root - INFO - *******测试案例名称： TestCase012_新建快照-name=32_Des=100 执行开始********
2021-12-08 13:50:18,524 - root - INFO - *******测试数据： {'name': 'aaaaabbbbbcccccdddddeeeeefffff23', 'description': 'DesIs100CharsDesIs100CharsDesIs100CharsDesIs100CharsDesIs100CharsDesIs100CharsDesIs100Chars100Des100', 'volume': ''}
2021-12-08 13:50:18,735 - root - INFO - *******返回数据： {'code': 0, 'message': 'success', 'data': None}
2021-12-08 13:50:18,735 - root - INFO - *******测试案例名称： TestCase012_新建快照-name=32_Des=100 执行完毕********
2021-12-08 13:50:18,735 - root - INFO - ****************创建数据盘快照接口结束****************
2021-12-08 13:50:18,736 - root - INFO - ********************************************************************************
2021-12-08 13:50:18,738 - root - INFO - ********************************************************************************
2021-12-08 13:50:18,739 - root - INFO - ****************创建数据盘快照接口开始****************
2021-12-08 13:50:18,739 - root - INFO - *******测试案例名称： TestCase013_新建快照-重名快照_name=32_Des=100 执行开始********
2021-12-08 13:50:18,740 - root - INFO - *******测试数据： {'name': 'aaaaabbbbbcccccdddddeeeeefffff23', 'description': 'DesIs100CharsDesIs100CharsDesIs100CharsDesIs100CharsDesIs100CharsDesIs100CharsDesIs100Chars100Des100', 'volume': ''}
2021-12-08 13:50:18,772 - root - INFO - *******返回数据： {'code': 214005, 'message': '快照名称已经存在', 'data': None, 'level': 3}
2021-12-08 13:50:18,773 - root - INFO - *******测试案例名称： TestCase013_新建快照-重名快照_name=32_Des=100 执行完毕********
2021-12-08 13:50:18,773 - root - INFO - ****************创建数据盘快照接口结束****************
2021-12-08 13:50:18,774 - root - INFO - ********************************************************************************
2021-12-08 13:50:19,719 - root - INFO - **********************************************完成teardown class，退出登录**********************************************
