2021-12-09 17:11:31,177 - root - INFO - **********************************************开始setupClass，进行登录**********************************************
2021-12-09 17:11:37,715 - root - INFO - the sql is : select d.id as diskId, d.name as diskName, d.size as diskSize, d.status as diskStatus,             i.id as vmId, i.name as vmName, i.status as vmStatus, p.id as projectId, p.name as projectName              from  disk d LEFT JOIN cloud_instance i on i.project_id=d.pool_id INNER JOIN cloud_pool p on p.id=d.pool_id           where i.status in (1,3) and d.store_type=0 and d.status=1 ORDER BY d.create_time desc limit 1;
2021-12-09 17:11:37,717 - root - INFO - the params is : ()
2021-12-09 17:11:37,719 - root - INFO - the result data is :{'diskId': '417269eb-da86-4784-ae27-b8cae843e485', 'diskName': 'CloudDisk4Detach', 'diskSize': 1024, 'diskStatus': 1, 'vmId': 'ins-4b28fa544833425ebcff74ad3c1fb618', 'vmName': 'LC1', 'vmStatus': 1, 'projectId': 'ddac080c671b473e885714538fd1ed6e', 'projectName': 'LeonaTestPool1125'}
2021-12-09 17:11:38,309 - root - INFO - ********************************************************************************
2021-12-09 17:11:38,310 - root - INFO - ****************卸载数据盘列表接口开始****************
2021-12-09 17:11:38,311 - root - INFO - *******测试案例名称： TestCase001_卸载数据盘-缺少token 执行开始********
2021-12-09 17:11:38,312 - root - INFO - *******测试数据： {'project_id': 'ddac080c671b473e885714538fd1ed6e', 'project_name': 'LeonaTestPool1125'}
2021-12-09 17:11:38,322 - root - INFO - *******返回数据： {'code': 1005, 'message': '缺少认证信息', 'data': None, 'level': 3}
2021-12-09 17:11:41,330 - root - INFO - *******测试案例名称： TestCase001_卸载数据盘-缺少token 执行完毕********
2021-12-09 17:11:41,331 - root - INFO - ****************卸载数据盘列表接口结束****************
2021-12-09 17:11:41,331 - root - INFO - ********************************************************************************
2021-12-09 17:11:41,334 - root - INFO - ********************************************************************************
2021-12-09 17:11:41,335 - root - INFO - ****************卸载数据盘列表接口开始****************
2021-12-09 17:11:41,335 - root - INFO - *******测试案例名称： TestCase002_卸载数据盘-instance为空 执行开始********
2021-12-09 17:11:41,336 - root - INFO - *******测试数据： {'instance': [''], 'action': 'detach', 'volume': 'bde97a16-23f7-467d-b4ef-e1465389bde5', 'project_id': 'ddac080c671b473e885714538fd1ed6e', 'project_name': 'LeonaTestPool1125'}
2021-12-09 17:11:41,359 - root - INFO - *******返回数据： {'code': 1001, 'message': '请求参数错误', 'data': None, 'level': 2}
2021-12-09 17:11:44,366 - root - INFO - *******测试案例名称： TestCase002_卸载数据盘-instance为空 执行完毕********
2021-12-09 17:11:44,367 - root - INFO - ****************卸载数据盘列表接口结束****************
2021-12-09 17:11:44,367 - root - INFO - ********************************************************************************
2021-12-09 17:11:44,370 - root - INFO - ********************************************************************************
2021-12-09 17:11:44,370 - root - INFO - ****************卸载数据盘列表接口开始****************
2021-12-09 17:11:44,371 - root - INFO - *******测试案例名称： TestCase003_卸载数据盘-volume为空 执行开始********
2021-12-09 17:11:44,371 - root - INFO - *******测试数据： {'instance': ['ins-4b28fa544833425ebcff74ad3c1fb618'], 'action': 'detach', 'volume': '', 'project_id': 'ddac080c671b473e885714538fd1ed6e', 'project_name': 'LeonaTestPool1125'}
2021-12-09 17:11:44,398 - root - INFO - *******返回数据： {'code': 1001, 'message': '请求参数错误', 'data': None, 'level': 2}
2021-12-09 17:11:47,404 - root - INFO - *******测试案例名称： TestCase003_卸载数据盘-volume为空 执行完毕********
2021-12-09 17:11:47,405 - root - INFO - ****************卸载数据盘列表接口结束****************
2021-12-09 17:11:47,405 - root - INFO - ********************************************************************************
2021-12-09 17:11:47,408 - root - INFO - ********************************************************************************
2021-12-09 17:11:47,409 - root - INFO - ****************卸载数据盘列表接口开始****************
2021-12-09 17:11:47,409 - root - INFO - *******测试案例名称： TestCase003_卸载数据盘-成功 执行开始********
2021-12-09 17:11:47,409 - root - INFO - *******测试数据： {'instance': ['ins-4b28fa544833425ebcff74ad3c1fb618'], 'action': 'detach', 'volume': '417269eb-da86-4784-ae27-b8cae843e485', 'project_id': 'ddac080c671b473e885714538fd1ed6e', 'project_name': 'LeonaTestPool1125'}
2021-12-09 17:11:47,876 - root - INFO - *******返回数据： {'code': 0, 'message': 'success', 'data': None}
2021-12-09 17:11:50,883 - root - INFO - *******测试案例名称： TestCase003_卸载数据盘-成功 执行完毕********
2021-12-09 17:11:50,884 - root - INFO - ****************卸载数据盘列表接口结束****************
2021-12-09 17:11:50,884 - root - INFO - ********************************************************************************
2021-12-09 17:11:50,887 - root - INFO - ********************************************************************************
2021-12-09 17:11:50,888 - root - INFO - ****************卸载数据盘列表接口开始****************
2021-12-09 17:11:50,888 - root - INFO - *******测试案例名称： TestCase004_卸载数据盘-重复卸载-失败 执行开始********
2021-12-09 17:11:50,888 - root - INFO - *******测试数据： {'instance': ['ins-4b28fa544833425ebcff74ad3c1fb618'], 'action': 'detach', 'volume': '417269eb-da86-4784-ae27-b8cae843e485', 'project_id': 'ddac080c671b473e885714538fd1ed6e', 'project_name': 'LeonaTestPool1125'}
2021-12-09 17:11:51,048 - root - INFO - *******返回数据： {'code': 214028, 'message': '非已加载状态下云硬盘不可卸载', 'data': None, 'level': 3}
2021-12-09 17:11:54,062 - root - INFO - *******测试案例名称： TestCase004_卸载数据盘-重复卸载-失败 执行完毕********
2021-12-09 17:11:54,063 - root - INFO - ****************卸载数据盘列表接口结束****************
2021-12-09 17:11:54,064 - root - INFO - ********************************************************************************
2021-12-09 17:11:54,278 - root - INFO - **********************************************完成teardown class，退出登录**********************************************
