2021-12-10 16:37:54,553 - root - INFO - the sql is : SELECT server_id, snapshot_name from `snapshot` WHERE project_id=%s order by create_time DESC limit 1 
2021-12-10 16:37:54,553 - root - INFO - the params is : ddac080c671b473e885714538fd1ed6e
2021-12-10 16:37:54,555 - root - INFO - the result data is :{'server_id': 'ins-b6f3b9cc9f74446089d1cbe2e2065fc3', 'snapshot_name': 'LC3-sys3'}
2021-12-10 16:37:54,568 - root - INFO - the sql is : SELECT server_id, snapshot_name from `snapshot` WHERE project_id=%s order by create_time DESC limit 1 
2021-12-10 16:37:54,569 - root - INFO - the params is : ddac080c671b473e885714538fd1ed6e
2021-12-10 16:37:54,570 - root - INFO - the result data is :{'server_id': 'ins-b6f3b9cc9f74446089d1cbe2e2065fc3', 'snapshot_name': 'LC3-sys3'}
2021-12-10 16:37:54,704 - root - INFO - **********************************************开始setupClass，进行登录**********************************************
2021-12-10 16:38:05,423 - root - INFO - the sql is : SELECT snapshot_id, name from `storage_snapshot` WHERE snapshot_type="pool" and pool_id=%s order by create_time DESC limit 1
2021-12-10 16:38:05,423 - root - INFO - the params is : ddac080c671b473e885714538fd1ed6e
2021-12-10 16:38:05,425 - root - INFO - the result data is :{'snapshot_id': 'ae50ef28-9f14-47ce-ba61-01beba2df7dc', 'name': 'poolSnap4LeonaTestPool1125_123'}
2021-12-10 16:38:05,426 - root - INFO - ********************************************************************************
2021-12-10 16:38:05,427 - root - INFO - ****************回滚业务池快照接口开始****************
2021-12-10 16:38:05,427 - root - INFO - *******测试案例名称： TestCase001_回滚业务池快照-缺少token 执行开始********
2021-12-10 16:38:05,428 - root - INFO - *******测试数据： {}
2021-12-10 16:38:05,436 - root - INFO - *******返回数据： {'code': 1005, 'message': '缺少认证信息', 'data': None, 'level': 3}
2021-12-10 16:38:05,437 - root - INFO - *******测试案例名称： TestCase001_回滚业务池快照-缺少token 执行完毕********
2021-12-10 16:38:05,437 - root - INFO - ****************回滚业务池快照接口结束****************
2021-12-10 16:38:05,438 - root - INFO - ********************************************************************************
2021-12-10 16:38:05,440 - root - INFO - ********************************************************************************
2021-12-10 16:38:05,441 - root - INFO - ****************回滚业务池快照接口开始****************
2021-12-10 16:38:05,441 - root - INFO - *******测试案例名称： TestCase002_回滚业务池快照-name为空 执行开始********
2021-12-10 16:38:05,442 - root - INFO - *******测试数据： {'name': '', 'is_start': 'true'}
2021-12-10 16:38:05,474 - root - INFO - *******返回数据： {'code': 1001, 'message': '参数错误', 'data': {'name': ['该字段不能为空。']}}
2021-12-10 16:38:05,475 - root - INFO - *******测试案例名称： TestCase002_回滚业务池快照-name为空 执行完毕********
2021-12-10 16:38:05,475 - root - INFO - ****************回滚业务池快照接口结束****************
2021-12-10 16:38:05,476 - root - INFO - ********************************************************************************
2021-12-10 16:38:05,478 - root - INFO - ********************************************************************************
2021-12-10 16:38:05,479 - root - INFO - ****************回滚业务池快照接口开始****************
2021-12-10 16:38:05,479 - root - INFO - *******测试案例名称： TestCase002_回滚业务池快照-成功 执行开始********
2021-12-10 16:38:05,480 - root - INFO - *******测试数据： {'name': 'poolSnap4LeonaTestPool1125_123', 'is_start': 'true'}
2021-12-10 16:38:08,752 - root - INFO - *******返回数据： {'code': 0, 'message': 'success', 'data': None}
2021-12-10 16:38:08,752 - root - INFO - *******测试案例名称： TestCase002_回滚业务池快照-成功 执行完毕********
2021-12-10 16:38:08,753 - root - INFO - ****************回滚业务池快照接口结束****************
2021-12-10 16:38:08,753 - root - INFO - ********************************************************************************
2021-12-10 16:38:08,772 - root - INFO - **********************************************完成teardown class，退出登录**********************************************
