2021-12-07 11:28:07,476 - root - INFO - **********************************************开始setupClass，进行登录**********************************************
2021-12-07 11:28:07,787 - root - INFO - ********************************************************************************
2021-12-07 11:28:07,788 - root - INFO - ****************编辑系统盘列表接口开始****************
2021-12-07 11:28:07,909 - root - INFO - *******测试案例名称： TestCase001_编辑系统盘-name为空 执行开始********
2021-12-07 11:28:07,910 - root - INFO - *******测试数据： {'name': '', 'description': '编辑系统盘-name为空', 'id': 'ins-b3c6c8f21e744d5ea05de73dfbc6b2a3', 'size': 1024, 'disk_type': 0, 'disk_status': 0, 'created_time': '2021-12-02 17:51:06', 'is_snapshoted': 0, 'project_name': 'test_wang', 'project_id': 'e6451dede2ed41c08b5049b40d5b1daf', 'pool_name': 'test_wang'}
2021-12-07 11:28:07,936 - root - INFO - *******返回数据： {'code': 1001, 'message': '请求参数错误', 'data': None, 'level': 2}
2021-12-07 11:28:07,936 - root - INFO - *******测试案例名称： TestCase001_编辑系统盘-name为空 执行完毕********
2021-12-07 11:28:07,937 - root - INFO - ****************编辑系统盘列表接口结束****************
2021-12-07 11:28:07,937 - root - INFO - ********************************************************************************
2021-12-07 11:28:07,941 - root - INFO - ********************************************************************************
2021-12-07 11:28:07,941 - root - INFO - ****************编辑系统盘列表接口开始****************
2021-12-07 11:28:08,061 - root - INFO - *******测试案例名称： TestCase002_编辑系统盘-name为特殊字符 执行开始********
2021-12-07 11:28:08,061 - root - INFO - *******测试数据： {'name': '@￥@#%￥#%￥', 'description': '编辑系统盘-name为特殊字符', 'id': 'ins-b3c6c8f21e744d5ea05de73dfbc6b2a3', 'size': 1024, 'disk_type': 0, 'disk_status': 0, 'created_time': '2021-12-02 17:51:06', 'is_snapshoted': 0, 'project_name': 'test_wang', 'project_id': 'e6451dede2ed41c08b5049b40d5b1daf', 'pool_name': 'test_wang'}
2021-12-07 11:28:08,084 - root - INFO - *******返回数据： {'code': 214024, 'message': '云硬盘名称只能输入字母、数字、汉字、横线以及下划线', 'data': None, 'level': 3}
2021-12-07 11:28:08,084 - root - INFO - *******测试案例名称： TestCase002_编辑系统盘-name为特殊字符 执行完毕********
2021-12-07 11:28:08,084 - root - INFO - ****************编辑系统盘列表接口结束****************
2021-12-07 11:28:08,085 - root - INFO - ********************************************************************************
2021-12-07 11:28:08,088 - root - INFO - ********************************************************************************
2021-12-07 11:28:08,089 - root - INFO - ****************编辑系统盘列表接口开始****************
2021-12-07 11:28:08,188 - root - INFO - *******测试案例名称： TestCase003_编辑系统盘-name为中文名称 执行开始********
2021-12-07 11:28:08,189 - root - INFO - *******测试数据： {'name': '中文名称系统盘', 'description': '编辑系统盘-name为中文名称', 'id': 'ins-b3c6c8f21e744d5ea05de73dfbc6b2a3', 'size': 1024, 'disk_type': 0, 'disk_status': 0, 'created_time': '2021-12-02 17:51:06', 'is_snapshoted': 0, 'project_name': 'test_wang', 'project_id': 'e6451dede2ed41c08b5049b40d5b1daf', 'pool_name': 'test_wang'}
2021-12-07 11:28:08,223 - root - INFO - *******返回数据： {'code': 0, 'message': 'success', 'data': {'name': '中文名称系统盘', 'description': '编辑系统盘-name为中文名称'}}
2021-12-07 11:28:08,223 - root - INFO - *******测试案例名称： TestCase003_编辑系统盘-name为中文名称 执行完毕********
2021-12-07 11:28:08,224 - root - INFO - ****************编辑系统盘列表接口结束****************
2021-12-07 11:28:08,224 - root - INFO - ********************************************************************************
2021-12-07 11:28:08,227 - root - INFO - ********************************************************************************
2021-12-07 11:28:08,228 - root - INFO - ****************编辑系统盘列表接口开始****************
2021-12-07 11:28:08,337 - root - INFO - *******测试案例名称： TestCase004_编辑系统盘-name为数字 执行开始********
2021-12-07 11:28:08,338 - root - INFO - *******测试数据： {'name': '123456', 'description': '编辑系统盘-name为数字', 'id': 'ins-b3c6c8f21e744d5ea05de73dfbc6b2a3', 'size': 1024, 'disk_type': 0, 'disk_status': 0, 'created_time': '2021-12-02 17:51:06', 'is_snapshoted': 0, 'project_name': 'test_wang', 'project_id': 'e6451dede2ed41c08b5049b40d5b1daf', 'pool_name': 'test_wang'}
2021-12-07 11:28:08,376 - root - INFO - *******返回数据： {'code': 0, 'message': 'success', 'data': {'name': '123456', 'description': '编辑系统盘-name为数字'}}
2021-12-07 11:28:08,376 - root - INFO - *******测试案例名称： TestCase004_编辑系统盘-name为数字 执行完毕********
2021-12-07 11:28:08,377 - root - INFO - ****************编辑系统盘列表接口结束****************
2021-12-07 11:28:08,377 - root - INFO - ********************************************************************************
2021-12-07 11:28:08,381 - root - INFO - ********************************************************************************
2021-12-07 11:28:08,381 - root - INFO - ****************编辑系统盘列表接口开始****************
2021-12-07 11:28:08,501 - root - INFO - *******测试案例名称： TestCase005_编辑系统盘-name为下划线 执行开始********
2021-12-07 11:28:08,501 - root - INFO - *******测试数据： {'name': '______', 'description': '编辑系统盘-name为下划线', 'id': 'ins-b3c6c8f21e744d5ea05de73dfbc6b2a3', 'size': 1024, 'disk_type': 0, 'disk_status': 0, 'created_time': '2021-12-02 17:51:06', 'is_snapshoted': 0, 'project_name': 'test_wang', 'project_id': 'e6451dede2ed41c08b5049b40d5b1daf', 'pool_name': 'test_wang'}
2021-12-07 11:28:08,539 - root - INFO - *******返回数据： {'code': 0, 'message': 'success', 'data': {'name': '______', 'description': '编辑系统盘-name为下划线'}}
2021-12-07 11:28:08,540 - root - INFO - *******测试案例名称： TestCase005_编辑系统盘-name为下划线 执行完毕********
2021-12-07 11:28:08,540 - root - INFO - ****************编辑系统盘列表接口结束****************
2021-12-07 11:28:08,541 - root - INFO - ********************************************************************************
2021-12-07 11:28:08,544 - root - INFO - ********************************************************************************
2021-12-07 11:28:08,545 - root - INFO - ****************编辑系统盘列表接口开始****************
2021-12-07 11:28:08,654 - root - INFO - *******测试案例名称： TestCase006_编辑系统盘-name为短横线 执行开始********
2021-12-07 11:28:08,655 - root - INFO - *******测试数据： {'name': '-----', 'description': '编辑系统盘-name为下划线', 'id': 'ins-b3c6c8f21e744d5ea05de73dfbc6b2a3', 'size': 1024, 'disk_type': 0, 'disk_status': 0, 'created_time': '2021-12-02 17:51:06', 'is_snapshoted': 0, 'project_name': 'test_wang', 'project_id': 'e6451dede2ed41c08b5049b40d5b1daf', 'pool_name': 'test_wang'}
2021-12-07 11:28:08,698 - root - INFO - *******返回数据： {'code': 0, 'message': 'success', 'data': {'name': '-----', 'description': '编辑系统盘-name为下划线'}}
2021-12-07 11:28:08,698 - root - INFO - *******测试案例名称： TestCase006_编辑系统盘-name为短横线 执行完毕********
2021-12-07 11:28:08,699 - root - INFO - ****************编辑系统盘列表接口结束****************
2021-12-07 11:28:08,700 - root - INFO - ********************************************************************************
2021-12-07 11:28:08,703 - root - INFO - ********************************************************************************
2021-12-07 11:28:08,704 - root - INFO - ****************编辑系统盘列表接口开始****************
2021-12-07 11:28:08,822 - root - INFO - *******测试案例名称： TestCase007_编辑系统盘-name超过32个字符 执行开始********
2021-12-07 11:28:08,822 - root - INFO - *******测试数据： {'name': 'SysnameIsOver32SysnameIsOve32SysnameOver32', 'description': '编辑系统盘-name超过32个字符', 'id': 'ins-b3c6c8f21e744d5ea05de73dfbc6b2a3', 'size': 1024, 'disk_type': 0, 'disk_status': 0, 'created_time': '2021-12-02 17:51:06', 'is_snapshoted': 0, 'project_name': 'test_wang', 'project_id': 'e6451dede2ed41c08b5049b40d5b1daf', 'pool_name': 'test_wang'}
2021-12-07 11:28:08,858 - root - INFO - *******返回数据： {'code': 1001, 'message': '请求参数错误', 'data': None, 'level': 2}
2021-12-07 11:28:08,858 - root - INFO - *******测试案例名称： TestCase007_编辑系统盘-name超过32个字符 执行完毕********
2021-12-07 11:28:08,859 - root - INFO - ****************编辑系统盘列表接口结束****************
2021-12-07 11:28:08,859 - root - INFO - ********************************************************************************
2021-12-07 11:28:08,862 - root - INFO - ********************************************************************************
2021-12-07 11:28:08,862 - root - INFO - ****************编辑系统盘列表接口开始****************
2021-12-07 11:28:08,981 - root - INFO - *******测试案例名称： TestCase008_编辑系统盘-name等于32个字符 执行开始********
2021-12-07 11:28:08,982 - root - INFO - *******测试数据： {'name': 'SysnameIs32SysnameIs32SysnameH32', 'description': '编辑系统盘-name等于32个字符', 'id': 'ins-b3c6c8f21e744d5ea05de73dfbc6b2a3', 'size': 1024, 'disk_type': 0, 'disk_status': 0, 'created_time': '2021-12-02 17:51:06', 'is_snapshoted': 0, 'project_name': 'test_wang', 'project_id': 'e6451dede2ed41c08b5049b40d5b1daf', 'pool_name': 'test_wang'}
2021-12-07 11:28:09,015 - root - INFO - *******返回数据： {'code': 0, 'message': 'success', 'data': {'name': 'SysnameIs32SysnameIs32SysnameH32', 'description': '编辑系统盘-name等于32个字符'}}
2021-12-07 11:28:09,015 - root - INFO - *******测试案例名称： TestCase008_编辑系统盘-name等于32个字符 执行完毕********
2021-12-07 11:28:09,015 - root - INFO - ****************编辑系统盘列表接口结束****************
2021-12-07 11:28:09,016 - root - INFO - ********************************************************************************
2021-12-07 11:28:09,019 - root - INFO - ********************************************************************************
2021-12-07 11:28:09,019 - root - INFO - ****************编辑系统盘列表接口开始****************
2021-12-07 11:28:09,139 - root - INFO - *******测试案例名称： TestCase009_查看云硬盘列表-缺少token 执行开始********
2021-12-07 11:28:09,139 - root - INFO - *******测试数据： {'storage_limit': 10, 'add_size': 0, 'project_id': 'e6451dede2ed41c08b5049b40d5b1daf', 'id': 'ins-b3c6c8f21e744d5ea05de73dfbc6b2a3', 'size': 1024, 'disk_type': 0, 'disk_status': 0, 'created_time': '2021-12-02 17:51:06', 'is_snapshoted': 0, 'project_name': 'test_wang', 'pool_name': 'test_wang'}
2021-12-07 11:28:09,147 - root - INFO - *******返回数据： {'code': 1005, 'message': '缺少认证信息', 'data': None, 'level': 3}
2021-12-07 11:28:09,148 - root - INFO - *******测试案例名称： TestCase009_查看云硬盘列表-缺少token 执行完毕********
2021-12-07 11:28:09,148 - root - INFO - ****************编辑系统盘列表接口结束****************
2021-12-07 11:28:09,149 - root - INFO - ********************************************************************************
2021-12-07 11:28:09,151 - root - INFO - ********************************************************************************
2021-12-07 11:28:09,152 - root - INFO - ****************编辑系统盘列表接口开始****************
2021-12-07 11:28:09,271 - root - INFO - *******测试案例名称： TestCase010_编辑系统盘-Des大于100个字符 执行开始********
2021-12-07 11:28:09,271 - root - INFO - *******测试数据： {'name': 'SysDesIsOver100Chars', 'description': 'DesIsOver100Chars！#@@%#%DesIsOver100Chars！#@@%#%DesIsOver100Chars！#@@%#%DesIsOver100Chars！#@@%#%DesIsOver100Chars！#@@%#%', 'id': 'ins-b3c6c8f21e744d5ea05de73dfbc6b2a3', 'size': 1024, 'disk_type': 0, 'disk_status': 0, 'created_time': '2021-12-02 17:51:06', 'is_snapshoted': 0, 'project_name': 'test_wang', 'project_id': 'e6451dede2ed41c08b5049b40d5b1daf', 'pool_name': 'test_wang'}
2021-12-07 11:28:09,293 - root - INFO - *******返回数据： {'code': 1001, 'message': '请求参数错误', 'data': None, 'level': 2}
2021-12-07 11:28:09,294 - root - INFO - *******测试案例名称： TestCase010_编辑系统盘-Des大于100个字符 执行完毕********
2021-12-07 11:28:09,294 - root - INFO - ****************编辑系统盘列表接口结束****************
2021-12-07 11:28:09,295 - root - INFO - ********************************************************************************
2021-12-07 11:28:09,298 - root - INFO - ********************************************************************************
2021-12-07 11:28:09,298 - root - INFO - ****************编辑系统盘列表接口开始****************
2021-12-07 11:28:09,416 - root - INFO - *******测试案例名称： TestCase011_编辑系统盘-Des等于100个字符 执行开始********
2021-12-07 11:28:09,416 - root - INFO - *******测试数据： {'name': 'SysDesIs100Chars', 'description': 'DesIs100Chars！#@@%#%DesIs100Chars！#@@%#%DesIs100Chars！#@@%#%DesIs100Chars！#@@%#%DesIs100Chars！#@@%#%', 'id': 'ins-b3c6c8f21e744d5ea05de73dfbc6b2a3', 'size': 1024, 'disk_type': 0, 'disk_status': 0, 'created_time': '2021-12-02 17:51:06', 'is_snapshoted': 0, 'project_name': 'test_wang', 'project_id': 'e6451dede2ed41c08b5049b40d5b1daf', 'pool_name': 'test_wang'}
2021-12-07 11:28:09,452 - root - INFO - *******返回数据： {'code': 0, 'message': 'success', 'data': {'name': 'SysDesIs100Chars', 'description': 'DesIs100Chars！#@@%#%DesIs100Chars！#@@%#%DesIs100Chars！#@@%#%DesIs100Chars！#@@%#%DesIs100Chars！#@@%#%'}}
2021-12-07 11:28:09,452 - root - INFO - *******测试案例名称： TestCase011_编辑系统盘-Des等于100个字符 执行完毕********
2021-12-07 11:28:09,453 - root - INFO - ****************编辑系统盘列表接口结束****************
2021-12-07 11:28:09,453 - root - INFO - ********************************************************************************
2021-12-07 11:28:09,456 - root - INFO - ********************************************************************************
2021-12-07 11:28:09,456 - root - INFO - ****************编辑系统盘列表接口开始****************
2021-12-07 11:28:09,585 - root - INFO - *******测试案例名称： TestCase012_编辑系统盘-Des为空 执行开始********
2021-12-07 11:28:09,586 - root - INFO - *******测试数据： {'name': 'SysDesIsNull', 'description': '', 'id': 'ins-b3c6c8f21e744d5ea05de73dfbc6b2a3', 'size': 1024, 'disk_type': 0, 'disk_status': 0, 'created_time': '2021-12-02 17:51:06', 'is_snapshoted': 0, 'project_name': 'test_wang', 'project_id': 'e6451dede2ed41c08b5049b40d5b1daf', 'pool_name': 'test_wang'}
2021-12-07 11:28:09,625 - root - INFO - *******返回数据： {'code': 0, 'message': 'success', 'data': {'name': 'SysDesIsNull', 'description': ''}}
2021-12-07 11:28:09,626 - root - INFO - *******测试案例名称： TestCase012_编辑系统盘-Des为空 执行完毕********
2021-12-07 11:28:09,627 - root - INFO - ****************编辑系统盘列表接口结束****************
2021-12-07 11:28:09,627 - root - INFO - ********************************************************************************
2021-12-07 11:28:09,631 - root - INFO - ********************************************************************************
2021-12-07 11:28:09,632 - root - INFO - ****************编辑系统盘列表接口开始****************
2021-12-07 11:28:09,763 - root - INFO - *******测试案例名称： TestCase013_编辑系统盘-Des为单个字符 执行开始********
2021-12-07 11:28:09,764 - root - INFO - *******测试数据： {'name': 'SysDesIs1Char', 'description': 'A', 'id': 'ins-b3c6c8f21e744d5ea05de73dfbc6b2a3', 'size': 1024, 'disk_type': 0, 'disk_status': 0, 'created_time': '2021-12-02 17:51:06', 'is_snapshoted': 0, 'project_name': 'test_wang', 'project_id': 'e6451dede2ed41c08b5049b40d5b1daf', 'pool_name': 'test_wang'}
2021-12-07 11:28:09,803 - root - INFO - *******返回数据： {'code': 0, 'message': 'success', 'data': {'name': 'SysDesIs1Char', 'description': 'A'}}
2021-12-07 11:28:09,803 - root - INFO - *******测试案例名称： TestCase013_编辑系统盘-Des为单个字符 执行完毕********
2021-12-07 11:28:09,803 - root - INFO - ****************编辑系统盘列表接口结束****************
2021-12-07 11:28:09,804 - root - INFO - ********************************************************************************
2021-12-07 11:28:09,806 - root - INFO - ********************************************************************************
2021-12-07 11:28:09,807 - root - INFO - ****************编辑系统盘列表接口开始****************
2021-12-07 11:28:09,923 - root - INFO - *******测试案例名称： TestCase014_编辑系统盘-数据还原 执行开始********
2021-12-07 11:28:09,923 - root - INFO - *******测试数据： {'name': '', 'description': '', 'id': 'ins-b3c6c8f21e744d5ea05de73dfbc6b2a3', 'size': 1024, 'disk_type': 0, 'disk_status': 0, 'created_time': '2021-12-02 17:51:06', 'is_snapshoted': 0, 'project_name': 'test_wang', 'project_id': 'e6451dede2ed41c08b5049b40d5b1daf', 'pool_name': 'test_wang'}
2021-12-07 11:28:09,961 - root - INFO - *******返回数据： {'code': 0, 'message': 'success', 'data': {'name': 'SysDesIs1Char', 'description': 'A'}}
2021-12-07 11:28:09,961 - root - INFO - *******测试案例名称： TestCase014_编辑系统盘-数据还原 执行完毕********
2021-12-07 11:28:09,962 - root - INFO - ****************编辑系统盘列表接口结束****************
2021-12-07 11:28:09,962 - root - INFO - ********************************************************************************
2021-12-07 11:28:09,982 - root - INFO - **********************************************完成teardown class，退出登录**********************************************
