2021-12-22 17:32:57,375 - root - INFO - **********************************************开始setupClass，进行登录**********************************************
2021-12-22 17:33:04,156 - root - INFO - the sql is : select d.id as diskId, d.name as diskName, d.size as diskSize, d.status as diskStatus,             i.id as vmId, i.name as vmName, i.status as vmStatus, p.id as projectId, p.name as projectName              from  disk d LEFT JOIN cloud_instance i on i.project_id=d.pool_id INNER JOIN cloud_pool p on p.id=d.pool_id           where i.status in (1,3) and d.store_type=0 and d.status=1 and p.id=%s ORDER BY d.create_time desc limit 1;
2021-12-22 17:33:04,157 - root - INFO - the params is : 3adfec2c1f044e98a41e6c3649651dc8
2021-12-22 17:33:04,160 - root - INFO - the result data is :{'diskId': '5f59598b-50e2-42e9-833d-bfb3407e85aa', 'diskName': 'CloudDisk4CI', 'diskSize': 1024, 'diskStatus': 1, 'vmId': 'ins-fd16fc23a64b4ca99f67aefe2f6f0572', 'vmName': 'LC_499', 'vmStatus': 1, 'projectId': '3adfec2c1f044e98a41e6c3649651dc8', 'projectName': 'LeonaTestPool1220'}
2021-12-22 17:33:04,161 - root - INFO - ********************************************************************************
2021-12-22 17:33:04,162 - root - INFO - ****************加载数据盘列表接口开始****************
2021-12-22 17:33:04,162 - root - INFO - *******测试案例名称： TestCase001_加载数据盘-volume为空 执行开始********
2021-12-22 17:33:04,163 - root - INFO - *******测试数据： {'volume': '', 'action': 'attach', 'path': '', 'instance': ['ins-fd16fc23a64b4ca99f67aefe2f6f0572'], 'project_id': '3adfec2c1f044e98a41e6c3649651dc8', 'project_name': 'LeonaTestPool1220'}
2021-12-22 17:33:04,183 - root - INFO - *******返回数据： {'code': 1001, 'message': '请求参数错误', 'data': None, 'level': 2}
2021-12-22 17:33:04,183 - root - INFO - *******测试案例名称： TestCase001_加载数据盘-volume为空 执行完毕********
2021-12-22 17:33:04,183 - root - INFO - ****************加载数据盘列表接口结束****************
2021-12-22 17:33:09,187 - root - INFO - ********************************************************************************
2021-12-22 17:33:09,190 - root - INFO - ********************************************************************************
2021-12-22 17:33:09,190 - root - INFO - ****************加载数据盘列表接口开始****************
2021-12-22 17:33:09,191 - root - INFO - *******测试案例名称： TestCase002_加载数据盘-Path为空 执行开始********
2021-12-22 17:33:09,191 - root - INFO - *******测试数据： {'volume': 'c7735672-0232-42a2-9838-bb0e8cfe4a7b', 'action': 'attach', 'path': '', 'instance': ['ins-fd16fc23a64b4ca99f67aefe2f6f0572'], 'project_id': '3adfec2c1f044e98a41e6c3649651dc8', 'project_name': 'LeonaTestPool1220'}
2021-12-22 17:33:09,322 - root - INFO - *******返回数据： {'code': 1001, 'message': '请求参数错误', 'data': None, 'level': 2}
2021-12-22 17:33:09,323 - root - INFO - *******测试案例名称： TestCase002_加载数据盘-Path为空 执行完毕********
2021-12-22 17:33:09,323 - root - INFO - ****************加载数据盘列表接口结束****************
2021-12-22 17:33:14,324 - root - INFO - ********************************************************************************
2021-12-22 17:33:14,327 - root - INFO - ********************************************************************************
2021-12-22 17:33:14,327 - root - INFO - ****************加载数据盘列表接口开始****************
2021-12-22 17:33:14,327 - root - INFO - *******测试案例名称： TestCase003_加载数据盘-Path为特殊字符 执行开始********
2021-12-22 17:33:14,328 - root - INFO - *******测试数据： {'volume': 'c7735672-0232-42a2-9838-bb0e8cfe4a7b', 'action': 'attach', 'path': '/mnt/￥%……￥%……', 'instance': ['ins-fd16fc23a64b4ca99f67aefe2f6f0572'], 'project_id': '3adfec2c1f044e98a41e6c3649651dc8', 'project_name': 'LeonaTestPool1220'}
2021-12-22 17:33:14,465 - root - INFO - *******返回数据： {'code': 214017, 'message': '云硬盘挂载路径不合法', 'data': None, 'level': 3}
2021-12-22 17:33:14,466 - root - INFO - *******测试案例名称： TestCase003_加载数据盘-Path为特殊字符 执行完毕********
2021-12-22 17:33:14,466 - root - INFO - ****************加载数据盘列表接口结束****************
2021-12-22 17:33:19,471 - root - INFO - ********************************************************************************
2021-12-22 17:33:19,474 - root - INFO - ********************************************************************************
2021-12-22 17:33:19,474 - root - INFO - ****************加载数据盘列表接口开始****************
2021-12-22 17:33:19,474 - root - INFO - *******测试案例名称： TestCase003_加载数据盘-Volume不存在 执行开始********
2021-12-22 17:33:19,475 - root - INFO - *******测试数据： {'volume': 'c1111111-1111-1111-1111-111111111111', 'action': 'attach', 'path': '/mnt/￥%……￥%……', 'instance': ['ins-fd16fc23a64b4ca99f67aefe2f6f0572'], 'project_id': '3adfec2c1f044e98a41e6c3649651dc8', 'project_name': 'LeonaTestPool1220'}
2021-12-22 17:33:19,518 - root - INFO - *******返回数据： {'code': 1, 'message': '服务异常', 'data': None, 'level': 1}
2021-12-22 17:33:19,518 - root - INFO - ********************************************************************************
2021-12-22 17:33:19,601 - root - INFO - ********************************************************************************
2021-12-22 17:33:19,601 - root - INFO - ****************加载数据盘列表接口开始****************
2021-12-22 17:33:19,601 - root - INFO - *******测试案例名称： TestCase004_加载数据盘-Path>128 执行开始********
2021-12-22 17:33:19,602 - root - INFO - *******测试数据： {'volume': 'c7735672-0232-42a2-9838-bb0e8cfe4a7b', 'action': 'attach', 'path': '/mnt/test1/test2/test3/test4/test5/test6/test7/test8/test9/test10/test11/test12/test13/test13/test14/test15/test16/test17/test18/test19', 'instance': ['ins-fd16fc23a64b4ca99f67aefe2f6f0572'], 'project_id': '3adfec2c1f044e98a41e6c3649651dc8', 'project_name': 'LeonaTestPool1220'}
2021-12-22 17:33:19,898 - root - INFO - *******返回数据： {'code': 214026, 'message': '云硬盘挂载路径过长', 'data': None, 'level': 3}
2021-12-22 17:33:19,899 - root - INFO - *******测试案例名称： TestCase004_加载数据盘-Path>128 执行完毕********
2021-12-22 17:33:19,899 - root - INFO - ****************加载数据盘列表接口结束****************
2021-12-22 17:33:24,912 - root - INFO - ********************************************************************************
2021-12-22 17:33:24,915 - root - INFO - ********************************************************************************
2021-12-22 17:33:24,915 - root - INFO - ****************加载数据盘列表接口开始****************
2021-12-22 17:33:24,915 - root - INFO - *******测试案例名称： TestCase005_加载数据盘-Path=128 执行开始********
2021-12-22 17:33:24,916 - root - INFO - *******测试数据： {'volume': 'c7735672-0232-42a2-9838-bb0e8cfe4a7b', 'action': 'attach', 'path': '/mnt/test1/test2/test3/test4/test5/test6/test7/test8/test9/test10/test11/test12/test13/test13/test14/test15/test16/test17/test18/AAA', 'instance': ['ins-fd16fc23a64b4ca99f67aefe2f6f0572'], 'project_id': '3adfec2c1f044e98a41e6c3649651dc8', 'project_name': 'LeonaTestPool1220'}
2021-12-22 17:33:25,509 - root - INFO - *******返回数据： {'code': 0, 'message': 'success', 'data': None}
2021-12-22 17:33:25,510 - root - INFO - *******测试案例名称： TestCase005_加载数据盘-Path=128 执行完毕********
2021-12-22 17:33:25,510 - root - INFO - ****************加载数据盘列表接口结束****************
2021-12-22 17:33:30,521 - root - INFO - ********************************************************************************
2021-12-22 17:33:30,523 - root - INFO - ********************************************************************************
2021-12-22 17:33:30,523 - root - INFO - ****************加载数据盘列表接口开始****************
2021-12-22 17:33:30,524 - root - INFO - *******测试案例名称： TestCase006_加载数据盘-同一路径重复加载-Path=128 执行开始********
2021-12-22 17:33:30,524 - root - INFO - *******测试数据： {'volume': 'c7735672-0232-42a2-9838-bb0e8cfe4a7b', 'action': 'attach', 'path': '/mnt/test1/test2/test3/test4/test5/test6/test7/test8/test9/test10/test11/test12/test13/test13/test14/test15/test16/test17/test18/AAA', 'instance': ['ins-fd16fc23a64b4ca99f67aefe2f6f0572'], 'project_id': '3adfec2c1f044e98a41e6c3649651dc8', 'project_name': 'LeonaTestPool1220'}
2021-12-22 17:33:30,668 - root - INFO - *******返回数据： {'code': 214001, 'message': '云硬盘已加载', 'data': None, 'level': 3}
2021-12-22 17:33:30,668 - root - INFO - *******测试案例名称： TestCase006_加载数据盘-同一路径重复加载-Path=128 执行完毕********
2021-12-22 17:33:30,668 - root - INFO - ****************加载数据盘列表接口结束****************
2021-12-22 17:33:35,676 - root - INFO - ********************************************************************************
2021-12-22 17:33:35,679 - root - INFO - ********************************************************************************
2021-12-22 17:33:35,679 - root - INFO - ****************加载数据盘列表接口开始****************
2021-12-22 17:33:35,680 - root - INFO - *******测试案例名称： TestCase007_加载数据盘-同一路径重复加载-Path=128 执行开始********
2021-12-22 17:33:35,680 - root - INFO - *******测试数据： {'volume': 'c7735672-0232-42a2-9838-bb0e8cfe4a7b', 'action': 'attach', 'path': '/mnt/test1/test2/test3/test4/test5/test6/test7/test8/test9/test10/test11/test12/test13/test13/test14/test15/test16/test17/test18/AAA', 'instance': ['ins-fd16fc23a64b4ca99f67aefe2f6f0572'], 'project_id': '3adfec2c1f044e98a41e6c3649651dc8', 'project_name': 'LeonaTestPool1220'}
2021-12-22 17:33:35,706 - root - INFO - *******返回数据： {'code': 1, 'message': '服务异常', 'data': None, 'level': 1}
2021-12-22 17:33:35,707 - root - INFO - ********************************************************************************
2021-12-22 17:33:35,740 - root - INFO - ********************************************************************************
2021-12-22 17:33:35,740 - root - INFO - ****************加载数据盘列表接口开始****************
2021-12-22 17:33:35,741 - root - INFO - *******测试案例名称： TestCase008_加载数据盘-缺少token 执行开始********
2021-12-22 17:33:35,741 - root - INFO - *******测试数据： {'instance': ['ins-fd16fc23a64b4ca99f67aefe2f6f0572'], 'project_id': '3adfec2c1f044e98a41e6c3649651dc8', 'project_name': 'LeonaTestPool1220'}
2021-12-22 17:33:35,749 - root - INFO - *******返回数据： {'code': 1005, 'message': '缺少认证信息', 'data': None, 'level': 3}
2021-12-22 17:33:35,749 - root - INFO - *******测试案例名称： TestCase008_加载数据盘-缺少token 执行完毕********
2021-12-22 17:33:35,750 - root - INFO - ****************加载数据盘列表接口结束****************
2021-12-22 17:33:40,761 - root - INFO - ********************************************************************************
2021-12-22 17:33:41,859 - root - INFO - **********************************************完成teardown class，退出登录**********************************************
