2021-12-08 13:47:00,162 - root - INFO - **********************************************开始setupClass，进行登录**********************************************
2021-12-08 13:47:07,258 - root - INFO - the sql is : select id from disk where store_type=0 and pool_id=%s order by create_time desc limit 1;
2021-12-08 13:47:07,258 - root - INFO - the params is : ddac080c671b473e885714538fd1ed6e
2021-12-08 13:47:07,260 - root - INFO - the result data is :{'id': 'b744c916-5554-44e4-8013-116ba82d4966'}
2021-12-08 13:47:07,261 - root - INFO - ********************************************************************************
2021-12-08 13:47:07,262 - root - INFO - ****************创建数据盘快照接口开始****************
2021-12-08 13:47:07,263 - root - INFO - *******测试案例名称： TestCase001_新建快照-缺少token 执行开始********
2021-12-08 13:47:07,263 - root - INFO - *******测试数据： {}
2021-12-08 13:47:07,272 - root - INFO - *******返回数据： {'code': 1005, 'message': '缺少认证信息', 'data': None, 'level': 3}
2021-12-08 13:47:07,273 - root - INFO - *******测试案例名称： TestCase001_新建快照-缺少token 执行完毕********
2021-12-08 13:47:07,275 - root - INFO - ****************创建数据盘快照接口结束****************
2021-12-08 13:47:07,275 - root - INFO - ********************************************************************************
2021-12-08 13:47:07,278 - root - INFO - ********************************************************************************
2021-12-08 13:47:07,278 - root - INFO - ****************创建数据盘快照接口开始****************
2021-12-08 13:47:07,278 - root - INFO - *******测试案例名称： TestCase002_新建快照-name为空 执行开始********
2021-12-08 13:47:07,278 - root - INFO - *******测试数据： {'name': '', 'description': 'SnapNameIsNull', 'volume': 'deb69c4a-c212-4d3d-9aeb-806f9941e1b3'}
2021-12-08 13:47:07,314 - root - INFO - *******返回数据： {'code': 1001, 'message': {'name': ['该字段不能为空。']}, 'data': None}
2021-12-08 13:47:07,314 - root - INFO - ********************************************************************************
2021-12-08 13:47:07,413 - root - INFO - ********************************************************************************
2021-12-08 13:47:07,414 - root - INFO - ****************创建数据盘快照接口开始****************
2021-12-08 13:47:07,414 - root - INFO - *******测试案例名称： TestCase003_新建快照-volume为空 执行开始********
2021-12-08 13:47:07,415 - root - INFO - *******测试数据： {'name': 'testSnap', 'description': 'volumeIsNull', 'volume': ''}
2021-12-08 13:47:07,443 - root - INFO - *******返回数据： {'code': 1001, 'message': {'volume': ['Must be a valid UUID.']}, 'data': None}
2021-12-08 13:47:07,443 - root - INFO - ********************************************************************************
2021-12-08 13:47:07,476 - root - INFO - ********************************************************************************
2021-12-08 13:47:07,476 - root - INFO - ****************创建数据盘快照接口开始****************
2021-12-08 13:47:07,477 - root - INFO - *******测试案例名称： TestCase004_新建快照-Des为空 执行开始********
2021-12-08 13:47:07,477 - root - INFO - *******测试数据： {'name': 'SnapDesIsNull', 'description': '', 'volume': 'deb69c4a-c212-4d3d-9aeb-806f9941e1b3'}
2021-12-08 13:47:07,717 - root - INFO - *******返回数据： {'code': 0, 'message': 'success', 'data': None}
2021-12-08 13:47:07,717 - root - INFO - ********************************************************************************
2021-12-08 13:47:07,773 - root - INFO - ********************************************************************************
2021-12-08 13:47:07,773 - root - INFO - ****************创建数据盘快照接口开始****************
2021-12-08 13:47:07,774 - root - INFO - *******测试案例名称： TestCase005_新建快照-name>32 执行开始********
2021-12-08 13:47:07,774 - root - INFO - *******测试数据： {'name': 'YYDSnapNameOver32CharsYYDSnapNameOver32CharsYYDSnapNameOver32Chars', 'description': '新建快照-name>32', 'volume': 'deb69c4a-c212-4d3d-9aeb-806f9941e1b3'}
2021-12-08 13:47:07,807 - root - INFO - *******返回数据： {'code': 1001, 'message': {'name': ['请确保这个字段不能超过 32 个字符。']}, 'data': None}
2021-12-08 13:47:07,808 - root - INFO - ********************************************************************************
2021-12-08 13:47:07,843 - root - INFO - ********************************************************************************
2021-12-08 13:47:07,843 - root - INFO - ****************创建数据盘快照接口开始****************
2021-12-08 13:47:07,843 - root - INFO - *******测试案例名称： TestCase006_新建快照-name为特殊字符 执行开始********
2021-12-08 13:47:07,844 - root - INFO - *******测试数据： {'name': 'SpeCharforSnap……&*&s', 'description': '新建快照-name为特殊字符', 'volume': 'deb69c4a-c212-4d3d-9aeb-806f9941e1b3'}
2021-12-08 13:47:07,871 - root - INFO - *******返回数据： {'code': 214020, 'message': '快照名称只能输入数字、字母、-、_, 只允许以英文开头', 'data': None, 'level': 3}
2021-12-08 13:47:07,872 - root - INFO - *******测试案例名称： TestCase006_新建快照-name为特殊字符 执行完毕********
2021-12-08 13:47:07,872 - root - INFO - ****************创建数据盘快照接口结束****************
2021-12-08 13:47:07,873 - root - INFO - ********************************************************************************
2021-12-08 13:47:07,875 - root - INFO - ********************************************************************************
2021-12-08 13:47:07,876 - root - INFO - ****************创建数据盘快照接口开始****************
2021-12-08 13:47:07,876 - root - INFO - *******测试案例名称： TestCase007_新建快照-name为中文 执行开始********
2021-12-08 13:47:07,877 - root - INFO - *******测试数据： {'name': 'SpeCharforSnap……&*&s', 'description': '新建快照-name为中文', 'volume': 'deb69c4a-c212-4d3d-9aeb-806f9941e1b3'}
2021-12-08 13:47:07,906 - root - INFO - *******返回数据： {'code': 214020, 'message': '快照名称只能输入数字、字母、-、_, 只允许以英文开头', 'data': None, 'level': 3}
2021-12-08 13:47:07,907 - root - INFO - *******测试案例名称： TestCase007_新建快照-name为中文 执行完毕********
2021-12-08 13:47:07,907 - root - INFO - ****************创建数据盘快照接口结束****************
2021-12-08 13:47:07,908 - root - INFO - ********************************************************************************
2021-12-08 13:47:07,910 - root - INFO - ********************************************************************************
2021-12-08 13:47:07,911 - root - INFO - ****************创建数据盘快照接口开始****************
2021-12-08 13:47:07,911 - root - INFO - *******测试案例名称： TestCase008_新建快照-name以数字开头 执行开始********
2021-12-08 13:47:07,912 - root - INFO - *******测试数据： {'name': '1234567890a', 'description': '新建快照-name以数字开头', 'volume': 'deb69c4a-c212-4d3d-9aeb-806f9941e1b3'}
2021-12-08 13:47:07,945 - root - INFO - *******返回数据： {'code': 214020, 'message': '快照名称只能输入数字、字母、-、_, 只允许以英文开头', 'data': None, 'level': 3}
2021-12-08 13:47:07,946 - root - INFO - *******测试案例名称： TestCase008_新建快照-name以数字开头 执行完毕********
2021-12-08 13:47:07,946 - root - INFO - ****************创建数据盘快照接口结束****************
2021-12-08 13:47:07,946 - root - INFO - ********************************************************************************
2021-12-08 13:47:07,949 - root - INFO - ********************************************************************************
2021-12-08 13:47:07,950 - root - INFO - ****************创建数据盘快照接口开始****************
2021-12-08 13:47:07,950 - root - INFO - *******测试案例名称： TestCase009_新建快照-name以下划线_开头 执行开始********
2021-12-08 13:47:07,950 - root - INFO - *******测试数据： {'name': '_1234567890a', 'description': '新建快照-name以下划线_开头', 'volume': 'deb69c4a-c212-4d3d-9aeb-806f9941e1b3'}
2021-12-08 13:47:07,976 - root - INFO - *******返回数据： {'code': 214020, 'message': '快照名称只能输入数字、字母、-、_, 只允许以英文开头', 'data': None, 'level': 3}
2021-12-08 13:47:07,977 - root - INFO - *******测试案例名称： TestCase009_新建快照-name以下划线_开头 执行完毕********
2021-12-08 13:47:07,977 - root - INFO - ****************创建数据盘快照接口结束****************
2021-12-08 13:47:07,978 - root - INFO - ********************************************************************************
2021-12-08 13:47:07,980 - root - INFO - ********************************************************************************
2021-12-08 13:47:07,981 - root - INFO - ****************创建数据盘快照接口开始****************
2021-12-08 13:47:07,981 - root - INFO - *******测试案例名称： TestCase010_新建快照-name以短横线-开头 执行开始********
2021-12-08 13:47:07,981 - root - INFO - *******测试数据： {'name': '-1234567890a', 'description': '新建快照-name以短横线-开头', 'volume': 'deb69c4a-c212-4d3d-9aeb-806f9941e1b3'}
2021-12-08 13:47:08,009 - root - INFO - *******返回数据： {'code': 214020, 'message': '快照名称只能输入数字、字母、-、_, 只允许以英文开头', 'data': None, 'level': 3}
2021-12-08 13:47:08,009 - root - INFO - *******测试案例名称： TestCase010_新建快照-name以短横线-开头 执行完毕********
2021-12-08 13:47:08,009 - root - INFO - ****************创建数据盘快照接口结束****************
2021-12-08 13:47:08,010 - root - INFO - ********************************************************************************
2021-12-08 13:47:08,013 - root - INFO - ********************************************************************************
2021-12-08 13:47:08,013 - root - INFO - ****************创建数据盘快照接口开始****************
2021-12-08 13:47:08,014 - root - INFO - *******测试案例名称： TestCase011_新建快照-Des>100 执行开始********
2021-12-08 13:47:08,014 - root - INFO - *******测试数据： {'name': 'snapDesOver100', 'description': 'DesOver100CharDesOver100CharDesOver100CharDesOver100CharDesOver100CharDesOver100CharDesOver100CharDesOver100CharDesOver100Char', 'volume': ''}
2021-12-08 13:47:08,048 - root - INFO - *******返回数据： {'code': 1001, 'message': {'description': ['请确保这个字段不能超过 100 个字符。']}, 'data': None}
2021-12-08 13:47:08,048 - root - INFO - ********************************************************************************
2021-12-08 13:47:08,081 - root - INFO - ********************************************************************************
2021-12-08 13:47:08,082 - root - INFO - ****************创建数据盘快照接口开始****************
2021-12-08 13:47:08,082 - root - INFO - *******测试案例名称： TestCase012_新建快照-name=32_Des=100 执行开始********
2021-12-08 13:47:08,083 - root - INFO - *******测试数据： {'name': 'aaaaabbbbbcccccdddddeeeeefffff23', 'description': 'DesIs100CharsDesIs100CharsDesIs100CharsDesIs100CharsDesIs100CharsDesIs100CharsDesIs100Chars100Des100', 'volume': ''}
2021-12-08 13:47:08,359 - root - INFO - *******返回数据： {'code': 0, 'message': 'success', 'data': None}
2021-12-08 13:47:08,359 - root - INFO - ********************************************************************************
2021-12-08 13:47:08,413 - root - INFO - ********************************************************************************
2021-12-08 13:47:08,414 - root - INFO - ****************创建数据盘快照接口开始****************
2021-12-08 13:47:08,414 - root - INFO - *******测试案例名称： TestCase013_新建快照-重名快照_name=32_Des=100 执行开始********
2021-12-08 13:47:08,415 - root - INFO - *******测试数据： {'name': 'aaaaabbbbbcccccdddddeeeeefffff23', 'description': 'DesIs100CharsDesIs100CharsDesIs100CharsDesIs100CharsDesIs100CharsDesIs100CharsDesIs100Chars100Des100', 'volume': ''}
2021-12-08 13:47:08,450 - root - INFO - *******返回数据： {'code': 214005, 'message': '快照名称已经存在', 'data': None, 'level': 3}
2021-12-08 13:47:08,450 - root - INFO - *******测试案例名称： TestCase013_新建快照-重名快照_name=32_Des=100 执行完毕********
2021-12-08 13:47:08,451 - root - INFO - ****************创建数据盘快照接口结束****************
2021-12-08 13:47:08,451 - root - INFO - ********************************************************************************
2021-12-08 13:47:09,534 - root - INFO - **********************************************完成teardown class，退出登录**********************************************
