2021-12-10 16:46:37,163 - root - INFO - the sql is : SELECT server_id, snapshot_name from `snapshot` WHERE project_id=%s order by create_time DESC limit 1 
2021-12-10 16:46:37,164 - root - INFO - the params is : ddac080c671b473e885714538fd1ed6e
2021-12-10 16:46:37,165 - root - INFO - the result data is :{'server_id': 'ins-b6f3b9cc9f74446089d1cbe2e2065fc3', 'snapshot_name': 'LC3-sys3'}
2021-12-10 16:46:37,192 - root - INFO - the sql is : SELECT server_id, snapshot_name from `snapshot` WHERE project_id=%s order by create_time DESC limit 1 
2021-12-10 16:46:37,193 - root - INFO - the params is : ddac080c671b473e885714538fd1ed6e
2021-12-10 16:46:37,194 - root - INFO - the result data is :{'server_id': 'ins-b6f3b9cc9f74446089d1cbe2e2065fc3', 'snapshot_name': 'LC3-sys3'}
2021-12-10 16:46:37,328 - root - INFO - **********************************************开始setupClass，进行登录**********************************************
2021-12-10 16:46:42,684 - root - INFO - the sql is : SELECT snapshot_id, name from `storage_snapshot` WHERE snapshot_type="pool" and pool_id=%s order by create_time DESC limit 1
2021-12-10 16:46:42,685 - root - INFO - the params is : ddac080c671b473e885714538fd1ed6e
2021-12-10 16:46:42,687 - root - INFO - the result data is :{'snapshot_id': '985a4739-6a92-4de5-b401-8fc8d26735d6', 'name': 'poolSnap4LeonaTestPool1125'}
2021-12-10 16:46:42,689 - root - INFO - ********************************************************************************
2021-12-10 16:46:42,689 - root - INFO - ****************删除业务池快照接口开始****************
2021-12-10 16:46:42,690 - root - INFO - *******测试案例名称： TestCase001_删除业务池快照-缺少token 执行开始********
2021-12-10 16:46:42,690 - root - INFO - *******测试数据： {}
2021-12-10 16:46:42,691 - root - INFO - ********************************************************************************
2021-12-10 16:46:42,778 - root - INFO - ********************************************************************************
2021-12-10 16:46:42,778 - root - INFO - ****************删除业务池快照接口开始****************
2021-12-10 16:46:42,779 - root - INFO - *******测试案例名称： TestCase002_删除业务池快照-id为空 执行开始********
2021-12-10 16:46:42,779 - root - INFO - *******测试数据： {'ids': []}
2021-12-10 16:46:42,780 - root - INFO - ********************************************************************************
2021-12-10 16:46:42,826 - root - INFO - ********************************************************************************
2021-12-10 16:46:42,826 - root - INFO - ****************删除业务池快照接口开始****************
2021-12-10 16:46:42,827 - root - INFO - *******测试案例名称： TestCase002_删除业务池快照-成功 执行开始********
2021-12-10 16:46:42,827 - root - INFO - *******测试数据： {'ids': ['985a4739-6a92-4de5-b401-8fc8d26735d6']}
2021-12-10 16:46:42,828 - root - INFO - ********************************************************************************
2021-12-10 16:46:42,891 - root - INFO - **********************************************完成teardown class，退出登录**********************************************
