2021-12-07 11:25:51,264 - root - INFO - **********************************************开始setupClass，进行登录**********************************************
2021-12-07 11:25:51,570 - root - INFO - ********************************************************************************
2021-12-07 11:25:51,570 - root - INFO - ****************编辑系统盘列表接口开始****************
2021-12-07 11:25:51,666 - root - INFO - *******测试案例名称： TestCase001_编辑系统盘-name为空 执行开始********
2021-12-07 11:25:51,667 - root - INFO - *******测试数据： {'name': '', 'description': '编辑系统盘-name为空', 'id': 'ins-b3c6c8f21e744d5ea05de73dfbc6b2a3', 'size': 1024, 'disk_type': 0, 'disk_status': 0, 'created_time': '2021-12-02 17:51:06', 'is_snapshoted': 0, 'project_name': 'test_wang', 'project_id': 'e6451dede2ed41c08b5049b40d5b1daf', 'pool_name': 'test_wang'}
2021-12-07 11:25:51,753 - root - INFO - *******返回数据： {'code': 1001, 'message': '请求参数错误', 'data': None, 'level': 2}
2021-12-07 11:25:51,753 - root - INFO - *******测试案例名称： TestCase001_编辑系统盘-name为空 执行完毕********
2021-12-07 11:25:51,753 - root - INFO - ****************编辑系统盘列表接口结束****************
2021-12-07 11:25:51,754 - root - INFO - ********************************************************************************
2021-12-07 11:25:51,757 - root - INFO - ********************************************************************************
2021-12-07 11:25:51,758 - root - INFO - ****************编辑系统盘列表接口开始****************
2021-12-07 11:25:51,862 - root - INFO - *******测试案例名称： TestCase002_编辑系统盘-name为特殊字符 执行开始********
2021-12-07 11:25:51,863 - root - INFO - *******测试数据： {'name': '@￥@#%￥#%￥', 'description': '编辑系统盘-name为特殊字符', 'id': 'ins-b3c6c8f21e744d5ea05de73dfbc6b2a3', 'size': 1024, 'disk_type': 0, 'disk_status': 0, 'created_time': '2021-12-02 17:51:06', 'is_snapshoted': 0, 'project_name': 'test_wang', 'project_id': 'e6451dede2ed41c08b5049b40d5b1daf', 'pool_name': 'test_wang'}
2021-12-07 11:25:51,883 - root - INFO - *******返回数据： {'code': 214024, 'message': '云硬盘名称只能输入字母、数字、汉字、横线以及下划线', 'data': None, 'level': 3}
2021-12-07 11:25:51,884 - root - INFO - *******测试案例名称： TestCase002_编辑系统盘-name为特殊字符 执行完毕********
2021-12-07 11:25:51,885 - root - INFO - ****************编辑系统盘列表接口结束****************
2021-12-07 11:25:51,885 - root - INFO - ********************************************************************************
2021-12-07 11:25:51,888 - root - INFO - ********************************************************************************
2021-12-07 11:25:51,889 - root - INFO - ****************编辑系统盘列表接口开始****************
2021-12-07 11:25:51,980 - root - INFO - *******测试案例名称： TestCase003_编辑系统盘-name为中文名称 执行开始********
2021-12-07 11:25:51,980 - root - INFO - *******测试数据： {'name': '中文名称系统盘', 'description': '编辑系统盘-name为中文名称', 'id': 'ins-b3c6c8f21e744d5ea05de73dfbc6b2a3', 'size': 1024, 'disk_type': 0, 'disk_status': 0, 'created_time': '2021-12-02 17:51:06', 'is_snapshoted': 0, 'project_name': 'test_wang', 'project_id': 'e6451dede2ed41c08b5049b40d5b1daf', 'pool_name': 'test_wang'}
2021-12-07 11:25:52,016 - root - INFO - *******返回数据： {'code': 0, 'message': 'success', 'data': {'name': '中文名称系统盘', 'description': '编辑系统盘-name为中文名称'}}
2021-12-07 11:25:52,016 - root - INFO - *******测试案例名称： TestCase003_编辑系统盘-name为中文名称 执行完毕********
2021-12-07 11:25:52,017 - root - INFO - ****************编辑系统盘列表接口结束****************
2021-12-07 11:25:52,017 - root - INFO - ********************************************************************************
2021-12-07 11:25:52,020 - root - INFO - ********************************************************************************
2021-12-07 11:25:52,021 - root - INFO - ****************编辑系统盘列表接口开始****************
2021-12-07 11:25:52,150 - root - INFO - *******测试案例名称： TestCase004_编辑系统盘-name为数字 执行开始********
2021-12-07 11:25:52,150 - root - INFO - *******测试数据： {'name': '123456', 'description': '编辑系统盘-name为数字', 'id': 'ins-b3c6c8f21e744d5ea05de73dfbc6b2a3', 'size': 1024, 'disk_type': 0, 'disk_status': 0, 'created_time': '2021-12-02 17:51:06', 'is_snapshoted': 0, 'project_name': 'test_wang', 'project_id': 'e6451dede2ed41c08b5049b40d5b1daf', 'pool_name': 'test_wang'}
2021-12-07 11:25:52,184 - root - INFO - *******返回数据： {'code': 0, 'message': 'success', 'data': {'name': '123456', 'description': '编辑系统盘-name为数字'}}
2021-12-07 11:25:52,185 - root - INFO - *******测试案例名称： TestCase004_编辑系统盘-name为数字 执行完毕********
2021-12-07 11:25:52,185 - root - INFO - ****************编辑系统盘列表接口结束****************
2021-12-07 11:25:52,185 - root - INFO - ********************************************************************************
2021-12-07 11:25:52,189 - root - INFO - ********************************************************************************
2021-12-07 11:25:52,190 - root - INFO - ****************编辑系统盘列表接口开始****************
2021-12-07 11:25:52,295 - root - INFO - *******测试案例名称： TestCase005_编辑系统盘-name为下划线 执行开始********
2021-12-07 11:25:52,295 - root - INFO - *******测试数据： {'name': '______', 'description': '编辑系统盘-name为下划线', 'id': 'ins-b3c6c8f21e744d5ea05de73dfbc6b2a3', 'size': 1024, 'disk_type': 0, 'disk_status': 0, 'created_time': '2021-12-02 17:51:06', 'is_snapshoted': 0, 'project_name': 'test_wang', 'project_id': 'e6451dede2ed41c08b5049b40d5b1daf', 'pool_name': 'test_wang'}
2021-12-07 11:25:52,329 - root - INFO - *******返回数据： {'code': 0, 'message': 'success', 'data': {'name': '______', 'description': '编辑系统盘-name为下划线'}}
2021-12-07 11:25:52,329 - root - INFO - *******测试案例名称： TestCase005_编辑系统盘-name为下划线 执行完毕********
2021-12-07 11:25:52,330 - root - INFO - ****************编辑系统盘列表接口结束****************
2021-12-07 11:25:52,330 - root - INFO - ********************************************************************************
2021-12-07 11:25:52,333 - root - INFO - ********************************************************************************
2021-12-07 11:25:52,334 - root - INFO - ****************编辑系统盘列表接口开始****************
2021-12-07 11:25:52,438 - root - INFO - *******测试案例名称： TestCase006_编辑系统盘-name为短横线 执行开始********
2021-12-07 11:25:52,438 - root - INFO - *******测试数据： {'name': '-----', 'description': '编辑系统盘-name为下划线', 'id': 'ins-b3c6c8f21e744d5ea05de73dfbc6b2a3', 'size': 1024, 'disk_type': 0, 'disk_status': 0, 'created_time': '2021-12-02 17:51:06', 'is_snapshoted': 0, 'project_name': 'test_wang', 'project_id': 'e6451dede2ed41c08b5049b40d5b1daf', 'pool_name': 'test_wang'}
2021-12-07 11:25:52,480 - root - INFO - *******返回数据： {'code': 0, 'message': 'success', 'data': {'name': '-----', 'description': '编辑系统盘-name为下划线'}}
2021-12-07 11:25:52,480 - root - INFO - *******测试案例名称： TestCase006_编辑系统盘-name为短横线 执行完毕********
2021-12-07 11:25:52,480 - root - INFO - ****************编辑系统盘列表接口结束****************
2021-12-07 11:25:52,482 - root - INFO - ********************************************************************************
2021-12-07 11:25:52,486 - root - INFO - ********************************************************************************
2021-12-07 11:25:52,486 - root - INFO - ****************编辑系统盘列表接口开始****************
2021-12-07 11:25:52,581 - root - INFO - *******测试案例名称： TestCase007_编辑系统盘-name超过32个字符 执行开始********
2021-12-07 11:25:52,581 - root - INFO - *******测试数据： {'name': 'SysnameIsOver32SysnameIsOve32SysnameOver32', 'description': '编辑系统盘-name超过32个字符', 'id': 'ins-b3c6c8f21e744d5ea05de73dfbc6b2a3', 'size': 1024, 'disk_type': 0, 'disk_status': 0, 'created_time': '2021-12-02 17:51:06', 'is_snapshoted': 0, 'project_name': 'test_wang', 'project_id': 'e6451dede2ed41c08b5049b40d5b1daf', 'pool_name': 'test_wang'}
2021-12-07 11:25:52,603 - root - INFO - *******返回数据： {'code': 1001, 'message': '请求参数错误', 'data': None, 'level': 2}
2021-12-07 11:25:52,604 - root - INFO - *******测试案例名称： TestCase007_编辑系统盘-name超过32个字符 执行完毕********
2021-12-07 11:25:52,604 - root - INFO - ****************编辑系统盘列表接口结束****************
2021-12-07 11:25:52,605 - root - INFO - ********************************************************************************
2021-12-07 11:25:52,608 - root - INFO - ********************************************************************************
2021-12-07 11:25:52,609 - root - INFO - ****************编辑系统盘列表接口开始****************
2021-12-07 11:25:52,721 - root - INFO - *******测试案例名称： TestCase008_编辑系统盘-name等于32个字符 执行开始********
2021-12-07 11:25:52,721 - root - INFO - *******测试数据： {'name': 'SysnameIs32SysnameIs32SysnameH32', 'description': '编辑系统盘-name等于32个字符', 'id': 'ins-b3c6c8f21e744d5ea05de73dfbc6b2a3', 'size': 1024, 'disk_type': 0, 'disk_status': 0, 'created_time': '2021-12-02 17:51:06', 'is_snapshoted': 0, 'project_name': 'test_wang', 'project_id': 'e6451dede2ed41c08b5049b40d5b1daf', 'pool_name': 'test_wang'}
2021-12-07 11:25:52,770 - root - INFO - *******返回数据： {'code': 0, 'message': 'success', 'data': {'name': 'SysnameIs32SysnameIs32SysnameH32', 'description': '编辑系统盘-name等于32个字符'}}
2021-12-07 11:25:52,771 - root - INFO - *******测试案例名称： TestCase008_编辑系统盘-name等于32个字符 执行完毕********
2021-12-07 11:25:52,771 - root - INFO - ****************编辑系统盘列表接口结束****************
2021-12-07 11:25:52,772 - root - INFO - ********************************************************************************
2021-12-07 11:25:52,775 - root - INFO - ********************************************************************************
2021-12-07 11:25:52,775 - root - INFO - ****************编辑系统盘列表接口开始****************
2021-12-07 11:25:52,876 - root - INFO - *******测试案例名称： TestCase009_查看云硬盘列表-缺少token 执行开始********
2021-12-07 11:25:52,877 - root - INFO - *******测试数据： {'storage_limit': 10, 'add_size': 0, 'project_id': 'e6451dede2ed41c08b5049b40d5b1daf', 'id': 'ins-b3c6c8f21e744d5ea05de73dfbc6b2a3', 'size': 1024, 'disk_type': 0, 'disk_status': 0, 'created_time': '2021-12-02 17:51:06', 'is_snapshoted': 0, 'project_name': 'test_wang', 'pool_name': 'test_wang'}
2021-12-07 11:25:52,886 - root - INFO - *******返回数据： {'code': 1005, 'message': '缺少认证信息', 'data': None, 'level': 3}
2021-12-07 11:25:52,886 - root - INFO - *******测试案例名称： TestCase009_查看云硬盘列表-缺少token 执行完毕********
2021-12-07 11:25:52,887 - root - INFO - ****************编辑系统盘列表接口结束****************
2021-12-07 11:25:52,887 - root - INFO - ********************************************************************************
2021-12-07 11:25:52,890 - root - INFO - ********************************************************************************
2021-12-07 11:25:52,891 - root - INFO - ****************编辑系统盘列表接口开始****************
2021-12-07 11:25:52,985 - root - INFO - *******测试案例名称： TestCase010_编辑系统盘-Des大于100个字符 执行开始********
2021-12-07 11:25:52,985 - root - INFO - *******测试数据： {'name': 'SysDesIsOver100Chars', 'description': 'DesIsOver100Chars！#@@%#%DesIsOver100Chars！#@@%#%DesIsOver100Chars！#@@%#%DesIsOver100Chars！#@@%#%DesIsOver100Chars！#@@%#%', 'id': 'ins-b3c6c8f21e744d5ea05de73dfbc6b2a3', 'size': 1024, 'disk_type': 0, 'disk_status': 0, 'created_time': '2021-12-02 17:51:06', 'is_snapshoted': 0, 'project_name': 'test_wang', 'project_id': 'e6451dede2ed41c08b5049b40d5b1daf', 'pool_name': 'test_wang'}
2021-12-07 11:25:53,004 - root - INFO - *******返回数据： {'code': 1001, 'message': '请求参数错误', 'data': None, 'level': 2}
2021-12-07 11:25:53,005 - root - INFO - *******测试案例名称： TestCase010_编辑系统盘-Des大于100个字符 执行完毕********
2021-12-07 11:25:53,005 - root - INFO - ****************编辑系统盘列表接口结束****************
2021-12-07 11:25:53,006 - root - INFO - ********************************************************************************
2021-12-07 11:25:53,009 - root - INFO - ********************************************************************************
2021-12-07 11:25:53,010 - root - INFO - ****************编辑系统盘列表接口开始****************
2021-12-07 11:25:53,108 - root - INFO - *******测试案例名称： TestCase011_编辑系统盘-Des等于100个字符 执行开始********
2021-12-07 11:25:53,108 - root - INFO - *******测试数据： {'name': 'SysDesIs100Chars', 'description': 'DesIs100Chars！#@@%#%DesIs100Chars！#@@%#%DesIs100Chars！#@@%#%DesIs100Chars！#@@%#%DesIs100Chars！#@@%#%', 'id': 'ins-b3c6c8f21e744d5ea05de73dfbc6b2a3', 'size': 1024, 'disk_type': 0, 'disk_status': 0, 'created_time': '2021-12-02 17:51:06', 'is_snapshoted': 0, 'project_name': 'test_wang', 'project_id': 'e6451dede2ed41c08b5049b40d5b1daf', 'pool_name': 'test_wang'}
2021-12-07 11:25:53,143 - root - INFO - *******返回数据： {'code': 0, 'message': 'success', 'data': {'name': 'SysDesIs100Chars', 'description': 'DesIs100Chars！#@@%#%DesIs100Chars！#@@%#%DesIs100Chars！#@@%#%DesIs100Chars！#@@%#%DesIs100Chars！#@@%#%'}}
2021-12-07 11:25:53,143 - root - INFO - *******测试案例名称： TestCase011_编辑系统盘-Des等于100个字符 执行完毕********
2021-12-07 11:25:53,144 - root - INFO - ****************编辑系统盘列表接口结束****************
2021-12-07 11:25:53,144 - root - INFO - ********************************************************************************
2021-12-07 11:25:53,147 - root - INFO - ********************************************************************************
2021-12-07 11:25:53,147 - root - INFO - ****************编辑系统盘列表接口开始****************
2021-12-07 11:25:53,247 - root - INFO - *******测试案例名称： TestCase012_编辑系统盘-Des为空 执行开始********
2021-12-07 11:25:53,247 - root - INFO - *******测试数据： {'name': 'SysDesIsNull', 'description': '', 'id': 'ins-b3c6c8f21e744d5ea05de73dfbc6b2a3', 'size': 1024, 'disk_type': 0, 'disk_status': 0, 'created_time': '2021-12-02 17:51:06', 'is_snapshoted': 0, 'project_name': 'test_wang', 'project_id': 'e6451dede2ed41c08b5049b40d5b1daf', 'pool_name': 'test_wang'}
2021-12-07 11:25:53,283 - root - INFO - *******返回数据： {'code': 0, 'message': 'success', 'data': {'name': 'SysDesIsNull', 'description': ''}}
2021-12-07 11:25:53,284 - root - INFO - *******测试案例名称： TestCase012_编辑系统盘-Des为空 执行完毕********
2021-12-07 11:25:53,284 - root - INFO - ****************编辑系统盘列表接口结束****************
2021-12-07 11:25:53,285 - root - INFO - ********************************************************************************
2021-12-07 11:25:53,287 - root - INFO - ********************************************************************************
2021-12-07 11:25:53,288 - root - INFO - ****************编辑系统盘列表接口开始****************
2021-12-07 11:25:53,384 - root - INFO - *******测试案例名称： TestCase013_编辑系统盘-Des为单个字符 执行开始********
2021-12-07 11:25:53,384 - root - INFO - *******测试数据： {'name': 'SysDesIs1Char', 'description': 'A', 'id': 'ins-b3c6c8f21e744d5ea05de73dfbc6b2a3', 'size': 1024, 'disk_type': 0, 'disk_status': 0, 'created_time': '2021-12-02 17:51:06', 'is_snapshoted': 0, 'project_name': 'test_wang', 'project_id': 'e6451dede2ed41c08b5049b40d5b1daf', 'pool_name': 'test_wang'}
2021-12-07 11:25:53,416 - root - INFO - *******返回数据： {'code': 0, 'message': 'success', 'data': {'name': 'SysDesIs1Char', 'description': 'A'}}
2021-12-07 11:25:53,416 - root - INFO - *******测试案例名称： TestCase013_编辑系统盘-Des为单个字符 执行完毕********
2021-12-07 11:25:53,417 - root - INFO - ****************编辑系统盘列表接口结束****************
2021-12-07 11:25:53,417 - root - INFO - ********************************************************************************
2021-12-07 11:25:53,421 - root - INFO - ********************************************************************************
2021-12-07 11:25:53,422 - root - INFO - ****************编辑系统盘列表接口开始****************
2021-12-07 11:25:53,523 - root - INFO - *******测试案例名称： TestCase014_编辑系统盘-数据还原 执行开始********
2021-12-07 11:25:53,523 - root - INFO - *******测试数据： {'name': '', 'description': '', 'id': 'ins-b3c6c8f21e744d5ea05de73dfbc6b2a3', 'size': 1024, 'disk_type': 0, 'disk_status': 0, 'created_time': '2021-12-02 17:51:06', 'is_snapshoted': 0, 'project_name': 'test_wang', 'project_id': 'e6451dede2ed41c08b5049b40d5b1daf', 'pool_name': 'test_wang'}
2021-12-07 11:25:53,553 - root - INFO - *******返回数据： {'code': 0, 'message': 'success', 'data': {'name': 'SysDesIs1Char', 'description': 'A'}}
2021-12-07 11:25:53,554 - root - INFO - *******测试案例名称： TestCase014_编辑系统盘-数据还原 执行完毕********
2021-12-07 11:25:53,554 - root - INFO - ****************编辑系统盘列表接口结束****************
2021-12-07 11:25:53,555 - root - INFO - ********************************************************************************
2021-12-07 11:25:53,575 - root - INFO - **********************************************完成teardown class，退出登录**********************************************
