2021-12-06 15:31:21,152 - root - INFO - **********************************************开始setupClass，进行登录**********************************************
2021-12-06 15:31:21,466 - root - INFO - ********************************************************************************
2021-12-06 15:31:21,466 - root - INFO - ****************编辑系统盘列表接口开始****************
2021-12-06 15:31:21,467 - root - INFO - *******测试案例名称： TestCase0012_查看云硬盘列表-缺少token 执行开始********
2021-12-06 15:31:21,890 - root - INFO - *******测试数据： {'storage_limit': 10, 'add_size': 0, 'project_id': 'e6451dede2ed41c08b5049b40d5b1daf', 'id': 'ins-b3c6c8f21e744d5ea05de73dfbc6b2a3', 'size': 1024, 'disk_type': 0, 'disk_status': 0, 'created_time': '2021-12-02 17:51:06', 'is_snapshoted': 0, 'project_name': 'test_wang', 'pool_name': 'test_wang'}
2021-12-06 15:31:21,901 - root - INFO - *******返回数据： {'code': 1005, 'message': '缺少认证信息', 'data': None, 'level': 3}
2021-12-06 15:31:21,901 - root - INFO - *******测试案例名称： TestCase0012_查看云硬盘列表-缺少token 执行完毕********
2021-12-06 15:31:21,901 - root - INFO - ****************编辑系统盘列表接口结束****************
2021-12-06 15:31:21,902 - root - INFO - ********************************************************************************
2021-12-06 15:31:21,914 - root - INFO - ********************************************************************************
2021-12-06 15:31:21,915 - root - INFO - ****************编辑系统盘列表接口开始****************
2021-12-06 15:31:21,915 - root - INFO - *******测试案例名称： TestCase001_编辑系统盘-name为空 执行开始********
2021-12-06 15:31:22,351 - root - INFO - *******测试数据： {'name': '', 'description': '编辑系统盘-name为空', 'id': 'ins-b3c6c8f21e744d5ea05de73dfbc6b2a3', 'size': 1024, 'disk_type': 0, 'disk_status': 0, 'created_time': '2021-12-02 17:51:06', 'is_snapshoted': 0, 'project_name': 'test_wang', 'project_id': 'e6451dede2ed41c08b5049b40d5b1daf', 'pool_name': 'test_wang'}
2021-12-06 15:31:22,373 - root - INFO - *******返回数据： {'code': 1001, 'message': '请求参数错误', 'data': None, 'level': 2}
2021-12-06 15:31:22,373 - root - INFO - *******测试案例名称： TestCase001_编辑系统盘-name为空 执行完毕********
2021-12-06 15:31:22,373 - root - INFO - ****************编辑系统盘列表接口结束****************
2021-12-06 15:31:22,374 - root - INFO - ********************************************************************************
2021-12-06 15:31:22,382 - root - INFO - ********************************************************************************
2021-12-06 15:31:22,382 - root - INFO - ****************编辑系统盘列表接口开始****************
2021-12-06 15:31:22,383 - root - INFO - *******测试案例名称： TestCase002_编辑系统盘-name为特殊字符 执行开始********
2021-12-06 15:31:22,814 - root - INFO - *******测试数据： {'name': '@￥@#%￥#%￥', 'description': '编辑系统盘-name为特殊字符', 'id': 'ins-b3c6c8f21e744d5ea05de73dfbc6b2a3', 'size': 1024, 'disk_type': 0, 'disk_status': 0, 'created_time': '2021-12-02 17:51:06', 'is_snapshoted': 0, 'project_name': 'test_wang', 'project_id': 'e6451dede2ed41c08b5049b40d5b1daf', 'pool_name': 'test_wang'}
2021-12-06 15:31:22,844 - root - INFO - *******返回数据： {'code': 214024, 'message': '云硬盘名称只能输入字母、数字、汉字、横线以及下划线', 'data': None, 'level': 3}
2021-12-06 15:31:22,845 - root - INFO - *******测试案例名称： TestCase002_编辑系统盘-name为特殊字符 执行完毕********
2021-12-06 15:31:22,845 - root - INFO - ****************编辑系统盘列表接口结束****************
2021-12-06 15:31:22,846 - root - INFO - ********************************************************************************
2021-12-06 15:31:22,881 - root - INFO - **********************************************完成teardown class，退出登录**********************************************
