2021-12-08 14:35:21,771 - root - INFO - **********************************************开始setupClass，进行登录**********************************************
2021-12-08 14:35:28,679 - root - INFO - the sql is : select id from disk where store_type=0 and pool_id=%s order by create_time desc limit 1;
2021-12-08 14:35:28,680 - root - INFO - the params is : ddac080c671b473e885714538fd1ed6e
2021-12-08 14:35:28,681 - root - INFO - the result data is :{'id': 'f45e23d5-b9ec-4e22-b3fb-d4b9561e2d39'}
2021-12-08 14:35:28,683 - root - INFO - ********************************************************************************
2021-12-08 14:35:28,683 - root - INFO - ****************创建数据盘快照接口开始****************
2021-12-08 14:35:28,684 - root - INFO - *******测试案例名称： TestCase001_新建快照-缺少token 执行开始********
2021-12-08 14:35:28,684 - root - INFO - *******测试数据： {}
2021-12-08 14:35:28,693 - root - INFO - *******返回数据： {'code': 1005, 'message': '缺少认证信息', 'data': None, 'level': 3}
2021-12-08 14:35:28,693 - root - INFO - *******测试案例名称： TestCase001_新建快照-缺少token 执行完毕********
2021-12-08 14:35:28,695 - root - INFO - ****************创建数据盘快照接口结束****************
2021-12-08 14:35:28,695 - root - INFO - ********************************************************************************
2021-12-08 14:35:28,698 - root - INFO - ********************************************************************************
2021-12-08 14:35:28,698 - root - INFO - ****************创建数据盘快照接口开始****************
2021-12-08 14:35:28,698 - root - INFO - *******测试案例名称： TestCase002_新建快照-name为空 执行开始********
2021-12-08 14:35:28,699 - root - INFO - *******测试数据： {'name': '', 'description': 'SnapNameIsNull', 'volume': 'deb69c4a-c212-4d3d-9aeb-806f9941e1b3'}
2021-12-08 14:35:28,737 - root - INFO - *******返回数据： {'code': 1001, 'message': {'name': ['该字段不能为空。']}, 'data': None}
2021-12-08 14:35:28,737 - root - INFO - *******测试案例名称： TestCase002_新建快照-name为空 执行完毕********
2021-12-08 14:35:28,737 - root - INFO - ****************创建数据盘快照接口结束****************
2021-12-08 14:35:28,738 - root - INFO - ********************************************************************************
2021-12-08 14:35:28,740 - root - INFO - ********************************************************************************
2021-12-08 14:35:28,741 - root - INFO - ****************创建数据盘快照接口开始****************
2021-12-08 14:35:28,741 - root - INFO - *******测试案例名称： TestCase003_新建快照-volume为空 执行开始********
2021-12-08 14:35:28,742 - root - INFO - *******测试数据： {'name': 'testSnap', 'description': 'volumeIsNull', 'volume': ''}
2021-12-08 14:35:28,771 - root - INFO - *******返回数据： {'code': 1001, 'message': {'volume': ['Must be a valid UUID.']}, 'data': None}
2021-12-08 14:35:28,771 - root - INFO - *******测试案例名称： TestCase003_新建快照-volume为空 执行完毕********
2021-12-08 14:35:28,771 - root - INFO - ****************创建数据盘快照接口结束****************
2021-12-08 14:35:28,772 - root - INFO - ********************************************************************************
2021-12-08 14:35:28,774 - root - INFO - ********************************************************************************
2021-12-08 14:35:28,775 - root - INFO - ****************创建数据盘快照接口开始****************
2021-12-08 14:35:28,775 - root - INFO - *******测试案例名称： TestCase004_新建快照-Des为空 执行开始********
2021-12-08 14:35:28,776 - root - INFO - *******测试数据： {'name': 'SnapDesIsNull', 'description': '', 'volume': 'deb69c4a-c212-4d3d-9aeb-806f9941e1b3'}
2021-12-08 14:35:29,068 - root - INFO - *******返回数据： {'code': 0, 'message': 'success', 'data': None}
2021-12-08 14:35:29,068 - root - INFO - *******测试案例名称： TestCase004_新建快照-Des为空 执行完毕********
2021-12-08 14:35:29,068 - root - INFO - ****************创建数据盘快照接口结束****************
2021-12-08 14:35:29,069 - root - INFO - ********************************************************************************
2021-12-08 14:35:29,072 - root - INFO - ********************************************************************************
2021-12-08 14:35:29,072 - root - INFO - ****************创建数据盘快照接口开始****************
2021-12-08 14:35:29,073 - root - INFO - *******测试案例名称： TestCase005_新建快照-name>32 执行开始********
2021-12-08 14:35:29,073 - root - INFO - *******测试数据： {'name': 'YYDSnapNameOver32CharsYYDSnapNameOver32CharsYYDSnapNameOver32Chars', 'description': '新建快照-name>32', 'volume': 'deb69c4a-c212-4d3d-9aeb-806f9941e1b3'}
2021-12-08 14:35:29,102 - root - INFO - *******返回数据： {'code': 1001, 'message': {'name': ['请确保这个字段不能超过 32 个字符。']}, 'data': None}
2021-12-08 14:35:29,102 - root - INFO - *******测试案例名称： TestCase005_新建快照-name>32 执行完毕********
2021-12-08 14:35:29,102 - root - INFO - ****************创建数据盘快照接口结束****************
2021-12-08 14:35:29,103 - root - INFO - ********************************************************************************
2021-12-08 14:35:29,105 - root - INFO - ********************************************************************************
2021-12-08 14:35:29,106 - root - INFO - ****************创建数据盘快照接口开始****************
2021-12-08 14:35:29,106 - root - INFO - *******测试案例名称： TestCase006_新建快照-name为特殊字符 执行开始********
2021-12-08 14:35:29,107 - root - INFO - *******测试数据： {'name': 'SpeCharforSnap……&*&s', 'description': '新建快照-name为特殊字符', 'volume': 'deb69c4a-c212-4d3d-9aeb-806f9941e1b3'}
2021-12-08 14:35:29,138 - root - INFO - *******返回数据： {'code': 214020, 'message': '快照名称只能输入数字、字母、-、_, 只允许以英文开头', 'data': None, 'level': 3}
2021-12-08 14:35:29,138 - root - INFO - *******测试案例名称： TestCase006_新建快照-name为特殊字符 执行完毕********
2021-12-08 14:35:29,138 - root - INFO - ****************创建数据盘快照接口结束****************
2021-12-08 14:35:29,139 - root - INFO - ********************************************************************************
2021-12-08 14:35:29,141 - root - INFO - ********************************************************************************
2021-12-08 14:35:29,142 - root - INFO - ****************创建数据盘快照接口开始****************
2021-12-08 14:35:29,142 - root - INFO - *******测试案例名称： TestCase007_新建快照-name为中文 执行开始********
2021-12-08 14:35:29,142 - root - INFO - *******测试数据： {'name': 'SpeCharforSnap……&*&s', 'description': '新建快照-name为中文', 'volume': 'deb69c4a-c212-4d3d-9aeb-806f9941e1b3'}
2021-12-08 14:35:29,174 - root - INFO - *******返回数据： {'code': 214020, 'message': '快照名称只能输入数字、字母、-、_, 只允许以英文开头', 'data': None, 'level': 3}
2021-12-08 14:35:29,175 - root - INFO - *******测试案例名称： TestCase007_新建快照-name为中文 执行完毕********
2021-12-08 14:35:29,175 - root - INFO - ****************创建数据盘快照接口结束****************
2021-12-08 14:35:29,176 - root - INFO - ********************************************************************************
2021-12-08 14:35:29,178 - root - INFO - ********************************************************************************
2021-12-08 14:35:29,179 - root - INFO - ****************创建数据盘快照接口开始****************
2021-12-08 14:35:29,179 - root - INFO - *******测试案例名称： TestCase008_新建快照-name以数字开头 执行开始********
2021-12-08 14:35:29,180 - root - INFO - *******测试数据： {'name': '1234567890a', 'description': '新建快照-name以数字开头', 'volume': 'deb69c4a-c212-4d3d-9aeb-806f9941e1b3'}
2021-12-08 14:35:29,205 - root - INFO - *******返回数据： {'code': 214020, 'message': '快照名称只能输入数字、字母、-、_, 只允许以英文开头', 'data': None, 'level': 3}
2021-12-08 14:35:29,205 - root - INFO - *******测试案例名称： TestCase008_新建快照-name以数字开头 执行完毕********
2021-12-08 14:35:29,205 - root - INFO - ****************创建数据盘快照接口结束****************
2021-12-08 14:35:29,206 - root - INFO - ********************************************************************************
2021-12-08 14:35:29,208 - root - INFO - ********************************************************************************
2021-12-08 14:35:29,209 - root - INFO - ****************创建数据盘快照接口开始****************
2021-12-08 14:35:29,209 - root - INFO - *******测试案例名称： TestCase009_新建快照-name以下划线_开头 执行开始********
2021-12-08 14:35:29,210 - root - INFO - *******测试数据： {'name': '_1234567890a', 'description': '新建快照-name以下划线_开头', 'volume': 'deb69c4a-c212-4d3d-9aeb-806f9941e1b3'}
2021-12-08 14:35:29,258 - root - INFO - *******返回数据： {'code': 214020, 'message': '快照名称只能输入数字、字母、-、_, 只允许以英文开头', 'data': None, 'level': 3}
2021-12-08 14:35:29,258 - root - INFO - *******测试案例名称： TestCase009_新建快照-name以下划线_开头 执行完毕********
2021-12-08 14:35:29,258 - root - INFO - ****************创建数据盘快照接口结束****************
2021-12-08 14:35:29,259 - root - INFO - ********************************************************************************
2021-12-08 14:35:29,262 - root - INFO - ********************************************************************************
2021-12-08 14:35:29,262 - root - INFO - ****************创建数据盘快照接口开始****************
2021-12-08 14:35:29,262 - root - INFO - *******测试案例名称： TestCase010_新建快照-name以短横线-开头 执行开始********
2021-12-08 14:35:29,263 - root - INFO - *******测试数据： {'name': '-1234567890a', 'description': '新建快照-name以短横线-开头', 'volume': 'deb69c4a-c212-4d3d-9aeb-806f9941e1b3'}
2021-12-08 14:35:29,287 - root - INFO - *******返回数据： {'code': 214020, 'message': '快照名称只能输入数字、字母、-、_, 只允许以英文开头', 'data': None, 'level': 3}
2021-12-08 14:35:29,287 - root - INFO - *******测试案例名称： TestCase010_新建快照-name以短横线-开头 执行完毕********
2021-12-08 14:35:29,287 - root - INFO - ****************创建数据盘快照接口结束****************
2021-12-08 14:35:29,288 - root - INFO - ********************************************************************************
2021-12-08 14:35:29,291 - root - INFO - ********************************************************************************
2021-12-08 14:35:29,291 - root - INFO - ****************创建数据盘快照接口开始****************
2021-12-08 14:35:29,292 - root - INFO - *******测试案例名称： TestCase011_新建快照-Des>100 执行开始********
2021-12-08 14:35:29,292 - root - INFO - *******测试数据： {'name': 'snapDesOver100', 'description': 'DesOver100CharDesOver100CharDesOver100CharDesOver100CharDesOver100CharDesOver100CharDesOver100CharDesOver100CharDesOver100Char', 'volume': ''}
2021-12-08 14:35:29,326 - root - INFO - *******返回数据： {'code': 1001, 'message': {'description': ['请确保这个字段不能超过 100 个字符。']}, 'data': None}
2021-12-08 14:35:29,327 - root - INFO - *******测试案例名称： TestCase011_新建快照-Des>100 执行完毕********
2021-12-08 14:35:29,327 - root - INFO - ****************创建数据盘快照接口结束****************
2021-12-08 14:35:29,328 - root - INFO - ********************************************************************************
2021-12-08 14:35:29,330 - root - INFO - ********************************************************************************
2021-12-08 14:35:29,331 - root - INFO - ****************创建数据盘快照接口开始****************
2021-12-08 14:35:29,331 - root - INFO - *******测试案例名称： TestCase012_新建快照-name=32_Des=100 执行开始********
2021-12-08 14:35:29,332 - root - INFO - *******测试数据： {'name': 'aaaaabbbbbcccccdddddeeeeefffff23', 'description': 'DesIs100CharsDesIs100CharsDesIs100CharsDesIs100CharsDesIs100CharsDesIs100CharsDesIs100Chars100Des100', 'volume': ''}
2021-12-08 14:35:29,600 - root - INFO - *******返回数据： {'code': 0, 'message': 'success', 'data': None}
2021-12-08 14:35:29,601 - root - INFO - *******测试案例名称： TestCase012_新建快照-name=32_Des=100 执行完毕********
2021-12-08 14:35:29,601 - root - INFO - ****************创建数据盘快照接口结束****************
2021-12-08 14:35:29,602 - root - INFO - ********************************************************************************
2021-12-08 14:35:29,604 - root - INFO - ********************************************************************************
2021-12-08 14:35:29,605 - root - INFO - ****************创建数据盘快照接口开始****************
2021-12-08 14:35:29,605 - root - INFO - *******测试案例名称： TestCase013_新建快照-重名快照_name=32_Des=100 执行开始********
2021-12-08 14:35:29,606 - root - INFO - *******测试数据： {'name': 'aaaaabbbbbcccccdddddeeeeefffff23', 'description': 'DesIs100CharsDesIs100CharsDesIs100CharsDesIs100CharsDesIs100CharsDesIs100CharsDesIs100Chars100Des100', 'volume': ''}
2021-12-08 14:35:29,656 - root - INFO - *******返回数据： {'code': 214005, 'message': '快照名称已经存在', 'data': None, 'level': 3}
2021-12-08 14:35:29,656 - root - INFO - *******测试案例名称： TestCase013_新建快照-重名快照_name=32_Des=100 执行完毕********
2021-12-08 14:35:29,656 - root - INFO - ****************创建数据盘快照接口结束****************
2021-12-08 14:35:29,657 - root - INFO - ********************************************************************************
2021-12-08 14:35:30,634 - root - INFO - **********************************************完成teardown class，退出登录**********************************************
