2022-01-07 14:46:52,553 - root - INFO - **********************************************开始setupClass，进行登录**********************************************
2022-01-07 14:46:52,897 - root - INFO - the sql is : SELECT i.id as vmId, i.name as vmName, d.id as diskId, d.name as diskName FROM cloud_instance i LEFT JOIN disk d on i.project_id=d.pool_id            where d.store_type=1 and i.project_id=%s ORDER BY i.create_time DESC limit 1;
2022-01-07 14:46:52,898 - root - INFO - the params is : c732c22666064375904c357bbecfeb1a
2022-01-07 14:46:52,901 - root - INFO - the result data is :{'vmId': 'ins-1dbf636afc9c44389f2b10deac2ad4bf', 'vmName': 'LC1', 'diskId': 'ins-1dbf636afc9c44389f2b10deac2ad4bf', 'diskName': 'SysDesIs1Char'}
2022-01-07 14:47:23,080 - root - INFO - ********************************************************************************
2022-01-07 14:47:23,080 - root - INFO - ****************回滚云组件快照接口开始****************
2022-01-07 14:47:23,081 - root - INFO - *******请求地址： http://192.168.5.170/v1/cloud/instances/ins-1dbf636afc9c44389f2b10deac2ad4bf/restore
2022-01-07 14:47:23,081 - root - INFO - *******测试案例名称： TestCase001_回滚云组件快照-缺少token 执行开始********
2022-01-07 14:47:23,081 - root - INFO - *******测试数据： {'project_id': ('c732c22666064375904c357bbecfeb1a',), 'volumes_name': ['ins-1dbf636afc9c44389f2b10deac2ad4bf'], 'snapshot_name': 'snap4_LC1_0'}
2022-01-07 14:47:23,095 - root - INFO - *******返回数据： {'code': 1005, 'message': '缺少认证信息', 'data': None, 'level': 3}
2022-01-07 14:47:23,096 - root - INFO - *******测试案例名称： TestCase001_回滚云组件快照-缺少token 执行完毕********
2022-01-07 14:47:23,096 - root - INFO - ****************回滚云组件快照接口结束****************
2022-01-07 14:47:23,096 - root - INFO - ********************************************************************************
2022-01-07 14:47:23,099 - root - INFO - ********************************************************************************
2022-01-07 14:47:23,100 - root - INFO - ****************回滚云组件快照接口开始****************
2022-01-07 14:47:23,100 - root - INFO - *******请求地址： http://192.168.5.170/v1/cloud/instances/ins-1dbf636afc9c44389f2b10deac2ad4bf/restore
2022-01-07 14:47:23,100 - root - INFO - *******测试案例名称： TestCase002_回滚云组件快照-snapshot_name为空 执行开始********
2022-01-07 14:47:23,101 - root - INFO - *******测试数据： {'project_id': ('c732c22666064375904c357bbecfeb1a',), 'volumes_name': ['ins-1dbf636afc9c44389f2b10deac2ad4bf'], 'snapshot_name': ''}
2022-01-07 14:47:23,139 - root - INFO - *******返回数据： {'code': 1001, 'message': '请求参数错误', 'data': None, 'level': 2}
2022-01-07 14:47:23,140 - root - INFO - *******测试案例名称： TestCase002_回滚云组件快照-snapshot_name为空 执行完毕********
2022-01-07 14:47:23,140 - root - INFO - ****************回滚云组件快照接口结束****************
2022-01-07 14:47:23,141 - root - INFO - ********************************************************************************
2022-01-07 14:47:23,144 - root - INFO - ********************************************************************************
2022-01-07 14:47:23,144 - root - INFO - ****************回滚云组件快照接口开始****************
2022-01-07 14:47:23,145 - root - INFO - *******请求地址： http://192.168.5.170/v1/cloud/instances/ins-1dbf636afc9c44389f2b10deac2ad4bf/restore
2022-01-07 14:47:23,145 - root - INFO - *******测试案例名称： TestCase003_回滚云组件快照-volume_name为空 执行开始********
2022-01-07 14:47:23,146 - root - INFO - *******测试数据： {'project_id': ('c732c22666064375904c357bbecfeb1a',), 'volumes_name': [], 'snapshot_name': 'snap4_LC1_0'}
2022-01-07 14:47:23,175 - root - INFO - *******返回数据： {'code': 1001, 'message': '请求参数错误', 'data': None, 'level': 2}
2022-01-07 14:47:23,175 - root - INFO - *******测试案例名称： TestCase003_回滚云组件快照-volume_name为空 执行完毕********
2022-01-07 14:47:23,176 - root - INFO - ****************回滚云组件快照接口结束****************
2022-01-07 14:47:23,177 - root - INFO - ********************************************************************************
2022-01-07 14:47:23,179 - root - INFO - ********************************************************************************
2022-01-07 14:47:23,180 - root - INFO - ****************回滚云组件快照接口开始****************
2022-01-07 14:47:23,180 - root - INFO - *******请求地址： http://192.168.5.170/v1/cloud/instances/ins-1dbf636afc9c44389f2b10deac2ad4bf/restore
2022-01-07 14:47:23,180 - root - INFO - *******测试案例名称： TestCase004_回滚云组件快照-project_id为空 执行开始********
2022-01-07 14:47:23,182 - root - INFO - *******测试数据： {'project_id': '', 'volumes_name': ['ins-1dbf636afc9c44389f2b10deac2ad4bf'], 'snapshot_name': 'snap4_LC1_0'}
2022-01-07 14:47:23,224 - root - INFO - *******返回数据： {'code': 1001, 'message': '请求参数错误', 'data': None, 'level': 2}
2022-01-07 14:47:23,224 - root - INFO - *******测试案例名称： TestCase004_回滚云组件快照-project_id为空 执行完毕********
2022-01-07 14:47:23,224 - root - INFO - ****************回滚云组件快照接口结束****************
2022-01-07 14:47:23,225 - root - INFO - ********************************************************************************
2022-01-07 14:47:23,228 - root - INFO - ********************************************************************************
2022-01-07 14:47:23,229 - root - INFO - ****************回滚云组件快照接口开始****************
2022-01-07 14:47:23,229 - root - INFO - *******请求地址： http://192.168.5.170/v1/cloud/instances/ins-1dbf636afc9c44389f2b10deac2ad4bf/restore
2022-01-07 14:47:23,230 - root - INFO - *******测试案例名称： TestCase005_回滚云组件快照-成功 执行开始********
2022-01-07 14:47:23,230 - root - INFO - *******测试数据： {'project_id': ('c732c22666064375904c357bbecfeb1a',), 'volumes_name': ['ins-1dbf636afc9c44389f2b10deac2ad4bf'], 'snapshot_name': 'snap4_LC1_0'}
2022-01-07 14:47:23,279 - root - INFO - *******返回数据： {'code': 1001, 'message': '请求参数错误', 'data': None, 'level': 2}
2022-01-07 14:47:23,279 - root - INFO - ********************************************************************************
2022-01-07 14:47:23,384 - root - INFO - **********************************************完成teardown class，退出登录**********************************************
