2022-01-07 15:02:14,487 - root - INFO - **********************************************开始setupClass，进行登录**********************************************
2022-01-07 15:02:14,759 - root - INFO - the sql is : SELECT i.id as vmId, i.name as vmName, d.id as diskId, d.name as diskName FROM cloud_instance i LEFT JOIN disk d on i.project_id=d.pool_id            where d.store_type=1 and i.project_id=%s ORDER BY i.create_time DESC limit 1;
2022-01-07 15:02:14,760 - root - INFO - the params is : c732c22666064375904c357bbecfeb1a
2022-01-07 15:02:14,762 - root - INFO - the result data is :{'vmId': 'ins-1dbf636afc9c44389f2b10deac2ad4bf', 'vmName': 'LC1', 'diskId': 'ins-1dbf636afc9c44389f2b10deac2ad4bf', 'diskName': 'SysDesIs1Char'}
2022-01-07 15:02:45,699 - root - INFO - ********************************************************************************
2022-01-07 15:02:45,700 - root - INFO - ****************回滚云组件快照接口开始****************
2022-01-07 15:02:45,700 - root - INFO - *******请求地址： http://192.168.5.170/v1/cloud/instances/ins-1dbf636afc9c44389f2b10deac2ad4bf/restore
2022-01-07 15:02:45,701 - root - INFO - *******测试案例名称： TestCase001_回滚云组件快照-缺少token 执行开始********
2022-01-07 15:02:45,701 - root - INFO - *******测试数据： {'project_id': 'c732c22666064375904c357bbecfeb1a', 'volumes_name': ['ins-1dbf636afc9c44389f2b10deac2ad4bf'], 'snapshot_name': 'snap4_LC1_0'}
2022-01-07 15:02:45,710 - root - INFO - *******返回数据： {'code': 1005, 'message': '缺少认证信息', 'data': None, 'level': 3}
2022-01-07 15:02:45,710 - root - INFO - *******测试案例名称： TestCase001_回滚云组件快照-缺少token 执行完毕********
2022-01-07 15:02:45,711 - root - INFO - ****************回滚云组件快照接口结束****************
2022-01-07 15:02:45,711 - root - INFO - ********************************************************************************
2022-01-07 15:02:45,715 - root - INFO - ********************************************************************************
2022-01-07 15:02:45,716 - root - INFO - ****************回滚云组件快照接口开始****************
2022-01-07 15:02:45,716 - root - INFO - *******请求地址： http://192.168.5.170/v1/cloud/instances/ins-1dbf636afc9c44389f2b10deac2ad4bf/restore
2022-01-07 15:02:45,717 - root - INFO - *******测试案例名称： TestCase002_回滚云组件快照-snapshot_name为空 执行开始********
2022-01-07 15:02:45,717 - root - INFO - *******测试数据： {'project_id': 'c732c22666064375904c357bbecfeb1a', 'volumes_name': ['ins-1dbf636afc9c44389f2b10deac2ad4bf'], 'snapshot_name': ''}
2022-01-07 15:02:45,741 - root - INFO - *******返回数据： {'code': 1001, 'message': '请求参数错误', 'data': None, 'level': 2}
2022-01-07 15:02:45,741 - root - INFO - *******测试案例名称： TestCase002_回滚云组件快照-snapshot_name为空 执行完毕********
2022-01-07 15:02:45,741 - root - INFO - ****************回滚云组件快照接口结束****************
2022-01-07 15:02:45,742 - root - INFO - ********************************************************************************
2022-01-07 15:02:45,745 - root - INFO - ********************************************************************************
2022-01-07 15:02:45,745 - root - INFO - ****************回滚云组件快照接口开始****************
2022-01-07 15:02:45,746 - root - INFO - *******请求地址： http://192.168.5.170/v1/cloud/instances/ins-1dbf636afc9c44389f2b10deac2ad4bf/restore
2022-01-07 15:02:45,746 - root - INFO - *******测试案例名称： TestCase003_回滚云组件快照-volume_name为空 执行开始********
2022-01-07 15:02:45,747 - root - INFO - *******测试数据： {'project_id': 'c732c22666064375904c357bbecfeb1a', 'volumes_name': [], 'snapshot_name': 'snap4_LC1_0'}
2022-01-07 15:02:46,083 - root - INFO - *******返回数据： {'code': 0, 'message': '快照回滚进行中-预计时间1分钟', 'data': None}
2022-01-07 15:02:46,084 - root - INFO - ********************************************************************************
2022-01-07 15:02:46,168 - root - INFO - ********************************************************************************
2022-01-07 15:02:46,169 - root - INFO - ****************回滚云组件快照接口开始****************
2022-01-07 15:02:46,169 - root - INFO - *******请求地址： http://192.168.5.170/v1/cloud/instances/ins-1dbf636afc9c44389f2b10deac2ad4bf/restore
2022-01-07 15:02:46,170 - root - INFO - *******测试案例名称： TestCase004_回滚云组件快照-project_id为空 执行开始********
2022-01-07 15:02:46,170 - root - INFO - *******测试数据： {'project_id': '', 'volumes_name': ['ins-1dbf636afc9c44389f2b10deac2ad4bf'], 'snapshot_name': 'snap4_LC1_0'}
2022-01-07 15:02:46,230 - root - INFO - *******返回数据： {'code': 1001, 'message': '请求参数错误', 'data': None, 'level': 2}
2022-01-07 15:02:46,231 - root - INFO - *******测试案例名称： TestCase004_回滚云组件快照-project_id为空 执行完毕********
2022-01-07 15:02:46,231 - root - INFO - ****************回滚云组件快照接口结束****************
2022-01-07 15:02:46,231 - root - INFO - ********************************************************************************
2022-01-07 15:02:46,234 - root - INFO - ********************************************************************************
2022-01-07 15:02:46,235 - root - INFO - ****************回滚云组件快照接口开始****************
2022-01-07 15:02:46,235 - root - INFO - *******请求地址： http://192.168.5.170/v1/cloud/instances/ins-1dbf636afc9c44389f2b10deac2ad4bf/restore
2022-01-07 15:02:46,235 - root - INFO - *******测试案例名称： TestCase005_回滚云组件快照-成功 执行开始********
2022-01-07 15:02:46,236 - root - INFO - *******测试数据： {'project_id': 'c732c22666064375904c357bbecfeb1a', 'volumes_name': ['ins-1dbf636afc9c44389f2b10deac2ad4bf'], 'snapshot_name': 'snap4_LC1_0'}
2022-01-07 15:02:46,924 - root - INFO - *******返回数据： {'code': 0, 'message': '快照回滚进行中-预计时间1分钟', 'data': None}
2022-01-07 15:02:46,924 - root - INFO - *******测试案例名称： TestCase005_回滚云组件快照-成功 执行完毕********
2022-01-07 15:02:46,924 - root - INFO - ****************回滚云组件快照接口结束****************
2022-01-07 15:02:46,925 - root - INFO - ********************************************************************************
2022-01-07 15:02:46,946 - root - INFO - **********************************************完成teardown class，退出登录**********************************************
