2022-04-21 13:40:08,814 - root - INFO - **********************************************开始setupClass，进行登录**********************************************
2022-04-21 13:40:09,001 - root - INFO - ********************************************************************************
2022-04-21 13:40:09,002 - root - INFO - ****************获取数据盘列表接口开始****************
2022-04-21 13:40:09,002 - root - INFO - *******测试案例名称： TestCase001_查看云硬盘列表-数统盘 执行开始********
2022-04-21 13:40:09,003 - root - INFO - *******测试数据： {'page': 1, 'size': 10, 'info': 'data'}
2022-04-21 13:40:09,031 - root - INFO - *******返回数据： {'code': 0, 'message': 'success', 'data': [{'instances': ['ins-bdbb48be23bb432da713cae9f0c00d75'], 'id': 'cf256e7f-e7cf-4519-b3c3-ef7c337b4bc9', 'project_name': 'LeonaTestPool', 'project_id': 'eec452bb462b4edead7e7750394bcb3e', 'pool_name': 'LeonaTestPool', 'name': 'AD1', 'size': 20480, 'disk_type': 0, 'disk_status': 0, 'description': '', 'share_vol': 1, 'created_time': '2022-04-21 11:26:48', 'path': [{'diskdetailmodel__path': '/mnt/AD1'}], 'is_snapshoted': 0, 'names': ['LC4']}], 'total': 1}
2022-04-21 13:40:09,032 - root - INFO - *******测试案例名称： TestCase001_查看云硬盘列表-数统盘 执行完毕********
2022-04-21 13:40:09,033 - root - INFO - ****************获取数据盘列表接口结束****************
2022-04-21 13:40:09,033 - root - INFO - ********************************************************************************
2022-04-21 13:40:09,034 - root - INFO - ********************************************************************************
2022-04-21 13:40:09,034 - root - INFO - ****************获取数据盘列表接口开始****************
2022-04-21 13:40:09,034 - root - INFO - *******测试案例名称： TestCase002_查看云硬盘列表-缺少token 执行开始********
2022-04-21 13:40:09,035 - root - INFO - *******测试数据： {'storage_limit': 10, 'add_size': 0, 'project_id': 'f9d31e23e30c41b1a42d53ef95c8dec6'}
2022-04-21 13:40:09,042 - root - INFO - *******返回数据： {'code': 1005, 'message': '缺少认证信息', 'data': None, 'level': 3}
2022-04-21 13:40:09,043 - root - INFO - *******测试案例名称： TestCase002_查看云硬盘列表-缺少token 执行完毕********
2022-04-21 13:40:09,043 - root - INFO - ****************获取数据盘列表接口结束****************
2022-04-21 13:40:09,044 - root - INFO - ********************************************************************************
2022-04-21 13:40:09,058 - root - INFO - **********************************************完成teardown class，退出登录**********************************************
2022-04-21 13:40:09,059 - root - INFO - **********************************************开始setupClass，进行登录**********************************************
2022-04-21 13:40:09,245 - root - INFO - ********************************************************************************
2022-04-21 13:40:09,245 - root - INFO - ****************获取系统盘列表接口开始****************
2022-04-21 13:40:09,245 - root - INFO - *******测试案例名称： TestCase001_查看云硬盘列表-系统盘 执行开始********
2022-04-21 13:40:09,246 - root - INFO - *******测试数据： {'page': 1, 'size': 10, 'info': 'sys'}
2022-04-21 13:40:09,274 - root - INFO - *******返回数据： {'code': 0, 'message': 'success', 'data': [{'instances': ['ins-bdbb48be23bb432da713cae9f0c00d75'], 'id': 'cf256e7f-e7cf-4519-b3c3-ef7c337b4bc9', 'project_name': 'LeonaTestPool', 'project_id': 'eec452bb462b4edead7e7750394bcb3e', 'pool_name': 'LeonaTestPool', 'name': 'AD1', 'size': 20480, 'disk_type': 0, 'disk_status': 0, 'description': '', 'share_vol': 1, 'created_time': '2022-04-21 11:26:48', 'path': [{'diskdetailmodel__path': '/mnt/AD1'}], 'is_snapshoted': 0, 'names': ['LC4']}], 'total': 1}
2022-04-21 13:40:09,275 - root - INFO - *******测试案例名称： TestCase001_查看云硬盘列表-系统盘 执行完毕********
2022-04-21 13:40:09,275 - root - INFO - ****************获取系统盘列表接口结束****************
2022-04-21 13:40:09,276 - root - INFO - ********************************************************************************
2022-04-21 13:40:09,276 - root - INFO - ********************************************************************************
2022-04-21 13:40:09,277 - root - INFO - ****************获取系统盘列表接口开始****************
2022-04-21 13:40:09,277 - root - INFO - *******测试案例名称： TestCase002_查看云硬盘列表-缺少token 执行开始********
2022-04-21 13:40:09,277 - root - INFO - *******测试数据： {'storage_limit': 10, 'add_size': 0, 'project_id': 'f9d31e23e30c41b1a42d53ef95c8dec6'}
2022-04-21 13:40:09,285 - root - INFO - *******返回数据： {'code': 1005, 'message': '缺少认证信息', 'data': None, 'level': 3}
2022-04-21 13:40:09,286 - root - INFO - *******测试案例名称： TestCase002_查看云硬盘列表-缺少token 执行完毕********
2022-04-21 13:40:09,286 - root - INFO - ****************获取系统盘列表接口结束****************
2022-04-21 13:40:09,286 - root - INFO - ********************************************************************************
2022-04-21 13:40:09,301 - root - INFO - **********************************************完成teardown class，退出登录**********************************************
2022-04-21 13:40:09,301 - root - INFO - **********************************************开始setupClass，进行登录**********************************************
2022-04-21 13:40:09,487 - root - INFO - ********************************************************************************
2022-04-21 13:40:09,487 - root - INFO - ****************编辑数据盘列表接口开始****************
2022-04-21 13:40:09,516 - root - INFO - *******测试案例名称： TestCase001_编辑数据盘-name为空 执行开始********
2022-04-21 13:40:09,516 - root - INFO - *******测试数据： {'name': '', 'description': '编辑数据盘-name为空', 'store_type': 0, 'id': 'cf256e7f-e7cf-4519-b3c3-ef7c337b4bc9', 'size': 20480, 'disk_type': 0, 'disk_status': 0, 'share_vol': 1, 'created_time': '2022-04-21 11:26:48', 'is_snapshoted': 0, 'instances': ['ins-bdbb48be23bb432da713cae9f0c00d75'], 'path': [{'diskdetailmodel__path': '/mnt/AD1'}], 'project_name': 'LeonaTestPool', 'project_id': 'eec452bb462b4edead7e7750394bcb3e', 'pool_name': 'LeonaTestPool'}
2022-04-21 13:40:09,534 - root - INFO - *******返回数据： {'code': 1001, 'message': '请求参数错误', 'data': None, 'level': 2}
2022-04-21 13:40:09,534 - root - INFO - *******测试案例名称： TestCase001_编辑数据盘-name为空 执行完毕********
2022-04-21 13:40:09,534 - root - INFO - ****************编辑数据盘列表接口结束****************
2022-04-21 13:40:09,535 - root - INFO - ********************************************************************************
2022-04-21 13:40:09,535 - root - INFO - ********************************************************************************
2022-04-21 13:40:09,535 - root - INFO - ****************编辑数据盘列表接口开始****************
2022-04-21 13:40:09,563 - root - INFO - *******测试案例名称： TestCase002_编辑数据盘-name为特殊字符 执行开始********
2022-04-21 13:40:09,564 - root - INFO - *******测试数据： {'name': '@￥@#%￥#%￥', 'description': '编辑数据盘-name为特殊字符', 'store_type': 0, 'id': 'cf256e7f-e7cf-4519-b3c3-ef7c337b4bc9', 'size': 20480, 'disk_type': 0, 'disk_status': 0, 'share_vol': 1, 'created_time': '2022-04-21 11:26:48', 'is_snapshoted': 0, 'instances': ['ins-bdbb48be23bb432da713cae9f0c00d75'], 'path': [{'diskdetailmodel__path': '/mnt/AD1'}], 'project_name': 'LeonaTestPool', 'project_id': 'eec452bb462b4edead7e7750394bcb3e', 'pool_name': 'LeonaTestPool'}
2022-04-21 13:40:09,584 - root - INFO - *******返回数据： {'code': 214024, 'message': '云硬盘名称只能输入字母、数字、汉字、横线以及下划线', 'data': None, 'level': 3}
2022-04-21 13:40:09,584 - root - INFO - *******测试案例名称： TestCase002_编辑数据盘-name为特殊字符 执行完毕********
2022-04-21 13:40:09,584 - root - INFO - ****************编辑数据盘列表接口结束****************
2022-04-21 13:40:09,585 - root - INFO - ********************************************************************************
2022-04-21 13:40:09,585 - root - INFO - ********************************************************************************
2022-04-21 13:40:09,585 - root - INFO - ****************编辑数据盘列表接口开始****************
2022-04-21 13:40:09,612 - root - INFO - *******测试案例名称： TestCase003_编辑数据盘-name为中文名称 执行开始********
2022-04-21 13:40:09,612 - root - INFO - *******测试数据： {'name': '中文名称数据盘', 'description': '编辑数据盘-name为中文名称', 'store_type': 0, 'id': 'cf256e7f-e7cf-4519-b3c3-ef7c337b4bc9', 'size': 20480, 'disk_type': 0, 'disk_status': 0, 'share_vol': 1, 'created_time': '2022-04-21 11:26:48', 'is_snapshoted': 0, 'instances': ['ins-bdbb48be23bb432da713cae9f0c00d75'], 'path': [{'diskdetailmodel__path': '/mnt/AD1'}], 'project_name': 'LeonaTestPool', 'project_id': 'eec452bb462b4edead7e7750394bcb3e', 'pool_name': 'LeonaTestPool'}
2022-04-21 13:40:09,641 - root - INFO - *******返回数据： {'code': 0, 'message': 'success', 'data': {'name': '中文名称数据盘', 'description': '编辑数据盘-name为中文名称', 'store_type': 0}}
2022-04-21 13:40:09,642 - root - INFO - *******测试案例名称： TestCase003_编辑数据盘-name为中文名称 执行完毕********
2022-04-21 13:40:09,642 - root - INFO - ****************编辑数据盘列表接口结束****************
2022-04-21 13:40:09,643 - root - INFO - ********************************************************************************
2022-04-21 13:40:09,643 - root - INFO - ********************************************************************************
2022-04-21 13:40:09,643 - root - INFO - ****************编辑数据盘列表接口开始****************
2022-04-21 13:40:09,672 - root - INFO - *******测试案例名称： TestCase004_编辑数据盘-name为数字 执行开始********
2022-04-21 13:40:09,673 - root - INFO - *******测试数据： {'name': '123456', 'description': '编辑数据盘-name为数字', 'store_type': 0, 'id': 'cf256e7f-e7cf-4519-b3c3-ef7c337b4bc9', 'size': 20480, 'disk_type': 0, 'disk_status': 0, 'share_vol': 1, 'created_time': '2022-04-21 11:26:48', 'is_snapshoted': 0, 'instances': ['ins-bdbb48be23bb432da713cae9f0c00d75'], 'path': [{'diskdetailmodel__path': '/mnt/AD1'}], 'project_name': 'LeonaTestPool', 'project_id': 'eec452bb462b4edead7e7750394bcb3e', 'pool_name': 'LeonaTestPool'}
2022-04-21 13:40:09,704 - root - INFO - *******返回数据： {'code': 0, 'message': 'success', 'data': {'name': '123456', 'description': '编辑数据盘-name为数字', 'store_type': 0}}
2022-04-21 13:40:09,704 - root - INFO - *******测试案例名称： TestCase004_编辑数据盘-name为数字 执行完毕********
2022-04-21 13:40:09,704 - root - INFO - ****************编辑数据盘列表接口结束****************
2022-04-21 13:40:09,705 - root - INFO - ********************************************************************************
2022-04-21 13:40:09,705 - root - INFO - ********************************************************************************
2022-04-21 13:40:09,705 - root - INFO - ****************编辑数据盘列表接口开始****************
2022-04-21 13:40:09,734 - root - INFO - *******测试案例名称： TestCase005_编辑数据盘-name为下划线 执行开始********
2022-04-21 13:40:09,735 - root - INFO - *******测试数据： {'name': '______', 'description': '编辑数据盘-name为下划线', 'store_type': 0, 'id': 'cf256e7f-e7cf-4519-b3c3-ef7c337b4bc9', 'size': 20480, 'disk_type': 0, 'disk_status': 0, 'share_vol': 1, 'created_time': '2022-04-21 11:26:48', 'is_snapshoted': 0, 'instances': ['ins-bdbb48be23bb432da713cae9f0c00d75'], 'path': [{'diskdetailmodel__path': '/mnt/AD1'}], 'project_name': 'LeonaTestPool', 'project_id': 'eec452bb462b4edead7e7750394bcb3e', 'pool_name': 'LeonaTestPool'}
2022-04-21 13:40:09,764 - root - INFO - *******返回数据： {'code': 0, 'message': 'success', 'data': {'name': '______', 'description': '编辑数据盘-name为下划线', 'store_type': 0}}
2022-04-21 13:40:09,764 - root - INFO - *******测试案例名称： TestCase005_编辑数据盘-name为下划线 执行完毕********
2022-04-21 13:40:09,764 - root - INFO - ****************编辑数据盘列表接口结束****************
2022-04-21 13:40:09,765 - root - INFO - ********************************************************************************
2022-04-21 13:40:09,765 - root - INFO - ********************************************************************************
2022-04-21 13:40:09,765 - root - INFO - ****************编辑数据盘列表接口开始****************
2022-04-21 13:40:09,795 - root - INFO - *******测试案例名称： TestCase006_编辑数据盘-name为短横线 执行开始********
2022-04-21 13:40:09,795 - root - INFO - *******测试数据： {'name': '-----', 'description': '编辑数据盘-name为下划线', 'store_type': 0, 'id': 'cf256e7f-e7cf-4519-b3c3-ef7c337b4bc9', 'size': 20480, 'disk_type': 0, 'disk_status': 0, 'share_vol': 1, 'created_time': '2022-04-21 11:26:48', 'is_snapshoted': 0, 'instances': ['ins-bdbb48be23bb432da713cae9f0c00d75'], 'path': [{'diskdetailmodel__path': '/mnt/AD1'}], 'project_name': 'LeonaTestPool', 'project_id': 'eec452bb462b4edead7e7750394bcb3e', 'pool_name': 'LeonaTestPool'}
2022-04-21 13:40:09,824 - root - INFO - *******返回数据： {'code': 0, 'message': 'success', 'data': {'name': '-----', 'description': '编辑数据盘-name为下划线', 'store_type': 0}}
2022-04-21 13:40:09,824 - root - INFO - *******测试案例名称： TestCase006_编辑数据盘-name为短横线 执行完毕********
2022-04-21 13:40:09,824 - root - INFO - ****************编辑数据盘列表接口结束****************
2022-04-21 13:40:09,825 - root - INFO - ********************************************************************************
2022-04-21 13:40:09,825 - root - INFO - ********************************************************************************
2022-04-21 13:40:09,825 - root - INFO - ****************编辑数据盘列表接口开始****************
2022-04-21 13:40:09,858 - root - INFO - *******测试案例名称： TestCase007_编辑数据盘-name超过32个字符 执行开始********
2022-04-21 13:40:09,859 - root - INFO - *******测试数据： {'name': 'DatanameIsOver32DatanameIsOve32DatanameOver32', 'description': '编辑数据盘-name超过32个字符', 'store_type': 0, 'id': 'cf256e7f-e7cf-4519-b3c3-ef7c337b4bc9', 'size': 20480, 'disk_type': 0, 'disk_status': 0, 'share_vol': 1, 'created_time': '2022-04-21 11:26:48', 'is_snapshoted': 0, 'instances': ['ins-bdbb48be23bb432da713cae9f0c00d75'], 'path': [{'diskdetailmodel__path': '/mnt/AD1'}], 'project_name': 'LeonaTestPool', 'project_id': 'eec452bb462b4edead7e7750394bcb3e', 'pool_name': 'LeonaTestPool'}
2022-04-21 13:40:09,883 - root - INFO - *******返回数据： {'code': 214023, 'message': '数据盘名称过长', 'data': None, 'level': 3}
2022-04-21 13:40:09,883 - root - INFO - *******测试案例名称： TestCase007_编辑数据盘-name超过32个字符 执行完毕********
2022-04-21 13:40:09,883 - root - INFO - ****************编辑数据盘列表接口结束****************
2022-04-21 13:40:09,884 - root - INFO - ********************************************************************************
2022-04-21 13:40:09,884 - root - INFO - ********************************************************************************
2022-04-21 13:40:09,885 - root - INFO - ****************编辑数据盘列表接口开始****************
2022-04-21 13:40:09,920 - root - INFO - *******测试案例名称： TestCase008_编辑数据盘-name等于32个字符 执行开始********
2022-04-21 13:40:09,920 - root - INFO - *******测试数据： {'name': 'DatanameIs32DatanameIs32Dataname', 'description': '编辑数据盘-name等于32个字符', 'store_type': 0, 'id': 'cf256e7f-e7cf-4519-b3c3-ef7c337b4bc9', 'size': 20480, 'disk_type': 0, 'disk_status': 0, 'share_vol': 1, 'created_time': '2022-04-21 11:26:48', 'is_snapshoted': 0, 'instances': ['ins-bdbb48be23bb432da713cae9f0c00d75'], 'path': [{'diskdetailmodel__path': '/mnt/AD1'}], 'project_name': 'LeonaTestPool', 'project_id': 'eec452bb462b4edead7e7750394bcb3e', 'pool_name': 'LeonaTestPool'}
2022-04-21 13:40:09,955 - root - INFO - *******返回数据： {'code': 0, 'message': 'success', 'data': {'name': 'DatanameIs32DatanameIs32Dataname', 'description': '编辑数据盘-name等于32个字符', 'store_type': 0}}
2022-04-21 13:40:09,955 - root - INFO - *******测试案例名称： TestCase008_编辑数据盘-name等于32个字符 执行完毕********
2022-04-21 13:40:09,955 - root - INFO - ****************编辑数据盘列表接口结束****************
2022-04-21 13:40:09,956 - root - INFO - ********************************************************************************
2022-04-21 13:40:09,956 - root - INFO - ********************************************************************************
2022-04-21 13:40:09,956 - root - INFO - ****************编辑数据盘列表接口开始****************
2022-04-21 13:40:09,994 - root - INFO - *******测试案例名称： TestCase009_查看云硬盘列表-缺少token 执行开始********
2022-04-21 13:40:09,994 - root - INFO - *******测试数据： {'storage_limit': 10, 'add_size': 0, 'project_id': 'eec452bb462b4edead7e7750394bcb3e', 'store_type': 0, 'id': 'cf256e7f-e7cf-4519-b3c3-ef7c337b4bc9', 'size': 20480, 'disk_type': 0, 'disk_status': 0, 'share_vol': 1, 'created_time': '2022-04-21 11:26:48', 'is_snapshoted': 0, 'instances': ['ins-bdbb48be23bb432da713cae9f0c00d75'], 'path': [{'diskdetailmodel__path': '/mnt/AD1'}], 'project_name': 'LeonaTestPool', 'pool_name': 'LeonaTestPool'}
2022-04-21 13:40:10,003 - root - INFO - *******返回数据： {'code': 1005, 'message': '缺少认证信息', 'data': None, 'level': 3}
2022-04-21 13:40:10,004 - root - INFO - *******测试案例名称： TestCase009_查看云硬盘列表-缺少token 执行完毕********
2022-04-21 13:40:10,004 - root - INFO - ****************编辑数据盘列表接口结束****************
2022-04-21 13:40:10,004 - root - INFO - ********************************************************************************
2022-04-21 13:40:10,005 - root - INFO - ********************************************************************************
2022-04-21 13:40:10,006 - root - INFO - ****************编辑数据盘列表接口开始****************
2022-04-21 13:40:10,041 - root - INFO - *******测试案例名称： TestCase010_编辑数据盘-Des大于100个字符 执行开始********
2022-04-21 13:40:10,041 - root - INFO - *******测试数据： {'name': 'DataDesIsOver100Chars', 'description': 'DesIsOver100Chars！#@@%#%DesIsOver100Chars！#@@%#%DesIsOver100Chars！#@@%#%DesIsOver100Chars！#@@%#%DesIsOver100Chars！#@@%#%', 'store_type': 0, 'id': 'cf256e7f-e7cf-4519-b3c3-ef7c337b4bc9', 'size': 20480, 'disk_type': 0, 'disk_status': 0, 'share_vol': 1, 'created_time': '2022-04-21 11:26:48', 'is_snapshoted': 0, 'instances': ['ins-bdbb48be23bb432da713cae9f0c00d75'], 'path': [{'diskdetailmodel__path': '/mnt/AD1'}], 'project_name': 'LeonaTestPool', 'project_id': 'eec452bb462b4edead7e7750394bcb3e', 'pool_name': 'LeonaTestPool'}
2022-04-21 13:40:10,059 - root - INFO - *******返回数据： {'code': 1001, 'message': '请求参数错误', 'data': None, 'level': 2}
2022-04-21 13:40:10,059 - root - INFO - *******测试案例名称： TestCase010_编辑数据盘-Des大于100个字符 执行完毕********
2022-04-21 13:40:10,059 - root - INFO - ****************编辑数据盘列表接口结束****************
2022-04-21 13:40:10,060 - root - INFO - ********************************************************************************
2022-04-21 13:40:10,060 - root - INFO - ********************************************************************************
2022-04-21 13:40:10,060 - root - INFO - ****************编辑数据盘列表接口开始****************
2022-04-21 13:40:10,091 - root - INFO - *******测试案例名称： TestCase011_编辑数据盘-Des等于100个字符 执行开始********
2022-04-21 13:40:10,091 - root - INFO - *******测试数据： {'name': 'DataDesIs100Chars', 'description': 'DesIs100Chars！#@@%#%DesIs100Chars！#@@%#%DesIs100Chars！#@@%#%DesIs100Chars！#@@%#%DesIs100Chars！#@@%#%', 'store_type': 0, 'id': 'cf256e7f-e7cf-4519-b3c3-ef7c337b4bc9', 'size': 20480, 'disk_type': 0, 'disk_status': 0, 'share_vol': 1, 'created_time': '2022-04-21 11:26:48', 'is_snapshoted': 0, 'instances': ['ins-bdbb48be23bb432da713cae9f0c00d75'], 'path': [{'diskdetailmodel__path': '/mnt/AD1'}], 'project_name': 'LeonaTestPool', 'project_id': 'eec452bb462b4edead7e7750394bcb3e', 'pool_name': 'LeonaTestPool'}
2022-04-21 13:40:10,122 - root - INFO - *******返回数据： {'code': 0, 'message': 'success', 'data': {'name': 'DataDesIs100Chars', 'description': 'DesIs100Chars！#@@%#%DesIs100Chars！#@@%#%DesIs100Chars！#@@%#%DesIs100Chars！#@@%#%DesIs100Chars！#@@%#%', 'store_type': 0}}
2022-04-21 13:40:10,122 - root - INFO - *******测试案例名称： TestCase011_编辑数据盘-Des等于100个字符 执行完毕********
2022-04-21 13:40:10,122 - root - INFO - ****************编辑数据盘列表接口结束****************
2022-04-21 13:40:10,123 - root - INFO - ********************************************************************************
2022-04-21 13:40:10,123 - root - INFO - ********************************************************************************
2022-04-21 13:40:10,123 - root - INFO - ****************编辑数据盘列表接口开始****************
2022-04-21 13:40:10,154 - root - INFO - *******测试案例名称： TestCase012_编辑数据盘-Des为空 执行开始********
2022-04-21 13:40:10,155 - root - INFO - *******测试数据： {'name': 'DataDesIsNull', 'description': '', 'store_type': 0, 'id': 'cf256e7f-e7cf-4519-b3c3-ef7c337b4bc9', 'size': 20480, 'disk_type': 0, 'disk_status': 0, 'share_vol': 1, 'created_time': '2022-04-21 11:26:48', 'is_snapshoted': 0, 'instances': ['ins-bdbb48be23bb432da713cae9f0c00d75'], 'path': [{'diskdetailmodel__path': '/mnt/AD1'}], 'project_name': 'LeonaTestPool', 'project_id': 'eec452bb462b4edead7e7750394bcb3e', 'pool_name': 'LeonaTestPool'}
2022-04-21 13:40:10,189 - root - INFO - *******返回数据： {'code': 0, 'message': 'success', 'data': {'name': 'DataDesIsNull', 'description': '', 'store_type': 0}}
2022-04-21 13:40:10,189 - root - INFO - *******测试案例名称： TestCase012_编辑数据盘-Des为空 执行完毕********
2022-04-21 13:40:10,189 - root - INFO - ****************编辑数据盘列表接口结束****************
2022-04-21 13:40:10,190 - root - INFO - ********************************************************************************
2022-04-21 13:40:10,190 - root - INFO - ********************************************************************************
2022-04-21 13:40:10,190 - root - INFO - ****************编辑数据盘列表接口开始****************
2022-04-21 13:40:10,222 - root - INFO - *******测试案例名称： TestCase013_编辑数据盘-Des为单个字符 执行开始********
2022-04-21 13:40:10,223 - root - INFO - *******测试数据： {'name': 'DataDesIs1Char', 'description': 'A', 'store_type': 0, 'id': 'cf256e7f-e7cf-4519-b3c3-ef7c337b4bc9', 'size': 20480, 'disk_type': 0, 'disk_status': 0, 'share_vol': 1, 'created_time': '2022-04-21 11:26:48', 'is_snapshoted': 0, 'instances': ['ins-bdbb48be23bb432da713cae9f0c00d75'], 'path': [{'diskdetailmodel__path': '/mnt/AD1'}], 'project_name': 'LeonaTestPool', 'project_id': 'eec452bb462b4edead7e7750394bcb3e', 'pool_name': 'LeonaTestPool'}
2022-04-21 13:40:10,254 - root - INFO - *******返回数据： {'code': 0, 'message': 'success', 'data': {'name': 'DataDesIs1Char', 'description': 'A', 'store_type': 0}}
2022-04-21 13:40:10,254 - root - INFO - *******测试案例名称： TestCase013_编辑数据盘-Des为单个字符 执行完毕********
2022-04-21 13:40:10,254 - root - INFO - ****************编辑数据盘列表接口结束****************
2022-04-21 13:40:10,255 - root - INFO - ********************************************************************************
2022-04-21 13:40:10,270 - root - INFO - **********************************************完成teardown class，退出登录**********************************************
2022-04-21 13:40:10,271 - root - INFO - **********************************************开始setupClass，进行登录**********************************************
2022-04-21 13:40:10,457 - root - INFO - ********************************************************************************
2022-04-21 13:40:10,457 - root - INFO - ****************编辑系统盘列表接口开始****************
2022-04-21 13:40:10,508 - root - INFO - *******测试案例名称： TestCase001_编辑系统盘-name为空 执行开始********
2022-04-21 13:40:10,509 - root - INFO - *******测试数据： {'name': '', 'description': '编辑系统盘-name为空', 'store_type': 1, 'id': 'ins-10dbb56d0fd54a0a8dfd1511e9c4b94a', 'size': 1024, 'disk_type': 1, 'disk_status': 0, 'created_time': '2022-04-21 13:22:11', 'is_snapshoted': 0, 'project_name': 'aaa', 'project_id': '0cc1433f71c847549e6086ccbbe82f62', 'pool_name': 'aaa'}
2022-04-21 13:40:10,525 - root - INFO - *******返回数据： {'code': 1001, 'message': '请求参数错误', 'data': None, 'level': 2}
2022-04-21 13:40:10,525 - root - INFO - *******测试案例名称： TestCase001_编辑系统盘-name为空 执行完毕********
2022-04-21 13:40:10,525 - root - INFO - ****************编辑系统盘列表接口结束****************
2022-04-21 13:40:10,526 - root - INFO - ********************************************************************************
2022-04-21 13:40:10,526 - root - INFO - ********************************************************************************
2022-04-21 13:40:10,526 - root - INFO - ****************编辑系统盘列表接口开始****************
2022-04-21 13:40:10,564 - root - INFO - *******测试案例名称： TestCase002_编辑系统盘-name为特殊字符 执行开始********
2022-04-21 13:40:10,564 - root - INFO - *******测试数据： {'name': '@￥@#%￥#%￥', 'description': '编辑系统盘-name为特殊字符', 'store_type': 1, 'id': 'ins-10dbb56d0fd54a0a8dfd1511e9c4b94a', 'size': 1024, 'disk_type': 1, 'disk_status': 0, 'created_time': '2022-04-21 13:22:11', 'is_snapshoted': 0, 'project_name': 'aaa', 'project_id': '0cc1433f71c847549e6086ccbbe82f62', 'pool_name': 'aaa'}
2022-04-21 13:40:10,582 - root - INFO - *******返回数据： {'code': 214024, 'message': '云硬盘名称只能输入字母、数字、汉字、横线以及下划线', 'data': None, 'level': 3}
2022-04-21 13:40:10,582 - root - INFO - *******测试案例名称： TestCase002_编辑系统盘-name为特殊字符 执行完毕********
2022-04-21 13:40:10,582 - root - INFO - ****************编辑系统盘列表接口结束****************
2022-04-21 13:40:10,583 - root - INFO - ********************************************************************************
2022-04-21 13:40:10,583 - root - INFO - ********************************************************************************
2022-04-21 13:40:10,583 - root - INFO - ****************编辑系统盘列表接口开始****************
2022-04-21 13:40:10,624 - root - INFO - *******测试案例名称： TestCase003_编辑系统盘-name为中文名称 执行开始********
2022-04-21 13:40:10,624 - root - INFO - *******测试数据： {'name': '中文名称系统盘', 'description': '编辑系统盘-name为中文名称', 'id': 'ins-10dbb56d0fd54a0a8dfd1511e9c4b94a', 'size': 1024, 'disk_type': 1, 'disk_status': 0, 'created_time': '2022-04-21 13:22:11', 'is_snapshoted': 0, 'project_name': 'aaa', 'project_id': '0cc1433f71c847549e6086ccbbe82f62', 'pool_name': 'aaa'}
2022-04-21 13:40:10,664 - root - INFO - *******返回数据： {'code': 0, 'message': 'success', 'data': {'name': '中文名称系统盘', 'description': '编辑系统盘-name为中文名称'}}
2022-04-21 13:40:10,664 - root - INFO - *******测试案例名称： TestCase003_编辑系统盘-name为中文名称 执行完毕********
2022-04-21 13:40:10,664 - root - INFO - ****************编辑系统盘列表接口结束****************
2022-04-21 13:40:10,665 - root - INFO - ********************************************************************************
2022-04-21 13:40:10,665 - root - INFO - ********************************************************************************
2022-04-21 13:40:10,666 - root - INFO - ****************编辑系统盘列表接口开始****************
2022-04-21 13:40:10,712 - root - INFO - *******测试案例名称： TestCase004_编辑系统盘-name为数字 执行开始********
2022-04-21 13:40:10,713 - root - INFO - *******测试数据： {'name': '123456', 'description': '编辑系统盘-name为数字', 'store_type': 1, 'id': 'ins-10dbb56d0fd54a0a8dfd1511e9c4b94a', 'size': 1024, 'disk_type': 1, 'disk_status': 0, 'created_time': '2022-04-21 13:22:11', 'is_snapshoted': 0, 'project_name': 'aaa', 'project_id': '0cc1433f71c847549e6086ccbbe82f62', 'pool_name': 'aaa'}
2022-04-21 13:40:10,742 - root - INFO - *******返回数据： {'code': 0, 'message': 'success', 'data': {'name': '123456', 'description': '编辑系统盘-name为数字', 'store_type': 1}}
2022-04-21 13:40:10,742 - root - INFO - *******测试案例名称： TestCase004_编辑系统盘-name为数字 执行完毕********
2022-04-21 13:40:10,742 - root - INFO - ****************编辑系统盘列表接口结束****************
2022-04-21 13:40:10,743 - root - INFO - ********************************************************************************
2022-04-21 13:40:10,743 - root - INFO - ********************************************************************************
2022-04-21 13:40:10,743 - root - INFO - ****************编辑系统盘列表接口开始****************
2022-04-21 13:40:10,783 - root - INFO - *******测试案例名称： TestCase005_编辑系统盘-name为下划线 执行开始********
2022-04-21 13:40:10,783 - root - INFO - *******测试数据： {'name': '______', 'description': '编辑系统盘-name为下划线', 'id': 'ins-10dbb56d0fd54a0a8dfd1511e9c4b94a', 'size': 1024, 'disk_type': 1, 'disk_status': 0, 'created_time': '2022-04-21 13:22:11', 'is_snapshoted': 0, 'project_name': 'aaa', 'project_id': '0cc1433f71c847549e6086ccbbe82f62', 'pool_name': 'aaa'}
2022-04-21 13:40:10,816 - root - INFO - *******返回数据： {'code': 0, 'message': 'success', 'data': {'name': '______', 'description': '编辑系统盘-name为下划线'}}
2022-04-21 13:40:10,817 - root - INFO - *******测试案例名称： TestCase005_编辑系统盘-name为下划线 执行完毕********
2022-04-21 13:40:10,817 - root - INFO - ****************编辑系统盘列表接口结束****************
2022-04-21 13:40:10,818 - root - INFO - ********************************************************************************
2022-04-21 13:40:10,818 - root - INFO - ********************************************************************************
2022-04-21 13:40:10,818 - root - INFO - ****************编辑系统盘列表接口开始****************
2022-04-21 13:40:10,863 - root - INFO - *******测试案例名称： TestCase006_编辑系统盘-name为短横线 执行开始********
2022-04-21 13:40:10,864 - root - INFO - *******测试数据： {'name': '-----', 'description': '编辑系统盘-name为下划线', 'store_type': 1, 'id': 'ins-10dbb56d0fd54a0a8dfd1511e9c4b94a', 'size': 1024, 'disk_type': 1, 'disk_status': 0, 'created_time': '2022-04-21 13:22:11', 'is_snapshoted': 0, 'project_name': 'aaa', 'project_id': '0cc1433f71c847549e6086ccbbe82f62', 'pool_name': 'aaa'}
2022-04-21 13:40:10,893 - root - INFO - *******返回数据： {'code': 0, 'message': 'success', 'data': {'name': '-----', 'description': '编辑系统盘-name为下划线', 'store_type': 1}}
2022-04-21 13:40:10,894 - root - INFO - *******测试案例名称： TestCase006_编辑系统盘-name为短横线 执行完毕********
2022-04-21 13:40:10,894 - root - INFO - ****************编辑系统盘列表接口结束****************
2022-04-21 13:40:10,895 - root - INFO - ********************************************************************************
2022-04-21 13:40:10,895 - root - INFO - ********************************************************************************
2022-04-21 13:40:10,895 - root - INFO - ****************编辑系统盘列表接口开始****************
2022-04-21 13:40:10,936 - root - INFO - *******测试案例名称： TestCase007_编辑系统盘-name超过32个字符 执行开始********
2022-04-21 13:40:10,936 - root - INFO - *******测试数据： {'name': 'SysnameIsOver32SysnameIsOve32SysnameOver32', 'description': '编辑系统盘-name超过32个字符', 'store_type': 1, 'id': 'ins-10dbb56d0fd54a0a8dfd1511e9c4b94a', 'size': 1024, 'disk_type': 1, 'disk_status': 0, 'created_time': '2022-04-21 13:22:11', 'is_snapshoted': 0, 'project_name': 'aaa', 'project_id': '0cc1433f71c847549e6086ccbbe82f62', 'pool_name': 'aaa'}
2022-04-21 13:40:10,952 - root - INFO - *******返回数据： {'code': 214030, 'message': '系统盘名称过长', 'data': None, 'level': 3}
2022-04-21 13:40:10,953 - root - INFO - *******测试案例名称： TestCase007_编辑系统盘-name超过32个字符 执行完毕********
2022-04-21 13:40:10,953 - root - INFO - ****************编辑系统盘列表接口结束****************
2022-04-21 13:40:10,954 - root - INFO - ********************************************************************************
2022-04-21 13:40:10,954 - root - INFO - ********************************************************************************
2022-04-21 13:40:10,955 - root - INFO - ****************编辑系统盘列表接口开始****************
2022-04-21 13:40:10,991 - root - INFO - *******测试案例名称： TestCase008_编辑系统盘-name等于32个字符 执行开始********
2022-04-21 13:40:10,992 - root - INFO - *******测试数据： {'name': 'SysnameIs32SysnameIs32SysnameH32', 'description': '编辑系统盘-name等于32个字符', 'store_type': 1, 'id': 'ins-10dbb56d0fd54a0a8dfd1511e9c4b94a', 'size': 1024, 'disk_type': 1, 'disk_status': 0, 'created_time': '2022-04-21 13:22:11', 'is_snapshoted': 0, 'project_name': 'aaa', 'project_id': '0cc1433f71c847549e6086ccbbe82f62', 'pool_name': 'aaa'}
2022-04-21 13:40:11,021 - root - INFO - *******返回数据： {'code': 0, 'message': 'success', 'data': {'name': 'SysnameIs32SysnameIs32SysnameH32', 'description': '编辑系统盘-name等于32个字符', 'store_type': 1}}
2022-04-21 13:40:11,022 - root - INFO - *******测试案例名称： TestCase008_编辑系统盘-name等于32个字符 执行完毕********
2022-04-21 13:40:11,022 - root - INFO - ****************编辑系统盘列表接口结束****************
2022-04-21 13:40:11,023 - root - INFO - ********************************************************************************
2022-04-21 13:40:11,023 - root - INFO - ********************************************************************************
2022-04-21 13:40:11,023 - root - INFO - ****************编辑系统盘列表接口开始****************
2022-04-21 13:40:11,067 - root - INFO - *******测试案例名称： TestCase009_查看云硬盘列表-缺少token 执行开始********
2022-04-21 13:40:11,067 - root - INFO - *******测试数据： {'storage_limit': 10, 'add_size': 0, 'project_id': '0cc1433f71c847549e6086ccbbe82f62', 'id': 'ins-10dbb56d0fd54a0a8dfd1511e9c4b94a', 'size': 1024, 'disk_type': 1, 'disk_status': 0, 'created_time': '2022-04-21 13:22:11', 'is_snapshoted': 0, 'project_name': 'aaa', 'pool_name': 'aaa'}
2022-04-21 13:40:11,075 - root - INFO - *******返回数据： {'code': 1005, 'message': '缺少认证信息', 'data': None, 'level': 3}
2022-04-21 13:40:11,075 - root - INFO - *******测试案例名称： TestCase009_查看云硬盘列表-缺少token 执行完毕********
2022-04-21 13:40:11,075 - root - INFO - ****************编辑系统盘列表接口结束****************
2022-04-21 13:40:11,076 - root - INFO - ********************************************************************************
2022-04-21 13:40:11,076 - root - INFO - ********************************************************************************
2022-04-21 13:40:11,077 - root - INFO - ****************编辑系统盘列表接口开始****************
2022-04-21 13:40:11,120 - root - INFO - *******测试案例名称： TestCase010_编辑系统盘-Des大于100个字符 执行开始********
2022-04-21 13:40:11,121 - root - INFO - *******测试数据： {'name': 'SysDesIsOver100Chars', 'description': 'DesIsOver100Chars！#@@%#%DesIsOver100Chars！#@@%#%DesIsOver100Chars！#@@%#%DesIsOver100Chars！#@@%#%DesIsOver100Chars！#@@%#%', 'store_type': 1, 'id': 'ins-10dbb56d0fd54a0a8dfd1511e9c4b94a', 'size': 1024, 'disk_type': 1, 'disk_status': 0, 'created_time': '2022-04-21 13:22:11', 'is_snapshoted': 0, 'project_name': 'aaa', 'project_id': '0cc1433f71c847549e6086ccbbe82f62', 'pool_name': 'aaa'}
2022-04-21 13:40:11,137 - root - INFO - *******返回数据： {'code': 1001, 'message': '请求参数错误', 'data': None, 'level': 2}
2022-04-21 13:40:11,137 - root - INFO - *******测试案例名称： TestCase010_编辑系统盘-Des大于100个字符 执行完毕********
2022-04-21 13:40:11,137 - root - INFO - ****************编辑系统盘列表接口结束****************
2022-04-21 13:40:11,138 - root - INFO - ********************************************************************************
2022-04-21 13:40:11,138 - root - INFO - ********************************************************************************
2022-04-21 13:40:11,138 - root - INFO - ****************编辑系统盘列表接口开始****************
2022-04-21 13:40:11,177 - root - INFO - *******测试案例名称： TestCase011_编辑系统盘-Des等于100个字符 执行开始********
2022-04-21 13:40:11,177 - root - INFO - *******测试数据： {'name': 'SysDesIs100Chars', 'description': 'DesIs100Chars！#@@%#%DesIs100Chars！#@@%#%DesIs100Chars！#@@%#%DesIs100Chars！#@@%#%DesIs100Chars！#@@%#%', 'store_type': 1, 'id': 'ins-10dbb56d0fd54a0a8dfd1511e9c4b94a', 'size': 1024, 'disk_type': 1, 'disk_status': 0, 'created_time': '2022-04-21 13:22:11', 'is_snapshoted': 0, 'project_name': 'aaa', 'project_id': '0cc1433f71c847549e6086ccbbe82f62', 'pool_name': 'aaa'}
2022-04-21 13:40:11,210 - root - INFO - *******返回数据： {'code': 0, 'message': 'success', 'data': {'name': 'SysDesIs100Chars', 'description': 'DesIs100Chars！#@@%#%DesIs100Chars！#@@%#%DesIs100Chars！#@@%#%DesIs100Chars！#@@%#%DesIs100Chars！#@@%#%', 'store_type': 1}}
2022-04-21 13:40:11,211 - root - INFO - *******测试案例名称： TestCase011_编辑系统盘-Des等于100个字符 执行完毕********
2022-04-21 13:40:11,211 - root - INFO - ****************编辑系统盘列表接口结束****************
2022-04-21 13:40:11,212 - root - INFO - ********************************************************************************
2022-04-21 13:40:11,212 - root - INFO - ********************************************************************************
2022-04-21 13:40:11,212 - root - INFO - ****************编辑系统盘列表接口开始****************
2022-04-21 13:40:11,257 - root - INFO - *******测试案例名称： TestCase012_编辑系统盘-Des为空 执行开始********
2022-04-21 13:40:11,258 - root - INFO - *******测试数据： {'name': 'SysDesIsNull', 'description': '', 'store_type': 1, 'id': 'ins-10dbb56d0fd54a0a8dfd1511e9c4b94a', 'size': 1024, 'disk_type': 1, 'disk_status': 0, 'created_time': '2022-04-21 13:22:11', 'is_snapshoted': 0, 'project_name': 'aaa', 'project_id': '0cc1433f71c847549e6086ccbbe82f62', 'pool_name': 'aaa'}
2022-04-21 13:40:11,290 - root - INFO - *******返回数据： {'code': 0, 'message': 'success', 'data': {'name': 'SysDesIsNull', 'description': '', 'store_type': 1}}
2022-04-21 13:40:11,290 - root - INFO - *******测试案例名称： TestCase012_编辑系统盘-Des为空 执行完毕********
2022-04-21 13:40:11,290 - root - INFO - ****************编辑系统盘列表接口结束****************
2022-04-21 13:40:11,291 - root - INFO - ********************************************************************************
2022-04-21 13:40:11,292 - root - INFO - ********************************************************************************
2022-04-21 13:40:11,292 - root - INFO - ****************编辑系统盘列表接口开始****************
2022-04-21 13:40:11,340 - root - INFO - *******测试案例名称： TestCase013_编辑系统盘-Des为单个字符 执行开始********
2022-04-21 13:40:11,341 - root - INFO - *******测试数据： {'name': 'SysDesIs1Char', 'description': 'A', 'store_type': 1, 'id': 'ins-10dbb56d0fd54a0a8dfd1511e9c4b94a', 'size': 1024, 'disk_type': 1, 'disk_status': 0, 'created_time': '2022-04-21 13:22:11', 'is_snapshoted': 0, 'project_name': 'aaa', 'project_id': '0cc1433f71c847549e6086ccbbe82f62', 'pool_name': 'aaa'}
2022-04-21 13:40:11,371 - root - INFO - *******返回数据： {'code': 0, 'message': 'success', 'data': {'name': 'SysDesIs1Char', 'description': 'A', 'store_type': 1}}
2022-04-21 13:40:11,372 - root - INFO - *******测试案例名称： TestCase013_编辑系统盘-Des为单个字符 执行完毕********
2022-04-21 13:40:11,372 - root - INFO - ****************编辑系统盘列表接口结束****************
2022-04-21 13:40:11,373 - root - INFO - ********************************************************************************
2022-04-21 13:40:11,388 - root - INFO - **********************************************完成teardown class，退出登录**********************************************
2022-04-21 13:40:11,388 - root - INFO - **********************************************开始setupClass，进行登录**********************************************
2022-04-21 13:40:11,571 - root - INFO - ********************************************************************************
2022-04-21 13:40:11,572 - root - INFO - ****************搜索数据盘接口开始****************
2022-04-21 13:40:11,572 - root - INFO - *******测试案例名称： TestCase001_搜索数据盘 执行开始********
2022-04-21 13:40:11,573 - root - INFO - *******测试数据： {}
2022-04-21 13:40:11,609 - root - INFO - *******返回数据： {'code': 0, 'message': 'success', 'data': [{'instances': ['ins-bdbb48be23bb432da713cae9f0c00d75'], 'id': 'cf256e7f-e7cf-4519-b3c3-ef7c337b4bc9', 'project_name': 'LeonaTestPool', 'project_id': 'eec452bb462b4edead7e7750394bcb3e', 'pool_name': 'LeonaTestPool', 'name': 'DataDesIs1Char', 'size': 20480, 'disk_type': 0, 'disk_status': 0, 'description': 'A', 'share_vol': 1, 'created_time': '2022-04-21 11:26:48', 'path': [{'diskdetailmodel__path': '/mnt/AD1'}], 'is_snapshoted': 0, 'names': ['LC4']}], 'total': 1}
2022-04-21 13:40:11,609 - root - INFO - *******测试案例名称： TestCase001_搜索数据盘 执行完毕********
2022-04-21 13:40:11,609 - root - INFO - ****************搜索数据盘接口结束****************
2022-04-21 13:40:11,610 - root - INFO - ********************************************************************************
2022-04-21 13:40:11,610 - root - INFO - ********************************************************************************
2022-04-21 13:40:11,610 - root - INFO - ****************搜索数据盘接口开始****************
2022-04-21 13:40:11,611 - root - INFO - *******测试案例名称： TestCase002_搜索数据盘-缺少token 执行开始********
2022-04-21 13:40:11,611 - root - INFO - *******测试数据： {}
2022-04-21 13:40:11,619 - root - INFO - *******返回数据： {'code': 1005, 'message': '缺少认证信息', 'data': None, 'level': 3}
2022-04-21 13:40:11,620 - root - INFO - *******测试案例名称： TestCase002_搜索数据盘-缺少token 执行完毕********
2022-04-21 13:40:11,620 - root - INFO - ****************搜索数据盘接口结束****************
2022-04-21 13:40:11,621 - root - INFO - ********************************************************************************
2022-04-21 13:40:11,635 - root - INFO - **********************************************完成teardown class，退出登录**********************************************
2022-04-21 13:40:11,636 - root - INFO - **********************************************开始setupClass，进行登录**********************************************
2022-04-21 13:40:11,840 - root - INFO - ********************************************************************************
2022-04-21 13:40:11,840 - root - INFO - ****************搜索系统盘接口开始****************
2022-04-21 13:40:11,840 - root - INFO - *******测试案例名称： TestCase001_搜索系统盘 执行开始********
2022-04-21 13:40:11,841 - root - INFO - *******测试数据： {}
2022-04-21 13:40:11,888 - root - INFO - *******返回数据： {'code': 0, 'message': 'success', 'data': [{'id': 'ins-10dbb56d0fd54a0a8dfd1511e9c4b94a', 'project_name': 'aaa', 'project_id': '0cc1433f71c847549e6086ccbbe82f62', 'pool_name': 'aaa', 'name': 'SysDesIs1Char', 'size': 1024, 'disk_type': 1, 'disk_status': 0, 'description': 'A', 'created_time': '2022-04-21 13:22:11', 'is_snapshoted': 0}], 'total': 1}
2022-04-21 13:40:11,889 - root - INFO - *******测试案例名称： TestCase001_搜索系统盘 执行完毕********
2022-04-21 13:40:11,889 - root - INFO - ****************搜索系统盘接口结束****************
2022-04-21 13:40:11,890 - root - INFO - ********************************************************************************
2022-04-21 13:40:11,890 - root - INFO - ********************************************************************************
2022-04-21 13:40:11,890 - root - INFO - ****************搜索系统盘接口开始****************
2022-04-21 13:40:11,891 - root - INFO - *******测试案例名称： TestCase002_搜索系统盘-缺少token 执行开始********
2022-04-21 13:40:11,891 - root - INFO - *******测试数据： {}
2022-04-21 13:40:11,901 - root - INFO - *******返回数据： {'code': 1005, 'message': '缺少认证信息', 'data': None, 'level': 3}
2022-04-21 13:40:11,902 - root - INFO - *******测试案例名称： TestCase002_搜索系统盘-缺少token 执行完毕********
2022-04-21 13:40:11,902 - root - INFO - ****************搜索系统盘接口结束****************
2022-04-21 13:40:11,903 - root - INFO - ********************************************************************************
2022-04-21 13:40:11,918 - root - INFO - **********************************************完成teardown class，退出登录**********************************************
2022-04-21 13:40:11,919 - root - INFO - **********************************************开始setupClass，进行登录**********************************************
2022-04-21 13:40:12,106 - root - INFO - ********************************************************************************
2022-04-21 13:40:12,107 - root - INFO - ****************获取共享列表接口开始****************
2022-04-21 13:40:12,107 - root - INFO - *******测试案例名称： TestCase001_查询服务列表信息-缺少token 执行开始********
2022-04-21 13:40:12,108 - root - INFO - *******测试数据： {'page': 1, 'size': 10}
2022-04-21 13:40:12,116 - root - INFO - *******返回数据： {'code': 1005, 'message': '缺少认证信息', 'data': None, 'level': 3}
2022-04-21 13:40:12,116 - root - INFO - *******测试案例名称： TestCase001_查询服务列表信息-缺少token 执行完毕********
2022-04-21 13:40:12,117 - root - INFO - ****************获取共享列表接口结束****************
2022-04-21 13:40:12,117 - root - INFO - ********************************************************************************
2022-04-21 13:40:12,118 - root - INFO - ********************************************************************************
2022-04-21 13:40:12,118 - root - INFO - ****************获取共享列表接口开始****************
2022-04-21 13:40:12,118 - root - INFO - *******测试案例名称： TestCase002_查询服务列表信息 执行开始********
2022-04-21 13:40:12,119 - root - INFO - *******测试数据： {'page': 1, 'size': 10}
2022-04-21 13:40:14,061 - root - INFO - *******返回数据： {'code': 0, 'message': 'success', 'data': [{'name': 'CIFS', 'status': [{'node': 'node-2', 'status': 1}, {'node': 'node-3', 'status': 1}, {'node': 'node-1', 'status': 1}]}, {'name': 'NFS', 'status': [{'node': 'node-2', 'status': 1}, {'node': 'node-3', 'status': 1}, {'node': 'node-1', 'status': 1}]}, {'name': 'FTP', 'status': [{'node': 'node-2', 'status': 1}, {'node': 'node-3', 'status': 1}, {'node': 'node-1', 'status': 1}]}, {'name': 'S3', 'status': [{'node': 'node-2', 'status': 1}, {'node': 'node-3', 'status': 1}, {'node': 'node-1', 'status': 1}]}, {'name': 'HA', 'status': [{'node': 'node-2', 'status': 0}, {'node': 'node-3', 'status': 0}, {'node': 'node-1', 'status': 0}]}, {'name': 'ISCSI', 'status': [{'node': 'node-2', 'status': 1}, {'node': 'node-3', 'status': 1}, {'node': 'node-1', 'status': 1}]}, {'name': 'HTTP', 'status': [{'node': 'node-2', 'status': 1}, {'node': 'node-3', 'status': 1}, {'node': 'node-1', 'status': 1}]}, {'name': 'UDFS', 'status': [{'node': 'node-2', 'status': 1}, {'node': 'node-3', 'status': 1}, {'node': 'node-1', 'status': 1}]}], 'total': 8}
2022-04-21 13:40:14,062 - root - INFO - *******测试案例名称： TestCase002_查询服务列表信息 执行完毕********
2022-04-21 13:40:14,062 - root - INFO - ****************获取共享列表接口结束****************
2022-04-21 13:40:14,063 - root - INFO - ********************************************************************************
2022-04-21 13:40:14,080 - root - INFO - **********************************************完成teardown class，退出登录**********************************************
2022-04-21 13:40:14,080 - root - INFO - **********************************************开始setupClass，进行登录**********************************************
2022-04-21 13:40:14,266 - root - INFO - ********************************************************************************
2022-04-21 13:40:14,266 - root - INFO - ****************获取共享列表接口开始****************
2022-04-21 13:40:14,266 - root - INFO - *******测试案例名称： TestCase001_查看共享列表信息-缺少token 执行开始********
2022-04-21 13:40:14,267 - root - INFO - *******测试数据： {}
2022-04-21 13:40:14,275 - root - INFO - *******返回数据： {'code': 1005, 'message': '缺少认证信息', 'data': None, 'level': 3}
2022-04-21 13:40:14,276 - root - INFO - *******测试案例名称： TestCase001_查看共享列表信息-缺少token 执行完毕********
2022-04-21 13:40:14,276 - root - INFO - ****************获取共享列表接口结束****************
2022-04-21 13:40:14,276 - root - INFO - ********************************************************************************
2022-04-21 13:40:14,277 - root - INFO - ********************************************************************************
2022-04-21 13:40:14,277 - root - INFO - ****************获取共享列表接口开始****************
2022-04-21 13:40:14,278 - root - INFO - *******测试案例名称： TestCase002_查看共享列表信息 执行开始********
2022-04-21 13:40:14,278 - root - INFO - *******测试数据： {}
2022-04-21 13:40:14,341 - root - INFO - *******返回数据： {'code': 1, 'message': '服务异常', 'data': None, 'level': 1}
2022-04-21 13:40:14,341 - root - INFO - ********************************************************************************
2022-04-21 13:40:14,356 - root - INFO - **********************************************完成teardown class，退出登录**********************************************
2022-04-21 13:40:14,356 - root - INFO - **********************************************开始setupClass，进行登录**********************************************
2022-04-21 13:40:14,537 - root - INFO - ********************************************************************************
2022-04-21 13:40:14,537 - root - INFO - ****************获取云硬盘快照列表接口开始****************
2022-04-21 13:40:14,537 - root - INFO - *******测试案例名称： TestCase001_查看云硬盘快照列表-缺少token 执行开始********
2022-04-21 13:40:14,538 - root - INFO - *******测试数据： {}
2022-04-21 13:40:14,546 - root - INFO - *******返回数据： {'code': 1005, 'message': '缺少认证信息', 'data': None, 'level': 3}
2022-04-21 13:40:14,546 - root - INFO - *******测试案例名称： TestCase001_查看云硬盘快照列表-缺少token 执行完毕********
2022-04-21 13:40:14,546 - root - INFO - ****************获取云硬盘快照列表接口结束****************
2022-04-21 13:40:14,547 - root - INFO - ********************************************************************************
2022-04-21 13:40:14,547 - root - INFO - ********************************************************************************
2022-04-21 13:40:14,548 - root - INFO - ****************获取云硬盘快照列表接口开始****************
2022-04-21 13:40:14,548 - root - INFO - *******测试案例名称： TestCase002_查看云硬盘快照列表 执行开始********
2022-04-21 13:40:14,549 - root - INFO - *******测试数据： {}
2022-04-21 13:40:14,566 - root - INFO - *******返回数据： {'code': 0, 'message': 'success', 'data': []}
2022-04-21 13:40:14,566 - root - INFO - *******测试案例名称： TestCase002_查看云硬盘快照列表 执行完毕********
2022-04-21 13:40:14,566 - root - INFO - ****************获取云硬盘快照列表接口结束****************
2022-04-21 13:40:14,567 - root - INFO - ********************************************************************************
2022-04-21 13:40:14,581 - root - INFO - **********************************************完成teardown class，退出登录**********************************************
2022-04-21 13:40:14,582 - root - INFO - **********************************************开始setupClass，进行登录**********************************************
2022-04-21 13:40:14,788 - root - INFO - ********************************************************************************
2022-04-21 13:40:14,789 - root - INFO - ****************获取云组件快照列表接口开始****************
2022-04-21 13:40:14,789 - root - INFO - *******测试案例名称： TestCase001_查看云组件快照列表-缺少token 执行开始********
2022-04-21 13:40:14,790 - root - INFO - *******测试数据： {}
2022-04-21 13:40:14,801 - root - INFO - *******返回数据： {'code': 1005, 'message': '缺少认证信息', 'data': None, 'level': 3}
2022-04-21 13:40:14,802 - root - INFO - *******测试案例名称： TestCase001_查看云组件快照列表-缺少token 执行完毕********
2022-04-21 13:40:14,802 - root - INFO - ****************获取云组件快照列表接口结束****************
2022-04-21 13:40:14,802 - root - INFO - ********************************************************************************
2022-04-21 13:40:14,803 - root - INFO - ********************************************************************************
2022-04-21 13:40:14,803 - root - INFO - ****************获取云组件快照列表接口开始****************
2022-04-21 13:40:14,803 - root - INFO - *******测试案例名称： TestCase002_查看云组件快照列表 执行开始********
2022-04-21 13:40:14,803 - root - INFO - *******测试数据： {}
2022-04-21 13:40:14,831 - root - INFO - *******返回数据： {'code': 0, 'message': 'success', 'data': []}
2022-04-21 13:40:14,832 - root - INFO - *******测试案例名称： TestCase002_查看云组件快照列表 执行完毕********
2022-04-21 13:40:14,832 - root - INFO - ****************获取云组件快照列表接口结束****************
2022-04-21 13:40:14,833 - root - INFO - ********************************************************************************
2022-04-21 13:40:14,847 - root - INFO - **********************************************完成teardown class，退出登录**********************************************
2022-04-21 13:40:14,847 - root - INFO - **********************************************开始setupClass，进行登录**********************************************
2022-04-21 13:40:15,029 - root - INFO - ********************************************************************************
2022-04-21 13:40:15,030 - root - INFO - ****************获取业务池快照列表接口开始****************
2022-04-21 13:40:15,030 - root - INFO - *******测试案例名称： TestCase001_查看业务池快照列表-缺少token 执行开始********
2022-04-21 13:40:15,031 - root - INFO - *******测试数据： {}
2022-04-21 13:40:15,038 - root - INFO - *******返回数据： {'code': 1005, 'message': '缺少认证信息', 'data': None, 'level': 3}
2022-04-21 13:40:15,039 - root - INFO - *******测试案例名称： TestCase001_查看业务池快照列表-缺少token 执行完毕********
2022-04-21 13:40:15,039 - root - INFO - ****************获取业务池快照列表接口结束****************
2022-04-21 13:40:15,039 - root - INFO - ********************************************************************************
2022-04-21 13:40:15,040 - root - INFO - ********************************************************************************
2022-04-21 13:40:15,040 - root - INFO - ****************获取业务池快照列表接口开始****************
2022-04-21 13:40:15,041 - root - INFO - *******测试案例名称： TestCase002_查看业务池快照列表 执行开始********
2022-04-21 13:40:15,041 - root - INFO - *******测试数据： {}
2022-04-21 13:40:15,063 - root - INFO - *******返回数据： {'code': 0, 'message': 'success', 'data': []}
2022-04-21 13:40:15,063 - root - INFO - *******测试案例名称： TestCase002_查看业务池快照列表 执行完毕********
2022-04-21 13:40:15,063 - root - INFO - ****************获取业务池快照列表接口结束****************
2022-04-21 13:40:15,064 - root - INFO - ********************************************************************************
2022-04-21 13:40:15,079 - root - INFO - **********************************************完成teardown class，退出登录**********************************************
2022-04-21 13:40:15,080 - root - INFO - **********************************************开始setupClass，进行登录**********************************************
2022-04-21 13:40:15,261 - root - INFO - ********************************************************************************
2022-04-21 13:40:15,262 - root - INFO - ****************查询云硬盘快照接口开始****************
2022-04-21 13:40:15,262 - root - INFO - *******测试案例名称： TestCase001_搜索云硬盘快照-缺少token 执行开始********
2022-04-21 13:40:15,263 - root - INFO - *******测试数据： {'pag': '1', 'size': '10', 'search_field': 'name', 'search': 'd'}
2022-04-21 13:40:15,270 - root - INFO - *******返回数据： {'code': 1005, 'message': '缺少认证信息', 'data': None, 'level': 3}
2022-04-21 13:40:15,270 - root - INFO - *******测试案例名称： TestCase001_搜索云硬盘快照-缺少token 执行完毕********
2022-04-21 13:40:15,270 - root - INFO - ****************查询云硬盘快照接口结束****************
2022-04-21 13:40:15,271 - root - INFO - ********************************************************************************
2022-04-21 13:40:15,271 - root - INFO - ********************************************************************************
2022-04-21 13:40:15,271 - root - INFO - ****************查询云硬盘快照接口开始****************
2022-04-21 13:40:15,272 - root - INFO - *******测试案例名称： TestCase002_搜索云硬盘快照 执行开始********
2022-04-21 13:40:15,272 - root - INFO - *******测试数据： {'pag': '1', 'size': '10', 'search_field': 'name', 'search': 'd'}
2022-04-21 13:40:15,289 - root - INFO - *******返回数据： {'code': 0, 'message': 'success', 'data': []}
2022-04-21 13:40:15,289 - root - INFO - *******测试案例名称： TestCase002_搜索云硬盘快照 执行完毕********
2022-04-21 13:40:15,289 - root - INFO - ****************查询云硬盘快照接口结束****************
2022-04-21 13:40:15,290 - root - INFO - ********************************************************************************
2022-04-21 13:40:15,304 - root - INFO - **********************************************完成teardown class，退出登录**********************************************
2022-04-21 13:40:15,305 - root - INFO - **********************************************开始setupClass，进行登录**********************************************
2022-04-21 13:40:15,485 - root - INFO - ********************************************************************************
2022-04-21 13:40:15,485 - root - INFO - ****************查询云组件快照接口开始****************
2022-04-21 13:40:15,485 - root - INFO - *******测试案例名称： TestCase001_查询云组件快照-缺少token 执行开始********
2022-04-21 13:40:15,486 - root - INFO - *******测试数据： {'pag': '1', 'size': '10', 'search_field': 'snapshot_name', 'search': 'snap'}
2022-04-21 13:40:15,493 - root - INFO - *******返回数据： {'code': 1005, 'message': '缺少认证信息', 'data': None, 'level': 3}
2022-04-21 13:40:15,493 - root - INFO - *******测试案例名称： TestCase001_查询云组件快照-缺少token 执行完毕********
2022-04-21 13:40:15,493 - root - INFO - ****************查询云组件快照接口结束****************
2022-04-21 13:40:15,494 - root - INFO - ********************************************************************************
2022-04-21 13:40:15,494 - root - INFO - ********************************************************************************
2022-04-21 13:40:15,494 - root - INFO - ****************查询云组件快照接口开始****************
2022-04-21 13:40:15,495 - root - INFO - *******测试案例名称： TestCase002_查询云组件快照-成功 执行开始********
2022-04-21 13:40:15,495 - root - INFO - *******测试数据： {'pag': '1', 'size': '10', 'search_field': 'snapshot_name', 'search': 'snap'}
2022-04-21 13:40:15,518 - root - INFO - *******返回数据： {'code': 0, 'message': 'success', 'data': []}
2022-04-21 13:40:15,518 - root - INFO - *******测试案例名称： TestCase002_查询云组件快照-成功 执行完毕********
2022-04-21 13:40:15,518 - root - INFO - ****************查询云组件快照接口结束****************
2022-04-21 13:40:15,519 - root - INFO - ********************************************************************************
2022-04-21 13:40:15,532 - root - INFO - **********************************************完成teardown class，退出登录**********************************************
2022-04-21 13:40:15,533 - root - INFO - **********************************************开始setupClass，进行登录**********************************************
2022-04-21 13:40:15,714 - root - INFO - ********************************************************************************
2022-04-21 13:40:15,714 - root - INFO - ****************获取业务池列表接口开始****************
2022-04-21 13:40:15,714 - root - INFO - *******测试案例名称： TestCase001_查询业务池列表信息 执行开始********
2022-04-21 13:40:15,715 - root - INFO - *******测试数据： {}
2022-04-21 13:40:15,759 - root - INFO - *******返回数据： {'code': 0, 'message': 'success', 'data': [{'id': 'eec452bb462b4edead7e7750394bcb3e', 'name': 'LeonaTestPool', 'description': '', 'status': 0, 'cpu_limit': 100, 'memory_limit': 204800, 'storage_limit': 400, 'gpu_limit': 0, 'file_store_id': 'e12aeec8-a0ac-4dc4-80df-a95555a75c98', 'file_store_alloc': 204800, 'file_store_actual': 204800, 'block_store_id': 'a77460f4-f581-475a-b644-278f99f35c4b', 'block_store_alloc': 204800, 'block_store_actual': 204800, 'user_id': 1, 'create_time': '2022-04-21 10:29:03', 'update_time': '2022-04-21 10:30:50', 'type': 1, 'member': [], 'owner': 'admin', 'cpu_assigned': 4, 'mem_assigned': 4096, 'count': 4, 'storage_assigned': 20480}, {'id': '02dae8dd956f491ba9c5aed929fb48dd', 'name': 'test_pool', 'description': '', 'status': 0, 'cpu_limit': 4, 'memory_limit': 4096, 'storage_limit': 60, 'gpu_limit': 0, 'file_store_id': 'f09cdae3-cc69-4980-9524-fd2048880b99', 'file_store_alloc': 30720, 'file_store_actual': 30720, 'block_store_id': 'f25d00c0-da52-4ecf-95c7-a043a17e6bee', 'block_store_alloc': 30720, 'block_store_actual': 30720, 'user_id': 1, 'create_time': '2022-04-21 09:39:48', 'update_time': '2022-04-21 09:41:09', 'type': 1, 'member': [], 'owner': 'admin', 'cpu_assigned': 2, 'mem_assigned': 2048, 'count': 2, 'storage_assigned': 0}, {'id': '0cc1433f71c847549e6086ccbbe82f62', 'name': 'aaa', 'description': '', 'status': 0, 'cpu_limit': 10, 'memory_limit': 10240, 'storage_limit': 100, 'gpu_limit': 0, 'file_store_id': 'd1a441e9-00b4-4c19-97e7-562e3dc1be24', 'file_store_alloc': 10240, 'file_store_actual': 10240, 'block_store_id': '3fde21bb-3f9b-4a00-810c-8351e93a015f', 'block_store_alloc': 30720, 'block_store_actual': 30720, 'user_id': 1, 'create_time': '2022-04-20 19:50:45', 'update_time': '2022-04-20 19:51:43', 'type': 1, 'member': [], 'owner': 'admin', 'cpu_assigned': 4, 'mem_assigned': 4096, 'count': 4, 'storage_assigned': 0}]}
2022-04-21 13:40:15,759 - root - INFO - *******测试案例名称： TestCase001_查询业务池列表信息 执行完毕********
2022-04-21 13:40:15,759 - root - INFO - ****************获取业务池列表接口结束****************
2022-04-21 13:40:15,760 - root - INFO - ********************************************************************************
2022-04-21 13:40:15,760 - root - INFO - ********************************************************************************
2022-04-21 13:40:15,761 - root - INFO - ****************获取业务池列表接口开始****************
2022-04-21 13:40:15,761 - root - INFO - *******测试案例名称： TestCase002_查询业务池列表信息-缺少token 执行开始********
2022-04-21 13:40:15,761 - root - INFO - *******测试数据： {}
2022-04-21 13:40:15,769 - root - INFO - *******返回数据： {'code': 1005, 'message': '缺少认证信息', 'data': None, 'level': 3}
2022-04-21 13:40:15,770 - root - INFO - *******测试案例名称： TestCase002_查询业务池列表信息-缺少token 执行完毕********
2022-04-21 13:40:15,770 - root - INFO - ****************获取业务池列表接口结束****************
2022-04-21 13:40:15,771 - root - INFO - ********************************************************************************
2022-04-21 13:40:15,787 - root - INFO - **********************************************完成teardown class，退出登录**********************************************
2022-04-21 13:40:15,787 - root - INFO - ********************************************************************************
2022-04-21 13:40:15,787 - root - INFO - ****************获取存储池管理列表接口开始****************
2022-04-21 13:40:15,970 - root - INFO - *******测试案例名称： TestCase001_查询存储池管理列表信息 执行开始********
2022-04-21 13:40:15,970 - root - INFO - *******测试数据： {'page': 1, 'size': 10}
2022-04-21 13:40:17,315 - root - INFO - *******返回数据： {'code': 0, 'message': 'success', 'data': [{'id': 'eec452bb462b4edead7e7750394bcb3e', 'pool_name': 'LeonaTestPool', 'pool_status': 0, 'create_time': '2022-04-21 10:29:03', 'contain_info': {'file_volume_size': 204800, 'true_volume_size': 204800, 'total_size': 409600, 'block_volume_size': 204800, 'volume_used_size': 20480, 'block_used_size': 43008, 'storage_used_size': 63488, 'utilization_rate': 15.5}, 'storage_used_size': 0, 'type': 1}, {'id': '02dae8dd956f491ba9c5aed929fb48dd', 'pool_name': 'test_pool', 'pool_status': 0, 'create_time': '2022-04-21 09:39:48', 'contain_info': {'file_volume_size': 30720, 'true_volume_size': 30720, 'total_size': 61440, 'block_volume_size': 30720, 'volume_used_size': 0, 'block_used_size': 40960, 'utilization_rate': 0.0}, 'storage_used_size': 0, 'type': 1}, {'id': '0cc1433f71c847549e6086ccbbe82f62', 'pool_name': 'aaa', 'pool_status': 0, 'create_time': '2022-04-20 19:50:45', 'contain_info': {'file_volume_size': 10240, 'true_volume_size': 30720, 'total_size': 102400, 'block_volume_size': 30720, 'volume_used_size': 0, 'block_used_size': 4096, 'utilization_rate': -200.0}, 'storage_used_size': 0, 'type': 1}, {'id': '23e07f7e4cf54a62985babde95c21a6c', 'pool_name': '默认池', 'pool_status': 0, 'create_time': '2022-04-20 19:46:50', 'contain_info': {'file_volume_size': 10240, 'true_volume_size': 10095.15234375, 'total_size': 10240, 'block_volume_size': 0, 'volume_used_size': 144.84765625, 'utilization_rate': 1.41}, 'storage_used_size': 0, 'type': 0}], 'total': 4}
2022-04-21 13:40:17,316 - root - INFO - *******测试案例名称： TestCase001_查询存储池管理列表信息 执行完毕********
2022-04-21 13:40:17,316 - root - INFO - ****************获取存储池管理列表接口结束****************
2022-04-21 13:40:17,317 - root - INFO - ********************************************************************************
2022-04-21 13:40:17,317 - root - INFO - ********************************************************************************
2022-04-21 13:40:17,317 - root - INFO - ****************获取存储池管理列表接口开始****************
2022-04-21 13:40:17,497 - root - INFO - *******测试案例名称： TestCase002_查询存储池管理列表信息-缺少token 执行开始********
2022-04-21 13:40:17,497 - root - INFO - *******测试数据： {'page': 1, 'size': 10}
2022-04-21 13:40:17,504 - root - INFO - *******返回数据： {'code': 1005, 'message': '缺少认证信息', 'data': None, 'level': 3}
2022-04-21 13:40:17,505 - root - INFO - *******测试案例名称： TestCase002_查询存储池管理列表信息-缺少token 执行完毕********
2022-04-21 13:40:17,505 - root - INFO - ****************获取存储池管理列表接口结束****************
2022-04-21 13:40:17,506 - root - INFO - ********************************************************************************
2022-04-21 13:40:17,506 - root - INFO - **********************************************开始setupClass，进行登录**********************************************
2022-04-21 13:40:17,684 - root - INFO - ********************************************************************************
2022-04-21 13:40:17,685 - root - INFO - ****************获取存储剩余空间接口开始****************
2022-04-21 13:40:17,685 - root - INFO - *******测试案例名称： TestCase001_查询存储剩余空间信息 执行开始********
2022-04-21 13:40:17,686 - root - INFO - *******测试数据： {}
2022-04-21 13:40:19,021 - root - INFO - *******返回数据： {'code': 0, 'message': 'success', 'data': {'available_capacity': 25719384047616, 'total_capacity': 33798972506112, 'node_count': 3, 'free_space_list': [234344153088, 12230384943104, 13254654951424]}}
2022-04-21 13:40:19,022 - root - INFO - *******测试案例名称： TestCase001_查询存储剩余空间信息 执行完毕********
2022-04-21 13:40:19,022 - root - INFO - ****************获取存储剩余空间接口结束****************
2022-04-21 13:40:19,023 - root - INFO - ********************************************************************************
2022-04-21 13:40:19,023 - root - INFO - ********************************************************************************
2022-04-21 13:40:19,023 - root - INFO - ****************获取存储剩余空间接口开始****************
2022-04-21 13:40:19,024 - root - INFO - *******测试案例名称： TestCase002_查询存储剩余空间信息-缺少token 执行开始********
2022-04-21 13:40:19,024 - root - INFO - *******测试数据： {}
2022-04-21 13:40:19,032 - root - INFO - *******返回数据： {'code': 1005, 'message': '缺少认证信息', 'data': None, 'level': 3}
2022-04-21 13:40:19,032 - root - INFO - *******测试案例名称： TestCase002_查询存储剩余空间信息-缺少token 执行完毕********
2022-04-21 13:40:19,033 - root - INFO - ****************获取存储剩余空间接口结束****************
2022-04-21 13:40:19,033 - root - INFO - ********************************************************************************
2022-04-21 13:40:19,050 - root - INFO - **********************************************完成teardown class，退出登录**********************************************
2022-04-21 13:40:19,050 - root - INFO - **********************************************开始setupClass，进行登录**********************************************
2022-04-21 13:40:19,232 - root - INFO - ********************************************************************************
2022-04-21 13:40:19,232 - root - INFO - ****************获取系统配额信息接口开始****************
2022-04-21 13:40:19,233 - root - INFO - *******测试案例名称： TestCase001_查询系统配额信息 执行开始********
2022-04-21 13:40:19,233 - root - INFO - *******测试数据： {}
2022-04-21 13:40:19,255 - root - INFO - *******返回数据： {'code': 0, 'message': 'success', 'data': {'cpu': 5464564, 'mem': 4550656, 'tot': 687878, 'cpu_use': 114, 'mem_use': 219136, 'tot_use': 560}}
2022-04-21 13:40:19,256 - root - INFO - *******测试案例名称： TestCase001_查询系统配额信息 执行完毕********
2022-04-21 13:40:19,256 - root - INFO - ****************获取系统配额信息接口结束****************
2022-04-21 13:40:19,257 - root - INFO - ********************************************************************************
2022-04-21 13:40:19,257 - root - INFO - ********************************************************************************
2022-04-21 13:40:19,257 - root - INFO - ****************获取系统配额信息接口开始****************
2022-04-21 13:40:19,258 - root - INFO - *******测试案例名称： TestCase002_查询系统配额信息-缺少token 执行开始********
2022-04-21 13:40:19,258 - root - INFO - *******测试数据： {}
2022-04-21 13:40:19,265 - root - INFO - *******返回数据： {'code': 1005, 'message': '缺少认证信息', 'data': None, 'level': 3}
2022-04-21 13:40:19,265 - root - INFO - *******测试案例名称： TestCase002_查询系统配额信息-缺少token 执行完毕********
2022-04-21 13:40:19,265 - root - INFO - ****************获取系统配额信息接口结束****************
2022-04-21 13:40:19,266 - root - INFO - ********************************************************************************
2022-04-21 13:40:19,281 - root - INFO - **********************************************完成teardown class，退出登录**********************************************
