2022-03-17 17:47:39,123 - root - INFO - the sql is : SELECT id, name from cluster_share where s3=1;
2022-03-17 17:47:39,123 - root - INFO - the params is : ()
2022-03-17 17:47:39,126 - root - INFO - the result data is :None
2022-03-17 17:47:39,153 - root - INFO - **********************************************开始setupClass，进行登录**********************************************
2022-03-17 17:47:39,390 - root - INFO - ********************************************************************************
2022-03-17 17:47:39,391 - root - INFO - ****************获取S3共享详情接口开始****************
2022-03-17 17:47:39,393 - root - INFO - the sql is : SELECT id, name from cluster_share where s3=1;
2022-03-17 17:47:39,394 - root - INFO - the params is : ()
2022-03-17 17:47:39,397 - root - INFO - the result data is :None
2022-03-17 17:48:28,538 - root - INFO - the sql is : SELECT id, name from cluster_share where s3=1;
2022-03-17 17:48:28,539 - root - INFO - the params is : ()
2022-03-17 17:48:28,540 - root - INFO - the result data is :{'id': '37fc40d5b3df486bbd5a54a2972cef92', 'name': 's3share4CI7'}
2022-03-17 17:48:28,541 - root - INFO - *******测试案例名称： TestCase001_查看S3共享详情信息-缺少token 执行开始********
2022-03-17 17:48:28,541 - root - INFO - *******测试数据： {}
2022-03-17 17:48:28,549 - root - INFO - *******返回数据： {'code': 1005, 'message': '缺少认证信息', 'data': None, 'level': 3}
2022-03-17 17:48:28,550 - root - INFO - *******测试案例名称： TestCase001_查看S3共享详情信息-缺少token 执行完毕********
2022-03-17 17:48:28,553 - root - INFO - ****************获取S3共享详情接口结束****************
2022-03-17 17:48:28,553 - root - INFO - ********************************************************************************
2022-03-17 17:48:28,554 - root - INFO - ********************************************************************************
2022-03-17 17:48:28,554 - root - INFO - ****************获取S3共享详情接口开始****************
2022-03-17 17:48:28,556 - root - INFO - the sql is : SELECT id, name from cluster_share where s3=1;
2022-03-17 17:48:28,557 - root - INFO - the params is : ()
2022-03-17 17:48:28,568 - root - INFO - the result data is :{'id': '37fc40d5b3df486bbd5a54a2972cef92', 'name': 's3share4CI7'}
2022-03-17 17:48:28,571 - root - INFO - the sql is : SELECT id, name from cluster_share where s3=1;
2022-03-17 17:48:28,572 - root - INFO - the params is : ()
2022-03-17 17:48:28,573 - root - INFO - the result data is :{'id': '37fc40d5b3df486bbd5a54a2972cef92', 'name': 's3share4CI7'}
2022-03-17 17:48:28,574 - root - INFO - *******测试案例名称： TestCase002_查看S3共享详情信息-成功 执行开始********
2022-03-17 17:48:28,574 - root - INFO - *******测试数据： {}
2022-03-17 17:48:28,718 - root - INFO - *******返回数据： {'code': 0, 'message': 'success', 'data': [None]}
2022-03-17 17:48:28,718 - root - INFO - *******测试案例名称： TestCase002_查看S3共享详情信息-成功 执行完毕********
2022-03-17 17:48:28,718 - root - INFO - ****************获取S3共享详情接口结束****************
2022-03-17 17:48:28,719 - root - INFO - ********************************************************************************
2022-03-17 17:48:28,733 - root - INFO - **********************************************完成teardown class，退出登录**********************************************
