2022-04-21 11:36:31,277 - root - INFO - **********************************************开始setupClass，进行登录**********************************************
2022-04-21 11:36:51,300 - root - INFO - ********************************************************************************
2022-04-21 11:36:51,301 - root - INFO - ****************获取数据盘列表接口开始****************
2022-04-21 11:36:51,301 - root - INFO - *******测试案例名称： TestCase001_查看云硬盘列表-数统盘 执行开始********
2022-04-21 11:36:51,302 - root - INFO - *******测试数据： {'page': 1, 'size': 10, 'info': 'data'}
2022-04-21 11:37:11,318 - root - INFO - ********************************************************************************
2022-04-21 11:37:11,345 - root - INFO - ********************************************************************************
2022-04-21 11:37:11,345 - root - INFO - ****************获取数据盘列表接口开始****************
2022-04-21 11:37:11,346 - root - INFO - *******测试案例名称： TestCase002_查看云硬盘列表-缺少token 执行开始********
2022-04-21 11:37:11,346 - root - INFO - *******测试数据： {'storage_limit': 10, 'add_size': 0, 'project_id': 'f9d31e23e30c41b1a42d53ef95c8dec6'}
2022-04-21 11:37:31,364 - root - INFO - ********************************************************************************
2022-04-21 11:37:51,380 - root - INFO - **********************************************开始setupClass，进行登录**********************************************
2022-04-21 11:38:11,400 - root - INFO - ********************************************************************************
2022-04-21 11:38:11,401 - root - INFO - ****************获取系统盘列表接口开始****************
2022-04-21 11:38:11,401 - root - INFO - *******测试案例名称： TestCase001_查看云硬盘列表-系统盘 执行开始********
2022-04-21 11:38:11,401 - root - INFO - *******测试数据： {'page': 1, 'size': 10, 'info': 'sys'}
2022-04-21 11:38:31,420 - root - INFO - ********************************************************************************
2022-04-21 11:38:31,434 - root - INFO - ********************************************************************************
2022-04-21 11:38:31,434 - root - INFO - ****************获取系统盘列表接口开始****************
2022-04-21 11:38:31,435 - root - INFO - *******测试案例名称： TestCase002_查看云硬盘列表-缺少token 执行开始********
2022-04-21 11:38:31,435 - root - INFO - *******测试数据： {'storage_limit': 10, 'add_size': 0, 'project_id': 'f9d31e23e30c41b1a42d53ef95c8dec6'}
2022-04-21 11:38:51,464 - root - INFO - ********************************************************************************
2022-04-21 11:39:11,472 - root - INFO - **********************************************开始setupClass，进行登录**********************************************
2022-04-21 11:39:31,484 - root - INFO - ********************************************************************************
2022-04-21 11:39:31,484 - root - INFO - ****************编辑数据盘列表接口开始****************
2022-04-21 11:39:51,489 - root - INFO - ********************************************************************************
2022-04-21 11:39:51,499 - root - INFO - ********************************************************************************
2022-04-21 11:39:51,499 - root - INFO - ****************编辑数据盘列表接口开始****************
2022-04-21 11:40:11,517 - root - INFO - ********************************************************************************
2022-04-21 11:40:11,518 - root - INFO - ********************************************************************************
2022-04-21 11:40:11,519 - root - INFO - ****************编辑数据盘列表接口开始****************
2022-04-21 11:40:31,529 - root - INFO - ********************************************************************************
2022-04-21 11:40:31,530 - root - INFO - ********************************************************************************
2022-04-21 11:40:31,530 - root - INFO - ****************编辑数据盘列表接口开始****************
2022-04-21 11:40:51,536 - root - INFO - ********************************************************************************
2022-04-21 11:40:51,536 - root - INFO - ********************************************************************************
2022-04-21 11:40:51,537 - root - INFO - ****************编辑数据盘列表接口开始****************
2022-04-21 11:41:11,556 - root - INFO - ********************************************************************************
2022-04-21 11:41:11,556 - root - INFO - ********************************************************************************
2022-04-21 11:41:11,557 - root - INFO - ****************编辑数据盘列表接口开始****************
2022-04-21 11:41:31,568 - root - INFO - ********************************************************************************
2022-04-21 11:41:31,569 - root - INFO - ********************************************************************************
2022-04-21 11:41:31,570 - root - INFO - ****************编辑数据盘列表接口开始****************
2022-04-21 11:41:51,587 - root - INFO - ********************************************************************************
2022-04-21 11:41:51,587 - root - INFO - ********************************************************************************
2022-04-21 11:41:51,588 - root - INFO - ****************编辑数据盘列表接口开始****************
2022-04-21 11:42:11,596 - root - INFO - ********************************************************************************
2022-04-21 11:42:11,596 - root - INFO - ********************************************************************************
2022-04-21 11:42:11,597 - root - INFO - ****************编辑数据盘列表接口开始****************
2022-04-21 11:42:31,616 - root - INFO - ********************************************************************************
2022-04-21 11:42:31,617 - root - INFO - ********************************************************************************
2022-04-21 11:42:31,617 - root - INFO - ****************编辑数据盘列表接口开始****************
2022-04-21 11:42:51,625 - root - INFO - ********************************************************************************
2022-04-21 11:42:51,625 - root - INFO - ********************************************************************************
2022-04-21 11:42:51,626 - root - INFO - ****************编辑数据盘列表接口开始****************
2022-04-21 11:43:11,639 - root - INFO - ********************************************************************************
2022-04-21 11:43:11,640 - root - INFO - ********************************************************************************
2022-04-21 11:43:11,640 - root - INFO - ****************编辑数据盘列表接口开始****************
2022-04-21 11:43:31,660 - root - INFO - ********************************************************************************
2022-04-21 11:43:31,660 - root - INFO - ********************************************************************************
2022-04-21 11:43:31,661 - root - INFO - ****************编辑数据盘列表接口开始****************
2022-04-21 11:43:51,677 - root - INFO - ********************************************************************************
2022-04-21 11:44:11,691 - root - INFO - **********************************************开始setupClass，进行登录**********************************************
2022-04-21 11:44:31,704 - root - INFO - ********************************************************************************
2022-04-21 11:44:31,705 - root - INFO - ****************编辑系统盘列表接口开始****************
2022-04-21 11:44:51,711 - root - INFO - ********************************************************************************
2022-04-21 11:44:51,728 - root - INFO - ********************************************************************************
2022-04-21 11:44:51,728 - root - INFO - ****************编辑系统盘列表接口开始****************
2022-04-21 11:45:11,736 - root - INFO - ********************************************************************************
2022-04-21 11:45:11,736 - root - INFO - ********************************************************************************
2022-04-21 11:45:11,737 - root - INFO - ****************编辑系统盘列表接口开始****************
2022-04-21 11:45:31,742 - root - INFO - ********************************************************************************
2022-04-21 11:45:31,743 - root - INFO - ********************************************************************************
2022-04-21 11:45:31,743 - root - INFO - ****************编辑系统盘列表接口开始****************
2022-04-21 11:45:51,755 - root - INFO - ********************************************************************************
2022-04-21 11:45:51,756 - root - INFO - ********************************************************************************
2022-04-21 11:45:51,756 - root - INFO - ****************编辑系统盘列表接口开始****************
2022-04-21 11:46:11,770 - root - INFO - ********************************************************************************
2022-04-21 11:46:11,770 - root - INFO - ********************************************************************************
2022-04-21 11:46:11,771 - root - INFO - ****************编辑系统盘列表接口开始****************
2022-04-21 11:46:31,775 - root - INFO - ********************************************************************************
2022-04-21 11:46:31,776 - root - INFO - ********************************************************************************
2022-04-21 11:46:31,776 - root - INFO - ****************编辑系统盘列表接口开始****************
2022-04-21 11:46:51,795 - root - INFO - ********************************************************************************
2022-04-21 11:46:51,795 - root - INFO - ********************************************************************************
2022-04-21 11:46:51,796 - root - INFO - ****************编辑系统盘列表接口开始****************
2022-04-21 11:47:11,801 - root - INFO - ********************************************************************************
2022-04-21 11:47:11,802 - root - INFO - ********************************************************************************
2022-04-21 11:47:11,802 - root - INFO - ****************编辑系统盘列表接口开始****************
2022-04-21 11:47:31,811 - root - INFO - ********************************************************************************
2022-04-21 11:47:31,812 - root - INFO - ********************************************************************************
2022-04-21 11:47:31,812 - root - INFO - ****************编辑系统盘列表接口开始****************
2022-04-21 11:47:51,818 - root - INFO - ********************************************************************************
2022-04-21 11:47:51,819 - root - INFO - ********************************************************************************
2022-04-21 11:47:51,820 - root - INFO - ****************编辑系统盘列表接口开始****************
2022-04-21 11:48:11,833 - root - INFO - ********************************************************************************
2022-04-21 11:48:11,833 - root - INFO - ********************************************************************************
2022-04-21 11:48:11,834 - root - INFO - ****************编辑系统盘列表接口开始****************
2022-04-21 11:48:31,840 - root - INFO - ********************************************************************************
2022-04-21 11:48:31,841 - root - INFO - ********************************************************************************
2022-04-21 11:48:31,841 - root - INFO - ****************编辑系统盘列表接口开始****************
2022-04-21 11:48:51,853 - root - INFO - ********************************************************************************
2022-04-21 11:49:11,869 - root - INFO - **********************************************开始setupClass，进行登录**********************************************
2022-04-21 11:49:31,875 - root - INFO - ********************************************************************************
2022-04-21 11:49:31,876 - root - INFO - ****************搜索数据盘接口开始****************
2022-04-21 11:49:31,876 - root - INFO - *******测试案例名称： TestCase001_搜索数据盘 执行开始********
2022-04-21 11:49:31,877 - root - INFO - *******测试数据： {}
2022-04-21 11:49:51,894 - root - INFO - ********************************************************************************
2022-04-21 11:49:51,909 - root - INFO - ********************************************************************************
2022-04-21 11:49:51,910 - root - INFO - ****************搜索数据盘接口开始****************
2022-04-21 11:49:51,910 - root - INFO - *******测试案例名称： TestCase002_搜索数据盘-缺少token 执行开始********
2022-04-21 11:49:51,911 - root - INFO - *******测试数据： {}
2022-04-21 11:50:11,929 - root - INFO - ********************************************************************************
2022-04-21 11:50:31,946 - root - INFO - **********************************************开始setupClass，进行登录**********************************************
2022-04-21 11:50:51,955 - root - INFO - ********************************************************************************
2022-04-21 11:50:51,956 - root - INFO - ****************搜索系统盘接口开始****************
2022-04-21 11:50:51,956 - root - INFO - *******测试案例名称： TestCase001_搜索系统盘 执行开始********
2022-04-21 11:50:51,956 - root - INFO - *******测试数据： {}
2022-04-21 11:51:11,961 - root - INFO - ********************************************************************************
2022-04-21 11:51:11,977 - root - INFO - ********************************************************************************
2022-04-21 11:51:11,977 - root - INFO - ****************搜索系统盘接口开始****************
2022-04-21 11:51:11,978 - root - INFO - *******测试案例名称： TestCase002_搜索系统盘-缺少token 执行开始********
2022-04-21 11:51:11,978 - root - INFO - *******测试数据： {}
2022-04-21 11:51:31,994 - root - INFO - ********************************************************************************
2022-04-21 11:51:52,012 - root - INFO - **********************************************开始setupClass，进行登录**********************************************
2022-04-21 11:52:12,028 - root - INFO - ********************************************************************************
2022-04-21 11:52:12,028 - root - INFO - ****************获取共享列表接口开始****************
2022-04-21 11:52:12,028 - root - INFO - *******测试案例名称： TestCase001_查询服务列表信息-缺少token 执行开始********
2022-04-21 11:52:12,029 - root - INFO - *******测试数据： {'page': 1, 'size': 10}
2022-04-21 11:52:32,037 - root - INFO - ********************************************************************************
2022-04-21 11:52:32,051 - root - INFO - ********************************************************************************
2022-04-21 11:52:32,052 - root - INFO - ****************获取共享列表接口开始****************
2022-04-21 11:52:32,052 - root - INFO - *******测试案例名称： TestCase002_查询服务列表信息 执行开始********
2022-04-21 11:52:32,052 - root - INFO - *******测试数据： {'page': 1, 'size': 10}
2022-04-21 11:52:52,070 - root - INFO - ********************************************************************************
2022-04-21 11:53:12,081 - root - INFO - **********************************************开始setupClass，进行登录**********************************************
2022-04-21 11:53:32,087 - root - INFO - ********************************************************************************
2022-04-21 11:53:32,087 - root - INFO - ****************获取共享列表接口开始****************
2022-04-21 11:53:32,088 - root - INFO - *******测试案例名称： TestCase001_查看共享列表信息-缺少token 执行开始********
2022-04-21 11:53:32,088 - root - INFO - *******测试数据： {}
2022-04-21 11:53:52,098 - root - INFO - ********************************************************************************
2022-04-21 11:53:52,109 - root - INFO - ********************************************************************************
2022-04-21 11:53:52,109 - root - INFO - ****************获取共享列表接口开始****************
2022-04-21 11:53:52,110 - root - INFO - *******测试案例名称： TestCase002_查看共享列表信息 执行开始********
2022-04-21 11:53:52,110 - root - INFO - *******测试数据： {}
2022-04-21 11:54:12,120 - root - INFO - ********************************************************************************
2022-04-21 11:54:32,131 - root - INFO - **********************************************开始setupClass，进行登录**********************************************
2022-04-21 11:54:52,142 - root - INFO - ********************************************************************************
2022-04-21 11:54:52,142 - root - INFO - ****************获取云硬盘快照列表接口开始****************
2022-04-21 11:54:52,142 - root - INFO - *******测试案例名称： TestCase001_查看云硬盘快照列表-缺少token 执行开始********
2022-04-21 11:54:52,143 - root - INFO - *******测试数据： {}
2022-04-21 11:55:12,151 - root - INFO - ********************************************************************************
2022-04-21 11:55:12,166 - root - INFO - ********************************************************************************
2022-04-21 11:55:12,167 - root - INFO - ****************获取云硬盘快照列表接口开始****************
2022-04-21 11:55:12,167 - root - INFO - *******测试案例名称： TestCase002_查看云硬盘快照列表 执行开始********
2022-04-21 11:55:12,167 - root - INFO - *******测试数据： {}
2022-04-21 11:55:32,181 - root - INFO - ********************************************************************************
2022-04-21 11:55:52,187 - root - INFO - **********************************************开始setupClass，进行登录**********************************************
2022-04-21 11:56:12,194 - root - INFO - ********************************************************************************
2022-04-21 11:56:12,194 - root - INFO - ****************获取云组件快照列表接口开始****************
2022-04-21 11:56:12,194 - root - INFO - *******测试案例名称： TestCase001_查看云组件快照列表-缺少token 执行开始********
2022-04-21 11:56:12,195 - root - INFO - *******测试数据： {}
2022-04-21 11:56:32,199 - root - INFO - ********************************************************************************
2022-04-21 11:56:32,201 - root - INFO - ********************************************************************************
2022-04-21 11:56:32,201 - root - INFO - ****************获取云组件快照列表接口开始****************
2022-04-21 11:56:32,202 - root - INFO - *******测试案例名称： TestCase002_查看云组件快照列表 执行开始********
2022-04-21 11:56:32,203 - root - INFO - *******测试数据： {}
2022-04-21 11:56:52,213 - root - INFO - ********************************************************************************
2022-04-21 11:57:12,230 - root - INFO - **********************************************开始setupClass，进行登录**********************************************
2022-04-21 11:57:32,241 - root - INFO - ********************************************************************************
2022-04-21 11:57:32,241 - root - INFO - ****************获取业务池快照列表接口开始****************
2022-04-21 11:57:32,241 - root - INFO - *******测试案例名称： TestCase001_查看业务池快照列表-缺少token 执行开始********
2022-04-21 11:57:32,242 - root - INFO - *******测试数据： {}
2022-04-21 11:57:52,252 - root - INFO - ********************************************************************************
2022-04-21 11:57:52,261 - root - INFO - ********************************************************************************
2022-04-21 11:57:52,261 - root - INFO - ****************获取业务池快照列表接口开始****************
2022-04-21 11:57:52,261 - root - INFO - *******测试案例名称： TestCase002_查看业务池快照列表 执行开始********
2022-04-21 11:57:52,262 - root - INFO - *******测试数据： {}
2022-04-21 11:58:12,269 - root - INFO - ********************************************************************************
2022-04-21 11:58:32,289 - root - INFO - **********************************************开始setupClass，进行登录**********************************************
2022-04-21 11:58:52,304 - root - INFO - ********************************************************************************
2022-04-21 11:58:52,304 - root - INFO - ****************查询云硬盘快照接口开始****************
2022-04-21 11:58:52,304 - root - INFO - *******测试案例名称： TestCase001_搜索云硬盘快照-缺少token 执行开始********
2022-04-21 11:58:52,305 - root - INFO - *******测试数据： {'pag': '1', 'size': '10', 'search_field': 'name', 'search': 'd'}
2022-04-21 11:59:12,324 - root - INFO - ********************************************************************************
2022-04-21 11:59:12,338 - root - INFO - ********************************************************************************
2022-04-21 11:59:12,338 - root - INFO - ****************查询云硬盘快照接口开始****************
2022-04-21 11:59:12,339 - root - INFO - *******测试案例名称： TestCase002_搜索云硬盘快照 执行开始********
2022-04-21 11:59:12,339 - root - INFO - *******测试数据： {'pag': '1', 'size': '10', 'search_field': 'name', 'search': 'd'}
2022-04-21 11:59:32,350 - root - INFO - ********************************************************************************
2022-04-21 11:59:52,354 - root - INFO - **********************************************开始setupClass，进行登录**********************************************
2022-04-21 12:00:12,367 - root - INFO - ********************************************************************************
2022-04-21 12:00:12,367 - root - INFO - ****************查询云组件快照接口开始****************
2022-04-21 12:00:12,368 - root - INFO - *******测试案例名称： TestCase001_查询云组件快照-缺少token 执行开始********
2022-04-21 12:00:12,368 - root - INFO - *******测试数据： {'pag': '1', 'size': '10', 'search_field': 'snapshot_name', 'search': 'snap'}
2022-04-21 12:00:32,385 - root - INFO - ********************************************************************************
2022-04-21 12:00:32,397 - root - INFO - ********************************************************************************
2022-04-21 12:00:32,397 - root - INFO - ****************查询云组件快照接口开始****************
2022-04-21 12:00:32,398 - root - INFO - *******测试案例名称： TestCase002_查询云组件快照-成功 执行开始********
2022-04-21 12:00:32,398 - root - INFO - *******测试数据： {'pag': '1', 'size': '10', 'search_field': 'snapshot_name', 'search': 'snap'}
2022-04-21 12:00:52,402 - root - INFO - ********************************************************************************
2022-04-21 12:01:12,409 - root - INFO - **********************************************开始setupClass，进行登录**********************************************
2022-04-21 12:01:32,421 - root - INFO - ********************************************************************************
2022-04-21 12:01:32,422 - root - INFO - ****************获取业务池列表接口开始****************
2022-04-21 12:01:32,422 - root - INFO - *******测试案例名称： TestCase001_查询业务池列表信息 执行开始********
2022-04-21 12:01:32,422 - root - INFO - *******测试数据： {}
2022-04-21 12:01:52,432 - root - INFO - ********************************************************************************
2022-04-21 12:01:52,434 - root - INFO - ********************************************************************************
2022-04-21 12:01:52,434 - root - INFO - ****************获取业务池列表接口开始****************
2022-04-21 12:01:52,434 - root - INFO - *******测试案例名称： TestCase002_查询业务池列表信息-缺少token 执行开始********
2022-04-21 12:01:52,435 - root - INFO - *******测试数据： {}
2022-04-21 12:02:12,446 - root - INFO - ********************************************************************************
2022-04-21 12:02:32,462 - root - INFO - ********************************************************************************
2022-04-21 12:02:32,462 - root - INFO - ****************获取存储池管理列表接口开始****************
2022-04-21 12:02:52,473 - root - INFO - *******测试案例名称： TestCase001_查询存储池管理列表信息 执行开始********
2022-04-21 12:02:52,473 - root - INFO - *******测试数据： {'page': 1, 'size': 10}
2022-04-21 12:03:12,485 - root - INFO - ********************************************************************************
2022-04-21 12:03:12,504 - root - INFO - ********************************************************************************
2022-04-21 12:03:12,505 - root - INFO - ****************获取存储池管理列表接口开始****************
2022-04-21 12:03:32,510 - root - INFO - *******测试案例名称： TestCase002_查询存储池管理列表信息-缺少token 执行开始********
2022-04-21 12:03:32,510 - root - INFO - *******测试数据： {'page': 1, 'size': 10}
2022-04-21 12:03:52,520 - root - INFO - ********************************************************************************
2022-04-21 12:03:52,521 - root - INFO - **********************************************开始setupClass，进行登录**********************************************
2022-04-21 12:04:12,538 - root - INFO - ********************************************************************************
2022-04-21 12:04:12,538 - root - INFO - ****************获取存储剩余空间接口开始****************
2022-04-21 12:04:12,538 - root - INFO - *******测试案例名称： TestCase001_查询存储剩余空间信息 执行开始********
2022-04-21 12:04:12,539 - root - INFO - *******测试数据： {}
2022-04-21 12:04:32,555 - root - INFO - ********************************************************************************
2022-04-21 12:04:32,556 - root - INFO - ********************************************************************************
2022-04-21 12:04:32,556 - root - INFO - ****************获取存储剩余空间接口开始****************
2022-04-21 12:04:32,557 - root - INFO - *******测试案例名称： TestCase002_查询存储剩余空间信息-缺少token 执行开始********
2022-04-21 12:04:32,557 - root - INFO - *******测试数据： {}
2022-04-21 12:04:52,570 - root - INFO - ********************************************************************************
2022-04-21 12:05:12,580 - root - INFO - **********************************************开始setupClass，进行登录**********************************************
2022-04-21 12:05:32,595 - root - INFO - ********************************************************************************
2022-04-21 12:05:32,595 - root - INFO - ****************获取系统配额信息接口开始****************
2022-04-21 12:05:32,596 - root - INFO - *******测试案例名称： TestCase001_查询系统配额信息 执行开始********
2022-04-21 12:05:32,596 - root - INFO - *******测试数据： {}
2022-04-21 12:05:52,607 - root - INFO - ********************************************************************************
2022-04-21 12:05:52,608 - root - INFO - ********************************************************************************
2022-04-21 12:05:52,609 - root - INFO - ****************获取系统配额信息接口开始****************
2022-04-21 12:05:52,609 - root - INFO - *******测试案例名称： TestCase002_查询系统配额信息-缺少token 执行开始********
2022-04-21 12:05:52,610 - root - INFO - *******测试数据： {}
2022-04-21 12:06:12,618 - root - INFO - ********************************************************************************
