2022-03-17 17:48:52,658 - root - INFO - the sql is : SELECT id, name from cluster_share where s3=1;
2022-03-17 17:48:52,658 - root - INFO - the params is : ()
2022-03-17 17:48:52,660 - root - INFO - the result data is :{'id': '37fc40d5b3df486bbd5a54a2972cef92', 'name': 's3share4CI7'}
2022-03-17 17:48:52,689 - root - INFO - **********************************************开始setupClass，进行登录**********************************************
2022-03-17 17:48:52,912 - root - INFO - the sql is : SELECT id, name from cluster_share where s3=1;
2022-03-17 17:48:52,912 - root - INFO - the params is : ()
2022-03-17 17:48:52,913 - root - INFO - the result data is :{'id': '37fc40d5b3df486bbd5a54a2972cef92', 'name': 's3share4CI7'}
2022-03-17 17:48:52,916 - root - INFO - ********************************************************************************
2022-03-17 17:48:52,916 - root - INFO - ****************更新S3共享接口开始****************
2022-03-17 17:48:52,936 - root - INFO - the sql is : SELECT id, name from cluster_share where s3=1;
2022-03-17 17:48:52,936 - root - INFO - the params is : ()
2022-03-17 17:48:52,938 - root - INFO - the result data is :{'id': '37fc40d5b3df486bbd5a54a2972cef92', 'name': 's3share4CI7'}
2022-03-17 17:48:52,938 - root - INFO - *******测试案例名称： TestCase001_编辑S3共享详情信息-缺少token 执行开始********
2022-03-17 17:48:52,939 - root - INFO - *******测试数据： {'project_id': 'ef7107f3b443415da1ccc56fa8e726b2'}
2022-03-17 17:48:52,946 - root - INFO - *******返回数据： {'code': 1005, 'message': '缺少认证信息', 'data': None, 'level': 3}
2022-03-17 17:48:52,947 - root - INFO - *******测试案例名称： TestCase001_编辑S3共享详情信息-缺少token 执行完毕********
2022-03-17 17:48:52,947 - root - INFO - ****************更新S3共享接口结束****************
2022-03-17 17:48:52,950 - root - INFO - ********************************************************************************
2022-03-17 17:48:52,951 - root - INFO - ********************************************************************************
2022-03-17 17:48:52,952 - root - INFO - ****************更新S3共享接口开始****************
2022-03-17 17:48:52,954 - root - INFO - the sql is : SELECT id, name from cluster_share where s3=1;
2022-03-17 17:48:52,954 - root - INFO - the params is : ()
2022-03-17 17:48:52,955 - root - INFO - the result data is :{'id': '37fc40d5b3df486bbd5a54a2972cef92', 'name': 's3share4CI7'}
2022-03-17 17:48:52,956 - root - INFO - *******测试案例名称： TestCase002_编辑S3共享详情信息-port<9000 执行开始********
2022-03-17 17:48:52,956 - root - INFO - *******测试数据： {'name': 's3Share', 's3': 'yes', 'port': '6', 'access_key': '111122223333', 'secret_key': '111122223333', 'share_type': 2, 'agree_type': ['S3'], 'project_id': 'ef7107f3b443415da1ccc56fa8e726b2'}
2022-03-17 17:48:52,986 - root - INFO - *******返回数据： {'code': 211002, 'message': 'S3共享服务端口号需在9000~10000之间', 'data': None, 'level': 3}
2022-03-17 17:48:52,986 - root - INFO - *******测试案例名称： TestCase002_编辑S3共享详情信息-port<9000 执行完毕********
2022-03-17 17:48:52,986 - root - INFO - ****************更新S3共享接口结束****************
2022-03-17 17:48:52,987 - root - INFO - ********************************************************************************
2022-03-17 17:48:52,988 - root - INFO - ********************************************************************************
2022-03-17 17:48:52,988 - root - INFO - ****************更新S3共享接口开始****************
2022-03-17 17:48:53,012 - root - INFO - the sql is : SELECT id, name from cluster_share where s3=1;
2022-03-17 17:48:53,013 - root - INFO - the params is : ()
2022-03-17 17:48:53,014 - root - INFO - the result data is :{'id': '37fc40d5b3df486bbd5a54a2972cef92', 'name': 's3share4CI7'}
2022-03-17 17:48:53,015 - root - INFO - *******测试案例名称： TestCase003_编辑S3共享详情信息-port>10000 执行开始********
2022-03-17 17:48:53,015 - root - INFO - *******测试数据： {'name': 's3Share', 's3': 'yes', 'port': '10006', 'access_key': '111122223333', 'secret_key': '111122223333', 'share_type': 2, 'agree_type': ['S3'], 'project_id': 'ef7107f3b443415da1ccc56fa8e726b2'}
2022-03-17 17:48:53,035 - root - INFO - *******返回数据： {'code': 211002, 'message': 'S3共享服务端口号需在9000~10000之间', 'data': None, 'level': 3}
2022-03-17 17:48:53,036 - root - INFO - *******测试案例名称： TestCase003_编辑S3共享详情信息-port>10000 执行完毕********
2022-03-17 17:48:53,036 - root - INFO - ****************更新S3共享接口结束****************
2022-03-17 17:48:53,037 - root - INFO - ********************************************************************************
2022-03-17 17:48:53,038 - root - INFO - ********************************************************************************
2022-03-17 17:48:53,038 - root - INFO - ****************更新S3共享接口开始****************
2022-03-17 17:48:53,044 - root - INFO - the sql is : SELECT id, name from cluster_share where s3=1;
2022-03-17 17:48:53,045 - root - INFO - the params is : ()
2022-03-17 17:48:53,046 - root - INFO - the result data is :{'id': '37fc40d5b3df486bbd5a54a2972cef92', 'name': 's3share4CI7'}
2022-03-17 17:48:53,046 - root - INFO - *******测试案例名称： TestCase004_编辑S3共享详情信息-port为非数字 执行开始********
2022-03-17 17:48:53,047 - root - INFO - *******测试数据： {'name': 's3Share', 's3': 'yes', 'port': 'ads', 'access_key': '111122223333', 'secret_key': '111122223333', 'share_type': 2, 'agree_type': ['S3'], 'project_id': 'ef7107f3b443415da1ccc56fa8e726b2'}
2022-03-17 17:48:53,076 - root - INFO - *******返回数据： {'code': 1001, 'message': '请求参数错误', 'data': None, 'level': 2}
2022-03-17 17:48:53,077 - root - INFO - *******测试案例名称： TestCase004_编辑S3共享详情信息-port为非数字 执行完毕********
2022-03-17 17:48:53,077 - root - INFO - ****************更新S3共享接口结束****************
2022-03-17 17:48:53,078 - root - INFO - ********************************************************************************
2022-03-17 17:48:53,079 - root - INFO - ********************************************************************************
2022-03-17 17:48:53,079 - root - INFO - ****************更新S3共享接口开始****************
2022-03-17 17:48:53,090 - root - INFO - the sql is : SELECT id, name from cluster_share where s3=1;
2022-03-17 17:48:53,091 - root - INFO - the params is : ()
2022-03-17 17:48:53,092 - root - INFO - the result data is :{'id': '37fc40d5b3df486bbd5a54a2972cef92', 'name': 's3share4CI7'}
2022-03-17 17:48:53,093 - root - INFO - *******测试案例名称： TestCase005_编辑S3共享详情信息-access_key<3 执行开始********
2022-03-17 17:48:53,093 - root - INFO - *******测试数据： {'name': 's3Share', 's3': 'yes', 'port': '9036', 'access_key': '1', 'secret_key': '111122223333', 'share_type': 2, 'agree_type': ['S3'], 'project_id': 'ef7107f3b443415da1ccc56fa8e726b2'}
2022-03-17 17:48:54,932 - root - INFO - *******返回数据： {'code': 217001, 'message': '服务异常', 'data': None, 'level': 3}
2022-03-17 17:48:54,932 - root - INFO - ********************************************************************************
2022-03-17 17:48:54,935 - root - INFO - ********************************************************************************
2022-03-17 17:48:54,948 - root - INFO - ****************更新S3共享接口开始****************
2022-03-17 17:48:54,964 - root - INFO - the sql is : SELECT id, name from cluster_share where s3=1;
2022-03-17 17:48:54,964 - root - INFO - the params is : ()
2022-03-17 17:48:54,966 - root - INFO - the result data is :{'id': '37fc40d5b3df486bbd5a54a2972cef92', 'name': 's3share4CI7'}
2022-03-17 17:48:54,966 - root - INFO - *******测试案例名称： TestCase006_编辑S3共享详情信息-access_key>64 执行开始********
2022-03-17 17:48:54,967 - root - INFO - *******测试数据： {'name': 's3Share', 's3': 'yes', 'port': '9036', 'access_key': '111222233331112222333311122223333111222233331112222333311122223333', 'secret_key': '111122223333', 'share_type': 2, 'agree_type': ['S3'], 'project_id': 'ef7107f3b443415da1ccc56fa8e726b2'}
2022-03-17 17:49:01,397 - root - INFO - *******返回数据： {'code': 217001, 'message': '服务异常', 'data': None, 'level': 3}
2022-03-17 17:49:01,398 - root - INFO - ********************************************************************************
2022-03-17 17:49:01,400 - root - INFO - ********************************************************************************
2022-03-17 17:49:01,413 - root - INFO - ****************更新S3共享接口开始****************
2022-03-17 17:49:01,429 - root - INFO - the sql is : SELECT id, name from cluster_share where s3=1;
2022-03-17 17:49:01,430 - root - INFO - the params is : ()
2022-03-17 17:49:01,431 - root - INFO - the result data is :{'id': '37fc40d5b3df486bbd5a54a2972cef92', 'name': 's3share4CI7'}
2022-03-17 17:49:01,431 - root - INFO - *******测试案例名称： TestCase007_编辑S3共享详情信息-access_key符合字符格式条件 执行开始********
2022-03-17 17:49:01,432 - root - INFO - *******测试数据： {'name': 's3Share', 's3': 'yes', 'port': '9036', 'access_key': 'a1_-.b', 'secret_key': '111122223333', 'share_type': 2, 'agree_type': ['S3'], 'project_id': 'ef7107f3b443415da1ccc56fa8e726b2'}
2022-03-17 17:49:03,566 - root - INFO - *******返回数据： {'code': 217001, 'message': '服务异常', 'data': None, 'level': 3}
2022-03-17 17:49:03,566 - root - INFO - ********************************************************************************
2022-03-17 17:49:03,568 - root - INFO - ********************************************************************************
2022-03-17 17:49:03,581 - root - INFO - ****************更新S3共享接口开始****************
2022-03-17 17:49:03,584 - root - INFO - the sql is : SELECT id, name from cluster_share where s3=1;
2022-03-17 17:49:03,584 - root - INFO - the params is : ()
2022-03-17 17:49:03,585 - root - INFO - the result data is :{'id': '37fc40d5b3df486bbd5a54a2972cef92', 'name': 's3share4CI7'}
2022-03-17 17:49:03,586 - root - INFO - *******测试案例名称： TestCase008_编辑S3共享详情信息-access_key不符合字符合适条件 执行开始********
2022-03-17 17:49:03,587 - root - INFO - *******测试数据： {'name': 's3Share', 's3': 'yes', 'port': '9036', 'access_key': '#@￥￥#测试', 'secret_key': '111122223333', 'share_type': 2, 'agree_type': ['S3'], 'project_id': 'ef7107f3b443415da1ccc56fa8e726b2'}
2022-03-17 17:49:33,870 - root - INFO - *******返回数据： {'code': 217001, 'message': '服务异常', 'data': None, 'level': 3}
2022-03-17 17:49:33,871 - root - INFO - ********************************************************************************
2022-03-17 17:49:33,876 - root - INFO - ********************************************************************************
2022-03-17 17:49:33,877 - root - INFO - ****************更新S3共享接口开始****************
2022-03-17 17:49:33,880 - root - INFO - the sql is : SELECT id, name from cluster_share where s3=1;
2022-03-17 17:49:33,880 - root - INFO - the params is : ()
2022-03-17 17:49:33,881 - root - INFO - the result data is :{'id': '37fc40d5b3df486bbd5a54a2972cef92', 'name': 's3share4CI7'}
2022-03-17 17:49:33,882 - root - INFO - *******测试案例名称： TestCase009_编辑S3共享详情信息-secret_key不符合字符合适条件 执行开始********
2022-03-17 17:49:33,883 - root - INFO - *******测试数据： {'name': 's3Share', 's3': 'yes', 'port': '9036', 'access_key': '11112222', 'secret_key': '#@￥￥#测试', 'share_type': 2, 'agree_type': ['S3'], 'project_id': 'ef7107f3b443415da1ccc56fa8e726b2'}
2022-03-17 17:49:35,584 - root - INFO - *******返回数据： {'code': 217001, 'message': '服务异常', 'data': None, 'level': 3}
2022-03-17 17:49:35,584 - root - INFO - ********************************************************************************
2022-03-17 17:49:35,587 - root - INFO - ********************************************************************************
2022-03-17 17:49:35,588 - root - INFO - ****************更新S3共享接口开始****************
2022-03-17 17:49:35,590 - root - INFO - the sql is : SELECT id, name from cluster_share where s3=1;
2022-03-17 17:49:35,590 - root - INFO - the params is : ()
2022-03-17 17:49:35,591 - root - INFO - the result data is :{'id': '37fc40d5b3df486bbd5a54a2972cef92', 'name': 's3share4CI7'}
2022-03-17 17:49:35,592 - root - INFO - *******测试案例名称： TestCase010_编辑S3共享详情信息-secret_key<8 执行开始********
2022-03-17 17:49:35,593 - root - INFO - *******测试数据： {'name': 's3Share', 's3': 'yes', 'port': '9036', 'access_key': '11112222', 'secret_key': '1', 'share_type': 2, 'agree_type': ['S3'], 'project_id': 'ef7107f3b443415da1ccc56fa8e726b2'}
2022-03-17 17:49:37,239 - root - INFO - *******返回数据： {'code': 217001, 'message': '服务异常', 'data': None, 'level': 3}
2022-03-17 17:49:37,240 - root - INFO - ********************************************************************************
2022-03-17 17:49:37,242 - root - INFO - ********************************************************************************
2022-03-17 17:49:37,251 - root - INFO - ****************更新S3共享接口开始****************
2022-03-17 17:49:37,254 - root - INFO - the sql is : SELECT id, name from cluster_share where s3=1;
2022-03-17 17:49:37,254 - root - INFO - the params is : ()
2022-03-17 17:49:37,255 - root - INFO - the result data is :{'id': '37fc40d5b3df486bbd5a54a2972cef92', 'name': 's3share4CI7'}
2022-03-17 17:49:37,256 - root - INFO - *******测试案例名称： TestCase011_编辑S3共享详情信息-secret_key>128 执行开始********
2022-03-17 17:49:37,257 - root - INFO - *******测试数据： {'name': 's3Share', 's3': 'yes', 'port': '9036', 'access_key': '1111122222', 'secret_key': '1111122222111112222211111222221111122222111112222211111222221111122222111112222211111222221111122222111112222211111222221111122222', 'share_type': 2, 'agree_type': ['S3'], 'project_id': 'ef7107f3b443415da1ccc56fa8e726b2'}
2022-03-17 17:49:38,866 - root - INFO - *******返回数据： {'code': 217001, 'message': '服务异常', 'data': None, 'level': 3}
2022-03-17 17:49:38,866 - root - INFO - ********************************************************************************
2022-03-17 17:49:38,882 - root - INFO - **********************************************完成teardown class，退出登录**********************************************
