2022-03-19 14:02:34,650 - root - INFO - the sql is : SELECT id, name from cluster_share where s3=1;
2022-03-19 14:02:34,654 - root - INFO - the params is : ()
2022-03-19 14:02:34,655 - root - INFO - the result data is :{'id': '179c2bafce4f4f748cb3b1c7a27e71af', 'name': 's3share4CI10'}
2022-03-19 14:02:34,716 - root - INFO - **********************************************开始setupClass，进行登录**********************************************
2022-03-19 14:02:34,937 - root - INFO - the sql is : SELECT id, name from cluster_share where s3=1;
2022-03-19 14:02:34,938 - root - INFO - the params is : ()
2022-03-19 14:02:34,940 - root - INFO - the result data is :{'id': '179c2bafce4f4f748cb3b1c7a27e71af', 'name': 's3share4CI10'}
2022-03-19 14:02:34,953 - root - INFO - ********************************************************************************
2022-03-19 14:02:34,954 - root - INFO - ****************更新S3共享接口开始****************
2022-03-19 14:02:34,975 - root - INFO - the sql is : SELECT id, name from cluster_share where s3=1;
2022-03-19 14:02:34,976 - root - INFO - the params is : ()
2022-03-19 14:02:34,978 - root - INFO - the result data is :{'id': '179c2bafce4f4f748cb3b1c7a27e71af', 'name': 's3share4CI10'}
2022-03-19 14:02:34,979 - root - INFO - *******测试案例名称： TestCase001_编辑S3共享详情信息-缺少token 执行开始********
2022-03-19 14:02:34,980 - root - INFO - *******测试数据： {'project_id': 'ef7107f3b443415da1ccc56fa8e726b2'}
2022-03-19 14:02:34,995 - root - INFO - *******返回数据： {'code': 1005, 'message': '缺少认证信息', 'data': None, 'level': 3}
2022-03-19 14:02:34,995 - root - INFO - *******测试案例名称： TestCase001_编辑S3共享详情信息-缺少token 执行完毕********
2022-03-19 14:02:34,996 - root - INFO - ****************更新S3共享接口结束****************
2022-03-19 14:02:34,996 - root - INFO - ********************************************************************************
2022-03-19 14:02:34,997 - root - INFO - ********************************************************************************
2022-03-19 14:02:34,998 - root - INFO - ****************更新S3共享接口开始****************
2022-03-19 14:02:35,022 - root - INFO - the sql is : SELECT id, name from cluster_share where s3=1;
2022-03-19 14:02:35,022 - root - INFO - the params is : ()
2022-03-19 14:02:35,024 - root - INFO - the result data is :{'id': '179c2bafce4f4f748cb3b1c7a27e71af', 'name': 's3share4CI10'}
2022-03-19 14:02:35,026 - root - INFO - *******测试案例名称： TestCase002_编辑S3共享详情信息-port<9000 执行开始********
2022-03-19 14:02:35,027 - root - INFO - *******测试数据： {'name': 's3Share', 's3': 'yes', 'port': '6', 'access_key': '111122223333', 'secret_key': '111122223333', 'share_type': 2, 'agree_type': ['S3'], 'project_id': 'ef7107f3b443415da1ccc56fa8e726b2'}
2022-03-19 14:02:35,052 - root - INFO - *******返回数据： {'code': 211002, 'message': 'S3共享服务端口号需在9000~10000之间', 'data': None, 'level': 3}
2022-03-19 14:02:35,052 - root - INFO - *******测试案例名称： TestCase002_编辑S3共享详情信息-port<9000 执行完毕********
2022-03-19 14:02:35,053 - root - INFO - ****************更新S3共享接口结束****************
2022-03-19 14:02:35,054 - root - INFO - ********************************************************************************
2022-03-19 14:02:35,055 - root - INFO - ********************************************************************************
2022-03-19 14:02:35,055 - root - INFO - ****************更新S3共享接口开始****************
2022-03-19 14:02:35,060 - root - INFO - the sql is : SELECT id, name from cluster_share where s3=1;
2022-03-19 14:02:35,066 - root - INFO - the params is : ()
2022-03-19 14:02:35,068 - root - INFO - the result data is :{'id': '179c2bafce4f4f748cb3b1c7a27e71af', 'name': 's3share4CI10'}
2022-03-19 14:02:35,069 - root - INFO - *******测试案例名称： TestCase003_编辑S3共享详情信息-port>10000 执行开始********
2022-03-19 14:02:35,070 - root - INFO - *******测试数据： {'name': 's3Share', 's3': 'yes', 'port': '10006', 'access_key': '111122223333', 'secret_key': '111122223333', 'share_type': 2, 'agree_type': ['S3'], 'project_id': 'ef7107f3b443415da1ccc56fa8e726b2'}
2022-03-19 14:02:35,092 - root - INFO - *******返回数据： {'code': 211002, 'message': 'S3共享服务端口号需在9000~10000之间', 'data': None, 'level': 3}
2022-03-19 14:02:35,092 - root - INFO - *******测试案例名称： TestCase003_编辑S3共享详情信息-port>10000 执行完毕********
2022-03-19 14:02:35,092 - root - INFO - ****************更新S3共享接口结束****************
2022-03-19 14:02:35,093 - root - INFO - ********************************************************************************
2022-03-19 14:02:35,093 - root - INFO - ********************************************************************************
2022-03-19 14:02:35,094 - root - INFO - ****************更新S3共享接口开始****************
2022-03-19 14:02:35,099 - root - INFO - the sql is : SELECT id, name from cluster_share where s3=1;
2022-03-19 14:02:35,099 - root - INFO - the params is : ()
2022-03-19 14:02:35,101 - root - INFO - the result data is :{'id': '179c2bafce4f4f748cb3b1c7a27e71af', 'name': 's3share4CI10'}
2022-03-19 14:02:35,102 - root - INFO - *******测试案例名称： TestCase004_编辑S3共享详情信息-port为非数字 执行开始********
2022-03-19 14:02:35,103 - root - INFO - *******测试数据： {'name': 's3Share', 's3': 'yes', 'port': 'ads', 'access_key': '111122223333', 'secret_key': '111122223333', 'share_type': 2, 'agree_type': ['S3'], 'project_id': 'ef7107f3b443415da1ccc56fa8e726b2'}
2022-03-19 14:02:35,128 - root - INFO - *******返回数据： {'code': 1001, 'message': '请求参数错误', 'data': None, 'level': 2}
2022-03-19 14:02:35,129 - root - INFO - *******测试案例名称： TestCase004_编辑S3共享详情信息-port为非数字 执行完毕********
2022-03-19 14:02:35,129 - root - INFO - ****************更新S3共享接口结束****************
2022-03-19 14:02:35,130 - root - INFO - ********************************************************************************
2022-03-19 14:02:35,131 - root - INFO - ********************************************************************************
2022-03-19 14:02:35,132 - root - INFO - ****************更新S3共享接口开始****************
2022-03-19 14:02:35,147 - root - INFO - the sql is : SELECT id, name from cluster_share where s3=1;
2022-03-19 14:02:35,147 - root - INFO - the params is : ()
2022-03-19 14:02:35,150 - root - INFO - the result data is :{'id': '179c2bafce4f4f748cb3b1c7a27e71af', 'name': 's3share4CI10'}
2022-03-19 14:02:35,151 - root - INFO - *******测试案例名称： TestCase005_编辑S3共享详情信息-access_key<3 执行开始********
2022-03-19 14:02:35,151 - root - INFO - *******测试数据： {'name': 's3Share', 's3': 'yes', 'port': '9036', 'access_key': '1', 'secret_key': '111122223333', 'share_type': 2, 'agree_type': ['S3'], 'project_id': 'ef7107f3b443415da1ccc56fa8e726b2'}
2022-03-19 14:02:51,813 - root - INFO - *******返回数据： {'code': 217001, 'message': '服务异常', 'data': None, 'level': 3}
2022-03-19 14:02:51,813 - root - INFO - ********************************************************************************
2022-03-19 14:02:51,840 - root - INFO - ********************************************************************************
2022-03-19 14:02:51,840 - root - INFO - ****************更新S3共享接口开始****************
2022-03-19 14:02:51,843 - root - INFO - the sql is : SELECT id, name from cluster_share where s3=1;
2022-03-19 14:02:51,855 - root - INFO - the params is : ()
2022-03-19 14:02:51,856 - root - INFO - the result data is :{'id': '179c2bafce4f4f748cb3b1c7a27e71af', 'name': 's3share4CI10'}
2022-03-19 14:02:51,857 - root - INFO - *******测试案例名称： TestCase006_编辑S3共享详情信息-access_key>64 执行开始********
2022-03-19 14:02:51,858 - root - INFO - *******测试数据： {'name': 's3Share', 's3': 'yes', 'port': '9036', 'access_key': '111222233331112222333311122223333111222233331112222333311122223333', 'secret_key': '111122223333', 'share_type': 2, 'agree_type': ['S3'], 'project_id': 'ef7107f3b443415da1ccc56fa8e726b2'}
2022-03-19 14:02:53,635 - root - INFO - *******返回数据： {'code': 217001, 'message': '服务异常', 'data': None, 'level': 3}
2022-03-19 14:02:53,636 - root - INFO - ********************************************************************************
2022-03-19 14:02:53,638 - root - INFO - ********************************************************************************
2022-03-19 14:02:53,642 - root - INFO - ****************更新S3共享接口开始****************
2022-03-19 14:02:53,645 - root - INFO - the sql is : SELECT id, name from cluster_share where s3=1;
2022-03-19 14:02:53,646 - root - INFO - the params is : ()
2022-03-19 14:02:53,647 - root - INFO - the result data is :{'id': '179c2bafce4f4f748cb3b1c7a27e71af', 'name': 's3share4CI10'}
2022-03-19 14:02:53,648 - root - INFO - *******测试案例名称： TestCase007_编辑S3共享详情信息-access_key符合字符格式条件 执行开始********
2022-03-19 14:02:53,648 - root - INFO - *******测试数据： {'name': 's3Share', 's3': 'yes', 'port': '9036', 'access_key': 'a1_-.b', 'secret_key': '111122223333', 'share_type': 2, 'agree_type': ['S3'], 'project_id': 'ef7107f3b443415da1ccc56fa8e726b2'}
2022-03-19 14:02:55,471 - root - INFO - *******返回数据： {'code': 217001, 'message': '服务异常', 'data': None, 'level': 3}
2022-03-19 14:02:55,471 - root - INFO - ********************************************************************************
2022-03-19 14:02:55,473 - root - INFO - ********************************************************************************
2022-03-19 14:02:55,480 - root - INFO - ****************更新S3共享接口开始****************
2022-03-19 14:02:55,483 - root - INFO - the sql is : SELECT id, name from cluster_share where s3=1;
2022-03-19 14:02:55,483 - root - INFO - the params is : ()
2022-03-19 14:02:55,485 - root - INFO - the result data is :{'id': '179c2bafce4f4f748cb3b1c7a27e71af', 'name': 's3share4CI10'}
2022-03-19 14:02:55,485 - root - INFO - *******测试案例名称： TestCase008_编辑S3共享详情信息-access_key不符合字符合适条件 执行开始********
2022-03-19 14:02:55,486 - root - INFO - *******测试数据： {'name': 's3Share', 's3': 'yes', 'port': '9036', 'access_key': '#@￥￥#测试', 'secret_key': '111122223333', 'share_type': 2, 'agree_type': ['S3'], 'project_id': 'ef7107f3b443415da1ccc56fa8e726b2'}
2022-03-19 14:03:24,771 - root - INFO - *******返回数据： {'code': 217001, 'message': '服务异常', 'data': None, 'level': 3}
2022-03-19 14:03:24,772 - root - INFO - ********************************************************************************
2022-03-19 14:03:24,785 - root - INFO - ********************************************************************************
2022-03-19 14:03:24,786 - root - INFO - ****************更新S3共享接口开始****************
2022-03-19 14:03:24,788 - root - INFO - the sql is : SELECT id, name from cluster_share where s3=1;
2022-03-19 14:03:24,789 - root - INFO - the params is : ()
2022-03-19 14:03:24,790 - root - INFO - the result data is :{'id': '179c2bafce4f4f748cb3b1c7a27e71af', 'name': 's3share4CI10'}
2022-03-19 14:03:24,791 - root - INFO - *******测试案例名称： TestCase009_编辑S3共享详情信息-secret_key不符合字符合适条件 执行开始********
2022-03-19 14:03:24,792 - root - INFO - *******测试数据： {'name': 's3Share', 's3': 'yes', 'port': '9036', 'access_key': '11112222', 'secret_key': '#@￥￥#测试', 'share_type': 2, 'agree_type': ['S3'], 'project_id': 'ef7107f3b443415da1ccc56fa8e726b2'}
2022-03-19 14:03:26,742 - root - INFO - *******返回数据： {'code': 217001, 'message': '服务异常', 'data': None, 'level': 3}
2022-03-19 14:03:26,743 - root - INFO - ********************************************************************************
2022-03-19 14:03:26,751 - root - INFO - ********************************************************************************
2022-03-19 14:03:26,752 - root - INFO - ****************更新S3共享接口开始****************
2022-03-19 14:03:26,768 - root - INFO - the sql is : SELECT id, name from cluster_share where s3=1;
2022-03-19 14:03:26,768 - root - INFO - the params is : ()
2022-03-19 14:03:26,769 - root - INFO - the result data is :{'id': '179c2bafce4f4f748cb3b1c7a27e71af', 'name': 's3share4CI10'}
2022-03-19 14:03:26,770 - root - INFO - *******测试案例名称： TestCase010_编辑S3共享详情信息-secret_key<8 执行开始********
2022-03-19 14:03:26,771 - root - INFO - *******测试数据： {'name': 's3Share', 's3': 'yes', 'port': '9036', 'access_key': '11112222', 'secret_key': '1', 'share_type': 2, 'agree_type': ['S3'], 'project_id': 'ef7107f3b443415da1ccc56fa8e726b2'}
2022-03-19 14:03:28,964 - root - INFO - *******返回数据： {'code': 217001, 'message': '服务异常', 'data': None, 'level': 3}
2022-03-19 14:03:28,965 - root - INFO - ********************************************************************************
2022-03-19 14:03:28,967 - root - INFO - ********************************************************************************
2022-03-19 14:03:28,978 - root - INFO - ****************更新S3共享接口开始****************
2022-03-19 14:03:28,981 - root - INFO - the sql is : SELECT id, name from cluster_share where s3=1;
2022-03-19 14:03:28,982 - root - INFO - the params is : ()
2022-03-19 14:03:28,983 - root - INFO - the result data is :{'id': '179c2bafce4f4f748cb3b1c7a27e71af', 'name': 's3share4CI10'}
2022-03-19 14:03:28,983 - root - INFO - *******测试案例名称： TestCase011_编辑S3共享详情信息-secret_key>128 执行开始********
2022-03-19 14:03:28,984 - root - INFO - *******测试数据： {'name': 's3Share', 's3': 'yes', 'port': '9036', 'access_key': '1111122222', 'secret_key': '1111122222111112222211111222221111122222111112222211111222221111122222111112222211111222221111122222111112222211111222221111122222', 'share_type': 2, 'agree_type': ['S3'], 'project_id': 'ef7107f3b443415da1ccc56fa8e726b2'}
2022-03-19 14:03:55,328 - root - INFO - *******返回数据： {'code': 217001, 'message': '服务异常', 'data': None, 'level': 3}
2022-03-19 14:03:55,329 - root - INFO - ********************************************************************************
2022-03-19 14:03:55,345 - root - INFO - **********************************************完成teardown class，退出登录**********************************************
