2022-02-14 16:35:18,583 - root - INFO - the sql is : SELECT id, name from cluster_share where s3=1;
2022-02-14 16:35:18,583 - root - INFO - the params is : ()
2022-02-14 16:35:18,584 - root - INFO - the result data is :{'id': '52e93c107c264dd5968b70f3cbfab313', 'name': 's3Share'}
2022-02-14 16:35:18,605 - root - INFO - **********************************************开始setupClass，进行登录**********************************************
2022-02-14 16:35:21,588 - root - INFO - ********************************************************************************
2022-02-14 16:35:21,588 - root - INFO - ****************关闭S3服务接口开始****************
2022-02-14 16:35:21,589 - root - INFO - *******测试案例名称： TestCase001_关闭s3服务-缺少token 执行开始********
2022-02-14 16:35:21,590 - root - INFO - *******测试数据： {'action': 'stop', 'params': {'node': ['node-2', 'node-3', 'node-1']}}
2022-02-14 16:35:21,596 - root - INFO - *******返回数据： {'code': 1005, 'message': '缺少认证信息', 'data': None, 'level': 3}
2022-02-14 16:35:21,597 - root - INFO - *******测试案例名称： TestCase001_关闭s3服务-缺少token 执行完毕********
2022-02-14 16:35:21,597 - root - INFO - ****************关闭S3服务接口结束****************
2022-02-14 16:35:21,597 - root - INFO - ********************************************************************************
2022-02-14 16:35:21,598 - root - INFO - ********************************************************************************
2022-02-14 16:35:21,599 - root - INFO - ****************关闭S3服务接口开始****************
2022-02-14 16:35:21,599 - root - INFO - *******测试案例名称： TestCase002_关闭s3服务 执行开始********
2022-02-14 16:35:21,610 - root - INFO - *******测试数据： {'action': 'stop', 'params': {'node': ['node-2', 'node-3', 'node-1']}}
2022-02-14 16:35:24,849 - root - INFO - *******返回数据： {'code': 0, 'message': 'success', 'data': None}
2022-02-14 16:35:24,849 - root - INFO - *******测试案例名称： TestCase002_关闭s3服务 执行完毕********
2022-02-14 16:35:24,850 - root - INFO - ****************关闭S3服务接口结束****************
2022-02-14 16:35:24,850 - root - INFO - ********************************************************************************
2022-02-14 16:35:24,864 - root - INFO - **********************************************完成teardown class，退出登录**********************************************
