2022-01-07 15:15:12,511 - root - INFO - **********************************************开始setupClass，进行登录**********************************************
2022-01-07 15:15:12,828 - root - INFO - the sql is : SELECT i.id as vmId, i.name as vmName, d.id as diskId, d.name as diskName FROM cloud_instance i LEFT JOIN disk d on i.project_id=d.pool_id            where d.store_type=1 and i.project_id=%s ORDER BY i.create_time DESC limit 1;
2022-01-07 15:15:12,829 - root - INFO - the params is : c732c22666064375904c357bbecfeb1a
2022-01-07 15:15:12,832 - root - INFO - the result data is :{'vmId': 'ins-1dbf636afc9c44389f2b10deac2ad4bf', 'vmName': 'LC1', 'diskId': 'ins-1dbf636afc9c44389f2b10deac2ad4bf', 'diskName': 'SysDesIs1Char'}
2022-01-07 15:15:43,700 - root - INFO - ********************************************************************************
2022-01-07 15:15:43,701 - root - INFO - ****************回滚云组件快照接口开始****************
2022-01-07 15:15:43,701 - root - INFO - *******请求地址： http://192.168.5.170/v1/cloud/instances/ins-1dbf636afc9c44389f2b10deac2ad4bf/restore
2022-01-07 15:15:43,702 - root - INFO - *******测试案例名称： TestCase001_回滚云组件快照-缺少token 执行开始********
2022-01-07 15:15:43,702 - root - INFO - ********************************************************************************
2022-01-07 15:15:43,760 - root - INFO - ********************************************************************************
2022-01-07 15:15:43,760 - root - INFO - ****************回滚云组件快照接口开始****************
2022-01-07 15:15:43,761 - root - INFO - *******请求地址： http://192.168.5.170/v1/cloud/instances/ins-1dbf636afc9c44389f2b10deac2ad4bf/restore
2022-01-07 15:15:43,761 - root - INFO - *******测试案例名称： TestCase002_回滚云组件快照-snapshot_name为空 执行开始********
2022-01-07 15:15:43,762 - root - INFO - ********************************************************************************
2022-01-07 15:15:43,774 - root - INFO - ********************************************************************************
2022-01-07 15:15:43,775 - root - INFO - ****************回滚云组件快照接口开始****************
2022-01-07 15:15:43,776 - root - INFO - *******请求地址： http://192.168.5.170/v1/cloud/instances/ins-1dbf636afc9c44389f2b10deac2ad4bf/restore
2022-01-07 15:15:43,776 - root - INFO - *******测试案例名称： TestCase003_回滚云组件快照-volume_name为空 执行开始********
2022-01-07 15:15:43,776 - root - INFO - ********************************************************************************
2022-01-07 15:15:43,789 - root - INFO - ********************************************************************************
2022-01-07 15:15:43,790 - root - INFO - ****************回滚云组件快照接口开始****************
2022-01-07 15:15:43,790 - root - INFO - *******请求地址： http://192.168.5.170/v1/cloud/instances/ins-1dbf636afc9c44389f2b10deac2ad4bf/restore
2022-01-07 15:15:43,791 - root - INFO - *******测试案例名称： TestCase004_回滚云组件快照-project_id为空 执行开始********
2022-01-07 15:15:43,791 - root - INFO - ********************************************************************************
2022-01-07 15:15:43,805 - root - INFO - ********************************************************************************
2022-01-07 15:15:43,805 - root - INFO - ****************回滚云组件快照接口开始****************
2022-01-07 15:15:43,806 - root - INFO - *******请求地址： http://192.168.5.170/v1/cloud/instances/ins-1dbf636afc9c44389f2b10deac2ad4bf/restore
2022-01-07 15:15:43,806 - root - INFO - *******测试案例名称： TestCase005_回滚云组件快照-成功 执行开始********
2022-01-07 15:15:43,807 - root - INFO - ********************************************************************************
2022-01-07 15:15:43,832 - root - INFO - **********************************************完成teardown class，退出登录**********************************************
