2022-03-17 17:46:03,746 - root - INFO - the sql is : SELECT id, name from cluster_share where s3=1;
2022-03-17 17:46:03,747 - root - INFO - the params is : ()
2022-03-17 17:46:03,749 - root - INFO - the result data is :{'id': '813e3b8104004dccbbfcfc0351b11bea', 'name': 's3Share'}
2022-03-17 17:46:03,779 - root - INFO - **********************************************开始setupClass，进行登录**********************************************
2022-03-17 17:46:04,005 - root - INFO - the sql is : SELECT id, name from cluster_share where s3=1;
2022-03-17 17:46:04,005 - root - INFO - the params is : ()
2022-03-17 17:46:04,007 - root - INFO - the result data is :{'id': '813e3b8104004dccbbfcfc0351b11bea', 'name': 's3Share'}
2022-03-17 17:46:04,009 - root - INFO - ********************************************************************************
2022-03-17 17:46:04,010 - root - INFO - ****************删除S3共享接口开始****************
2022-03-17 17:46:04,010 - root - INFO - *******测试案例名称： TestCase001_删除S3共享详情信息-缺少token 执行开始********
2022-03-17 17:46:04,014 - root - INFO - the sql is : SELECT id, name from cluster_share where s3=1;
2022-03-17 17:46:04,014 - root - INFO - the params is : ()
2022-03-17 17:46:04,016 - root - INFO - the result data is :{'id': '813e3b8104004dccbbfcfc0351b11bea', 'name': 's3Share'}
2022-03-17 17:46:04,017 - root - INFO - *******测试数据： {'ids': ['813e3b8104004dccbbfcfc0351b11bea']}
2022-03-17 17:46:04,025 - root - INFO - *******返回数据： {'code': 1005, 'message': '缺少认证信息', 'data': None, 'level': 3}
2022-03-17 17:46:04,025 - root - INFO - *******测试案例名称： TestCase001_删除S3共享详情信息-缺少token 执行完毕********
2022-03-17 17:46:04,025 - root - INFO - ****************删除S3共享接口结束****************
2022-03-17 17:46:04,026 - root - INFO - ********************************************************************************
2022-03-17 17:46:04,030 - root - INFO - ********************************************************************************
2022-03-17 17:46:04,031 - root - INFO - ****************删除S3共享接口开始****************
2022-03-17 17:46:04,031 - root - INFO - *******测试案例名称： TestCase002_删除S3共享详情信息-id不存在 执行开始********
2022-03-17 17:46:04,032 - root - INFO - *******测试数据： {'ids': ['a69172ec-6495-4836-9e16-28df6302c9d2']}
2022-03-17 17:46:04,088 - root - INFO - *******返回数据： {'code': 217001, 'message': '共享不存在', 'data': None, 'level': 3}
2022-03-17 17:46:04,089 - root - INFO - *******测试案例名称： TestCase002_删除S3共享详情信息-id不存在 执行完毕********
2022-03-17 17:46:04,089 - root - INFO - ****************删除S3共享接口结束****************
2022-03-17 17:46:04,090 - root - INFO - ********************************************************************************
2022-03-17 17:46:04,091 - root - INFO - ********************************************************************************
2022-03-17 17:46:04,091 - root - INFO - ****************删除S3共享接口开始****************
2022-03-17 17:46:04,092 - root - INFO - *******测试案例名称： TestCase003_删除S3共享详情信息-成功 执行开始********
2022-03-17 17:46:04,095 - root - INFO - the sql is : SELECT id, name from cluster_share where s3=1;
2022-03-17 17:46:04,096 - root - INFO - the params is : ()
2022-03-17 17:46:04,098 - root - INFO - the result data is :{'id': '813e3b8104004dccbbfcfc0351b11bea', 'name': 's3Share'}
2022-03-17 17:46:04,099 - root - INFO - *******测试数据： {'ids': ['813e3b8104004dccbbfcfc0351b11bea']}
2022-03-17 17:46:25,173 - root - INFO - *******返回数据： {'code': 0, 'message': 'success', 'data': None}
2022-03-17 17:46:25,173 - root - INFO - *******测试案例名称： TestCase003_删除S3共享详情信息-成功 执行完毕********
2022-03-17 17:46:25,174 - root - INFO - ****************删除S3共享接口结束****************
2022-03-17 17:46:25,174 - root - INFO - ********************************************************************************
2022-03-17 17:46:25,195 - root - INFO - **********************************************完成teardown class，退出登录**********************************************
