2022-03-17 17:41:03,581 - root - INFO - the sql is : SELECT id, name from cluster_share where s3=1;
2022-03-17 17:41:03,581 - root - INFO - the params is : ()
2022-03-17 17:41:03,595 - root - INFO - the result data is :None
2022-03-17 17:41:03,653 - root - INFO - **********************************************开始setupClass，进行登录**********************************************
2022-03-17 17:41:03,889 - root - INFO - the sql is : SELECT id, name from cluster_share where s3=1;
2022-03-17 17:41:03,889 - root - INFO - the params is : ()
2022-03-17 17:41:03,891 - root - INFO - the result data is :None
2022-03-17 17:41:03,907 - root - INFO - ********************************************************************************
2022-03-17 17:41:03,908 - root - INFO - ****************创建S3共享接口开始****************
2022-03-17 17:41:03,908 - root - INFO - *******测试案例名称： TestCase001_创建S3共享-缺少token 执行开始********
2022-03-17 17:41:03,909 - root - INFO - *******测试数据： {'project_id': 'ef7107f3b443415da1ccc56fa8e726b2', 'project_name': '默认池'}
2022-03-17 17:41:03,920 - root - INFO - *******返回数据： {'code': 1005, 'message': '缺少认证信息', 'data': None, 'level': 3}
2022-03-17 17:41:03,921 - root - INFO - *******测试案例名称： TestCase001_创建S3共享-缺少token 执行完毕********
2022-03-17 17:41:03,921 - root - INFO - ****************创建S3共享接口结束****************
2022-03-17 17:41:03,922 - root - INFO - ********************************************************************************
2022-03-17 17:41:03,923 - root - INFO - ********************************************************************************
2022-03-17 17:41:03,923 - root - INFO - ****************创建S3共享接口开始****************
2022-03-17 17:41:03,924 - root - INFO - *******测试案例名称： TestCase002_创建S3共享-name为空 执行开始********
2022-03-17 17:41:03,925 - root - INFO - *******测试数据： {'name': '', 's3': 'yes', 'port': '9036', 'access_key': '1111122222', 'secret_key': '111122223333', 'share_type': 2, 'agree_type': ['S3'], 'project_id': 'ef7107f3b443415da1ccc56fa8e726b2', 'project_name': '默认池'}
2022-03-17 17:41:03,947 - root - INFO - *******返回数据： {'code': 1001, 'message': '请求参数错误', 'data': None, 'level': 2}
2022-03-17 17:41:03,948 - root - INFO - *******测试案例名称： TestCase002_创建S3共享-name为空 执行完毕********
2022-03-17 17:41:03,948 - root - INFO - ****************创建S3共享接口结束****************
2022-03-17 17:41:03,949 - root - INFO - ********************************************************************************
2022-03-17 17:41:03,950 - root - INFO - ********************************************************************************
2022-03-17 17:41:03,950 - root - INFO - ****************创建S3共享接口开始****************
2022-03-17 17:41:03,951 - root - INFO - *******测试案例名称： TestCase003_创建S3共享-name>32 执行开始********
2022-03-17 17:41:03,956 - root - INFO - *******测试数据： {'name': 'aaa1aaaaa1aaa1aaaaa1aaa1aaaaa1aaa1aaaaa1', 's3': 'yes', 'port': '9036', 'access_key': '1111122222', 'secret_key': '111122223333', 'share_type': 2, 'agree_type': ['S3'], 'project_id': 'ef7107f3b443415da1ccc56fa8e726b2', 'project_name': '默认池'}
2022-03-17 17:41:03,987 - root - INFO - *******返回数据： {'code': 1001, 'message': '请求参数错误', 'data': None, 'level': 2}
2022-03-17 17:41:03,987 - root - INFO - *******测试案例名称： TestCase003_创建S3共享-name>32 执行完毕********
2022-03-17 17:41:03,988 - root - INFO - ****************创建S3共享接口结束****************
2022-03-17 17:41:03,988 - root - INFO - ********************************************************************************
2022-03-17 17:41:03,989 - root - INFO - ********************************************************************************
2022-03-17 17:41:03,990 - root - INFO - ****************创建S3共享接口开始****************
2022-03-17 17:41:03,990 - root - INFO - *******测试案例名称： TestCase004_创建S3共享详情信息-成功 执行开始********
2022-03-17 17:41:04,002 - root - INFO - *******测试数据： {'name': 's3Share', 's3': 'yes', 'port': '9036', 'access_key': '1111122222', 'secret_key': '11111222222', 'share_type': 2, 'agree_type': ['S3'], 'project_id': 'ef7107f3b443415da1ccc56fa8e726b2', 'project_name': '默认池'}
2022-03-17 17:41:27,146 - root - INFO - *******返回数据： {'code': 0, 'message': 'success', 'data': {'name': 's3Share', 'volume': 'glu1647352857', 'share_type': 2, 'agree_type': ['S3'], 'port': 9036, 'access_key': '1111122222', 'secret_key': '11111222222'}}
2022-03-17 17:41:27,146 - root - INFO - *******测试案例名称： TestCase004_创建S3共享详情信息-成功 执行完毕********
2022-03-17 17:41:27,147 - root - INFO - ****************创建S3共享接口结束****************
2022-03-17 17:41:27,148 - root - INFO - ********************************************************************************
2022-03-17 17:41:27,149 - root - INFO - ********************************************************************************
2022-03-17 17:41:27,149 - root - INFO - ****************创建S3共享接口开始****************
2022-03-17 17:41:27,160 - root - INFO - *******测试案例名称： TestCase005_创建S3共享-name以数字开头 执行开始********
2022-03-17 17:41:27,161 - root - INFO - *******测试数据： {'name': '1aaaa', 's3': 'yes', 'port': '9036', 'access_key': '1111122222', 'secret_key': '111122223333', 'share_type': 2, 'agree_type': ['S3'], 'project_id': 'ef7107f3b443415da1ccc56fa8e726b2', 'project_name': '默认池'}
2022-03-17 17:41:52,400 - root - INFO - *******返回数据： {'code': 217001, 'message': '卷只允许创建一个对象共享', 'data': None, 'level': 3}
2022-03-17 17:41:52,401 - root - INFO - ********************************************************************************
2022-03-17 17:41:52,416 - root - INFO - ********************************************************************************
2022-03-17 17:41:52,416 - root - INFO - ****************创建S3共享接口开始****************
2022-03-17 17:41:52,417 - root - INFO - *******测试案例名称： TestCase006_创建S3共享-name以横线开头 执行开始********
2022-03-17 17:41:52,417 - root - INFO - *******测试数据： {'name': '-aaaa', 's3': 'yes', 'port': '9036', 'access_key': '1111122222', 'secret_key': '111122223333', 'share_type': 2, 'agree_type': ['S3'], 'project_id': 'ef7107f3b443415da1ccc56fa8e726b2', 'project_name': '默认池'}
2022-03-17 17:41:54,068 - root - INFO - *******返回数据： {'code': 217001, 'message': '卷只允许创建一个对象共享', 'data': None, 'level': 3}
2022-03-17 17:41:54,069 - root - INFO - ********************************************************************************
2022-03-17 17:41:54,071 - root - INFO - ********************************************************************************
2022-03-17 17:41:54,080 - root - INFO - ****************创建S3共享接口开始****************
2022-03-17 17:41:54,081 - root - INFO - *******测试案例名称： TestCase007_创建S3共享-name不支持的字符作为名称 执行开始********
2022-03-17 17:41:54,082 - root - INFO - *******测试数据： {'name': '测试*（））&*&', 's3': 'yes', 'port': '9036', 'access_key': '1111122222', 'secret_key': '111122223333', 'share_type': 2, 'agree_type': ['S3'], 'project_id': 'ef7107f3b443415da1ccc56fa8e726b2', 'project_name': '默认池'}
2022-03-17 17:41:55,771 - root - INFO - *******返回数据： {'code': 217001, 'message': '卷只允许创建一个对象共享', 'data': None, 'level': 3}
2022-03-17 17:41:55,772 - root - INFO - ********************************************************************************
2022-03-17 17:41:55,773 - root - INFO - ********************************************************************************
2022-03-17 17:41:55,776 - root - INFO - ****************创建S3共享接口开始****************
2022-03-17 17:41:55,777 - root - INFO - *******测试案例名称： TestCase008_创建S3共享-port<9000 执行开始********
2022-03-17 17:41:55,777 - root - INFO - *******测试数据： {'name': 's3Share', 's3': 'yes', 'port': '6', 'access_key': '1111122222', 'secret_key': '111122223333', 'share_type': 2, 'agree_type': ['S3'], 'project_id': 'ef7107f3b443415da1ccc56fa8e726b2', 'project_name': '默认池'}
2022-03-17 17:41:55,797 - root - INFO - *******返回数据： {'code': 211002, 'message': 'S3共享服务端口号需在9000~10000之间', 'data': None, 'level': 3}
2022-03-17 17:41:55,797 - root - INFO - *******测试案例名称： TestCase008_创建S3共享-port<9000 执行完毕********
2022-03-17 17:41:55,797 - root - INFO - ****************创建S3共享接口结束****************
2022-03-17 17:41:55,798 - root - INFO - ********************************************************************************
2022-03-17 17:41:55,799 - root - INFO - ********************************************************************************
2022-03-17 17:41:55,799 - root - INFO - ****************创建S3共享接口开始****************
2022-03-17 17:41:55,800 - root - INFO - *******测试案例名称： TestCase009_创建S3共享-port>10000 执行开始********
2022-03-17 17:41:55,806 - root - INFO - *******测试数据： {'name': 's3Share', 's3': 'yes', 'port': '10006', 'access_key': '1111122222', 'secret_key': '111122223333', 'share_type': 2, 'agree_type': ['S3'], 'project_id': 'ef7107f3b443415da1ccc56fa8e726b2', 'project_name': '默认池'}
2022-03-17 17:41:55,827 - root - INFO - *******返回数据： {'code': 211002, 'message': 'S3共享服务端口号需在9000~10000之间', 'data': None, 'level': 3}
2022-03-17 17:41:55,827 - root - INFO - *******测试案例名称： TestCase009_创建S3共享-port>10000 执行完毕********
2022-03-17 17:41:55,828 - root - INFO - ****************创建S3共享接口结束****************
2022-03-17 17:41:55,828 - root - INFO - ********************************************************************************
2022-03-17 17:41:55,829 - root - INFO - ********************************************************************************
2022-03-17 17:41:55,829 - root - INFO - ****************创建S3共享接口开始****************
2022-03-17 17:41:55,830 - root - INFO - *******测试案例名称： TestCase010_创建S3共享详情信息-port为非数字 执行开始********
2022-03-17 17:41:55,837 - root - INFO - *******测试数据： {'name': 's3Share', 's3': 'yes', 'port': 'aaa', 'access_key': '1111122222', 'secret_key': '111122223333', 'share_type': 2, 'agree_type': ['S3'], 'project_id': 'ef7107f3b443415da1ccc56fa8e726b2', 'project_name': '默认池'}
2022-03-17 17:41:55,859 - root - INFO - *******返回数据： {'code': 1001, 'message': '请求参数错误', 'data': None, 'level': 2}
2022-03-17 17:41:55,860 - root - INFO - *******测试案例名称： TestCase010_创建S3共享详情信息-port为非数字 执行完毕********
2022-03-17 17:41:55,861 - root - INFO - ****************创建S3共享接口结束****************
2022-03-17 17:41:55,861 - root - INFO - ********************************************************************************
2022-03-17 17:41:55,862 - root - INFO - ********************************************************************************
2022-03-17 17:41:55,862 - root - INFO - ****************创建S3共享接口开始****************
2022-03-17 17:41:55,868 - root - INFO - *******测试案例名称： TestCase011_创建S3共享详情信息-access_key<3 执行开始********
2022-03-17 17:41:55,869 - root - INFO - *******测试数据： {'name': 's3Share', 's3': 'yes', 'port': '9036', 'access_key': '1', 'secret_key': '111122223333', 'share_type': 2, 'agree_type': ['S3'], 'project_id': 'ef7107f3b443415da1ccc56fa8e726b2', 'project_name': '默认池'}
2022-03-17 17:41:57,554 - root - INFO - *******返回数据： {'code': 217001, 'message': 'accessKey长度为3-64，允许输入字母、数字、下划线、横线、点', 'data': None, 'level': 3}
2022-03-17 17:41:57,554 - root - INFO - *******测试案例名称： TestCase011_创建S3共享详情信息-access_key<3 执行完毕********
2022-03-17 17:41:57,554 - root - INFO - ****************创建S3共享接口结束****************
2022-03-17 17:41:57,555 - root - INFO - ********************************************************************************
2022-03-17 17:41:57,556 - root - INFO - ********************************************************************************
2022-03-17 17:41:57,556 - root - INFO - ****************创建S3共享接口开始****************
2022-03-17 17:41:57,557 - root - INFO - *******测试案例名称： TestCase012_创建S3共享详情信息-access_key>64 执行开始********
2022-03-17 17:41:57,558 - root - INFO - *******测试数据： {'name': 's3Share', 's3': 'yes', 'port': '9036', 'access_key': '111222233331112222333311122223333111222233331112222333311122223333', 'secret_key': '111122223333', 'share_type': 2, 'agree_type': ['S3'], 'project_id': 'ef7107f3b443415da1ccc56fa8e726b2', 'project_name': '默认池'}
2022-03-17 17:42:12,785 - root - INFO - *******返回数据： {'code': 217001, 'message': 'accessKey长度为3-64，允许输入字母、数字、下划线、横线、点', 'data': None, 'level': 3}
2022-03-17 17:42:12,785 - root - INFO - *******测试案例名称： TestCase012_创建S3共享详情信息-access_key>64 执行完毕********
2022-03-17 17:42:12,785 - root - INFO - ****************创建S3共享接口结束****************
2022-03-17 17:42:12,786 - root - INFO - ********************************************************************************
2022-03-17 17:42:12,787 - root - INFO - ********************************************************************************
2022-03-17 17:42:12,787 - root - INFO - ****************创建S3共享接口开始****************
2022-03-17 17:42:12,798 - root - INFO - *******测试案例名称： TestCase013_创建S3共享详情信息-access_key不符合字符合适条件 执行开始********
2022-03-17 17:42:12,798 - root - INFO - *******测试数据： {'name': 's3Share', 's3': 'yes', 'port': '9036', 'access_key': '#@￥￥#测试', 'secret_key': '111122223333', 'share_type': 2, 'agree_type': ['S3'], 'project_id': 'ef7107f3b443415da1ccc56fa8e726b2', 'project_name': '默认池'}
2022-03-17 17:42:30,797 - root - INFO - *******返回数据： {'code': 217001, 'message': '共享已经存在', 'data': None, 'level': 3}
2022-03-17 17:42:30,797 - root - INFO - *******测试案例名称： TestCase013_创建S3共享详情信息-access_key不符合字符合适条件 执行完毕********
2022-03-17 17:42:30,799 - root - INFO - ****************创建S3共享接口结束****************
2022-03-17 17:42:30,799 - root - INFO - ********************************************************************************
2022-03-17 17:42:30,800 - root - INFO - ********************************************************************************
2022-03-17 17:42:30,801 - root - INFO - ****************创建S3共享接口开始****************
2022-03-17 17:42:30,810 - root - INFO - *******测试案例名称： TestCase014_创建S3共享详情信息-secret_key不符合字符合适条件 执行开始********
2022-03-17 17:42:30,811 - root - INFO - *******测试数据： {'name': 's3Share', 's3': 'yes', 'port': '9036', 'access_key': '11112222', 'secret_key': '#@￥￥#测试', 'share_type': 2, 'agree_type': ['S3'], 'project_id': 'ef7107f3b443415da1ccc56fa8e726b2', 'project_name': '默认池'}
2022-03-17 17:42:32,359 - root - INFO - *******返回数据： {'code': 217001, 'message': 'secretKey长度为8-128，允许输入字母、数字、下划线、横线、点', 'data': None, 'level': 3}
2022-03-17 17:42:32,360 - root - INFO - *******测试案例名称： TestCase014_创建S3共享详情信息-secret_key不符合字符合适条件 执行完毕********
2022-03-17 17:42:32,361 - root - INFO - ****************创建S3共享接口结束****************
2022-03-17 17:42:32,361 - root - INFO - ********************************************************************************
2022-03-17 17:42:32,362 - root - INFO - ********************************************************************************
2022-03-17 17:42:32,363 - root - INFO - ****************创建S3共享接口开始****************
2022-03-17 17:42:32,375 - root - INFO - *******测试案例名称： TestCase015_创建S3共享详情信息-secret_key<8 执行开始********
2022-03-17 17:42:32,376 - root - INFO - *******测试数据： {'name': 's3Share', 's3': 'yes', 'port': '9036', 'access_key': '11112222', 'secret_key': '1', 'share_type': 2, 'agree_type': ['S3'], 'project_id': 'ef7107f3b443415da1ccc56fa8e726b2', 'project_name': '默认池'}
2022-03-17 17:42:33,935 - root - INFO - *******返回数据： {'code': 217001, 'message': 'secretKey长度为8-128，允许输入字母、数字、下划线、横线、点', 'data': None, 'level': 3}
2022-03-17 17:42:33,935 - root - INFO - *******测试案例名称： TestCase015_创建S3共享详情信息-secret_key<8 执行完毕********
2022-03-17 17:42:33,936 - root - INFO - ****************创建S3共享接口结束****************
2022-03-17 17:42:33,936 - root - INFO - ********************************************************************************
2022-03-17 17:42:33,937 - root - INFO - ********************************************************************************
2022-03-17 17:42:33,938 - root - INFO - ****************创建S3共享接口开始****************
2022-03-17 17:42:33,949 - root - INFO - *******测试案例名称： TestCase016_创建S3共享详情信息-secret_key>128 执行开始********
2022-03-17 17:42:33,950 - root - INFO - *******测试数据： {'name': 's3Share', 's3': 'yes', 'port': '9036', 'access_key': '1111122222', 'secret_key': '1111122222111112222211111222221111122222111112222211111222221111122222111112222211111222221111122222111112222211111222221111122222', 'share_type': 2, 'agree_type': ['S3'], 'project_id': 'ef7107f3b443415da1ccc56fa8e726b2', 'project_name': '默认池'}
2022-03-17 17:42:35,622 - root - INFO - *******返回数据： {'code': 217001, 'message': 'secretKey长度为8-128，允许输入字母、数字、下划线、横线、点', 'data': None, 'level': 3}
2022-03-17 17:42:35,623 - root - INFO - *******测试案例名称： TestCase016_创建S3共享详情信息-secret_key>128 执行完毕********
2022-03-17 17:42:35,623 - root - INFO - ****************创建S3共享接口结束****************
2022-03-17 17:42:35,624 - root - INFO - ********************************************************************************
2022-03-17 17:42:35,641 - root - INFO - **********************************************完成teardown class，退出登录**********************************************
