2022-02-10 11:12:20,544 - root - INFO - the sql is : SELECT id, name from cluster_share where s3=1;
2022-02-10 11:12:20,544 - root - INFO - the params is : ()
2022-02-10 11:12:20,548 - root - INFO - the result data is :None
2022-02-10 11:12:20,575 - root - INFO - **********************************************开始setupClass，进行登录**********************************************
2022-02-10 11:12:20,855 - root - INFO - the sql is : SELECT id, name from cluster_share where s3=1;
2022-02-10 11:12:20,856 - root - INFO - the params is : ()
2022-02-10 11:12:20,859 - root - INFO - the result data is :None
2022-02-10 11:12:20,862 - root - INFO - ********************************************************************************
2022-02-10 11:12:20,864 - root - INFO - ****************创建S3共享接口开始****************
2022-02-10 11:12:20,865 - root - INFO - *******测试案例名称： TestCase001_创建S3共享-缺少token 执行开始********
2022-02-10 11:12:20,865 - root - INFO - *******测试数据： {'project_id': 'ef7107f3b443415da1ccc56fa8e726b2', 'project_name': '默认池'}
2022-02-10 11:12:20,881 - root - INFO - *******返回数据： {'code': 1005, 'message': '缺少认证信息', 'data': None, 'level': 3}
2022-02-10 11:12:20,881 - root - INFO - *******测试案例名称： TestCase001_创建S3共享-缺少token 执行完毕********
2022-02-10 11:12:20,882 - root - INFO - ****************创建S3共享接口结束****************
2022-02-10 11:12:20,882 - root - INFO - ********************************************************************************
2022-02-10 11:12:20,883 - root - INFO - ********************************************************************************
2022-02-10 11:12:20,884 - root - INFO - ****************创建S3共享接口开始****************
2022-02-10 11:12:20,884 - root - INFO - *******测试案例名称： TestCase002_创建S3共享-name为空 执行开始********
2022-02-10 11:12:20,895 - root - INFO - *******测试数据： {'name': '', 's3': 'yes', 'port': '9036', 'access_key': '1111122222', 'secret_key': '111122223333', 'share_type': 2, 'agree_type': ['S3'], 'project_id': 'ef7107f3b443415da1ccc56fa8e726b2', 'project_name': '默认池'}
2022-02-10 11:12:20,922 - root - INFO - *******返回数据： {'code': 1001, 'message': '请求参数错误', 'data': None, 'level': 2}
2022-02-10 11:12:20,923 - root - INFO - *******测试案例名称： TestCase002_创建S3共享-name为空 执行完毕********
2022-02-10 11:12:20,924 - root - INFO - ****************创建S3共享接口结束****************
2022-02-10 11:12:20,924 - root - INFO - ********************************************************************************
2022-02-10 11:12:20,925 - root - INFO - ********************************************************************************
2022-02-10 11:12:20,926 - root - INFO - ****************创建S3共享接口开始****************
2022-02-10 11:12:20,926 - root - INFO - *******测试案例名称： TestCase003_创建S3共享-name>32 执行开始********
2022-02-10 11:12:20,927 - root - INFO - *******测试数据： {'name': 'aaa1aaaaa1aaa1aaaaa1aaa1aaaaa1aaa1aaaaa1', 's3': 'yes', 'port': '9036', 'access_key': '1111122222', 'secret_key': '111122223333', 'share_type': 2, 'agree_type': ['S3'], 'project_id': 'ef7107f3b443415da1ccc56fa8e726b2', 'project_name': '默认池'}
2022-02-10 11:12:20,950 - root - INFO - *******返回数据： {'code': 1001, 'message': '请求参数错误', 'data': None, 'level': 2}
2022-02-10 11:12:20,950 - root - INFO - *******测试案例名称： TestCase003_创建S3共享-name>32 执行完毕********
2022-02-10 11:12:20,951 - root - INFO - ****************创建S3共享接口结束****************
2022-02-10 11:12:20,951 - root - INFO - ********************************************************************************
2022-02-10 11:12:20,952 - root - INFO - ********************************************************************************
2022-02-10 11:12:20,953 - root - INFO - ****************创建S3共享接口开始****************
2022-02-10 11:12:20,953 - root - INFO - *******测试案例名称： TestCase004_创建S3共享详情信息-成功 执行开始********
2022-02-10 11:12:20,955 - root - INFO - *******测试数据： {'name': 's3Share', 's3': 'yes', 'port': '9036', 'access_key': '1111122222', 'secret_key': '11111222222', 'share_type': 2, 'agree_type': ['S3'], 'project_id': 'ef7107f3b443415da1ccc56fa8e726b2', 'project_name': '默认池'}
2022-02-10 11:12:36,151 - root - INFO - *******返回数据： {'code': 0, 'message': 'success', 'data': {'name': 's3Share', 'volume': 'glu1641802586', 'share_type': 2, 'agree_type': ['S3'], 'port': 9036, 'access_key': '1111122222', 'secret_key': '11111222222'}}
2022-02-10 11:12:36,152 - root - INFO - *******测试案例名称： TestCase004_创建S3共享详情信息-成功 执行完毕********
2022-02-10 11:12:36,152 - root - INFO - ****************创建S3共享接口结束****************
2022-02-10 11:12:36,153 - root - INFO - ********************************************************************************
2022-02-10 11:12:36,154 - root - INFO - ********************************************************************************
2022-02-10 11:12:36,154 - root - INFO - ****************创建S3共享接口开始****************
2022-02-10 11:12:36,155 - root - INFO - *******测试案例名称： TestCase005_创建S3共享-name以数字开头 执行开始********
2022-02-10 11:12:36,155 - root - INFO - *******测试数据： {'name': '1aaaa', 's3': 'yes', 'port': '9036', 'access_key': '1111122222', 'secret_key': '111122223333', 'share_type': 2, 'agree_type': ['S3'], 'project_id': 'ef7107f3b443415da1ccc56fa8e726b2', 'project_name': '默认池'}
2022-02-10 11:12:37,576 - root - INFO - *******返回数据： {'code': 217001, 'message': '卷只允许创建一个对象共享', 'data': None, 'level': 3}
2022-02-10 11:12:37,577 - root - INFO - ********************************************************************************
2022-02-10 11:12:37,580 - root - INFO - ********************************************************************************
2022-02-10 11:12:37,580 - root - INFO - ****************创建S3共享接口开始****************
2022-02-10 11:12:37,592 - root - INFO - *******测试案例名称： TestCase006_创建S3共享-name以横线开头 执行开始********
2022-02-10 11:12:37,593 - root - INFO - *******测试数据： {'name': '-aaaa', 's3': 'yes', 'port': '9036', 'access_key': '1111122222', 'secret_key': '111122223333', 'share_type': 2, 'agree_type': ['S3'], 'project_id': 'ef7107f3b443415da1ccc56fa8e726b2', 'project_name': '默认池'}
2022-02-10 11:12:39,019 - root - INFO - *******返回数据： {'code': 217001, 'message': '卷只允许创建一个对象共享', 'data': None, 'level': 3}
2022-02-10 11:12:39,020 - root - INFO - ********************************************************************************
2022-02-10 11:12:39,021 - root - INFO - ********************************************************************************
2022-02-10 11:12:39,027 - root - INFO - ****************创建S3共享接口开始****************
2022-02-10 11:12:39,028 - root - INFO - *******测试案例名称： TestCase007_创建S3共享-name不支持的字符作为名称 执行开始********
2022-02-10 11:12:39,028 - root - INFO - *******测试数据： {'name': '测试*（））&*&', 's3': 'yes', 'port': '9036', 'access_key': '1111122222', 'secret_key': '111122223333', 'share_type': 2, 'agree_type': ['S3'], 'project_id': 'ef7107f3b443415da1ccc56fa8e726b2', 'project_name': '默认池'}
2022-02-10 11:12:40,974 - root - INFO - *******返回数据： {'code': 217001, 'message': '卷只允许创建一个对象共享', 'data': None, 'level': 3}
2022-02-10 11:12:40,975 - root - INFO - ********************************************************************************
2022-02-10 11:12:40,976 - root - INFO - ********************************************************************************
2022-02-10 11:12:40,979 - root - INFO - ****************创建S3共享接口开始****************
2022-02-10 11:12:40,980 - root - INFO - *******测试案例名称： TestCase008_创建S3共享-port<9000 执行开始********
2022-02-10 11:12:40,980 - root - INFO - *******测试数据： {'name': 's3Share', 's3': 'yes', 'port': '6', 'access_key': '1111122222', 'secret_key': '111122223333', 'share_type': 2, 'agree_type': ['S3'], 'project_id': 'ef7107f3b443415da1ccc56fa8e726b2', 'project_name': '默认池'}
2022-02-10 11:12:41,006 - root - INFO - *******返回数据： {'code': 211002, 'message': 'S3共享服务端口号需在9000~10000之间', 'data': None, 'level': 3}
2022-02-10 11:12:41,007 - root - INFO - *******测试案例名称： TestCase008_创建S3共享-port<9000 执行完毕********
2022-02-10 11:12:41,007 - root - INFO - ****************创建S3共享接口结束****************
2022-02-10 11:12:41,008 - root - INFO - ********************************************************************************
2022-02-10 11:12:41,009 - root - INFO - ********************************************************************************
2022-02-10 11:12:41,009 - root - INFO - ****************创建S3共享接口开始****************
2022-02-10 11:12:41,009 - root - INFO - *******测试案例名称： TestCase009_创建S3共享-port>10000 执行开始********
2022-02-10 11:12:41,010 - root - INFO - *******测试数据： {'name': 's3Share', 's3': 'yes', 'port': '10006', 'access_key': '1111122222', 'secret_key': '111122223333', 'share_type': 2, 'agree_type': ['S3'], 'project_id': 'ef7107f3b443415da1ccc56fa8e726b2', 'project_name': '默认池'}
2022-02-10 11:12:41,031 - root - INFO - *******返回数据： {'code': 211002, 'message': 'S3共享服务端口号需在9000~10000之间', 'data': None, 'level': 3}
2022-02-10 11:12:41,032 - root - INFO - *******测试案例名称： TestCase009_创建S3共享-port>10000 执行完毕********
2022-02-10 11:12:41,032 - root - INFO - ****************创建S3共享接口结束****************
2022-02-10 11:12:41,033 - root - INFO - ********************************************************************************
2022-02-10 11:12:41,034 - root - INFO - ********************************************************************************
2022-02-10 11:12:41,034 - root - INFO - ****************创建S3共享接口开始****************
2022-02-10 11:12:41,034 - root - INFO - *******测试案例名称： TestCase010_创建S3共享详情信息-port为非数字 执行开始********
2022-02-10 11:12:41,042 - root - INFO - *******测试数据： {'name': 's3Share', 's3': 'yes', 'port': 'aaa', 'access_key': '1111122222', 'secret_key': '111122223333', 'share_type': 2, 'agree_type': ['S3'], 'project_id': 'ef7107f3b443415da1ccc56fa8e726b2', 'project_name': '默认池'}
2022-02-10 11:12:41,064 - root - INFO - *******返回数据： {'code': 1001, 'message': '请求参数错误', 'data': None, 'level': 2}
2022-02-10 11:12:41,065 - root - INFO - *******测试案例名称： TestCase010_创建S3共享详情信息-port为非数字 执行完毕********
2022-02-10 11:12:41,065 - root - INFO - ****************创建S3共享接口结束****************
2022-02-10 11:12:41,066 - root - INFO - ********************************************************************************
2022-02-10 11:12:41,067 - root - INFO - ********************************************************************************
2022-02-10 11:12:41,067 - root - INFO - ****************创建S3共享接口开始****************
2022-02-10 11:12:41,073 - root - INFO - *******测试案例名称： TestCase011_创建S3共享详情信息-access_key<3 执行开始********
2022-02-10 11:12:41,074 - root - INFO - *******测试数据： {'name': 's3Share', 's3': 'yes', 'port': '9036', 'access_key': '1', 'secret_key': '111122223333', 'share_type': 2, 'agree_type': ['S3'], 'project_id': 'ef7107f3b443415da1ccc56fa8e726b2', 'project_name': '默认池'}
2022-02-10 11:12:42,690 - root - INFO - *******返回数据： {'code': 217001, 'message': 'accessKey长度为3-64，允许输入字母、数字、下划线、横线、点', 'data': None, 'level': 3}
2022-02-10 11:12:42,691 - root - INFO - *******测试案例名称： TestCase011_创建S3共享详情信息-access_key<3 执行完毕********
2022-02-10 11:12:42,692 - root - INFO - ****************创建S3共享接口结束****************
2022-02-10 11:12:42,692 - root - INFO - ********************************************************************************
2022-02-10 11:12:42,693 - root - INFO - ********************************************************************************
2022-02-10 11:12:42,693 - root - INFO - ****************创建S3共享接口开始****************
2022-02-10 11:12:42,702 - root - INFO - *******测试案例名称： TestCase012_创建S3共享详情信息-access_key>64 执行开始********
2022-02-10 11:12:42,703 - root - INFO - *******测试数据： {'name': 's3Share', 's3': 'yes', 'port': '9036', 'access_key': '111222233331112222333311122223333111222233331112222333311122223333', 'secret_key': '111122223333', 'share_type': 2, 'agree_type': ['S3'], 'project_id': 'ef7107f3b443415da1ccc56fa8e726b2', 'project_name': '默认池'}
2022-02-10 11:12:44,219 - root - INFO - *******返回数据： {'code': 217001, 'message': 'accessKey长度为3-64，允许输入字母、数字、下划线、横线、点', 'data': None, 'level': 3}
2022-02-10 11:12:44,219 - root - INFO - *******测试案例名称： TestCase012_创建S3共享详情信息-access_key>64 执行完毕********
2022-02-10 11:12:44,220 - root - INFO - ****************创建S3共享接口结束****************
2022-02-10 11:12:44,220 - root - INFO - ********************************************************************************
2022-02-10 11:12:44,221 - root - INFO - ********************************************************************************
2022-02-10 11:12:44,221 - root - INFO - ****************创建S3共享接口开始****************
2022-02-10 11:12:44,235 - root - INFO - *******测试案例名称： TestCase013_创建S3共享详情信息-access_key不符合字符合适条件 执行开始********
2022-02-10 11:12:44,236 - root - INFO - *******测试数据： {'name': 's3Share', 's3': 'yes', 'port': '9036', 'access_key': '#@￥￥#测试', 'secret_key': '111122223333', 'share_type': 2, 'agree_type': ['S3'], 'project_id': 'ef7107f3b443415da1ccc56fa8e726b2', 'project_name': '默认池'}
2022-02-10 11:12:45,933 - root - INFO - *******返回数据： {'code': 217001, 'message': '共享已经存在', 'data': None, 'level': 3}
2022-02-10 11:12:45,934 - root - INFO - *******测试案例名称： TestCase013_创建S3共享详情信息-access_key不符合字符合适条件 执行完毕********
2022-02-10 11:12:45,934 - root - INFO - ****************创建S3共享接口结束****************
2022-02-10 11:12:45,935 - root - INFO - ********************************************************************************
2022-02-10 11:12:45,935 - root - INFO - ********************************************************************************
2022-02-10 11:12:45,936 - root - INFO - ****************创建S3共享接口开始****************
2022-02-10 11:12:45,938 - root - INFO - *******测试案例名称： TestCase014_创建S3共享详情信息-secret_key不符合字符合适条件 执行开始********
2022-02-10 11:12:45,939 - root - INFO - *******测试数据： {'name': 's3Share', 's3': 'yes', 'port': '9036', 'access_key': '11112222', 'secret_key': '#@￥￥#测试', 'share_type': 2, 'agree_type': ['S3'], 'project_id': 'ef7107f3b443415da1ccc56fa8e726b2', 'project_name': '默认池'}
2022-02-10 11:12:47,400 - root - INFO - *******返回数据： {'code': 217001, 'message': 'secretKey长度为8-128，允许输入字母、数字、下划线、横线、点', 'data': None, 'level': 3}
2022-02-10 11:12:47,401 - root - INFO - *******测试案例名称： TestCase014_创建S3共享详情信息-secret_key不符合字符合适条件 执行完毕********
2022-02-10 11:12:47,402 - root - INFO - ****************创建S3共享接口结束****************
2022-02-10 11:12:47,402 - root - INFO - ********************************************************************************
2022-02-10 11:12:47,403 - root - INFO - ********************************************************************************
2022-02-10 11:12:47,403 - root - INFO - ****************创建S3共享接口开始****************
2022-02-10 11:12:47,415 - root - INFO - *******测试案例名称： TestCase015_创建S3共享详情信息-secret_key<8 执行开始********
2022-02-10 11:12:47,416 - root - INFO - *******测试数据： {'name': 's3Share', 's3': 'yes', 'port': '9036', 'access_key': '11112222', 'secret_key': '1', 'share_type': 2, 'agree_type': ['S3'], 'project_id': 'ef7107f3b443415da1ccc56fa8e726b2', 'project_name': '默认池'}
2022-02-10 11:12:48,842 - root - INFO - *******返回数据： {'code': 217001, 'message': 'secretKey长度为8-128，允许输入字母、数字、下划线、横线、点', 'data': None, 'level': 3}
2022-02-10 11:12:48,843 - root - INFO - *******测试案例名称： TestCase015_创建S3共享详情信息-secret_key<8 执行完毕********
2022-02-10 11:12:48,843 - root - INFO - ****************创建S3共享接口结束****************
2022-02-10 11:12:48,844 - root - INFO - ********************************************************************************
2022-02-10 11:12:48,845 - root - INFO - ********************************************************************************
2022-02-10 11:12:48,845 - root - INFO - ****************创建S3共享接口开始****************
2022-02-10 11:12:48,856 - root - INFO - *******测试案例名称： TestCase016_创建S3共享详情信息-secret_key>128 执行开始********
2022-02-10 11:12:48,857 - root - INFO - *******测试数据： {'name': 's3Share', 's3': 'yes', 'port': '9036', 'access_key': '1111122222', 'secret_key': '1111122222111112222211111222221111122222111112222211111222221111122222111112222211111222221111122222111112222211111222221111122222', 'share_type': 2, 'agree_type': ['S3'], 'project_id': 'ef7107f3b443415da1ccc56fa8e726b2', 'project_name': '默认池'}
2022-02-10 11:12:50,350 - root - INFO - *******返回数据： {'code': 217001, 'message': 'secretKey长度为8-128，允许输入字母、数字、下划线、横线、点', 'data': None, 'level': 3}
2022-02-10 11:12:50,350 - root - INFO - *******测试案例名称： TestCase016_创建S3共享详情信息-secret_key>128 执行完毕********
2022-02-10 11:12:50,350 - root - INFO - ****************创建S3共享接口结束****************
2022-02-10 11:12:50,351 - root - INFO - ********************************************************************************
2022-02-10 11:12:50,369 - root - INFO - **********************************************完成teardown class，退出登录**********************************************
