2022-01-07 14:49:45,676 - root - INFO - **********************************************开始setupClass，进行登录**********************************************
2022-01-07 14:49:45,955 - root - INFO - the sql is : SELECT i.id as vmId, i.name as vmName, d.id as diskId, d.name as diskName FROM cloud_instance i LEFT JOIN disk d on i.project_id=d.pool_id            where d.store_type=1 and i.project_id=%s ORDER BY i.create_time DESC limit 1;
2022-01-07 14:49:45,957 - root - INFO - the params is : c732c22666064375904c357bbecfeb1a
2022-01-07 14:49:45,962 - root - INFO - the result data is :{'vmId': 'ins-1dbf636afc9c44389f2b10deac2ad4bf', 'vmName': 'LC1', 'diskId': 'ins-1dbf636afc9c44389f2b10deac2ad4bf', 'diskName': 'SysDesIs1Char'}
2022-01-07 14:50:17,009 - root - INFO - ********************************************************************************
2022-01-07 14:50:17,009 - root - INFO - ****************回滚云组件快照接口开始****************
2022-01-07 14:50:17,010 - root - INFO - *******请求地址： http://192.168.5.170/v1/cloud/instances/ins-1dbf636afc9c44389f2b10deac2ad4bf/restore
2022-01-07 14:50:17,010 - root - INFO - *******测试案例名称： TestCase001_回滚云组件快照-缺少token 执行开始********
2022-01-07 14:50:17,011 - root - INFO - *******测试数据： {'project_id': ('c732c22666064375904c357bbecfeb1a',), 'volumes_name': ['ins-1dbf636afc9c44389f2b10deac2ad4bf'], 'snapshot_name': 'snap4_LC1_0'}
2022-01-07 14:50:17,020 - root - INFO - *******返回数据： {'code': 1005, 'message': '缺少认证信息', 'data': None, 'level': 3}
2022-01-07 14:50:17,020 - root - INFO - *******测试案例名称： TestCase001_回滚云组件快照-缺少token 执行完毕********
2022-01-07 14:50:17,020 - root - INFO - ****************回滚云组件快照接口结束****************
2022-01-07 14:50:17,021 - root - INFO - ********************************************************************************
2022-01-07 14:50:17,025 - root - INFO - ********************************************************************************
2022-01-07 14:50:17,026 - root - INFO - ****************回滚云组件快照接口开始****************
2022-01-07 14:50:17,026 - root - INFO - *******请求地址： http://192.168.5.170/v1/cloud/instances/ins-1dbf636afc9c44389f2b10deac2ad4bf/restore
2022-01-07 14:50:17,027 - root - INFO - *******测试案例名称： TestCase002_回滚云组件快照-snapshot_name为空 执行开始********
2022-01-07 14:50:17,027 - root - INFO - *******测试数据： {'project_id': ('c732c22666064375904c357bbecfeb1a',), 'volumes_name': ['ins-1dbf636afc9c44389f2b10deac2ad4bf'], 'snapshot_name': ''}
2022-01-07 14:50:17,058 - root - INFO - *******返回数据： {'code': 1001, 'message': '请求参数错误', 'data': None, 'level': 2}
2022-01-07 14:50:17,058 - root - INFO - *******测试案例名称： TestCase002_回滚云组件快照-snapshot_name为空 执行完毕********
2022-01-07 14:50:17,059 - root - INFO - ****************回滚云组件快照接口结束****************
2022-01-07 14:50:17,059 - root - INFO - ********************************************************************************
2022-01-07 14:50:17,062 - root - INFO - ********************************************************************************
2022-01-07 14:50:17,062 - root - INFO - ****************回滚云组件快照接口开始****************
2022-01-07 14:50:17,063 - root - INFO - *******请求地址： http://192.168.5.170/v1/cloud/instances/ins-1dbf636afc9c44389f2b10deac2ad4bf/restore
2022-01-07 14:50:17,063 - root - INFO - *******测试案例名称： TestCase003_回滚云组件快照-volume_name为空 执行开始********
2022-01-07 14:50:17,063 - root - INFO - *******测试数据： {'project_id': ('c732c22666064375904c357bbecfeb1a',), 'volumes_name': [], 'snapshot_name': 'snap4_LC1_0'}
2022-01-07 14:50:17,087 - root - INFO - *******返回数据： {'code': 1001, 'message': '请求参数错误', 'data': None, 'level': 2}
2022-01-07 14:50:17,087 - root - INFO - *******测试案例名称： TestCase003_回滚云组件快照-volume_name为空 执行完毕********
2022-01-07 14:50:17,087 - root - INFO - ****************回滚云组件快照接口结束****************
2022-01-07 14:50:17,088 - root - INFO - ********************************************************************************
2022-01-07 14:50:17,091 - root - INFO - ********************************************************************************
2022-01-07 14:50:17,092 - root - INFO - ****************回滚云组件快照接口开始****************
2022-01-07 14:50:17,092 - root - INFO - *******请求地址： http://192.168.5.170/v1/cloud/instances/ins-1dbf636afc9c44389f2b10deac2ad4bf/restore
2022-01-07 14:50:17,093 - root - INFO - *******测试案例名称： TestCase004_回滚云组件快照-project_id为空 执行开始********
2022-01-07 14:50:17,093 - root - INFO - *******测试数据： {'project_id': '', 'volumes_name': ['ins-1dbf636afc9c44389f2b10deac2ad4bf'], 'snapshot_name': 'snap4_LC1_0'}
2022-01-07 14:50:17,116 - root - INFO - *******返回数据： {'code': 1001, 'message': '请求参数错误', 'data': None, 'level': 2}
2022-01-07 14:50:17,117 - root - INFO - *******测试案例名称： TestCase004_回滚云组件快照-project_id为空 执行完毕********
2022-01-07 14:50:17,117 - root - INFO - ****************回滚云组件快照接口结束****************
2022-01-07 14:50:17,118 - root - INFO - ********************************************************************************
2022-01-07 14:50:17,120 - root - INFO - ********************************************************************************
2022-01-07 14:50:17,121 - root - INFO - ****************回滚云组件快照接口开始****************
2022-01-07 14:50:17,121 - root - INFO - *******请求地址： http://192.168.5.170/v1/cloud/instances/ins-1dbf636afc9c44389f2b10deac2ad4bf/restore
2022-01-07 14:50:17,121 - root - INFO - *******测试案例名称： TestCase005_回滚云组件快照-成功 执行开始********
2022-01-07 14:50:17,122 - root - INFO - *******测试数据： {'project_id': ('c732c22666064375904c357bbecfeb1a',), 'volumes_name': ['ins-1dbf636afc9c44389f2b10deac2ad4bf'], 'snapshot_name': 'snap4_LC1_0'}
2022-01-07 14:50:17,147 - root - INFO - *******返回数据： {'code': 1001, 'message': '请求参数错误', 'data': None, 'level': 2}
2022-01-07 14:50:17,147 - root - INFO - ********************************************************************************
2022-01-07 14:50:17,246 - root - INFO - **********************************************完成teardown class，退出登录**********************************************
