2022-01-07 14:30:16,964 - root - INFO - **********************************************开始setupClass，进行登录**********************************************
2022-01-07 14:30:17,280 - root - INFO - the sql is : SELECT i.id as vmId, i.name as vmName, d.id as diskId, d.name as diskName FROM cloud_instance i LEFT JOIN disk d on i.project_id=d.pool_id            where d.store_type=1 and i.project_id=%s ORDER BY i.create_time DESC limit 1;
2022-01-07 14:30:17,280 - root - INFO - the params is : c732c22666064375904c357bbecfeb1a
2022-01-07 14:30:17,282 - root - INFO - the result data is :{'vmId': 'ins-1dbf636afc9c44389f2b10deac2ad4bf', 'vmName': 'LC1', 'diskId': 'ins-1dbf636afc9c44389f2b10deac2ad4bf', 'diskName': 'SysDesIs1Char'}
2022-01-07 14:30:47,447 - root - INFO - ********************************************************************************
2022-01-07 14:30:47,448 - root - INFO - ****************回滚云组件快照接口开始****************
2022-01-07 14:30:47,448 - root - INFO - *******请求地址： http://192.168.5.170/v1/cloud/instances/ins-1dbf636afc9c44389f2b10deac2ad4bf/restore
2022-01-07 14:30:47,448 - root - INFO - *******测试案例名称： TestCase001_回滚云组件快照-缺少token 执行开始********
2022-01-07 14:30:47,449 - root - INFO - *******测试数据： {'project_id': ('c732c22666064375904c357bbecfeb1a',), 'volumes_name': ['ins-1dbf636afc9c44389f2b10deac2ad4bf'], 'snapshot_name': 'snap4_LC1_0'}
2022-01-07 14:30:47,459 - root - INFO - *******返回数据： {'code': 1005, 'message': '缺少认证信息', 'data': None, 'level': 3}
2022-01-07 14:30:47,459 - root - INFO - *******测试案例名称： TestCase001_回滚云组件快照-缺少token 执行完毕********
2022-01-07 14:30:47,460 - root - INFO - ****************回滚云组件快照接口结束****************
2022-01-07 14:30:47,460 - root - INFO - ********************************************************************************
2022-01-07 14:30:47,464 - root - INFO - ********************************************************************************
2022-01-07 14:30:47,465 - root - INFO - ****************回滚云组件快照接口开始****************
2022-01-07 14:30:47,465 - root - INFO - *******请求地址： http://192.168.5.170/v1/cloud/instances/ins-1dbf636afc9c44389f2b10deac2ad4bf/restore
2022-01-07 14:30:47,466 - root - INFO - *******测试案例名称： TestCase002_回滚云组件快照-snapshot_name为空 执行开始********
2022-01-07 14:30:47,466 - root - INFO - *******测试数据： {'project_id': ('c732c22666064375904c357bbecfeb1a',), 'volumes_name': ['ins-1dbf636afc9c44389f2b10deac2ad4bf'], 'snapshot_name': ''}
2022-01-07 14:30:47,514 - root - INFO - *******返回数据： {'code': 1001, 'message': '请求参数错误', 'data': None, 'level': 2}
2022-01-07 14:30:47,515 - root - INFO - ********************************************************************************
2022-01-07 14:30:47,641 - root - INFO - ********************************************************************************
2022-01-07 14:30:47,642 - root - INFO - ****************回滚云组件快照接口开始****************
2022-01-07 14:30:47,642 - root - INFO - *******请求地址： http://192.168.5.170/v1/cloud/instances/ins-1dbf636afc9c44389f2b10deac2ad4bf/restore
2022-01-07 14:30:47,643 - root - INFO - *******测试案例名称： TestCase003_回滚云组件快照-volume_name为空 执行开始********
2022-01-07 14:30:47,643 - root - INFO - *******测试数据： {'project_id': ('c732c22666064375904c357bbecfeb1a',), 'volumes_name': [], 'snapshot_name': 'snap4_LC1_0'}
2022-01-07 14:30:47,670 - root - INFO - *******返回数据： {'code': 1001, 'message': '请求参数错误', 'data': None, 'level': 2}
2022-01-07 14:30:47,671 - root - INFO - ********************************************************************************
2022-01-07 14:30:47,722 - root - INFO - ********************************************************************************
2022-01-07 14:30:47,722 - root - INFO - ****************回滚云组件快照接口开始****************
2022-01-07 14:30:47,723 - root - INFO - *******请求地址： http://192.168.5.170/v1/cloud/instances/ins-1dbf636afc9c44389f2b10deac2ad4bf/restore
2022-01-07 14:30:47,723 - root - INFO - *******测试案例名称： TestCase004_回滚云组件快照-project_id为空 执行开始********
2022-01-07 14:30:47,724 - root - INFO - *******测试数据： {'project_id': '', 'volumes_name': ['ins-1dbf636afc9c44389f2b10deac2ad4bf'], 'snapshot_name': 'snap4_LC1_0'}
2022-01-07 14:30:47,763 - root - INFO - *******返回数据： {'code': 1001, 'message': '请求参数错误', 'data': None, 'level': 2}
2022-01-07 14:30:47,763 - root - INFO - ********************************************************************************
2022-01-07 14:30:47,807 - root - INFO - ********************************************************************************
2022-01-07 14:30:47,808 - root - INFO - ****************回滚云组件快照接口开始****************
2022-01-07 14:30:47,808 - root - INFO - *******请求地址： http://192.168.5.170/v1/cloud/instances/ins-1dbf636afc9c44389f2b10deac2ad4bf/restore
2022-01-07 14:30:47,809 - root - INFO - *******测试案例名称： TestCase005_回滚云组件快照-成功 执行开始********
2022-01-07 14:30:47,809 - root - INFO - *******测试数据： {'project_id': ('c732c22666064375904c357bbecfeb1a',), 'volumes_name': ['ins-1dbf636afc9c44389f2b10deac2ad4bf'], 'snapshot_name': 'snap4_LC1_0'}
2022-01-07 14:30:47,856 - root - INFO - *******返回数据： {'code': 1001, 'message': '请求参数错误', 'data': None, 'level': 2}
2022-01-07 14:30:47,857 - root - INFO - ********************************************************************************
2022-01-07 14:30:47,934 - root - INFO - **********************************************完成teardown class，退出登录**********************************************
