2022-03-09 17:28:55,627 - root - INFO - the sql is : SELECT id, name from cluster_share where s3=1;
2022-03-09 17:28:55,627 - root - INFO - the params is : ()
2022-03-09 17:28:55,628 - root - INFO - the result data is :{'id': 'b403788745ad473a8136b36118549203', 'name': 's3share4CI1'}
2022-03-09 17:28:55,679 - root - INFO - **********************************************开始setupClass，进行登录**********************************************
2022-03-09 17:28:55,902 - root - INFO - the sql is : SELECT id, name from cluster_share where s3=1;
2022-03-09 17:28:55,902 - root - INFO - the params is : ()
2022-03-09 17:28:55,903 - root - INFO - the result data is :{'id': 'b403788745ad473a8136b36118549203', 'name': 's3share4CI1'}
2022-03-09 17:28:55,906 - root - INFO - ********************************************************************************
2022-03-09 17:28:55,906 - root - INFO - ****************更新S3共享接口开始****************
2022-03-09 17:28:55,918 - root - INFO - the sql is : SELECT id, name from cluster_share where s3=1;
2022-03-09 17:28:55,919 - root - INFO - the params is : ()
2022-03-09 17:28:55,920 - root - INFO - the result data is :{'id': 'b403788745ad473a8136b36118549203', 'name': 's3share4CI1'}
2022-03-09 17:28:55,920 - root - INFO - *******测试案例名称： TestCase001_编辑S3共享详情信息-缺少token 执行开始********
2022-03-09 17:28:55,921 - root - INFO - *******测试数据： {'project_id': 'ef7107f3b443415da1ccc56fa8e726b2'}
2022-03-09 17:28:55,928 - root - INFO - *******返回数据： {'code': 1005, 'message': '缺少认证信息', 'data': None, 'level': 3}
2022-03-09 17:28:55,928 - root - INFO - *******测试案例名称： TestCase001_编辑S3共享详情信息-缺少token 执行完毕********
2022-03-09 17:28:55,928 - root - INFO - ****************更新S3共享接口结束****************
2022-03-09 17:28:55,932 - root - INFO - ********************************************************************************
2022-03-09 17:28:55,933 - root - INFO - ********************************************************************************
2022-03-09 17:28:55,934 - root - INFO - ****************更新S3共享接口开始****************
2022-03-09 17:28:55,936 - root - INFO - the sql is : SELECT id, name from cluster_share where s3=1;
2022-03-09 17:28:55,937 - root - INFO - the params is : ()
2022-03-09 17:28:55,938 - root - INFO - the result data is :{'id': 'b403788745ad473a8136b36118549203', 'name': 's3share4CI1'}
2022-03-09 17:28:55,938 - root - INFO - *******测试案例名称： TestCase002_编辑S3共享详情信息-port<9000 执行开始********
2022-03-09 17:28:55,939 - root - INFO - *******测试数据： {'name': 's3Share', 's3': 'yes', 'port': '6', 'access_key': '111122223333', 'secret_key': '111122223333', 'share_type': 2, 'agree_type': ['S3'], 'project_id': 'ef7107f3b443415da1ccc56fa8e726b2'}
2022-03-09 17:28:55,968 - root - INFO - *******返回数据： {'code': 211002, 'message': 'S3共享服务端口号需在9000~10000之间', 'data': None, 'level': 3}
2022-03-09 17:28:55,968 - root - INFO - *******测试案例名称： TestCase002_编辑S3共享详情信息-port<9000 执行完毕********
2022-03-09 17:28:55,969 - root - INFO - ****************更新S3共享接口结束****************
2022-03-09 17:28:55,969 - root - INFO - ********************************************************************************
2022-03-09 17:28:55,970 - root - INFO - ********************************************************************************
2022-03-09 17:28:55,970 - root - INFO - ****************更新S3共享接口开始****************
2022-03-09 17:28:55,972 - root - INFO - the sql is : SELECT id, name from cluster_share where s3=1;
2022-03-09 17:28:55,979 - root - INFO - the params is : ()
2022-03-09 17:28:55,981 - root - INFO - the result data is :{'id': 'b403788745ad473a8136b36118549203', 'name': 's3share4CI1'}
2022-03-09 17:28:55,982 - root - INFO - *******测试案例名称： TestCase003_编辑S3共享详情信息-port>10000 执行开始********
2022-03-09 17:28:55,982 - root - INFO - *******测试数据： {'name': 's3Share', 's3': 'yes', 'port': '10006', 'access_key': '111122223333', 'secret_key': '111122223333', 'share_type': 2, 'agree_type': ['S3'], 'project_id': 'ef7107f3b443415da1ccc56fa8e726b2'}
2022-03-09 17:28:55,999 - root - INFO - *******返回数据： {'code': 211002, 'message': 'S3共享服务端口号需在9000~10000之间', 'data': None, 'level': 3}
2022-03-09 17:28:55,999 - root - INFO - *******测试案例名称： TestCase003_编辑S3共享详情信息-port>10000 执行完毕********
2022-03-09 17:28:56,000 - root - INFO - ****************更新S3共享接口结束****************
2022-03-09 17:28:56,000 - root - INFO - ********************************************************************************
2022-03-09 17:28:56,001 - root - INFO - ********************************************************************************
2022-03-09 17:28:56,001 - root - INFO - ****************更新S3共享接口开始****************
2022-03-09 17:28:56,012 - root - INFO - the sql is : SELECT id, name from cluster_share where s3=1;
2022-03-09 17:28:56,012 - root - INFO - the params is : ()
2022-03-09 17:28:56,014 - root - INFO - the result data is :{'id': 'b403788745ad473a8136b36118549203', 'name': 's3share4CI1'}
2022-03-09 17:28:56,014 - root - INFO - *******测试案例名称： TestCase004_编辑S3共享详情信息-port为非数字 执行开始********
2022-03-09 17:28:56,015 - root - INFO - *******测试数据： {'name': 's3Share', 's3': 'yes', 'port': 'ads', 'access_key': '111122223333', 'secret_key': '111122223333', 'share_type': 2, 'agree_type': ['S3'], 'project_id': 'ef7107f3b443415da1ccc56fa8e726b2'}
2022-03-09 17:28:56,031 - root - INFO - *******返回数据： {'code': 1001, 'message': '请求参数错误', 'data': None, 'level': 2}
2022-03-09 17:28:56,032 - root - INFO - *******测试案例名称： TestCase004_编辑S3共享详情信息-port为非数字 执行完毕********
2022-03-09 17:28:56,033 - root - INFO - ****************更新S3共享接口结束****************
2022-03-09 17:28:56,033 - root - INFO - ********************************************************************************
2022-03-09 17:28:56,034 - root - INFO - ********************************************************************************
2022-03-09 17:28:56,035 - root - INFO - ****************更新S3共享接口开始****************
2022-03-09 17:28:56,044 - root - INFO - the sql is : SELECT id, name from cluster_share where s3=1;
2022-03-09 17:28:56,045 - root - INFO - the params is : ()
2022-03-09 17:28:56,046 - root - INFO - the result data is :{'id': 'b403788745ad473a8136b36118549203', 'name': 's3share4CI1'}
2022-03-09 17:28:56,046 - root - INFO - *******测试案例名称： TestCase005_编辑S3共享详情信息-access_key<3 执行开始********
2022-03-09 17:28:56,047 - root - INFO - *******测试数据： {'name': 's3Share', 's3': 'yes', 'port': '9036', 'access_key': '1', 'secret_key': '111122223333', 'share_type': 2, 'agree_type': ['S3'], 'project_id': 'ef7107f3b443415da1ccc56fa8e726b2'}
2022-03-09 17:28:57,461 - root - INFO - *******返回数据： {'code': 217001, 'message': '服务异常', 'data': None, 'level': 3}
2022-03-09 17:28:57,462 - root - INFO - ********************************************************************************
2022-03-09 17:28:57,464 - root - INFO - ********************************************************************************
2022-03-09 17:28:57,475 - root - INFO - ****************更新S3共享接口开始****************
2022-03-09 17:28:57,491 - root - INFO - the sql is : SELECT id, name from cluster_share where s3=1;
2022-03-09 17:28:57,492 - root - INFO - the params is : ()
2022-03-09 17:28:57,493 - root - INFO - the result data is :{'id': 'b403788745ad473a8136b36118549203', 'name': 's3share4CI1'}
2022-03-09 17:28:57,494 - root - INFO - *******测试案例名称： TestCase006_编辑S3共享详情信息-access_key>64 执行开始********
2022-03-09 17:28:57,494 - root - INFO - *******测试数据： {'name': 's3Share', 's3': 'yes', 'port': '9036', 'access_key': '111222233331112222333311122223333111222233331112222333311122223333', 'secret_key': '111122223333', 'share_type': 2, 'agree_type': ['S3'], 'project_id': 'ef7107f3b443415da1ccc56fa8e726b2'}
2022-03-09 17:28:58,890 - root - INFO - *******返回数据： {'code': 217001, 'message': '服务异常', 'data': None, 'level': 3}
2022-03-09 17:28:58,890 - root - INFO - ********************************************************************************
2022-03-09 17:28:58,892 - root - INFO - ********************************************************************************
2022-03-09 17:28:58,893 - root - INFO - ****************更新S3共享接口开始****************
2022-03-09 17:28:58,895 - root - INFO - the sql is : SELECT id, name from cluster_share where s3=1;
2022-03-09 17:28:58,896 - root - INFO - the params is : ()
2022-03-09 17:28:58,897 - root - INFO - the result data is :{'id': 'b403788745ad473a8136b36118549203', 'name': 's3share4CI1'}
2022-03-09 17:28:58,899 - root - INFO - *******测试案例名称： TestCase007_编辑S3共享详情信息-access_key符合字符格式条件 执行开始********
2022-03-09 17:28:58,899 - root - INFO - *******测试数据： {'name': 's3Share', 's3': 'yes', 'port': '9036', 'access_key': 'a1_-.b', 'secret_key': '111122223333', 'share_type': 2, 'agree_type': ['S3'], 'project_id': 'ef7107f3b443415da1ccc56fa8e726b2'}
2022-03-09 17:29:00,278 - root - INFO - *******返回数据： {'code': 217001, 'message': '服务异常', 'data': None, 'level': 3}
2022-03-09 17:29:00,279 - root - INFO - ********************************************************************************
2022-03-09 17:29:00,281 - root - INFO - ********************************************************************************
2022-03-09 17:29:00,289 - root - INFO - ****************更新S3共享接口开始****************
2022-03-09 17:29:00,292 - root - INFO - the sql is : SELECT id, name from cluster_share where s3=1;
2022-03-09 17:29:00,293 - root - INFO - the params is : ()
2022-03-09 17:29:00,294 - root - INFO - the result data is :{'id': 'b403788745ad473a8136b36118549203', 'name': 's3share4CI1'}
2022-03-09 17:29:00,294 - root - INFO - *******测试案例名称： TestCase008_编辑S3共享详情信息-access_key不符合字符合适条件 执行开始********
2022-03-09 17:29:00,295 - root - INFO - *******测试数据： {'name': 's3Share', 's3': 'yes', 'port': '9036', 'access_key': '#@￥￥#测试', 'secret_key': '111122223333', 'share_type': 2, 'agree_type': ['S3'], 'project_id': 'ef7107f3b443415da1ccc56fa8e726b2'}
2022-03-09 17:29:02,006 - root - INFO - *******返回数据： {'code': 217001, 'message': '服务异常', 'data': None, 'level': 3}
2022-03-09 17:29:02,007 - root - INFO - ********************************************************************************
2022-03-09 17:29:02,014 - root - INFO - ********************************************************************************
2022-03-09 17:29:02,015 - root - INFO - ****************更新S3共享接口开始****************
2022-03-09 17:29:02,031 - root - INFO - the sql is : SELECT id, name from cluster_share where s3=1;
2022-03-09 17:29:02,032 - root - INFO - the params is : ()
2022-03-09 17:29:02,041 - root - INFO - the result data is :{'id': 'b403788745ad473a8136b36118549203', 'name': 's3share4CI1'}
2022-03-09 17:29:02,042 - root - INFO - *******测试案例名称： TestCase009_编辑S3共享详情信息-secret_key不符合字符合适条件 执行开始********
2022-03-09 17:29:02,042 - root - INFO - *******测试数据： {'name': 's3Share', 's3': 'yes', 'port': '9036', 'access_key': '11112222', 'secret_key': '#@￥￥#测试', 'share_type': 2, 'agree_type': ['S3'], 'project_id': 'ef7107f3b443415da1ccc56fa8e726b2'}
2022-03-09 17:29:03,782 - root - INFO - *******返回数据： {'code': 217001, 'message': '服务异常', 'data': None, 'level': 3}
2022-03-09 17:29:03,783 - root - INFO - ********************************************************************************
2022-03-09 17:29:03,797 - root - INFO - ********************************************************************************
2022-03-09 17:29:03,798 - root - INFO - ****************更新S3共享接口开始****************
2022-03-09 17:29:03,800 - root - INFO - the sql is : SELECT id, name from cluster_share where s3=1;
2022-03-09 17:29:03,801 - root - INFO - the params is : ()
2022-03-09 17:29:03,802 - root - INFO - the result data is :{'id': 'b403788745ad473a8136b36118549203', 'name': 's3share4CI1'}
2022-03-09 17:29:03,803 - root - INFO - *******测试案例名称： TestCase010_编辑S3共享详情信息-secret_key<8 执行开始********
2022-03-09 17:29:03,803 - root - INFO - *******测试数据： {'name': 's3Share', 's3': 'yes', 'port': '9036', 'access_key': '11112222', 'secret_key': '1', 'share_type': 2, 'agree_type': ['S3'], 'project_id': 'ef7107f3b443415da1ccc56fa8e726b2'}
2022-03-09 17:29:05,282 - root - INFO - *******返回数据： {'code': 217001, 'message': '服务异常', 'data': None, 'level': 3}
2022-03-09 17:29:05,282 - root - INFO - ********************************************************************************
2022-03-09 17:29:05,284 - root - INFO - ********************************************************************************
2022-03-09 17:29:05,296 - root - INFO - ****************更新S3共享接口开始****************
2022-03-09 17:29:05,299 - root - INFO - the sql is : SELECT id, name from cluster_share where s3=1;
2022-03-09 17:29:05,300 - root - INFO - the params is : ()
2022-03-09 17:29:05,301 - root - INFO - the result data is :{'id': 'b403788745ad473a8136b36118549203', 'name': 's3share4CI1'}
2022-03-09 17:29:05,302 - root - INFO - *******测试案例名称： TestCase011_编辑S3共享详情信息-secret_key>128 执行开始********
2022-03-09 17:29:05,302 - root - INFO - *******测试数据： {'name': 's3Share', 's3': 'yes', 'port': '9036', 'access_key': '1111122222', 'secret_key': '1111122222111112222211111222221111122222111112222211111222221111122222111112222211111222221111122222111112222211111222221111122222', 'share_type': 2, 'agree_type': ['S3'], 'project_id': 'ef7107f3b443415da1ccc56fa8e726b2'}
2022-03-09 17:29:06,764 - root - INFO - *******返回数据： {'code': 217001, 'message': '服务异常', 'data': None, 'level': 3}
2022-03-09 17:29:06,764 - root - INFO - ********************************************************************************
2022-03-09 17:29:06,780 - root - INFO - **********************************************完成teardown class，退出登录**********************************************
