2022-01-07 14:39:24,256 - root - INFO - **********************************************开始setupClass，进行登录**********************************************
2022-01-07 14:39:24,559 - root - INFO - the sql is : SELECT i.id as vmId, i.name as vmName, d.id as diskId, d.name as diskName FROM cloud_instance i LEFT JOIN disk d on i.project_id=d.pool_id            where d.store_type=1 and i.project_id=%s ORDER BY i.create_time DESC limit 1;
2022-01-07 14:39:24,561 - root - INFO - the params is : c732c22666064375904c357bbecfeb1a
2022-01-07 14:39:24,564 - root - INFO - the result data is :{'vmId': 'ins-1dbf636afc9c44389f2b10deac2ad4bf', 'vmName': 'LC1', 'diskId': 'ins-1dbf636afc9c44389f2b10deac2ad4bf', 'diskName': 'SysDesIs1Char'}
2022-01-07 14:39:54,755 - root - INFO - ********************************************************************************
2022-01-07 14:39:54,755 - root - INFO - ****************回滚云组件快照接口开始****************
2022-01-07 14:39:54,755 - root - INFO - *******请求地址： http://192.168.5.170/v1/cloud/instances/ins-1dbf636afc9c44389f2b10deac2ad4bf/restore
2022-01-07 14:39:54,755 - root - INFO - *******测试案例名称： TestCase001_回滚云组件快照-缺少token 执行开始********
2022-01-07 14:39:54,756 - root - INFO - *******测试数据： {'project_id': ('c732c22666064375904c357bbecfeb1a',), 'volumes_name': ['ins-1dbf636afc9c44389f2b10deac2ad4bf'], 'snapshot_name': 'snap4_LC1_0'}
2022-01-07 14:39:54,769 - root - INFO - *******返回数据： {'code': 1005, 'message': '缺少认证信息', 'data': None, 'level': 3}
2022-01-07 14:39:54,770 - root - INFO - *******测试案例名称： TestCase001_回滚云组件快照-缺少token 执行完毕********
2022-01-07 14:39:54,770 - root - INFO - ****************回滚云组件快照接口结束****************
2022-01-07 14:39:54,770 - root - INFO - ********************************************************************************
2022-01-07 14:39:54,772 - root - INFO - ********************************************************************************
2022-01-07 14:39:54,773 - root - INFO - ****************回滚云组件快照接口开始****************
2022-01-07 14:39:54,773 - root - INFO - *******请求地址： http://192.168.5.170/v1/cloud/instances/ins-1dbf636afc9c44389f2b10deac2ad4bf/restore
2022-01-07 14:39:54,774 - root - INFO - *******测试案例名称： TestCase002_回滚云组件快照-snapshot_name为空 执行开始********
2022-01-07 14:39:54,774 - root - INFO - *******测试数据： {'project_id': ('c732c22666064375904c357bbecfeb1a',), 'volumes_name': ['ins-1dbf636afc9c44389f2b10deac2ad4bf'], 'snapshot_name': ''}
2022-01-07 14:39:54,798 - root - INFO - *******返回数据： {'code': 1001, 'message': '请求参数错误', 'data': None, 'level': 2}
2022-01-07 14:39:54,798 - root - INFO - *******测试案例名称： TestCase002_回滚云组件快照-snapshot_name为空 执行完毕********
2022-01-07 14:39:54,798 - root - INFO - ****************回滚云组件快照接口结束****************
2022-01-07 14:39:54,799 - root - INFO - ********************************************************************************
2022-01-07 14:39:54,801 - root - INFO - ********************************************************************************
2022-01-07 14:39:54,802 - root - INFO - ****************回滚云组件快照接口开始****************
2022-01-07 14:39:54,802 - root - INFO - *******请求地址： http://192.168.5.170/v1/cloud/instances/ins-1dbf636afc9c44389f2b10deac2ad4bf/restore
2022-01-07 14:39:54,803 - root - INFO - *******测试案例名称： TestCase003_回滚云组件快照-volume_name为空 执行开始********
2022-01-07 14:39:54,803 - root - INFO - *******测试数据： {'project_id': ('c732c22666064375904c357bbecfeb1a',), 'volumes_name': [], 'snapshot_name': 'snap4_LC1_0'}
2022-01-07 14:39:54,827 - root - INFO - *******返回数据： {'code': 1001, 'message': '请求参数错误', 'data': None, 'level': 2}
2022-01-07 14:39:54,827 - root - INFO - *******测试案例名称： TestCase003_回滚云组件快照-volume_name为空 执行完毕********
2022-01-07 14:39:54,828 - root - INFO - ****************回滚云组件快照接口结束****************
2022-01-07 14:39:54,828 - root - INFO - ********************************************************************************
2022-01-07 14:39:54,831 - root - INFO - ********************************************************************************
2022-01-07 14:39:54,832 - root - INFO - ****************回滚云组件快照接口开始****************
2022-01-07 14:39:54,832 - root - INFO - *******请求地址： http://192.168.5.170/v1/cloud/instances/ins-1dbf636afc9c44389f2b10deac2ad4bf/restore
2022-01-07 14:39:54,833 - root - INFO - *******测试案例名称： TestCase004_回滚云组件快照-project_id为空 执行开始********
2022-01-07 14:39:54,833 - root - INFO - *******测试数据： {'project_id': '', 'volumes_name': ['ins-1dbf636afc9c44389f2b10deac2ad4bf'], 'snapshot_name': 'snap4_LC1_0'}
2022-01-07 14:39:54,856 - root - INFO - *******返回数据： {'code': 1001, 'message': '请求参数错误', 'data': None, 'level': 2}
2022-01-07 14:39:54,856 - root - INFO - *******测试案例名称： TestCase004_回滚云组件快照-project_id为空 执行完毕********
2022-01-07 14:39:54,856 - root - INFO - ****************回滚云组件快照接口结束****************
2022-01-07 14:39:54,857 - root - INFO - ********************************************************************************
2022-01-07 14:39:54,860 - root - INFO - ********************************************************************************
2022-01-07 14:39:54,861 - root - INFO - ****************回滚云组件快照接口开始****************
2022-01-07 14:39:54,862 - root - INFO - *******请求地址： http://192.168.5.170/v1/cloud/instances/ins-1dbf636afc9c44389f2b10deac2ad4bf/restore
2022-01-07 14:39:54,862 - root - INFO - *******测试案例名称： TestCase005_回滚云组件快照-成功 执行开始********
2022-01-07 14:39:54,862 - root - INFO - *******测试数据： {'project_id': ('c732c22666064375904c357bbecfeb1a',), 'volumes_name': ['ins-1dbf636afc9c44389f2b10deac2ad4bf'], 'snapshot_name': 'snap4_LC1_0'}
2022-01-07 14:39:54,887 - root - INFO - *******返回数据： {'code': 1001, 'message': '请求参数错误', 'data': None, 'level': 2}
2022-01-07 14:39:54,888 - root - INFO - ********************************************************************************
2022-01-07 14:39:54,986 - root - INFO - **********************************************完成teardown class，退出登录**********************************************
