2022-01-07 16:01:26,155 - root - INFO - **********************************************开始setupClass，进行登录**********************************************
2022-01-07 16:01:26,454 - root - INFO - the sql is : SELECT i.id as vmId, i.name as vmName, d.id as diskId, d.name as diskName FROM cloud_instance i LEFT JOIN disk d on i.project_id=d.pool_id            where d.store_type=1 and i.project_id=%s ORDER BY i.create_time DESC limit 1;
2022-01-07 16:01:26,455 - root - INFO - the params is : c732c22666064375904c357bbecfeb1a
2022-01-07 16:01:26,457 - root - INFO - the result data is :{'vmId': 'ins-1dbf636afc9c44389f2b10deac2ad4bf', 'vmName': 'LC1', 'diskId': 'ins-1dbf636afc9c44389f2b10deac2ad4bf', 'diskName': 'SysDesIs1Char'}
2022-01-07 16:01:42,591 - root - INFO - ********************************************************************************
2022-01-07 16:01:42,591 - root - INFO - ****************回滚云组件快照接口开始****************
2022-01-07 16:01:42,592 - root - INFO - *******请求地址： http://192.168.5.170/v1/cloud/instances/ins-1dbf636afc9c44389f2b10deac2ad4bf/restore
2022-01-07 16:01:42,592 - root - INFO - *******测试案例名称： TestCase001_回滚云组件快照-缺少token 执行开始********
2022-01-07 16:01:42,611 - root - INFO - the sql is : SELECT server_id, snapshot_name from `snapshot` WHERE project_id=%s order by create_time DESC limit 1; 
2022-01-07 16:01:42,611 - root - INFO - the params is : c732c22666064375904c357bbecfeb1a
2022-01-07 16:01:42,614 - root - INFO - the result data is :{'server_id': 'ins-1dbf636afc9c44389f2b10deac2ad4bf', 'snapshot_name': 'snap4_LC1_30'}
2022-01-07 16:01:42,615 - root - INFO - *******测试数据： {'project_id': 'c732c22666064375904c357bbecfeb1a', 'volumes_name': ['ins-1dbf636afc9c44389f2b10deac2ad4bf'], 'snapshot_name': 'snap4_LC1_30'}
2022-01-07 16:01:42,625 - root - INFO - *******返回数据： {'code': 1005, 'message': '缺少认证信息', 'data': None, 'level': 3}
2022-01-07 16:01:42,625 - root - INFO - *******测试案例名称： TestCase001_回滚云组件快照-缺少token 执行完毕********
2022-01-07 16:01:42,625 - root - INFO - ****************回滚云组件快照接口结束****************
2022-01-07 16:01:42,626 - root - INFO - ********************************************************************************
2022-01-07 16:01:42,629 - root - INFO - ********************************************************************************
2022-01-07 16:01:42,629 - root - INFO - ****************回滚云组件快照接口开始****************
2022-01-07 16:01:42,630 - root - INFO - *******请求地址： http://192.168.5.170/v1/cloud/instances/ins-1dbf636afc9c44389f2b10deac2ad4bf/restore
2022-01-07 16:01:42,630 - root - INFO - *******测试案例名称： TestCase002_回滚云组件快照-snapshot_name为空 执行开始********
2022-01-07 16:01:42,633 - root - INFO - the sql is : SELECT server_id, snapshot_name from `snapshot` WHERE project_id=%s order by create_time DESC limit 1; 
2022-01-07 16:01:42,633 - root - INFO - the params is : c732c22666064375904c357bbecfeb1a
2022-01-07 16:01:42,635 - root - INFO - the result data is :{'server_id': 'ins-1dbf636afc9c44389f2b10deac2ad4bf', 'snapshot_name': 'snap4_LC1_30'}
2022-01-07 16:01:42,636 - root - INFO - *******测试数据： {'project_id': 'c732c22666064375904c357bbecfeb1a', 'volumes_name': ['ins-1dbf636afc9c44389f2b10deac2ad4bf'], 'snapshot_name': ''}
2022-01-07 16:01:42,670 - root - INFO - *******返回数据： {'code': 1001, 'message': '请求参数错误', 'data': None, 'level': 2}
2022-01-07 16:01:42,671 - root - INFO - *******测试案例名称： TestCase002_回滚云组件快照-snapshot_name为空 执行完毕********
2022-01-07 16:01:42,671 - root - INFO - ****************回滚云组件快照接口结束****************
2022-01-07 16:01:42,672 - root - INFO - ********************************************************************************
2022-01-07 16:01:42,674 - root - INFO - ********************************************************************************
2022-01-07 16:01:42,675 - root - INFO - ****************回滚云组件快照接口开始****************
2022-01-07 16:01:42,675 - root - INFO - *******请求地址： http://192.168.5.170/v1/cloud/instances/ins-1dbf636afc9c44389f2b10deac2ad4bf/restore
2022-01-07 16:01:42,676 - root - INFO - *******测试案例名称： TestCase003_回滚云组件快照-volume_name为空 执行开始********
2022-01-07 16:01:42,700 - root - INFO - the sql is : SELECT server_id, snapshot_name from `snapshot` WHERE project_id=%s order by create_time DESC limit 1; 
2022-01-07 16:01:42,701 - root - INFO - the params is : c732c22666064375904c357bbecfeb1a
2022-01-07 16:01:42,702 - root - INFO - the result data is :{'server_id': 'ins-1dbf636afc9c44389f2b10deac2ad4bf', 'snapshot_name': 'snap4_LC1_30'}
2022-01-07 16:01:42,703 - root - INFO - *******测试数据： {'project_id': 'c732c22666064375904c357bbecfeb1a', 'volumes_name': [], 'snapshot_name': 'snap4_LC1_30'}
2022-01-07 16:01:43,268 - root - INFO - *******返回数据： {'code': 0, 'message': '快照回滚进行中-预计时间1分钟', 'data': None}
2022-01-07 16:01:43,268 - root - INFO - ********************************************************************************
2022-01-07 16:01:43,351 - root - INFO - ********************************************************************************
2022-01-07 16:01:43,351 - root - INFO - ****************回滚云组件快照接口开始****************
2022-01-07 16:01:43,352 - root - INFO - *******请求地址： http://192.168.5.170/v1/cloud/instances/ins-1dbf636afc9c44389f2b10deac2ad4bf/restore
2022-01-07 16:01:43,352 - root - INFO - *******测试案例名称： TestCase004_回滚云组件快照-project_id为空 执行开始********
2022-01-07 16:01:43,368 - root - INFO - the sql is : SELECT server_id, snapshot_name from `snapshot` WHERE project_id=%s order by create_time DESC limit 1; 
2022-01-07 16:01:43,369 - root - INFO - the params is : c732c22666064375904c357bbecfeb1a
2022-01-07 16:01:43,370 - root - INFO - the result data is :{'server_id': 'ins-1dbf636afc9c44389f2b10deac2ad4bf', 'snapshot_name': 'snap4_LC1_30'}
2022-01-07 16:01:43,371 - root - INFO - *******测试数据： {'project_id': '', 'volumes_name': ['ins-1dbf636afc9c44389f2b10deac2ad4bf'], 'snapshot_name': 'snap4_LC1_30'}
2022-01-07 16:01:43,401 - root - INFO - *******返回数据： {'code': 1001, 'message': '请求参数错误', 'data': None, 'level': 2}
2022-01-07 16:01:43,402 - root - INFO - *******测试案例名称： TestCase004_回滚云组件快照-project_id为空 执行完毕********
2022-01-07 16:01:43,402 - root - INFO - ****************回滚云组件快照接口结束****************
2022-01-07 16:01:43,403 - root - INFO - ********************************************************************************
2022-01-07 16:01:43,405 - root - INFO - ********************************************************************************
2022-01-07 16:01:43,406 - root - INFO - ****************回滚云组件快照接口开始****************
2022-01-07 16:01:43,406 - root - INFO - *******请求地址： http://192.168.5.170/v1/cloud/instances/ins-1dbf636afc9c44389f2b10deac2ad4bf/restore
2022-01-07 16:01:43,407 - root - INFO - *******测试案例名称： TestCase005_回滚云组件快照-成功 执行开始********
2022-01-07 16:01:43,432 - root - INFO - the sql is : SELECT server_id, snapshot_name from `snapshot` WHERE project_id=%s order by create_time DESC limit 1; 
2022-01-07 16:01:43,432 - root - INFO - the params is : c732c22666064375904c357bbecfeb1a
2022-01-07 16:01:43,434 - root - INFO - the result data is :{'server_id': 'ins-1dbf636afc9c44389f2b10deac2ad4bf', 'snapshot_name': 'snap4_LC1_30'}
2022-01-07 16:01:43,434 - root - INFO - *******测试数据： {'project_id': 'c732c22666064375904c357bbecfeb1a', 'volumes_name': ['ins-1dbf636afc9c44389f2b10deac2ad4bf'], 'snapshot_name': 'snap4_LC1_30'}
2022-01-07 16:01:44,146 - root - INFO - *******返回数据： {'code': 0, 'message': '快照回滚进行中-预计时间1分钟', 'data': None}
2022-01-07 16:01:44,146 - root - INFO - *******测试案例名称： TestCase005_回滚云组件快照-成功 执行完毕********
2022-01-07 16:01:44,147 - root - INFO - ****************回滚云组件快照接口结束****************
2022-01-07 16:01:44,147 - root - INFO - ********************************************************************************
2022-01-07 16:01:44,187 - root - INFO - **********************************************完成teardown class，退出登录**********************************************
