2022-01-07 16:32:00,609 - root - INFO - the sql is : SELECT server_id, snapshot_name from `snapshot` WHERE project_id=%s order by create_time DESC limit 1; 
2022-01-07 16:32:00,610 - root - INFO - the params is : c732c22666064375904c357bbecfeb1a
2022-01-07 16:32:00,612 - root - INFO - the result data is :{'server_id': 'ins-1dbf636afc9c44389f2b10deac2ad4bf', 'snapshot_name': 'snap4_LC1_39'}
2022-01-07 16:32:00,750 - root - INFO - **********************************************开始setupClass，进行登录**********************************************
2022-01-07 16:32:01,039 - root - INFO - the sql is : SELECT i.id as vmId, i.name as vmName, d.id as diskId, d.name as diskName FROM cloud_instance i LEFT JOIN disk d on i.project_id=d.pool_id            where d.store_type=1 and i.project_id=%s ORDER BY i.create_time DESC limit 1;
2022-01-07 16:32:01,040 - root - INFO - the params is : c732c22666064375904c357bbecfeb1a
2022-01-07 16:32:01,043 - root - INFO - the result data is :{'vmId': 'ins-1dbf636afc9c44389f2b10deac2ad4bf', 'vmName': 'LC1', 'diskId': 'ins-1dbf636afc9c44389f2b10deac2ad4bf', 'diskName': 'SysDesIs1Char'}
2022-01-07 16:32:16,666 - root - INFO - ********************************************************************************
2022-01-07 16:32:16,667 - root - INFO - ****************删除云组件快照接口开始****************
2022-01-07 16:32:16,683 - root - INFO - the sql is : SELECT server_id, snapshot_name from `snapshot` WHERE project_id=%s order by create_time DESC limit 1; 
2022-01-07 16:32:16,684 - root - INFO - the params is : c732c22666064375904c357bbecfeb1a
2022-01-07 16:32:16,685 - root - INFO - the result data is :{'server_id': 'ins-1dbf636afc9c44389f2b10deac2ad4bf', 'snapshot_name': 'snap4_LC1_7'}
2022-01-07 16:32:16,686 - root - INFO - *******测试案例名称： TestCase001_删除云组件快照-缺少token 执行开始********
2022-01-07 16:32:16,686 - root - INFO - *******测试数据： {}
2022-01-07 16:32:16,695 - root - INFO - *******返回数据： {'code': 1005, 'message': '缺少认证信息', 'data': None, 'level': 3}
2022-01-07 16:32:16,696 - root - INFO - *******测试案例名称： TestCase001_删除云组件快照-缺少token 执行完毕********
2022-01-07 16:32:16,696 - root - INFO - ****************删除云组件快照接口结束****************
2022-01-07 16:32:16,697 - root - INFO - ********************************************************************************
2022-01-07 16:32:16,699 - root - INFO - ********************************************************************************
2022-01-07 16:32:16,700 - root - INFO - ****************删除云组件快照接口开始****************
2022-01-07 16:32:16,713 - root - INFO - the sql is : SELECT server_id, snapshot_name from `snapshot` WHERE project_id=%s order by create_time DESC limit 1; 
2022-01-07 16:32:16,714 - root - INFO - the params is : c732c22666064375904c357bbecfeb1a
2022-01-07 16:32:16,715 - root - INFO - the result data is :{'server_id': 'ins-1dbf636afc9c44389f2b10deac2ad4bf', 'snapshot_name': 'snap4_LC1_7'}
2022-01-07 16:32:16,716 - root - INFO - *******测试案例名称： TestCase002_删除云组件快照-成功 执行开始********
2022-01-07 16:32:16,716 - root - INFO - *******测试数据： {}
2022-01-07 16:32:16,740 - root - INFO - *******返回数据： {'code': 202105, 'message': '云组件快照不存在', 'data': None, 'level': 3}
2022-01-07 16:32:16,740 - root - INFO - ********************************************************************************
2022-01-07 16:32:16,841 - root - INFO - **********************************************完成teardown class，退出登录**********************************************
