2022-01-21 19:33:33,965 - root - INFO - the sql is : SELECT id, name from cluster_share where s3=1;
2022-01-21 19:33:33,966 - root - INFO - the params is : ()
2022-01-21 19:33:33,967 - root - INFO - the result data is :None
2022-01-21 19:33:34,003 - root - INFO - **********************************************开始setupClass，进行登录**********************************************
2022-01-21 19:33:34,224 - root - INFO - the sql is : SELECT id, name from cluster_share where s3=1;
2022-01-21 19:33:34,224 - root - INFO - the params is : ()
2022-01-21 19:33:34,225 - root - INFO - the result data is :None
2022-01-21 19:33:44,703 - root - INFO - ********************************************************************************
2022-01-21 19:33:44,705 - root - INFO - ****************删除S3共享接口开始****************
2022-01-21 19:33:44,705 - root - INFO - *******测试案例名称： TestCase001_删除S3共享详情信息-缺少token 执行开始********
2022-01-21 19:33:44,712 - root - INFO - the sql is : SELECT id, name from cluster_share where s3=1;
2022-01-21 19:33:44,713 - root - INFO - the params is : ()
2022-01-21 19:33:44,715 - root - INFO - the result data is :None
2022-01-21 19:33:44,716 - root - INFO - ********************************************************************************
2022-01-21 19:33:44,720 - root - INFO - ********************************************************************************
2022-01-21 19:33:44,721 - root - INFO - ****************删除S3共享接口开始****************
2022-01-21 19:33:44,721 - root - INFO - *******测试案例名称： TestCase002_删除S3共享详情信息-id不存在 执行开始********
2022-01-21 19:33:44,722 - root - INFO - *******测试数据： {'ids': ['a6ccf164-981d-4137-97f8-b57612f29ccc']}
2022-01-21 19:33:55,196 - root - INFO - *******返回数据： {'code': 216001, 'message': '获取节点列表失败', 'data': None, 'level': 3}
2022-01-21 19:33:55,196 - root - INFO - ********************************************************************************
2022-01-21 19:33:55,198 - root - INFO - ********************************************************************************
2022-01-21 19:33:55,199 - root - INFO - ****************删除S3共享接口开始****************
2022-01-21 19:33:55,207 - root - INFO - *******测试案例名称： TestCase003_删除S3共享详情信息-成功 执行开始********
2022-01-21 19:33:55,213 - root - INFO - the sql is : SELECT id, name from cluster_share where s3=1;
2022-01-21 19:33:55,213 - root - INFO - the params is : ()
2022-01-21 19:33:55,215 - root - INFO - the result data is :None
2022-01-21 19:33:55,216 - root - INFO - ********************************************************************************
2022-01-21 19:33:55,233 - root - INFO - **********************************************完成teardown class，退出登录**********************************************
